Starting kinGEMs pipeline for iAF692
Config: configs/BiGG_models/iAF692.json
Starting run at: Tue Mar 10 09:17:53 PDT 2026

Restricted license - for non-production use only - expires 2026-11-23
Loading configuration from: configs/BiGG_models/iAF692.json

======================================================================
=== kinGEMs Pipeline for iAF692 ===
======================================================================
Run ID: iAF692_20260310_3198
Model type: Standard
Organism: Methanosarcina
Results directory: /project/6000502/ranaab/kinGEMs_v2/results/tuning_results/BiGG_models/iAF692_20260310_3198
======================================================================
=== kinGEMs Pipeline for iAF692 ===
Run ID: iAF692_20260310_3198
Model type: Standard
Organism: Methanosarcina
Results directory: /project/6000502/ranaab/kinGEMs_v2/results/tuning_results/BiGG_models/iAF692_20260310_3198
Solver: glpk
Biomass reaction: BIOMASS_Mb_30
Baseline growth: 0.0268
=== Step 1: Preparing model data ===
  Found existing files, loading cached data
Warning: Model has 8 validation errors
  Model: 692 genes, 960 reactions
=== Step 2: Merging substrate and sequence data ===
  Merged data: 3547 rows
=== Step 3: Processing CPI-Pred kcat values ===
  Processed data: 3528 rows
  Data preparation (steps 1-3) took 6.2s
=== Step 4: Running optimization ===
  COBRApy biomass: 0.0268

Completed at: Tue Mar 10 09:18:27 PDT 2026
