Starting kinGEMs pipeline for iAF692
Config: configs/BiGG_models/iAF692.json
Time: Thu Feb 19 09:07:13 PST 2026

Restricted license - for non-production use only - expires 2026-11-23
Loading configuration from: configs/BiGG_models/iAF692.json

======================================================================
=== kinGEMs Pipeline for iAF692 ===
======================================================================
Run ID: iAF692_20260219_4706
Model type: Standard
Organism: Methanosarcina
Results directory: /project/6000502/ranaab/kinGEMs_v2/results/tuning_results/BiGG_models/iAF692_20260219_4706
======================================================================
=== kinGEMs Pipeline for iAF692 ===
Run ID: iAF692_20260219_4706
Model type: Standard
Organism: Methanosarcina
Results directory: /project/6000502/ranaab/kinGEMs_v2/results/tuning_results/BiGG_models/iAF692_20260219_4706
Solver: glpk
Biomass reaction: BIOMASS_Mb_30
Baseline growth: 0.0268
=== Step 1: Preparing model data ===
  Found existing files, loading cached data
Warning: Model has 8 validation errors
  Model: 692 genes, 960 reactions
=== Step 2: Merging substrate and sequence data ===
  Merged data: 3547 rows
=== Step 3: Processing CPI-Pred kcat values ===
  Found predictions file: X06A_kinGEMs_iAF692_predictions.csv
  Processed data: 3528 rows
=== Step 4: Running optimization ===
  COBRApy biomass: 0.0268

Completed at: Thu Feb 19 09:10:26 PST 2026
