Starting kinGEMs pipeline for iCHOv1_DG44
Config: configs/BiGG_models/iCHOv1_DG44.json
Time: Thu Feb 19 09:07:13 PST 2026

Restricted license - for non-production use only - expires 2026-11-23
Loading configuration from: configs/BiGG_models/iCHOv1_DG44.json

======================================================================
=== kinGEMs Pipeline for iCHOv1_DG44 ===
======================================================================
Run ID: iCHOv1_DG44_20260219_9689
Model type: Standard
Organism: Chinese Hamster Ovary
Results directory: /project/6000502/ranaab/kinGEMs_v2/results/tuning_results/BiGG_models/iCHOv1_DG44_20260219_9689
======================================================================
=== kinGEMs Pipeline for iCHOv1_DG44 ===
Run ID: iCHOv1_DG44_20260219_9689
Model type: Standard
Organism: Chinese Hamster Ovary
Results directory: /project/6000502/ranaab/kinGEMs_v2/results/tuning_results/BiGG_models/iCHOv1_DG44_20260219_9689
Solver: glpk
Biomass reaction: BIOMASS_cho_producing_1
Baseline growth: 0.0107
=== Step 1: Preparing model data ===
Warning: Model has 8 validation errors
Loaded model with 3942 reactions and 2751 metabolites

Completed at: Thu Feb 19 09:10:48 PST 2026
