Starting kinGEMs pipeline for iCN900
Config: configs/BiGG_models/iCN900.json
Starting run at: Tue Mar 10 09:18:01 PDT 2026

Restricted license - for non-production use only - expires 2026-11-23
Loading configuration from: configs/BiGG_models/iCN900.json

======================================================================
=== kinGEMs Pipeline for iCN900 ===
======================================================================
Run ID: iCN900_20260310_9741
Model type: Standard
Organism: Clostridioides
Results directory: /project/6000502/ranaab/kinGEMs_v2/results/tuning_results/BiGG_models/iCN900_20260310_9741
======================================================================
=== kinGEMs Pipeline for iCN900 ===
Run ID: iCN900_20260310_9741
Model type: Standard
Organism: Clostridioides
Results directory: /project/6000502/ranaab/kinGEMs_v2/results/tuning_results/BiGG_models/iCN900_20260310_9741
Solver: glpk
Biomass reaction: BIOMASS__5
Baseline growth: 0.0000
=== Step 1: Preparing model data ===
  Found existing files, loading cached data
Warning: Model has 8 validation errors
  Model: 900 genes, 1616 reactions
=== Step 2: Merging substrate and sequence data ===
  Merged data: 5244 rows
=== Step 3: Processing CPI-Pred kcat values ===
  Processed data: 5141 rows
  Data preparation (steps 1-3) took 11.4s
=== Step 4: Running optimization ===
  COBRApy biomass: 0.0000
  kinGEMs biomass: 0.0000
  Optimization (step 4) took 0.9s
=== Step 5: Running simulated annealing ===
⚠️  ERROR: Initial enzyme-constrained optimization failed (biomass=0.0)
   This suggests the enzyme constraints are too restrictive.
   Consider increasing enzyme_upper_bound or checking your kinetic data.
  Annealing complete! Initial: 0.0000, Final: 0.0000, Improvement: 0.0%
  Simulated annealing (step 5) took 0.9s
  Saved tuned dataframe: /project/6000502/ranaab/kinGEMs_v2/results/tuning_results/BiGG_models/iCN900_20260310_9741/df_new.csv
  Generating kcat comparison plot...
  Warning: Could not generate kcat comparison plot: No 'kcat_updated' column found in tuned_df
  Generating per-subsystem kcat comparison plot...
  Warning: Could not generate per-subsystem kcat comparison plot: No 'kcat_updated' column found in tuned_df
=== Pipeline core complete ===

=== Step 7: Saving final model ===
  Final GEM saved to: /project/6000502/ranaab/kinGEMs_v2/models/BiGG_models/iCN900_20260310_9741.xml
  Configuration summary saved to: /project/6000502/ranaab/kinGEMs_v2/results/tuning_results/BiGG_models/iCN900_20260310_9741/model_config_summary.json

======================================================================
=== Pipeline Complete ===
======================================================================
Run ID: iCN900_20260310_9741
Model: iCN900 (Standard)

Results directory: /project/6000502/ranaab/kinGEMs_v2/results/tuning_results/BiGG_models/iCN900_20260310_9741
Final model: /project/6000502/ranaab/kinGEMs_v2/models/BiGG_models/iCN900_20260310_9741.xml
======================================================================

Completed at: Tue Mar 10 09:18:23 PDT 2026
  Patched SLURM metrics into results/tuning_results/BiGG_models/iCN900_20260310_9741/model_config_summary.json
