Starting kinGEMs pipeline for iJB785
Config: configs/BiGG_models/iJB785.json
Time: Thu Feb 19 09:17:41 PST 2026

Restricted license - for non-production use only - expires 2026-11-23
Loading configuration from: configs/BiGG_models/iJB785.json

======================================================================
=== kinGEMs Pipeline for iJB785 ===
======================================================================
Run ID: iJB785_20260219_9697
Model type: Standard
Organism: Synechococcus
Results directory: /project/6000502/ranaab/kinGEMs_v2/results/tuning_results/BiGG_models/iJB785_20260219_9697
======================================================================
=== kinGEMs Pipeline for iJB785 ===
Run ID: iJB785_20260219_9697
Model type: Standard
Organism: Synechococcus
Results directory: /project/6000502/ranaab/kinGEMs_v2/results/tuning_results/BiGG_models/iJB785_20260219_9697
Solver: glpk
Biomass reaction: BIOMASS__1
Baseline growth: 0.0539
=== Step 1: Preparing model data ===
  Found existing files, loading cached data
Warning: Model has 8 validation errors
  Model: 785 genes, 1088 reactions
=== Step 2: Merging substrate and sequence data ===
  Merged data: 3895 rows
=== Step 3: Processing CPI-Pred kcat values ===
  Found predictions file: X06A_kinGEMs_iJB785_predictions.csv
  Processed data: 3707 rows
=== Step 4: Running optimization ===
  COBRApy biomass: 0.0539
  kinGEMs biomass: 0.0539
=== Step 5: Running simulated annealing ===

  Annealing complete! Initial: 0.0539, Final: 0.0539, Improvement: 0.0%
  Saved tuned dataframe: /project/6000502/ranaab/kinGEMs_v2/results/tuning_results/BiGG_models/iJB785_20260219_9697/df_new.csv
  Generating kcat comparison plot...
  Saved kcat comparison plot to: /project/6000502/ranaab/kinGEMs_v2/results/tuning_results/BiGG_models/iJB785_20260219_9697/kcat_comparison_initial_vs_tuned.png
  Saved kcat comparison plot: /project/6000502/ranaab/kinGEMs_v2/results/tuning_results/BiGG_models/iJB785_20260219_9697/kcat_comparison_initial_vs_tuned.png
=== Step 6: Running Flux Variability Analysis ===
  Running COBRApy FVA (opt_ratio=0.9)...
  Saved COBRApy FVA: /project/6000502/ranaab/kinGEMs_v2/results/tuning_results/BiGG_models/iJB785_20260219_9697/iJB785_cobra_fva_results.csv

=== Step 6: Running Flux Variability Analysis ===
  Using parallel FVA with 4 workers...
  Parallel FVA configuration:
    Method: dask
    Workers: 4
    Reactions: 1088
    Chunk size: 18
    Number of chunks: 61
    Estimated memory: ~0.3 GB

  Running baseline optimization...
  [KCAT DEBUG] Sample kcat values:
    ADPT_Synpcc7942_2454: kcat=9.518e-01
    ADPT_Synpcc7942_2454: kcat=1.600e+00
    ORNTA_Synpcc7942_0034: kcat=1.553e+01
GLPSOL--GLPK LP/MIP Solver 5.0
Parameter(s) specified in the command line:
 --tmlim 300 --write /tmp/tmpt0ndobuw.glpk.raw --wglp /tmp/tmp_b4okre7.glpk.glp
 --cpxlp /tmp/tmplpmzo8a_.pyomo.lp
Reading problem data from '/tmp/tmplpmzo8a_.pyomo.lp'...
801 rows, 1875 columns, 5462 non-zeros
9751 lines were read
Writing problem data to '/tmp/tmp_b4okre7.glpk.glp'...
9266 lines were written
GLPK Simplex Optimizer 5.0
801 rows, 1875 columns, 5462 non-zeros
Preprocessing...
742 rows, 1742 columns, 5070 non-zeros
Scaling...
 A: min|aij| =  4.442e-06  max|aij| =  2.251e+05  ratio =  5.067e+10
GM: min|aij| =  3.961e-02  max|aij| =  2.524e+01  ratio =  6.373e+02
EQ: min|aij| =  1.573e-03  max|aij| =  1.000e+00  ratio =  6.356e+02
Constructing initial basis...
Size of triangular part is 613
*     0: obj =  -0.000000000e+00 inf =   0.000e+00 (1)
Perturbing LP to avoid stalling [249]...
Removing LP perturbation [496]...
*   496: obj =   5.390186775e-02 inf =   1.365e-07 (0) 5
OPTIMAL LP SOLUTION FOUND
Time used:   0.0 secs
Memory used: 2.1 Mb (2190235 bytes)
Writing basic solution to '/tmp/tmpt0ndobuw.glpk.raw'...
2685 lines were written
  Optimal biomass: 0.053902
  Biomass constraint: 0.048512 ≤ biomass ≤ 0.053902 (opt_ratio=0.9)

  Starting parallel FVA with 61 chunks...
  FVA will analyze 1088 reactions independently
  Progress will be shown by chunk completion...
Restricted license - for non-production use only - expires 2026-11-23
Restricted license - for non-production use only - expires 2026-11-23
Restricted license - for non-production use only - expires 2026-11-23
Restricted license - for non-production use only - expires 2026-11-23
Writing problem data to '/tmp/tmp9ag17q6z.glpk'...
14274 lines were written
Writing problem data to '/tmp/tmp7d7dkllc.glpk'...
14274 lines were written
Writing problem data to '/tmp/tmps_me9gbb.glpk'...
14274 lines were written
Writing problem data to '/tmp/tmprjow7vnf.glpk'...
14274 lines were written
[FVA] Starting optimization for reaction: 3OAR100_reverse
[FVA] Starting optimization for reaction: PHEOX_1
[FVA] Starting optimization for reaction: LDAPAT_reverse
[FVA] Starting optimization for reaction: NH4tpp
[FVA] Starting optimization for reaction: 3OAR120
[FVA] Starting optimization for reaction: PHETA1
[FVA] Starting optimization for reaction: LDH_D
[FVA] Starting optimization for reaction: NI2tex
[FVA] Starting optimization for reaction: 3OAR120_reverse
[FVA] Starting optimization for reaction: PHETA1_reverse
[FVA] Starting optimization for reaction: NI2tex_reverse
[FVA] Starting optimization for reaction: LDH_D_reverse
[FVA] Starting optimization for reaction: 3OAR140
[FVA] Starting optimization for reaction: NI2uabcpp
[FVA] Starting optimization for reaction: PHETRS
[FVA] Starting optimization for reaction: LEUTA
    [Chunk  2]  22.2% complete (4/18 reactions)
[FVA] Starting optimization for reaction: 3OAR140_reverse
    [Chunk 49]  22.2% complete (4/18 reactions)
[FVA] Starting optimization for reaction: PHOA410um
    [Chunk 43]  22.2% complete (4/18 reactions)
[FVA] Starting optimization for reaction: NMNAT
    [Chunk 36]  22.2% complete (4/18 reactions)
[FVA] Starting optimization for reaction: LEUTA_reverse
[FVA] Starting optimization for reaction: 3OAR160
[FVA] Starting optimization for reaction: PHOA430um
[FVA] Starting optimization for reaction: NMNAT_reverse
[FVA] Starting optimization for reaction: LEUTRS
[FVA] Starting optimization for reaction: PHOA450um
[FVA] Starting optimization for reaction: 3OAR160_reverse
[FVA] Starting optimization for reaction: NMNDA
[FVA] Starting optimization for reaction: LEUabcpp
[FVA] Starting optimization for reaction: PHOA470um
[FVA] Starting optimization for reaction: 3OAR180
[FVA] Starting optimization for reaction: NMNS
[FVA] Starting optimization for reaction: LEUtex
    [Chunk 49]  44.4% complete (8/18 reactions)
[FVA] Starting optimization for reaction: PHOA490um
    [Chunk  2]  44.4% complete (8/18 reactions)
[FVA] Starting optimization for reaction: 3OAR180_reverse
    [Chunk 43]  44.4% complete (8/18 reactions)
[FVA] Starting optimization for reaction: NMNS_reverse
    [Chunk 36]  44.4% complete (8/18 reactions)
[FVA] Starting optimization for reaction: LEUtex_reverse
[FVA] Starting optimization for reaction: PHOA510um
[FVA] Starting optimization for reaction: 3OAR40_2
[FVA] Starting optimization for reaction: NNATr
[FVA] Starting optimization for reaction: LIPAMPL_1
[FVA] Starting optimization for reaction: 3OAR40_2_reverse
[FVA] Starting optimization for reaction: PHOA530um
[FVA] Starting optimization for reaction: NNATr_reverse
[FVA] Starting optimization for reaction: LIPATPT_1
[FVA] Starting optimization for reaction: 3OAR60
[FVA] Starting optimization for reaction: PHOA550um
[FVA] Starting optimization for reaction: NNDMBRT
[FVA] Starting optimization for reaction: LIPOCT
    [Chunk  2]  66.7% complete (12/18 reactions)
[FVA] Starting optimization for reaction: 3OAR60_reverse
    [Chunk 49]  66.7% complete (12/18 reactions)
[FVA] Starting optimization for reaction: PHOA570um
    [Chunk 43]  66.7% complete (12/18 reactions)
[FVA] Starting optimization for reaction: NNDPR
    [Chunk 36]  66.7% complete (12/18 reactions)
[FVA] Starting optimization for reaction: LIPOS2
[FVA] Starting optimization for reaction: PHOA590um
[FVA] Starting optimization for reaction: 3OAR80
[FVA] Starting optimization for reaction: NO2tabcpp
[FVA] Starting optimization for reaction: LPADSS2
[FVA] Starting optimization for reaction: PHOA610um
[FVA] Starting optimization for reaction: 3OAR80_reverse
[FVA] Starting optimization for reaction: NO2tex
[FVA] Starting optimization for reaction: LPOR
[FVA] Starting optimization for reaction: 3OAS100
[FVA] Starting optimization for reaction: PHOA630um
[FVA] Starting optimization for reaction: NO2tex_reverse
[FVA] Starting optimization for reaction: LTHRK
    [Chunk 49]  88.9% complete (16/18 reactions)
[FVA] Starting optimization for reaction: PHOA650um
    [Chunk 36]  88.9% complete (16/18 reactions)
[FVA] Starting optimization for reaction: LYCOPC
    [Chunk  2]  88.9% complete (16/18 reactions)
[FVA] Starting optimization for reaction: 3OAS120
    [Chunk 43]  88.9% complete (16/18 reactions)
[FVA] Starting optimization for reaction: NO3abcpp
[FVA] Starting optimization for reaction: 3OAS140
[FVA] Starting optimization for reaction: PHOA670um
[FVA] Starting optimization for reaction: NO3tex
[FVA] Starting optimization for reaction: LYCOPC_reverse
  [Chunk  2/61] ✓ Complete (18 reactions)
[FVA] Starting optimization for reaction: ASPCT
  [Chunk 49/61] ✓ Complete (18 reactions)
[FVA] Starting optimization for reaction: MDRPD
  [Chunk 36/61] ✓ Complete (18 reactions)
[FVA] Starting optimization for reaction: GLUDGE_OLE_PALM
  [Chunk 43/61] ✓ Complete (18 reactions)
[FVA] Starting optimization for reaction: NO3tex_reverse
[FVA] Starting optimization for reaction: ASPCT_reverse
[FVA] Starting optimization for reaction: ME2
[FVA] Starting optimization for reaction: GLUDGS_HDE_HDE
[FVA] Starting optimization for reaction: NPDPS
[FVA] Starting optimization for reaction: ME2_reverse
[FVA] Starting optimization for reaction: ASPK
[FVA] Starting optimization for reaction: GLUDGS_HDE_PALM
[FVA] Starting optimization for reaction: NPHBDC
[FVA] Starting optimization for reaction: MECDPDHf
[FVA] Starting optimization for reaction: ASPO5
[FVA] Starting optimization for reaction: NTD6
[FVA] Starting optimization for reaction: GLUDGS_OLE_HDE
    [Chunk 38]  22.2% complete (4/18 reactions)
[FVA] Starting optimization for reaction: MECDPS
    [Chunk 29]  22.2% complete (4/18 reactions)
[FVA] Starting optimization for reaction: GLUDGS_OLE_PALM
    [Chunk 10]  22.2% complete (4/18 reactions)
[FVA] Starting optimization for reaction: ASPO6
    [Chunk 44]  22.2% complete (4/18 reactions)
[FVA] Starting optimization for reaction: NTD6_reverse
[FVA] Starting optimization for reaction: MEHLER_1
[FVA] Starting optimization for reaction: GLUPRT
[FVA] Starting optimization for reaction: ASPOb
[FVA] Starting optimization for reaction: NTD7
[FVA] Starting optimization for reaction: MEOHtex
[FVA] Starting optimization for reaction: GLUR
[FVA] Starting optimization for reaction: NTPP2
[FVA] Starting optimization for reaction: ASPTA
[FVA] Starting optimization for reaction: MEOHtex_reverse
[FVA] Starting optimization for reaction: GLUR_reverse
[FVA] Starting optimization for reaction: NTPP8
[FVA] Starting optimization for reaction: ASPTA_reverse
    [Chunk 38]  44.4% complete (8/18 reactions)
[FVA] Starting optimization for reaction: MEOHtrpp
    [Chunk 29]  44.4% complete (8/18 reactions)
[FVA] Starting optimization for reaction: GLUSfx
    [Chunk 44]  44.4% complete (8/18 reactions)
[FVA] Starting optimization for reaction: NTRARf2
    [Chunk 10]  44.4% complete (8/18 reactions)
[FVA] Starting optimization for reaction: ASPTRS
[FVA] Starting optimization for reaction: MEOHtrpp_reverse
[FVA] Starting optimization for reaction: GLUTRR
[FVA] Starting optimization for reaction: NTRIRfx
[FVA] Starting optimization for reaction: ATPM
[FVA] Starting optimization for reaction: MEPCT
[FVA] Starting optimization for reaction: GLUTRS
[FVA] Starting optimization for reaction: Nat_Kpp
[FVA] Starting optimization for reaction: ATPPRT
[FVA] Starting optimization for reaction: METAT
[FVA] Starting optimization for reaction: GLXO3r
[FVA] Starting optimization for reaction: O2tcx
[FVA] Starting optimization for reaction: ATPSum
    [Chunk 38]  66.7% complete (12/18 reactions)
[FVA] Starting optimization for reaction: METS_1
    [Chunk 29]  66.7% complete (12/18 reactions)
[FVA] Starting optimization for reaction: GLXO3r_reverse
    [Chunk 44]  66.7% complete (12/18 reactions)
[FVA] Starting optimization for reaction: O2tex
    [Chunk 10]  66.7% complete (12/18 reactions)
[FVA] Starting optimization for reaction: ATPSum_reverse
[FVA] Starting optimization for reaction: METTRS
[FVA] Starting optimization for reaction: GLYALDDy
[FVA] Starting optimization for reaction: O2tex_reverse
[FVA] Starting optimization for reaction: BACCL
[FVA] Starting optimization for reaction: MG2tex
[FVA] Starting optimization for reaction: GLYALDDy_reverse
[FVA] Starting optimization for reaction: O2tpp
[FVA] Starting optimization for reaction: BCAROHX
[FVA] Starting optimization for reaction: MG2tex_reverse
[FVA] Starting optimization for reaction: GLYCK
[FVA] Starting optimization for reaction: O2tpp_reverse
[FVA] Starting optimization for reaction: BCAROHX2
    [Chunk 38]  88.9% complete (16/18 reactions)
[FVA] Starting optimization for reaction: MG2uabcpp
    [Chunk 10]  88.9% complete (16/18 reactions)
[FVA] Starting optimization for reaction: BCT1_syn
    [Chunk 29]  88.9% complete (16/18 reactions)
[FVA] Starting optimization for reaction: GLYCL
    [Chunk 44]  88.9% complete (16/18 reactions)
[FVA] Starting optimization for reaction: O2tu
[FVA] Starting optimization for reaction: MI3PP
[FVA] Starting optimization for reaction: GLYCLTDx
[FVA] Starting optimization for reaction: O2tu_reverse
[FVA] Starting optimization for reaction: BIOMASS_CARB
  [Chunk 38/61] ✓ Complete (18 reactions)
[FVA] Starting optimization for reaction: RBFSb_1
  [Chunk 29/61] ✓ Complete (18 reactions)
[FVA] Starting optimization for reaction: EX_photon430_e_reverse
  [Chunk 44/61] ✓ Complete (18 reactions)
[FVA] Starting optimization for reaction: MPOMC1_1
  [Chunk 10/61] ✓ Complete (18 reactions)
[FVA] Starting optimization for reaction: ACKr
[FVA] Starting optimization for reaction: RBPCcx
[FVA] Starting optimization for reaction: EX_photon450_e
[FVA] Starting optimization for reaction: MPOMMM
[FVA] Starting optimization for reaction: ACKr_reverse
[FVA] Starting optimization for reaction: RNDR1
[FVA] Starting optimization for reaction: EX_photon450_e_reverse
[FVA] Starting optimization for reaction: MPOMOR_1
[FVA] Starting optimization for reaction: ACLSa
[FVA] Starting optimization for reaction: RNDR2
[FVA] Starting optimization for reaction: EX_photon470_e
[FVA] Starting optimization for reaction: MPOMT_1
[FVA] Starting optimization for reaction: ACLSb
    [Chunk 54]  22.2% complete (4/18 reactions)
[FVA] Starting optimization for reaction: RNDR3
    [Chunk 23]  22.2% complete (4/18 reactions)
[FVA] Starting optimization for reaction: EX_photon470_e_reverse
    [Chunk 40]  22.2% complete (4/18 reactions)
[FVA] Starting optimization for reaction: MPTG
    [Chunk  4]  22.2% complete (4/18 reactions)
[FVA] Starting optimization for reaction: ACM6PH
[FVA] Starting optimization for reaction: RNDR4
[FVA] Starting optimization for reaction: EX_photon490_e
[FVA] Starting optimization for reaction: MPTG2
[FVA] Starting optimization for reaction: ACMAMT
[FVA] Starting optimization for reaction: RPE
[FVA] Starting optimization for reaction: EX_photon490_e_reverse
[FVA] Starting optimization for reaction: MSBENZMT
[FVA] Starting optimization for reaction: ACOATA
[FVA] Starting optimization for reaction: RPE_reverse
[FVA] Starting optimization for reaction: EX_photon510_e
[FVA] Starting optimization for reaction: MTAP
[FVA] Starting optimization for reaction: ACODA
    [Chunk 54]  44.4% complete (8/18 reactions)
[FVA] Starting optimization for reaction: RPI
    [Chunk 23]  44.4% complete (8/18 reactions)
[FVA] Starting optimization for reaction: EX_photon510_e_reverse
    [Chunk 40]  44.4% complete (8/18 reactions)
[FVA] Starting optimization for reaction: MTHFC
    [Chunk  4]  44.4% complete (8/18 reactions)
[FVA] Starting optimization for reaction: ACODA_reverse
[FVA] Starting optimization for reaction: RPI_reverse
[FVA] Starting optimization for reaction: EX_photon530_e
[FVA] Starting optimization for reaction: MTHFC_reverse
[FVA] Starting optimization for reaction: ACONT
[FVA] Starting optimization for reaction: RZ5PP
[FVA] Starting optimization for reaction: EX_photon530_e_reverse
[FVA] Starting optimization for reaction: MTHFD
[FVA] Starting optimization for reaction: ACONT_reverse
[FVA] Starting optimization for reaction: SADT
[FVA] Starting optimization for reaction: MTHFD_reverse
[FVA] Starting optimization for reaction: ACOTA
[FVA] Starting optimization for reaction: EX_photon550_e
    [Chunk 54]  66.7% complete (12/18 reactions)
[FVA] Starting optimization for reaction: SAMTRI
    [Chunk 40]  66.7% complete (12/18 reactions)
[FVA] Starting optimization for reaction: MTHFR3_1
    [Chunk 23]  66.7% complete (12/18 reactions)
[FVA] Starting optimization for reaction: EX_photon550_e_reverse
    [Chunk  4]  66.7% complete (12/18 reactions)
[FVA] Starting optimization for reaction: ACOTA_reverse
[FVA] Starting optimization for reaction: SBP
[FVA] Starting optimization for reaction: MTRI
[FVA] Starting optimization for reaction: ACS
[FVA] Starting optimization for reaction: EX_photon570_e
[FVA] Starting optimization for reaction: SEPHCHCS
[FVA] Starting optimization for reaction: MTRI_reverse
[FVA] Starting optimization for reaction: EX_photon570_e_reverse
[FVA] Starting optimization for reaction: ADCL
[FVA] Starting optimization for reaction: SERAT
[FVA] Starting optimization for reaction: NADDP
[FVA] Starting optimization for reaction: ADCPS2
[FVA] Starting optimization for reaction: EX_photon590_e
    [Chunk 54]  88.9% complete (16/18 reactions)
[FVA] Starting optimization for reaction: SERTRS
    [Chunk 40]  88.9% complete (16/18 reactions)
[FVA] Starting optimization for reaction: NADK
    [Chunk  4]  88.9% complete (16/18 reactions)
[FVA] Starting optimization for reaction: ADCS
    [Chunk 23]  88.9% complete (16/18 reactions)
[FVA] Starting optimization for reaction: EX_photon590_e_reverse
[FVA] Starting optimization for reaction: SFGTHi
[FVA] Starting optimization for reaction: EX_photon610_e
[FVA] Starting optimization for reaction: ADCYRS
[FVA] Starting optimization for reaction: NADS2
  [Chunk 54/61] ✓ Complete (18 reactions)
[FVA] Starting optimization for reaction: SHCHCS3
  [Chunk 23/61] ✓ Complete (18 reactions)
[FVA] Starting optimization for reaction: FNOR_1_reverse
  [Chunk  4/61] ✓ Complete (18 reactions)
[FVA] Starting optimization for reaction: AIRC2
  [Chunk 40/61] ✓ Complete (18 reactions)
[FVA] Starting optimization for reaction: 2PGLYCtcx
[FVA] Starting optimization for reaction: SHK3Dr
[FVA] Starting optimization for reaction: AIRC3
[FVA] Starting optimization for reaction: FOLD3
[FVA] Starting optimization for reaction: 3HAD100
[FVA] Starting optimization for reaction: SHK3Dr_reverse
[FVA] Starting optimization for reaction: AIRC3_reverse
[FVA] Starting optimization for reaction: FRTT
[FVA] Starting optimization for reaction: 3HAD100_reverse
[FVA] Starting optimization for reaction: SHKK
[FVA] Starting optimization for reaction: ALAALAD
[FVA] Starting optimization for reaction: FTHFD
[FVA] Starting optimization for reaction: 3HAD120
    [Chunk 55]  22.2% complete (4/18 reactions)
[FVA] Starting optimization for reaction: SHS1
    [Chunk  7]  22.2% complete (4/18 reactions)
[FVA] Starting optimization for reaction: ALAALAabcpp
    [Chunk 26]  22.2% complete (4/18 reactions)
[FVA] Starting optimization for reaction: FUM
    [Chunk  1]  22.2% complete (4/18 reactions)
[FVA] Starting optimization for reaction: 3HAD120_reverse
[FVA] Starting optimization for reaction: SK_14glucan_c
[FVA] Starting optimization for reaction: ALAALAr
[FVA] Starting optimization for reaction: FUM_reverse
[FVA] Starting optimization for reaction: 3HAD140
[FVA] Starting optimization for reaction: SK_akg_c
[FVA] Starting optimization for reaction: G1PACT
[FVA] Starting optimization for reaction: 3HAD140_reverse
[FVA] Starting optimization for reaction: ALAD_L
[FVA] Starting optimization for reaction: SK_amylose_c
[FVA] Starting optimization for reaction: 3HAD160
[FVA] Starting optimization for reaction: G1PCTYT
[FVA] Starting optimization for reaction: ALAD_L_reverse
    [Chunk 55]  44.4% complete (8/18 reactions)
[FVA] Starting optimization for reaction: SK_amylose_c_reverse
    [Chunk  1]  44.4% complete (8/18 reactions)
[FVA] Starting optimization for reaction: 3HAD160_reverse
    [Chunk 26]  44.4% complete (8/18 reactions)
[FVA] Starting optimization for reaction: G1PTT
    [Chunk  7]  44.4% complete (8/18 reactions)
[FVA] Starting optimization for reaction: ALAGLUE
[FVA] Starting optimization for reaction: SK_for_c
[FVA] Starting optimization for reaction: 3HAD180
[FVA] Starting optimization for reaction: G1SAT
[FVA] Starting optimization for reaction: ALAGLUE_reverse
[FVA] Starting optimization for reaction: SK_fum_c
[FVA] Starting optimization for reaction: 3HAD180_reverse
[FVA] Starting optimization for reaction: G1SAT_reverse
[FVA] Starting optimization for reaction: ALAR
[FVA] Starting optimization for reaction: SK_glycogen_c
[FVA] Starting optimization for reaction: G3PAT160
[FVA] Starting optimization for reaction: ALAR_reverse
[FVA] Starting optimization for reaction: 3HAD40_2
    [Chunk 55]  66.7% complete (12/18 reactions)
[FVA] Starting optimization for reaction: SO4tex
    [Chunk  1]  66.7% complete (12/18 reactions)
[FVA] Starting optimization for reaction: 3HAD40_2_reverse
    [Chunk 26]  66.7% complete (12/18 reactions)
[FVA] Starting optimization for reaction: G3PAT161
    [Chunk  7]  66.7% complete (12/18 reactions)
[FVA] Starting optimization for reaction: ALATRS
[FVA] Starting optimization for reaction: SO4tex_reverse
[FVA] Starting optimization for reaction: 3HAD60
[FVA] Starting optimization for reaction: G3PAT1819Z_1
[FVA] Starting optimization for reaction: ALCD1
[FVA] Starting optimization for reaction: SPMDabcpp
[FVA] Starting optimization for reaction: 3HAD60_reverse
[FVA] Starting optimization for reaction: G3PD2
[FVA] Starting optimization for reaction: ALCD19
[FVA] Starting optimization for reaction: SPMDtex
[FVA] Starting optimization for reaction: 3HAD80
[FVA] Starting optimization for reaction: G3PD2_reverse
    [Chunk 55]  88.9% complete (16/18 reactions)
[FVA] Starting optimization for reaction: SPMDtex_reverse
[FVA] Starting optimization for reaction: ALCD19_reverse
    [Chunk  1]  88.9% complete (16/18 reactions)
[FVA] Starting optimization for reaction: 3HAD80_reverse
    [Chunk 26]  88.9% complete (16/18 reactions)
[FVA] Starting optimization for reaction: G5SADs
[FVA] Starting optimization for reaction: SPMS
    [Chunk  7]  88.9% complete (16/18 reactions)
[FVA] Starting optimization for reaction: ALDD2y
[FVA] Starting optimization for reaction: G5SADs_reverse
[FVA] Starting optimization for reaction: 3OAR100
  [Chunk 55/61] ✓ Complete (18 reactions)
[FVA] Starting optimization for reaction: TMPK
[FVA] Starting optimization for reaction: ALDD2y_reverse
  [Chunk  1/61] ✓ Complete (18 reactions)
[FVA] Starting optimization for reaction: DHNPA_1
  [Chunk 26/61] ✓ Complete (18 reactions)
[FVA] Starting optimization for reaction: GTHS
[FVA] Starting optimization for reaction: TMPPP_1
  [Chunk  7/61] ✓ Complete (18 reactions)
[FVA] Starting optimization for reaction: GHMT2r_reverse
[FVA] Starting optimization for reaction: DHORD3um
[FVA] Starting optimization for reaction: GTPCI
[FVA] Starting optimization for reaction: TPI
[FVA] Starting optimization for reaction: GK1
[FVA] Starting optimization for reaction: DHORTS
[FVA] Starting optimization for reaction: GTPCII
[FVA] Starting optimization for reaction: GK1_reverse
[FVA] Starting optimization for reaction: TPI_reverse
[FVA] Starting optimization for reaction: DHORTS_reverse
[FVA] Starting optimization for reaction: H2CO3_NAt_syn
[FVA] Starting optimization for reaction: GLCBRAN3
    [Chunk 58]  22.2% complete (4/18 reactions)
[FVA] Starting optimization for reaction: TRDR
    [Chunk 17]  22.2% complete (4/18 reactions)
[FVA] Starting optimization for reaction: DHPPDA
    [Chunk 31]  22.2% complete (4/18 reactions)
[FVA] Starting optimization for reaction: H2CO3_NAt_syn_reverse
    [Chunk 28]  22.2% complete (4/18 reactions)
[FVA] Starting optimization for reaction: GLCDBRAN3
[FVA] Starting optimization for reaction: TRDRf
[FVA] Starting optimization for reaction: DHQS
[FVA] Starting optimization for reaction: H2Otcx
[FVA] Starting optimization for reaction: GLCP2_1
[FVA] Starting optimization for reaction: TRNFE
[FVA] Starting optimization for reaction: DHQTi
[FVA] Starting optimization for reaction: H2Otcx_reverse
[FVA] Starting optimization for reaction: GLCS3
[FVA] Starting optimization for reaction: TRNFE_reverse
[FVA] Starting optimization for reaction: DHQTi_reverse
[FVA] Starting optimization for reaction: H2Otex
[FVA] Starting optimization for reaction: GLGC
    [Chunk 58]  44.4% complete (8/18 reactions)
[FVA] Starting optimization for reaction: TRPS1
    [Chunk 17]  44.4% complete (8/18 reactions)
[FVA] Starting optimization for reaction: DMATT
    [Chunk 31]  44.4% complete (8/18 reactions)
[FVA] Starting optimization for reaction: H2Otex_reverse
    [Chunk 28]  44.4% complete (8/18 reactions)
[FVA] Starting optimization for reaction: GLNS
[FVA] Starting optimization for reaction: TRPS2
[FVA] Starting optimization for reaction: DMBZIDS2
[FVA] Starting optimization for reaction: GLNTRS
[FVA] Starting optimization for reaction: H2Otpp
[FVA] Starting optimization for reaction: TRPS3
[FVA] Starting optimization for reaction: DMPPS_syn
[FVA] Starting optimization for reaction: GLNabcpp
[FVA] Starting optimization for reaction: H2Otpp_reverse
[FVA] Starting optimization for reaction: TRPTRS
[FVA] Starting optimization for reaction: DMTPHT
[FVA] Starting optimization for reaction: GLNtex
[FVA] Starting optimization for reaction: H2Otu_syn
    [Chunk 58]  66.7% complete (12/18 reactions)
[FVA] Starting optimization for reaction: TRSARyr
    [Chunk 17]  66.7% complete (12/18 reactions)
[FVA] Starting optimization for reaction: DM_5drib_c
    [Chunk 28]  66.7% complete (12/18 reactions)
[FVA] Starting optimization for reaction: GLNtex_reverse
    [Chunk 31]  66.7% complete (12/18 reactions)
[FVA] Starting optimization for reaction: H2Otu_syn_reverse
[FVA] Starting optimization for reaction: TYRTA
[FVA] Starting optimization for reaction: DM_ac_c
[FVA] Starting optimization for reaction: GLU5K
[FVA] Starting optimization for reaction: H4THDPR
[FVA] Starting optimization for reaction: TYRTA_reverse
[FVA] Starting optimization for reaction: DM_amob_c
[FVA] Starting optimization for reaction: GLUCYS
[FVA] Starting optimization for reaction: H4THDPS
[FVA] Starting optimization for reaction: TYRTRS
[FVA] Starting optimization for reaction: DM_co_c
[FVA] Starting optimization for reaction: GLUDGE_HDE_HDE
[FVA] Starting optimization for reaction: HBZNPT
    [Chunk 58]  88.9% complete (16/18 reactions)
[FVA] Starting optimization for reaction: U23GAAT2
    [Chunk 17]  88.9% complete (16/18 reactions)
[FVA] Starting optimization for reaction: DM_dialurate_c
    [Chunk 28]  88.9% complete (16/18 reactions)
[FVA] Starting optimization for reaction: GLUDGE_HDE_PALM
    [Chunk 31]  88.9% complete (16/18 reactions)
[FVA] Starting optimization for reaction: HCO3E_1_cx
[FVA] Starting optimization for reaction: UAAGDS
[FVA] Starting optimization for reaction: DM_h2_c
[FVA] Starting optimization for reaction: GLUDGE_OLE_HDE
[FVA] Starting optimization for reaction: HCO3E_1_cx_reverse
  [Chunk 58/61] ✓ Complete (18 reactions)
[FVA] Starting optimization for reaction: CITCIb_reverse
  [Chunk 17/61] ✓ Complete (18 reactions)
[FVA] Starting optimization for reaction: ALDDC17
  [Chunk 28/61] ✓ Complete (18 reactions)
[FVA] Starting optimization for reaction: MLDCP1App
  [Chunk 31/61] ✓ Complete (18 reactions)
[FVA] Starting optimization for reaction: HPROb
[FVA] Starting optimization for reaction: CITMS
[FVA] Starting optimization for reaction: ALDR18
[FVA] Starting optimization for reaction: MLDCP1Bpp
[FVA] Starting optimization for reaction: HPYRRy
[FVA] Starting optimization for reaction: CLt3_1pp
[FVA] Starting optimization for reaction: AM3PA
  ERROR: MAX: HPYRRy not found in df_max flux rows
[FVA] Starting optimization for reaction: MLDCP2App
[FVA] Starting optimization for reaction: HSDy
[FVA] Starting optimization for reaction: CLtex
[FVA] Starting optimization for reaction: AM4PA
  ERROR: MAX: AM4PA not found in df_max flux rows
[FVA] Starting optimization for reaction: MLDCP2Bpp
[FVA] Starting optimization for reaction: HSDy_reverse
    [Chunk  8]  22.2% complete (4/18 reactions)
[FVA] Starting optimization for reaction: AM4PCP
    [Chunk 13]  22.2% complete (4/18 reactions)
[FVA] Starting optimization for reaction: CLtex_reverse
    [Chunk 33]  22.2% complete (4/18 reactions)
[FVA] Starting optimization for reaction: HSERTA
    [Chunk 39]  22.2% complete (4/18 reactions)
[FVA] Starting optimization for reaction: MLTGY1pp
[FVA] Starting optimization for reaction: AMANAPEr
[FVA] Starting optimization for reaction: CMPA_1
[FVA] Starting optimization for reaction: HSK
[FVA] Starting optimization for reaction: MLTGY2pp
[FVA] Starting optimization for reaction: CO2tex
[FVA] Starting optimization for reaction: AMANAPEr_reverse
[FVA] Starting optimization for reaction: HSTPT
[FVA] Starting optimization for reaction: MLTGY3pp
[FVA] Starting optimization for reaction: AMAOTr
[FVA] Starting optimization for reaction: CO2tex_reverse
[FVA] Starting optimization for reaction: HSTPT_reverse
[FVA] Starting optimization for reaction: MLTGY4pp
    [Chunk  8]  44.4% complete (8/18 reactions)
[FVA] Starting optimization for reaction: AMAOTr_reverse
    [Chunk 13]  44.4% complete (8/18 reactions)
[FVA] Starting optimization for reaction: CO2tpp
    [Chunk 33]  44.4% complete (8/18 reactions)
[FVA] Starting optimization for reaction: HTHRPDH
    [Chunk 39]  44.4% complete (8/18 reactions)
[FVA] Starting optimization for reaction: MNHNAtpp
[FVA] Starting optimization for reaction: AMPMS3
[FVA] Starting optimization for reaction: CO2tpp_reverse
[FVA] Starting optimization for reaction: Htabcpp
[FVA] Starting optimization for reaction: MNabc_1
[FVA] Starting optimization for reaction: COBALT2tex
[FVA] Starting optimization for reaction: AMPMS3_reverse
[FVA] Starting optimization for reaction: Htcx
[FVA] Starting optimization for reaction: MNtex
[FVA] Starting optimization for reaction: AMPTASECG
[FVA] Starting optimization for reaction: COBALT2tex_reverse
[FVA] Starting optimization for reaction: Htcx_reverse
[FVA] Starting optimization for reaction: MNtex_reverse
    [Chunk  8]  66.7% complete (12/18 reactions)
[FVA] Starting optimization for reaction: ANHMK
    [Chunk 13]  66.7% complete (12/18 reactions)
[FVA] Starting optimization for reaction: COCHL_1
    [Chunk 33]  66.7% complete (12/18 reactions)
[FVA] Starting optimization for reaction: Htex
    [Chunk 39]  66.7% complete (12/18 reactions)
[FVA] Starting optimization for reaction: MOAT_1
[FVA] Starting optimization for reaction: ANPRT
[FVA] Starting optimization for reaction: COLIPAabcex
[FVA] Starting optimization for reaction: Htex_reverse
[FVA] Starting optimization for reaction: MOBDabcpp
[FVA] Starting optimization for reaction: CPH4S
[FVA] Starting optimization for reaction: ANS
[FVA] Starting optimization for reaction: ICDHyr
[FVA] Starting optimization for reaction: MOBDtex
[FVA] Starting optimization for reaction: ANS2
[FVA] Starting optimization for reaction: CPPPGO
[FVA] Starting optimization for reaction: ICHORS
[FVA] Starting optimization for reaction: MOBDtex_reverse
    [Chunk  8]  88.9% complete (16/18 reactions)
[FVA] Starting optimization for reaction: AOXPBDC
    [Chunk 13]  88.9% complete (16/18 reactions)
[FVA] Starting optimization for reaction: CPPPGO2
    [Chunk 33]  88.9% complete (16/18 reactions)
[FVA] Starting optimization for reaction: ICHORS_reverse
    [Chunk 39]  88.9% complete (16/18 reactions)
[FVA] Starting optimization for reaction: MOHMT
[FVA] Starting optimization for reaction: AOXSr2
[FVA] Starting optimization for reaction: CS
[FVA] Starting optimization for reaction: ICLIPAS
[FVA] Starting optimization for reaction: MPML
  [Chunk 13/61] ✓ Complete (18 reactions)
[FVA] Starting optimization for reaction: HCO3tcx
  [Chunk  8/61] ✓ Complete (18 reactions)
[FVA] Starting optimization for reaction: SULabcpp
  [Chunk 33/61] ✓ Complete (18 reactions)
[FVA] Starting optimization for reaction: PHOA690um
  [Chunk 39/61] ✓ Complete (18 reactions)
[FVA] Starting optimization for reaction: CYTK1
[FVA] Starting optimization for reaction: TALA
[FVA] Starting optimization for reaction: HCO3tex
[FVA] Starting optimization for reaction: PHYFXOR
[FVA] Starting optimization for reaction: CYTK1_reverse
[FVA] Starting optimization for reaction: TALA_reverse
[FVA] Starting optimization for reaction: HCO3tex_reverse
[FVA] Starting optimization for reaction: PHYPQOX
[FVA] Starting optimization for reaction: Cobalt2abcppI
[FVA] Starting optimization for reaction: TDPDRE
[FVA] Starting optimization for reaction: HEMEAS_1
[FVA] Starting optimization for reaction: PHYTES
[FVA] Starting optimization for reaction: DADK
    [Chunk 32]  22.2% complete (4/18 reactions)
[FVA] Starting optimization for reaction: HEMEAS_1_reverse
    [Chunk 57]  22.2% complete (4/18 reactions)
[FVA] Starting optimization for reaction: TDPDRR
    [Chunk 50]  22.2% complete (4/18 reactions)
[FVA] Starting optimization for reaction: PHYTES2_1
    [Chunk 15]  22.2% complete (4/18 reactions)
[FVA] Starting optimization for reaction: DADK_reverse
[FVA] Starting optimization for reaction: TDPGDH
[FVA] Starting optimization for reaction: HEMEOS
[FVA] Starting optimization for reaction: PHYTK
[FVA] Starting optimization for reaction: DAGK160
[FVA] Starting optimization for reaction: THBTGT
[FVA] Starting optimization for reaction: PItex
[FVA] Starting optimization for reaction: HEMEOS_reverse
[FVA] Starting optimization for reaction: DAGK161
[FVA] Starting optimization for reaction: THII
[FVA] Starting optimization for reaction: PItex_reverse
[FVA] Starting optimization for reaction: HEX1
[FVA] Starting optimization for reaction: DAGK_HDE_PALM
    [Chunk 32]  44.4% complete (8/18 reactions)
[FVA] Starting optimization for reaction: HEX7
    [Chunk 57]  44.4% complete (8/18 reactions)
[FVA] Starting optimization for reaction: THISAT
    [Chunk 50]  44.4% complete (8/18 reactions)
[FVA] Starting optimization for reaction: PIuabcpp
    [Chunk 15]  44.4% complete (8/18 reactions)
[FVA] Starting optimization for reaction: DAGK_OLE_HDE
[FVA] Starting optimization for reaction: THRPDC
[FVA] Starting optimization for reaction: PKETF
[FVA] Starting optimization for reaction: HGYDAS
[FVA] Starting optimization for reaction: DAGK_OLE_PALM
[FVA] Starting optimization for reaction: THRS
  ERROR: MAX: DAGK_OLE_PALM not found in df_max flux rows
[FVA] Starting optimization for reaction: HISTDa
[FVA] Starting optimization for reaction: PKETX
[FVA] Starting optimization for reaction: DALAabcpp
[FVA] Starting optimization for reaction: THRTRS
[FVA] Starting optimization for reaction: HISTDb
[FVA] Starting optimization for reaction: PLYCOI
[FVA] Starting optimization for reaction: DAPDC
    [Chunk 32]  66.7% complete (12/18 reactions)
[FVA] Starting optimization for reaction: HISTP
    [Chunk 15]  66.7% complete (12/18 reactions)
[FVA] Starting optimization for reaction: DAPE
    [Chunk 57]  66.7% complete (12/18 reactions)
[FVA] Starting optimization for reaction: THZT
    [Chunk 50]  66.7% complete (12/18 reactions)
[FVA] Starting optimization for reaction: PMANM
[FVA] Starting optimization for reaction: TKT1
[FVA] Starting optimization for reaction: HISTRS
[FVA] Starting optimization for reaction: PMANM_reverse
[FVA] Starting optimization for reaction: DAPE_reverse
[FVA] Starting optimization for reaction: TKT1_reverse
[FVA] Starting optimization for reaction: HMBS
[FVA] Starting optimization for reaction: DB4PS
[FVA] Starting optimization for reaction: PMDPHT
[FVA] Starting optimization for reaction: TKT2
[FVA] Starting optimization for reaction: HOXGfx
[FVA] Starting optimization for reaction: DBTS
[FVA] Starting optimization for reaction: PMDPHT_reverse
    [Chunk 32]  88.9% complete (16/18 reactions)
[FVA] Starting optimization for reaction: HPPK
    [Chunk 15]  88.9% complete (16/18 reactions)
[FVA] Starting optimization for reaction: DCTPD
    [Chunk 57]  88.9% complete (16/18 reactions)
[FVA] Starting optimization for reaction: TKT2_reverse
[FVA] Starting optimization for reaction: HPPK_reverse
[FVA] Starting optimization for reaction: TMDS3
    [Chunk 50]  88.9% complete (16/18 reactions)
[FVA] Starting optimization for reaction: PMEACPE
[FVA] Starting optimization for reaction: PMPK
[FVA] Starting optimization for reaction: DCTPD2
  [Chunk 57/61] ✓ Complete (18 reactions)
[FVA] Starting optimization for reaction: LYSTRS
  [Chunk 32/61] ✓ Complete (18 reactions)
[FVA] Starting optimization for reaction: DDPA
[FVA] Starting optimization for reaction: MALCOAMT
  [Chunk 50/61] ✓ Complete (18 reactions)
[FVA] Starting optimization for reaction: EX_zn2_e_reverse
  [Chunk 15/61] ✓ Complete (18 reactions)
[FVA] Starting optimization for reaction: PC6AR_1_reverse
[FVA] Starting optimization for reaction: DDPGA
[FVA] Starting optimization for reaction: FALDH2
[FVA] Starting optimization for reaction: PC6YM_1
[FVA] Starting optimization for reaction: DESAT16a
[FVA] Starting optimization for reaction: PC8XM
[FVA] Starting optimization for reaction: MAN1PT
[FVA] Starting optimization for reaction: DESAT16a_reverse
[FVA] Starting optimization for reaction: MAN6PI
[FVA] Starting optimization for reaction: FALGTHLs
    [Chunk 37]  22.2% complete (4/18 reactions)
[FVA] Starting optimization for reaction: MAN6PI_reverse
[FVA] Starting optimization for reaction: FBA
[FVA] Starting optimization for reaction: PC8XM_reverse
    [Chunk 16]  22.2% complete (4/18 reactions)
[FVA] Starting optimization for reaction: DESAT18a
[FVA] Starting optimization for reaction: MCOATA
    [Chunk 25]  22.2% complete (4/18 reactions)
[FVA] Starting optimization for reaction: FBA3
    [Chunk 47]  22.2% complete (4/18 reactions)
[FVA] Starting optimization for reaction: PCHLDA430
[FVA] Starting optimization for reaction: DESAT18a_reverse
[FVA] Starting optimization for reaction: MCTP1App
[FVA] Starting optimization for reaction: FBA3_reverse
[FVA] Starting optimization for reaction: PCHLDA650
[FVA] Starting optimization for reaction: DEXZEAX
[FVA] Starting optimization for reaction: FBA_reverse
[FVA] Starting optimization for reaction: PCXHtpp
[FVA] Starting optimization for reaction: DGDGS_HDE_HDE
[FVA] Starting optimization for reaction: MCTP1Bpp
    [Chunk 37]  44.4% complete (8/18 reactions)
[FVA] Starting optimization for reaction: MCTP2App
[FVA] Starting optimization for reaction: FBP
[FVA] Starting optimization for reaction: PDH
    [Chunk 16]  44.4% complete (8/18 reactions)
[FVA] Starting optimization for reaction: DGDGS_HDE_PALM
[FVA] Starting optimization for reaction: MDDCP1pp
    [Chunk 25]  44.4% complete (8/18 reactions)
[FVA] Starting optimization for reaction: FCLT
    [Chunk 47]  44.4% complete (8/18 reactions)
[FVA] Starting optimization for reaction: PDS1_1
[FVA] Starting optimization for reaction: DGDGS_OLE_HDE
[FVA] Starting optimization for reaction: FDH6
[FVA] Starting optimization for reaction: MDDCP2pp
[FVA] Starting optimization for reaction: PDS2_1
[FVA] Starting optimization for reaction: DGDGS_OLE_PALM
[FVA] Starting optimization for reaction: FE2tex
[FVA] Starting optimization for reaction: PDX5POi
[FVA] Starting optimization for reaction: DHAD1
[FVA] Starting optimization for reaction: MDDCP3pp
[FVA] Starting optimization for reaction: FE2tex_reverse
    [Chunk 37]  66.7% complete (12/18 reactions)
[FVA] Starting optimization for reaction: MDDCP4pp
[FVA] Starting optimization for reaction: PDX5POi_reverse
    [Chunk 16]  66.7% complete (12/18 reactions)
[FVA] Starting optimization for reaction: DHAD2
    [Chunk 25]  66.7% complete (12/18 reactions)
[FVA] Starting optimization for reaction: FE3abcpp
[FVA] Starting optimization for reaction: MDDCP5pp
    [Chunk 47]  66.7% complete (12/18 reactions)
[FVA] Starting optimization for reaction: PDX5PS2
[FVA] Starting optimization for reaction: DHFR
[FVA] Starting optimization for reaction: FE3tex
[FVA] Starting optimization for reaction: MDDEP1pp
[FVA] Starting optimization for reaction: PDX5PS2_reverse
  ERROR: MAX: MDDEP1pp not found in df_max flux rows
[FVA] Starting optimization for reaction: DHFS
[FVA] Starting optimization for reaction: PEPC
[FVA] Starting optimization for reaction: FE3tex_reverse
[FVA] Starting optimization for reaction: DHNANT
[FVA] Starting optimization for reaction: PERD
[FVA] Starting optimization for reaction: MDDEP2pp
    [Chunk 16]  88.9% complete (16/18 reactions)
[FVA] Starting optimization for reaction: DHNCOAS
    [Chunk 37]  88.9% complete (16/18 reactions)
[FVA] Starting optimization for reaction: MDDEP3pp
[FVA] Starting optimization for reaction: FMETTRS
    [Chunk 47]  88.9% complete (16/18 reactions)
[FVA] Starting optimization for reaction: PFK
[FVA] Starting optimization for reaction: MDDEP4pp
    [Chunk 25]  88.9% complete (16/18 reactions)
[FVA] Starting optimization for reaction: FMNRy_1
[FVA] Starting optimization for reaction: DHNCOAT
[FVA] Starting optimization for reaction: PFK_3
[FVA] Starting optimization for reaction: FNOR_1
  [Chunk 37/61] ✓ Complete (18 reactions)
[FVA] Starting optimization for reaction: NADTRHD
  [Chunk 16/61] ✓ Complete (18 reactions)
[FVA] Starting optimization for reaction: BIOMASS_CELL_WALL
  [Chunk 47/61] ✓ Complete (18 reactions)
[FVA] Starting optimization for reaction: EX_photon610_e_reverse
  [Chunk 25/61] ✓ Complete (18 reactions)
[FVA] Starting optimization for reaction: UM3PL
[FVA] Starting optimization for reaction: BIOMASS_COFACTORS
[FVA] Starting optimization for reaction: EX_photon630_e
[FVA] Starting optimization for reaction: NADTRHD_reverse
[FVA] Starting optimization for reaction: BIOMASS_DNA
[FVA] Starting optimization for reaction: NAD_H2
[FVA] Starting optimization for reaction: UM4PCP
[FVA] Starting optimization for reaction: NAD_H2_reverse
[FVA] Starting optimization for reaction: EX_photon630_e_reverse
[FVA] Starting optimization for reaction: UM4PL
[FVA] Starting optimization for reaction: BIOMASS_MEM_LIPIDS
    [Chunk 41]  22.2% complete (4/18 reactions)
[FVA] Starting optimization for reaction: NAMNPP
[FVA] Starting optimization for reaction: EX_photon650_e
[FVA] Starting optimization for reaction: UMPK
    [Chunk 11]  22.2% complete (4/18 reactions)
[FVA] Starting optimization for reaction: BIOMASS_PIGMENTS
[FVA] Starting optimization for reaction: NAMNPP_reverse
    [Chunk 24]  22.2% complete (4/18 reactions)
[FVA] Starting optimization for reaction: EX_photon650_e_reverse
    [Chunk 60]  22.2% complete (4/18 reactions)
[FVA] Starting optimization for reaction: UMPK_reverse
[FVA] Starting optimization for reaction: BIOMASS_PROTEIN
[FVA] Starting optimization for reaction: EX_photon670_e
[FVA] Starting optimization for reaction: UNK3
[FVA] Starting optimization for reaction: BIOMASS_RNA
[FVA] Starting optimization for reaction: NAt3pp
[FVA] Starting optimization for reaction: EX_photon670_e_reverse
[FVA] Starting optimization for reaction: NAt3pp_reverse
[FVA] Starting optimization for reaction: UPP3MT
[FVA] Starting optimization for reaction: BIOMASS__1
[FVA] Starting optimization for reaction: EX_photon690_e
    [Chunk 41]  44.4% complete (8/18 reactions)
[FVA] Starting optimization for reaction: NAtex
[FVA] Starting optimization for reaction: UPP3S
    [Chunk 11]  44.4% complete (8/18 reactions)
[FVA] Starting optimization for reaction: BPNT
    [Chunk 24]  44.4% complete (8/18 reactions)
[FVA] Starting optimization for reaction: EX_photon690_e_reverse
[FVA] Starting optimization for reaction: NAtex_reverse
    [Chunk 60]  44.4% complete (8/18 reactions)
[FVA] Starting optimization for reaction: UPPDC1
[FVA] Starting optimization for reaction: BPNT2
[FVA] Starting optimization for reaction: EX_pi_e
[FVA] Starting optimization for reaction: UPPRT
[FVA] Starting optimization for reaction: BTNPL2
[FVA] Starting optimization for reaction: EX_pi_e_reverse
[FVA] Starting optimization for reaction: NDHPQRcm
[FVA] Starting optimization for reaction: BTS6
[FVA] Starting optimization for reaction: NDHPQRum
[FVA] Starting optimization for reaction: URIDK2r
[FVA] Starting optimization for reaction: EX_ptrc_e
    [Chunk 41]  66.7% complete (12/18 reactions)
[FVA] Starting optimization for reaction: NDH_1_1_um_copy1
[FVA] Starting optimization for reaction: URIDK2r_reverse
    [Chunk 11]  66.7% complete (12/18 reactions)
[FVA] Starting optimization for reaction: CA2abcpp
    [Chunk 24]  66.7% complete (12/18 reactions)
[FVA] Starting optimization for reaction: EX_ptrc_e_reverse
[FVA] Starting optimization for reaction: NDH_1_1_um_copy2
[FVA] Starting optimization for reaction: CA2t2pp
    [Chunk 60]  66.7% complete (12/18 reactions)
[FVA] Starting optimization for reaction: USHD2
[FVA] Starting optimization for reaction: EX_so4_e
  ERROR: MAX: CA2t2pp not found in df_max flux rows
[FVA] Starting optimization for reaction: CA2tex
[FVA] Starting optimization for reaction: VALTA
[FVA] Starting optimization for reaction: EX_so4_e_reverse
[FVA] Starting optimization for reaction: NDH_1_4_um_copy1
[FVA] Starting optimization for reaction: CA2tex_reverse
[FVA] Starting optimization for reaction: VALTA_reverse
[FVA] Starting optimization for reaction: NDH_1_4_um_copy2
[FVA] Starting optimization for reaction: EX_spmd_e
    [Chunk 41]  88.9% complete (16/18 reactions)
[FVA] Starting optimization for reaction: NDPK1
    [Chunk 11]  88.9% complete (16/18 reactions)
[FVA] Starting optimization for reaction: CAT
[FVA] Starting optimization for reaction: VALTRS
[FVA] Starting optimization for reaction: NDPK1_reverse
    [Chunk 24]  88.9% complete (16/18 reactions)
[FVA] Starting optimization for reaction: EX_spmd_e_reverse
[FVA] Starting optimization for reaction: CBFCum
    [Chunk 60]  88.9% complete (16/18 reactions)
[FVA] Starting optimization for reaction: VPAMTr
[FVA] Starting optimization for reaction: EX_zn2_e
  [Chunk 11/61] ✓ Complete (18 reactions)
[FVA] Starting optimization for reaction: AGM4PA
[FVA] Starting optimization for reaction: ZCARDS
  [Chunk 24/61] ✓ Complete (18 reactions)
[FVA] Starting optimization for reaction: CBMD
  [Chunk 41/61] ✓ Complete (18 reactions)
[FVA] Starting optimization for reaction: PSICSum
[FVA] Starting optimization for reaction: AGM4PApp
  [Chunk 60/61] ✓ Complete (18 reactions)
[FVA] Starting optimization for reaction: NDPK2
[FVA] Starting optimization for reaction: PSIICRum
  ERROR: MAX: PSIICRum not found in df_max flux rows
[FVA] Starting optimization for reaction: PSIICSum
[FVA] Starting optimization for reaction: CBPS
[FVA] Starting optimization for reaction: AGM4PCP
[FVA] Starting optimization for reaction: PSIIum
[FVA] Starting optimization for reaction: NDPK2_reverse
[FVA] Starting optimization for reaction: CCGS
    [Chunk 53]  22.2% complete (4/18 reactions)
[FVA] Starting optimization for reaction: PSIum
[FVA] Starting optimization for reaction: AGM4PH
[FVA] Starting optimization for reaction: NDPK3
[FVA] Starting optimization for reaction: CDGR
  ERROR: MAX: AGM4PH not found in df_max flux rows
    [Chunk  6]  22.2% complete (4/18 reactions)
[FVA] Starting optimization for reaction: AGM4Pt2pp
[FVA] Starting optimization for reaction: NDPK3_reverse
    [Chunk 12]  22.2% complete (4/18 reactions)
[FVA] Starting optimization for reaction: CDGS
[FVA] Starting optimization for reaction: AGMH
    [Chunk 42]  22.2% complete (4/18 reactions)
[FVA] Starting optimization for reaction: NDPK4
[FVA] Starting optimization for reaction: PSP_L
[FVA] Starting optimization for reaction: AGMt2pp
[FVA] Starting optimization for reaction: PTHPS
[FVA] Starting optimization for reaction: CDPDAGS_OLE_PALM
[FVA] Starting optimization for reaction: PTPATi
[FVA] Starting optimization for reaction: NDPK4_reverse
[FVA] Starting optimization for reaction: CDPGLC46DH
[FVA] Starting optimization for reaction: AGPAT160
    [Chunk 53]  44.4% complete (8/18 reactions)
[FVA] Starting optimization for reaction: PTRCabcpp
[FVA] Starting optimization for reaction: NDPK5
[FVA] Starting optimization for reaction: CDPMEK
    [Chunk  6]  44.4% complete (8/18 reactions)
[FVA] Starting optimization for reaction: AGPAT161
[FVA] Starting optimization for reaction: PTRCtex
[FVA] Starting optimization for reaction: NDPK5_reverse
    [Chunk 12]  44.4% complete (8/18 reactions)
[FVA] Starting optimization for reaction: CELLSYN
[FVA] Starting optimization for reaction: AGPATACP_HDE_PALM
    [Chunk 42]  44.4% complete (8/18 reactions)
[FVA] Starting optimization for reaction: NDPK6
[FVA] Starting optimization for reaction: CHLADMT_1
[FVA] Starting optimization for reaction: AGPATACP_OLE_HDE
[FVA] Starting optimization for reaction: NDPK6_reverse
[FVA] Starting optimization for reaction: PTRCtex_reverse
[FVA] Starting optimization for reaction: PYK
[FVA] Starting optimization for reaction: CHORM
[FVA] Starting optimization for reaction: AGPATACP_OLE_PALM
[FVA] Starting optimization for reaction: NDPK7
    [Chunk 53]  66.7% complete (12/18 reactions)
[FVA] Starting optimization for reaction: QUERT
[FVA] Starting optimization for reaction: CHORM_reverse
    [Chunk  6]  66.7% complete (12/18 reactions)
[FVA] Starting optimization for reaction: AGPR
[FVA] Starting optimization for reaction: NDPK7_reverse
[FVA] Starting optimization for reaction: QULNS
    [Chunk 12]  66.7% complete (12/18 reactions)
[FVA] Starting optimization for reaction: CHORS
[FVA] Starting optimization for reaction: AGPR_reverse
    [Chunk 42]  66.7% complete (12/18 reactions)
[FVA] Starting optimization for reaction: NDPK8
[FVA] Starting optimization for reaction: CHPHYS
[FVA] Starting optimization for reaction: AGTi
[FVA] Starting optimization for reaction: NDPK8_reverse
[FVA] Starting optimization for reaction: CHRPL
[FVA] Starting optimization for reaction: R05219
[FVA] Starting optimization for reaction: AHCi
[FVA] Starting optimization for reaction: RB15BPtcx
    [Chunk 53]  88.9% complete (16/18 reactions)
[FVA] Starting optimization for reaction: RBFK
[FVA] Starting optimization for reaction: NGAM
[FVA] Starting optimization for reaction: CITCIa
    [Chunk  6]  88.9% complete (16/18 reactions)
[FVA] Starting optimization for reaction: AHSERL2_1
[FVA] Starting optimization for reaction: RBFSa
[FVA] Starting optimization for reaction: NGAM_D1um
    [Chunk 12]  88.9% complete (16/18 reactions)
[FVA] Starting optimization for reaction: CITCIa_reverse
[FVA] Starting optimization for reaction: AICART
    [Chunk 42]  88.9% complete (16/18 reactions)
[FVA] Starting optimization for reaction: NH4tex
[FVA] Starting optimization for reaction: CITCIb
  [Chunk  6/61] ✓ Complete (18 reactions)
[FVA] Starting optimization for reaction: DM_lac__D_c
[FVA] Starting optimization for reaction: NH4tex_reverse
  [Chunk 12/61] ✓ Complete (18 reactions)
[FVA] Starting optimization for reaction: ETBCARO
  [Chunk 53/61] ✓ Complete (18 reactions)
[FVA] Starting optimization for reaction: AOXSr2_reverse
[FVA] Starting optimization for reaction: DM_pho_loss_c
[FVA] Starting optimization for reaction: APRAUR
[FVA] Starting optimization for reaction: ARD
  [Chunk 42/61] ✓ Complete (18 reactions)
[FVA] Starting optimization for reaction: ORNTAC
[FVA] Starting optimization for reaction: ETCHLAS
[FVA] Starting optimization for reaction: DM_succ_c
[FVA] Starting optimization for reaction: ARGDC
[FVA] Starting optimization for reaction: ORNTA_reverse
[FVA] Starting optimization for reaction: ETCPC
[FVA] Starting optimization for reaction: DNAMTn2r
    [Chunk  9]  22.2% complete (4/18 reactions)
[FVA] Starting optimization for reaction: ARGDHpp
[FVA] Starting optimization for reaction: ORPT
[FVA] Starting optimization for reaction: EX_arg__L_e
    [Chunk 18]  22.2% complete (4/18 reactions)
[FVA] Starting optimization for reaction: DNMPPA
[FVA] Starting optimization for reaction: ORPT_reverse
    [Chunk 20]  22.2% complete (4/18 reactions)
[FVA] Starting optimization for reaction: EX_arg__L_e_reverse
[FVA] Starting optimization for reaction: DNTPPA
    [Chunk 46]  22.2% complete (4/18 reactions)
[FVA] Starting optimization for reaction: OXADC
[FVA] Starting optimization for reaction: ARGOXRum
[FVA] Starting optimization for reaction: ARGSL
[FVA] Starting optimization for reaction: EX_ca2_e
[FVA] Starting optimization for reaction: DPCOAK
[FVA] Starting optimization for reaction: P5CR
[FVA] Starting optimization for reaction: ARGSS
[FVA] Starting optimization for reaction: EX_ca2_e_reverse
[FVA] Starting optimization for reaction: DPOR
[FVA] Starting optimization for reaction: PANTS
    [Chunk  9]  44.4% complete (8/18 reactions)
[FVA] Starting optimization for reaction: ARGTRS
[FVA] Starting optimization for reaction: EX_cl_e
    [Chunk 18]  44.4% complete (8/18 reactions)
[FVA] Starting optimization for reaction: DPR
[FVA] Starting optimization for reaction: PAPA160
    [Chunk 20]  44.4% complete (8/18 reactions)
[FVA] Starting optimization for reaction: EX_cl_e_reverse
[FVA] Starting optimization for reaction: DPR_reverse
    [Chunk 46]  44.4% complete (8/18 reactions)
[FVA] Starting optimization for reaction: PAPA161
[FVA] Starting optimization for reaction: EX_co2_e
[FVA] Starting optimization for reaction: DTMPK
[FVA] Starting optimization for reaction: PAPA_HDE_PALM
[FVA] Starting optimization for reaction: ARGabcpp
[FVA] Starting optimization for reaction: ARGtex
[FVA] Starting optimization for reaction: EX_co2_e_reverse
[FVA] Starting optimization for reaction: ARGtex_reverse
[FVA] Starting optimization for reaction: DTMPK_reverse
[FVA] Starting optimization for reaction: PAPA_OLE_HDE
[FVA] Starting optimization for reaction: EX_cobalt2_e
    [Chunk  9]  66.7% complete (12/18 reactions)
[FVA] Starting optimization for reaction: ASAD
    [Chunk 18]  66.7% complete (12/18 reactions)
[FVA] Starting optimization for reaction: DVOCHR_1
[FVA] Starting optimization for reaction: PAPA_OLE_PALM
    [Chunk 20]  66.7% complete (12/18 reactions)
[FVA] Starting optimization for reaction: EX_cobalt2_e_reverse
[FVA] Starting optimization for reaction: ASAD_reverse
[FVA] Starting optimization for reaction: DXPRIi
    [Chunk 46]  66.7% complete (12/18 reactions)
[FVA] Starting optimization for reaction: PAPPT3
[FVA] Starting optimization for reaction: EX_cu2_e
[FVA] Starting optimization for reaction: DXPS
[FVA] Starting optimization for reaction: PAPSR
[FVA] Starting optimization for reaction: DXYTST
[FVA] Starting optimization for reaction: ASNN
[FVA] Starting optimization for reaction: EX_cu2_e_reverse
[FVA] Starting optimization for reaction: ASNS1
[FVA] Starting optimization for reaction: PC11M
[FVA] Starting optimization for reaction: EX_cynt_e
    [Chunk 18]  88.9% complete (16/18 reactions)
[FVA] Starting optimization for reaction: E4PD
    [Chunk  9]  88.9% complete (16/18 reactions)
[FVA] Starting optimization for reaction: ASNTRS
[FVA] Starting optimization for reaction: PC17M_1
    [Chunk 20]  88.9% complete (16/18 reactions)
[FVA] Starting optimization for reaction: EX_cynt_e_reverse
[FVA] Starting optimization for reaction: EAR100y
[FVA] Starting optimization for reaction: ASP1DC
    [Chunk 46]  88.9% complete (16/18 reactions)
[FVA] Starting optimization for reaction: PC20M
[FVA] Starting optimization for reaction: EX_fe2_e
  [Chunk 18/61] ✓ Complete (18 reactions)
[FVA] Starting optimization for reaction: ZCAROTDH1
[FVA] Starting optimization for reaction: PC6AR_1
  [Chunk 20/61] ✓ Complete (18 reactions)
[FVA] Starting optimization for reaction: ICLIPAabcpp
[FVA] Starting optimization for reaction: ZCAROTDH2
  [Chunk 46/61] ✓ Complete (18 reactions)
[FVA] Starting optimization for reaction: UAG2E
  [Chunk  9/61] ✓ Complete (18 reactions)
[FVA] Starting optimization for reaction: EX_mg2_e_reverse
[FVA] Starting optimization for reaction: EX_mn2_e
[FVA] Starting optimization for reaction: IG3PS
[FVA] Starting optimization for reaction: ZISO
[FVA] Starting optimization for reaction: EX_mn2_e_reverse
[FVA] Starting optimization for reaction: UAG2E_reverse
[FVA] Starting optimization for reaction: IGPDH
[FVA] Starting optimization for reaction: ZNabcpp
[FVA] Starting optimization for reaction: EX_mobd_e
[FVA] Starting optimization for reaction: UAGAAT2
[FVA] Starting optimization for reaction: IGPS
[FVA] Starting optimization for reaction: ZNabcpp_reverse
    [Chunk 22]  22.2% complete (4/18 reactions)
[FVA] Starting optimization for reaction: EX_mobd_e_reverse
[FVA] Starting optimization for reaction: UAGCVT
    [Chunk 34]  22.2% complete (4/18 reactions)
[FVA] Starting optimization for reaction: ILETA
[FVA] Starting optimization for reaction: ZXANHX
    [Chunk 59]  22.2% complete (4/18 reactions)
[FVA] Starting optimization for reaction: UAGDP
[FVA] Starting optimization for reaction: Zn2tex
[FVA] Starting optimization for reaction: UAGPT3
[FVA] Starting optimization for reaction: EX_na1_e
[FVA] Starting optimization for reaction: ILETA_reverse
[FVA] Starting optimization for reaction: EX_na1_e_reverse
[FVA] Starting optimization for reaction: ILETRS
[FVA] Starting optimization for reaction: Zn2tex_reverse
[FVA] Starting optimization for reaction: EX_nh4_e
[FVA] Starting optimization for reaction: UAMAGS
[FVA] Starting optimization for reaction: IMPC
  [Chunk 61/61] ✓ Complete (8 reactions)
[FVA] Starting optimization for reaction: SPODM
    [Chunk 22]  44.4% complete (8/18 reactions)
[FVA] Starting optimization for reaction: EX_nh4_e_reverse
[FVA] Starting optimization for reaction: UAMAS
    [Chunk 34]  44.4% complete (8/18 reactions)
[FVA] Starting optimization for reaction: IMPC_reverse
[FVA] Starting optimization for reaction: SPP
[FVA] Starting optimization for reaction: EX_ni2_e
[FVA] Starting optimization for reaction: IMPD
    [Chunk 59]  44.4% complete (8/18 reactions)
[FVA] Starting optimization for reaction: UAPGR
[FVA] Starting optimization for reaction: SPR
[FVA] Starting optimization for reaction: UAPGR_reverse
[FVA] Starting optimization for reaction: EX_ni2_e_reverse
[FVA] Starting optimization for reaction: IPDDI
[FVA] Starting optimization for reaction: SPRMS
[FVA] Starting optimization for reaction: EX_no3_e
[FVA] Starting optimization for reaction: UDCPDP
[FVA] Starting optimization for reaction: IPDDI_reverse
    [Chunk 56]  22.2% complete (4/18 reactions)
[FVA] Starting optimization for reaction: SPS
    [Chunk 22]  66.7% complete (12/18 reactions)
[FVA] Starting optimization for reaction: EX_no3_e_reverse
[FVA] Starting optimization for reaction: UDCPDPS
    [Chunk 34]  66.7% complete (12/18 reactions)
[FVA] Starting optimization for reaction: IPDPS_syn
[FVA] Starting optimization for reaction: SPTc
[FVA] Starting optimization for reaction: EX_o2_e
[FVA] Starting optimization for reaction: IPMD
    [Chunk 59]  66.7% complete (12/18 reactions)
[FVA] Starting optimization for reaction: UDPG4E
[FVA] Starting optimization for reaction: SPTc_reverse
[FVA] Starting optimization for reaction: IPPMIa
[FVA] Starting optimization for reaction: UDPG4E_reverse
[FVA] Starting optimization for reaction: SQD1
[FVA] Starting optimization for reaction: UDPGD
[FVA] Starting optimization for reaction: EX_o2_e_reverse
[FVA] Starting optimization for reaction: EX_photon410_e
[FVA] Starting optimization for reaction: IPPMIa_reverse
    [Chunk 56]  44.4% complete (8/18 reactions)
[FVA] Starting optimization for reaction: SQDGS_HDE_PALM
    [Chunk 22]  88.9% complete (16/18 reactions)
[FVA] Starting optimization for reaction: EX_photon410_e_reverse
    [Chunk 34]  88.9% complete (16/18 reactions)
[FVA] Starting optimization for reaction: IPPMIb
[FVA] Starting optimization for reaction: UDPGLDC
[FVA] Starting optimization for reaction: SQDGS_PALM_PALM
[FVA] Starting optimization for reaction: EX_photon430_e
[FVA] Starting optimization for reaction: IPPMIb_reverse
    [Chunk 59]  88.9% complete (16/18 reactions)
[FVA] Starting optimization for reaction: UGMDDS
[FVA] Starting optimization for reaction: STACPSI
  [Chunk 22/61] ✓ Complete (18 reactions)
[FVA] Starting optimization for reaction: PRAIi
[FVA] Starting optimization for reaction: UHGADA2
  [Chunk 34/61] ✓ Complete (18 reactions)
[FVA] Starting optimization for reaction: EAR120y
[FVA] Starting optimization for reaction: STCHLPSIum
  [Chunk 59/61] ✓ Complete (18 reactions)
[FVA] Starting optimization for reaction: 3OAS160
    [Chunk 56]  66.7% complete (12/18 reactions)
[FVA] Starting optimization for reaction: SUCBZL
[FVA] Starting optimization for reaction: PRAMPC
[FVA] Starting optimization for reaction: EAR140y
[FVA] Starting optimization for reaction: PRASCSi
[FVA] Starting optimization for reaction: 3OAS180
[FVA] Starting optimization for reaction: EAR160y
[FVA] Starting optimization for reaction: SUCBZS
[FVA] Starting optimization for reaction: PRASCSi_reverse
[FVA] Starting optimization for reaction: 3OAS60
[FVA] Starting optimization for reaction: EAR180y
[FVA] Starting optimization for reaction: SUCDum
    [Chunk 52]  22.2% complete (4/18 reactions)
[FVA] Starting optimization for reaction: PRATPP
[FVA] Starting optimization for reaction: 3OAS80
    [Chunk 19]  22.2% complete (4/18 reactions)
[FVA] Starting optimization for reaction: EAR180y_reverse
[FVA] Starting optimization for reaction: SUCDum_reverse
    [Chunk  3]  22.2% complete (4/18 reactions)
[FVA] Starting optimization for reaction: 3PGtcx
[FVA] Starting optimization for reaction: EAR40y
    [Chunk 56]  88.9% complete (16/18 reactions)
[FVA] Starting optimization for reaction: SUCR
[FVA] Starting optimization for reaction: 4PCP
[FVA] Starting optimization for reaction: PRE3BS
[FVA] Starting optimization for reaction: PRFGS
[FVA] Starting optimization for reaction: SULR_2
[FVA] Starting optimization for reaction: EAR60y
[FVA] Starting optimization for reaction: PRMICI
[FVA] Starting optimization for reaction: 4PEPTabcpp
  [Chunk 56/61] ✓ Complete (18 reactions)
[FVA] Starting optimization for reaction: G5SD
[FVA] Starting optimization for reaction: EAR80y
    [Chunk 52]  44.4% complete (8/18 reactions)
[FVA] Starting optimization for reaction: PROAKGOX1
[FVA] Starting optimization for reaction: 5DOAN
[FVA] Starting optimization for reaction: G6PDA
    [Chunk 19]  44.4% complete (8/18 reactions)
[FVA] Starting optimization for reaction: EGMEACPR
[FVA] Starting optimization for reaction: PROTRS
    [Chunk  3]  44.4% complete (8/18 reactions)
[FVA] Starting optimization for reaction: A5PISO
[FVA] Starting optimization for reaction: G6PDH2r
[FVA] Starting optimization for reaction: EHGLAT
[FVA] Starting optimization for reaction: A5PISO_reverse
[FVA] Starting optimization for reaction: GALUi
[FVA] Starting optimization for reaction: EHGLAT_reverse
[FVA] Starting optimization for reaction: AACPS6
[FVA] Starting optimization for reaction: PRPPS
[FVA] Starting optimization for reaction: PRPPS_reverse
[FVA] Starting optimization for reaction: ENO
    [Chunk 52]  66.7% complete (12/18 reactions)
[FVA] Starting optimization for reaction: PRUK
    [Chunk 27]  22.2% complete (4/18 reactions)
[FVA] Starting optimization for reaction: GALUi_reverse
[FVA] Starting optimization for reaction: ACBIPGT
    [Chunk 19]  66.7% complete (12/18 reactions)
[FVA] Starting optimization for reaction: ENOPH
[FVA] Starting optimization for reaction: PSCVT
[FVA] Starting optimization for reaction: GAPD
    [Chunk  3]  66.7% complete (12/18 reactions)
[FVA] Starting optimization for reaction: ACCOAC
[FVA] Starting optimization for reaction: ENO_reverse
[FVA] Starting optimization for reaction: PSCVT_reverse
[FVA] Starting optimization for reaction: ACGAMK
[FVA] Starting optimization for reaction: GAPDi_nadp
[FVA] Starting optimization for reaction: EPMEACPR
[FVA] Starting optimization for reaction: ACGAMT
[FVA] Starting optimization for reaction: GARFT
[FVA] Starting optimization for reaction: EPXQR
[FVA] Starting optimization for reaction: ACGK
    [Chunk 27]  44.4% complete (8/18 reactions)
[FVA] Starting optimization for reaction: GART
[FVA] Starting optimization for reaction: PSERT
    [Chunk 52]  88.9% complete (16/18 reactions)
[FVA] Starting optimization for reaction: PSERT_reverse
    [Chunk 19]  88.9% complete (16/18 reactions)
[FVA] Starting optimization for reaction: ERTHMMOR
[FVA] Starting optimization for reaction: PSICRum
    [Chunk  3]  88.9% complete (16/18 reactions)
[FVA] Starting optimization for reaction: ACGS
[FVA] Starting optimization for reaction: GCALDDy
[FVA] Starting optimization for reaction: ETAPCPSII
[FVA] Starting optimization for reaction: ACHBSb
  [Chunk 52/61] ✓ Complete (18 reactions)
[FVA] Starting optimization for reaction: OANTILpp
[FVA] Starting optimization for reaction: GCATENEC
  [Chunk 19/61] ✓ Complete (18 reactions)
[FVA] Starting optimization for reaction: PNTK
  [Chunk  3/61] ✓ Complete (18 reactions)
[FVA] Starting optimization for reaction: PFOR
[FVA] Starting optimization for reaction: GCATENEC_reverse
[FVA] Starting optimization for reaction: PPA
[FVA] Starting optimization for reaction: PGAMT
    [Chunk 27]  66.7% complete (12/18 reactions)
[FVA] Starting optimization for reaction: GF6PTA
[FVA] Starting optimization for reaction: OANTIabcpp
[FVA] Starting optimization for reaction: GF6PTA_reverse
[FVA] Starting optimization for reaction: OANTS
[FVA] Starting optimization for reaction: OCBT
[FVA] Starting optimization for reaction: PPBNGS
[FVA] Starting optimization for reaction: PGAMT_reverse
    [Chunk 45]  22.2% complete (4/18 reactions)
[FVA] Starting optimization for reaction: OCBT_reverse
[FVA] Starting optimization for reaction: PPCDC
[FVA] Starting optimization for reaction: PGCD
[FVA] Starting optimization for reaction: GFUCS
[FVA] Starting optimization for reaction: OGMEACPD
    [Chunk 51]  22.2% complete (4/18 reactions)
[FVA] Starting optimization for reaction: PPK
    [Chunk 48]  22.2% complete (4/18 reactions)
[FVA] Starting optimization for reaction: PGCD_reverse
[FVA] Starting optimization for reaction: GGCLUT2
[FVA] Starting optimization for reaction: PPK2
[FVA] Starting optimization for reaction: PGI
[FVA] Starting optimization for reaction: PPK2_reverse
    [Chunk 27]  88.9% complete (16/18 reactions)
[FVA] Starting optimization for reaction: GGDPR
[FVA] Starting optimization for reaction: PGI_reverse
[FVA] Starting optimization for reaction: OGMEACPR
[FVA] Starting optimization for reaction: GHMT2r
[FVA] Starting optimization for reaction: OGMEACPS
    [Chunk 45]  44.4% complete (8/18 reactions)
[FVA] Starting optimization for reaction: OHPBAT
[FVA] Starting optimization for reaction: PPK_reverse
[FVA] Starting optimization for reaction: PGK
[FVA] Starting optimization for reaction: OHPBAT_reverse
    [Chunk 51]  44.4% complete (8/18 reactions)
[FVA] Starting optimization for reaction: PPNCL2
  [Chunk 27/61] ✓ Complete (18 reactions)
[FVA] Starting optimization for reaction: CTPS2
    [Chunk 48]  44.4% complete (8/18 reactions)
[FVA] Starting optimization for reaction: PGK_reverse
[FVA] Starting optimization for reaction: OMCDC
[FVA] Starting optimization for reaction: PPNCL3
[FVA] Starting optimization for reaction: CU2tex
[FVA] Starting optimization for reaction: PGL
[FVA] Starting optimization for reaction: PPND
[FVA] Starting optimization for reaction: CU2tex_reverse
[FVA] Starting optimization for reaction: PGLYCP
[FVA] Starting optimization for reaction: PPNDH
[FVA] Starting optimization for reaction: CUabcpp
[FVA] Starting optimization for reaction: PGM
[FVA] Starting optimization for reaction: OMPDC
    [Chunk 14]  22.2% complete (4/18 reactions)
[FVA] Starting optimization for reaction: CXANHX
    [Chunk 45]  66.7% complete (12/18 reactions)
[FVA] Starting optimization for reaction: OPAH
    [Chunk 51]  66.7% complete (12/18 reactions)
[FVA] Starting optimization for reaction: PPPGO2_1
[FVA] Starting optimization for reaction: OPMEACPD
    [Chunk 48]  66.7% complete (12/18 reactions)
[FVA] Starting optimization for reaction: PGMT
[FVA] Starting optimization for reaction: PPS
[FVA] Starting optimization for reaction: OPMEACPR
[FVA] Starting optimization for reaction: CYNL
[FVA] Starting optimization for reaction: PGMT_reverse
[FVA] Starting optimization for reaction: OPMEACPS
[FVA] Starting optimization for reaction: PQH2tcm
[FVA] Starting optimization for reaction: CYNTtabcpp
[FVA] Starting optimization for reaction: PGM_reverse
[FVA] Starting optimization for reaction: PQH2tum
[FVA] Starting optimization for reaction: CYNTtex
[FVA] Starting optimization for reaction: PGPP_OLE_PALM
    [Chunk 51]  88.9% complete (16/18 reactions)
[FVA] Starting optimization for reaction: PRAGSr
    [Chunk 14]  44.4% complete (8/18 reactions)
[FVA] Starting optimization for reaction: CYNTtex_reverse
    [Chunk 45]  88.9% complete (16/18 reactions)
[FVA] Starting optimization for reaction: ORNDC
[FVA] Starting optimization for reaction: CYOOum
[FVA] Starting optimization for reaction: ORNTA
    [Chunk 48]  88.9% complete (16/18 reactions)
[FVA] Starting optimization for reaction: PGPS_OLE_PALM
[FVA] Starting optimization for reaction: PRAIS
  [Chunk 45/61] ✓ Complete (18 reactions)
[FVA] Starting optimization for reaction: IPPS
[FVA] Starting optimization for reaction: PHEOASE
[FVA] Starting optimization for reaction: KARA1
  [Chunk 51/61] ✓ Complete (18 reactions)
[FVA] Starting optimization for reaction: GLYCLTDx_reverse
[FVA] Starting optimization for reaction: CYRDAAT
  [Chunk 48/61] ✓ Complete (18 reactions)
[FVA] Starting optimization for reaction: ADK1
[FVA] Starting optimization for reaction: GLYCOX1
[FVA] Starting optimization for reaction: KARA1_reverse
[FVA] Starting optimization for reaction: CYRDAR
[FVA] Starting optimization for reaction: ADK1_reverse
[FVA] Starting optimization for reaction: GLYCOX2
[FVA] Starting optimization for reaction: ADMDC
    [Chunk 14]  66.7% complete (12/18 reactions)
[FVA] Starting optimization for reaction: CYRDAR_reverse
[FVA] Starting optimization for reaction: GLYDHDA
[FVA] Starting optimization for reaction: CYSDES
[FVA] Starting optimization for reaction: KARI_1
[FVA] Starting optimization for reaction: CYSS_2
    [Chunk 35]  22.2% complete (4/18 reactions)
[FVA] Starting optimization for reaction: KARI_23dhmp_1
[FVA] Starting optimization for reaction: ADNK1
    [Chunk 30]  22.2% complete (4/18 reactions)
[FVA] Starting optimization for reaction: GLYDHDA_reverse
[FVA] Starting optimization for reaction: KAS14
    [Chunk  5]  22.2% complete (4/18 reactions)
[FVA] Starting optimization for reaction: ADOCBLS
[FVA] Starting optimization for reaction: KAS15
[FVA] Starting optimization for reaction: GLYOX
[FVA] Starting optimization for reaction: CYSTRS
[FVA] Starting optimization for reaction: ADPGLC
[FVA] Starting optimization for reaction: KDOCT2
[FVA] Starting optimization for reaction: GLYOX_1
    [Chunk 14]  88.9% complete (16/18 reactions)
[FVA] Starting optimization for reaction: CYTBD4cm
[FVA] Starting optimization for reaction: ADPT
[FVA] Starting optimization for reaction: GLYOX_1_reverse
[FVA] Starting optimization for reaction: CYTBD4um
[FVA] Starting optimization for reaction: ADPT_reverse
    [Chunk 30]  44.4% complete (8/18 reactions)
[FVA] Starting optimization for reaction: GLYTRS
  [Chunk 14/61] ✓ Complete (18 reactions)
[FVA] Starting optimization for reaction: EX_fe2_e_reverse
    [Chunk 35]  44.4% complete (8/18 reactions)
[FVA] Starting optimization for reaction: KDOPP
[FVA] Starting optimization for reaction: EX_fe3_e
[FVA] Starting optimization for reaction: KDOPS
    [Chunk  5]  44.4% complete (8/18 reactions)
[FVA] Starting optimization for reaction: ADSK
[FVA] Starting optimization for reaction: GMAND
[FVA] Starting optimization for reaction: Kabcpp
[FVA] Starting optimization for reaction: ADSL1r
[FVA] Starting optimization for reaction: GMPS2
[FVA] Starting optimization for reaction: Ktex
[FVA] Starting optimization for reaction: EX_fe3_e_reverse
[FVA] Starting optimization for reaction: ADSL2r
[FVA] Starting optimization for reaction: GMPS2_reverse
[FVA] Starting optimization for reaction: EX_gln__L_e
[FVA] Starting optimization for reaction: ADSL2r_reverse
    [Chunk 30]  66.7% complete (12/18 reactions)
[FVA] Starting optimization for reaction: GND
    [Chunk 21]  22.2% complete (4/18 reactions)
[FVA] Starting optimization for reaction: EX_gln__L_e_reverse
    [Chunk  5]  66.7% complete (12/18 reactions)
[FVA] Starting optimization for reaction: ADSS
[FVA] Starting optimization for reaction: GRTT
    [Chunk 35]  66.7% complete (12/18 reactions)
[FVA] Starting optimization for reaction: Ktex_reverse
[FVA] Starting optimization for reaction: EX_h2o_e
[FVA] Starting optimization for reaction: Ktu
[FVA] Starting optimization for reaction: EX_h2o_e_reverse
[FVA] Starting optimization for reaction: Ktu_reverse
[FVA] Starting optimization for reaction: AFAT
[FVA] Starting optimization for reaction: GTHOr
[FVA] Starting optimization for reaction: LADGMDH
[FVA] Starting optimization for reaction: AGDC
[FVA] Starting optimization for reaction: GTHOr_reverse
    [Chunk 35]  88.9% complete (16/18 reactions)
[FVA] Starting optimization for reaction: LALGP
[FVA] Starting optimization for reaction: EX_h_e
[FVA] Starting optimization for reaction: AGDI_1
    [Chunk 30]  88.9% complete (16/18 reactions)
[FVA] Starting optimization for reaction: GTHPi
    [Chunk 21]  44.4% complete (8/18 reactions)
[FVA] Starting optimization for reaction: EX_h_e_reverse
    [Chunk  5]  88.9% complete (16/18 reactions)
[FVA] Starting optimization for reaction: AGM3PApp
[FVA] Starting optimization for reaction: GTHRDH_syn
[FVA] Starting optimization for reaction: AGM3PH
[FVA] Starting optimization for reaction: LDAPAT
  ERROR MIN: EX_h_e_reverse not found in df_min flux rows
[FVA] Starting optimization for reaction: EX_hco3_e
[FVA] Starting optimization for reaction: EX_hco3_e_reverse
[FVA] Starting optimization for reaction: EX_k_e
    [Chunk 21]  66.7% complete (12/18 reactions)
[FVA] Starting optimization for reaction: EX_k_e_reverse
[FVA] Starting optimization for reaction: EX_leu__L_e
[FVA] Starting optimization for reaction: EX_leu__L_e_reverse
[FVA] Starting optimization for reaction: EX_meoh_e
    [Chunk 21]  88.9% complete (16/18 reactions)
[FVA] Starting optimization for reaction: EX_meoh_e_reverse
[FVA] Starting optimization for reaction: EX_mg2_e
  [Chunk 21/61] ✓ Complete (18 reactions)
  [Chunk 30/61] ✓ Complete (18 reactions)
  [Chunk  5/61] ✓ Complete (18 reactions)
  [Chunk 35/61] ✓ Complete (18 reactions)
  Dask dashboard: http://127.0.0.1:40991/status

  ✓ FVA Complete: 1088 reactions processed
    - Successful: 1080
    - Failed: 8
    - Success rate: 99.3%
    - Execution time: 9.2 minutes (549.2 seconds)
    - Average time per reaction: 0.51 seconds

  FVA results saved to: /project/6000502/ranaab/kinGEMs_v2/results/tuning_results/BiGG_models/iJB785_20260219_9697/iJB785_pre_tuning_fva_results.csv
  kinGEMs FVA completed: 1088 reactions analyzed
  Running COBRApy FVA for comparison...
 Using irreversible model for cobrapy FVA
  COBRApy FVA completed: 1088 reactions analyzed and results saved to /project/6000502/ranaab/kinGEMs_v2/results/tuning_results/BiGG_models/iJB785_20260219_9697/iJB785_pre_tuning_cobra_fva_results.csv
  Generating FVA plots...
  Saved FVA flux range plot to: /project/6000502/ranaab/kinGEMs_v2/results/tuning_results/BiGG_models/iJB785_20260219_9697/iJB785_pre_tuning_fva_flux_range_plot.png

FVi at cumulative probability = 0.5:
  kinGEMs FVA: 0.8430
  COBRApy FVA: 1.3871
  Saved FVA cumulative plot to: /project/6000502/ranaab/kinGEMs_v2/results/tuning_results/BiGG_models/iJB785_20260219_9697/iJB785_pre_tuning_fva_cumulative_plot.png

=== Step 6: Running Flux Variability Analysis ===
  Using parallel FVA with 4 workers...
  Parallel FVA configuration:
    Method: dask
    Workers: 4
    Reactions: 1088
    Chunk size: 18
    Number of chunks: 61
    Estimated memory: ~0.3 GB

  Running baseline optimization...

Completed at: Thu Feb 19 09:27:18 PST 2026
