Starting kinGEMs pipeline for iJB785
Config: configs/BiGG_models/iJB785.json
Starting run at: Tue Mar 10 09:35:08 PDT 2026

Restricted license - for non-production use only - expires 2026-11-23
Loading configuration from: configs/BiGG_models/iJB785.json

======================================================================
=== kinGEMs Pipeline for iJB785 ===
======================================================================
Run ID: iJB785_20260310_4493
Model type: Standard
Organism: Synechococcus
Results directory: /project/6000502/ranaab/kinGEMs_v2/results/tuning_results/BiGG_models/iJB785_20260310_4493
======================================================================
=== kinGEMs Pipeline for iJB785 ===
Run ID: iJB785_20260310_4493
Model type: Standard
Organism: Synechococcus
Results directory: /project/6000502/ranaab/kinGEMs_v2/results/tuning_results/BiGG_models/iJB785_20260310_4493
Solver: glpk
Biomass reaction: BIOMASS__1
Baseline growth: 0.0539
=== Step 1: Preparing model data ===
  Found existing files, loading cached data
Warning: Model has 8 validation errors
  Model: 785 genes, 1088 reactions
=== Step 2: Merging substrate and sequence data ===
  Merged data: 3895 rows
=== Step 3: Processing CPI-Pred kcat values ===
  Processed data: 3707 rows
  Data preparation (steps 1-3) took 7.7s
=== Step 4: Running optimization ===
  COBRApy biomass: 0.0539
  kinGEMs biomass: 0.0539
  Optimization (step 4) took 0.4s
=== Step 5: Running simulated annealing ===

  Annealing complete! Initial: 0.0539, Final: 0.0539, Improvement: 0.0%
  Simulated annealing (step 5) took 0.4s
  Saved tuned dataframe: /project/6000502/ranaab/kinGEMs_v2/results/tuning_results/BiGG_models/iJB785_20260310_4493/df_new.csv
  Generating kcat comparison plot...
  Saved kcat comparison plot to: /project/6000502/ranaab/kinGEMs_v2/results/tuning_results/BiGG_models/iJB785_20260310_4493/kcat_comparison_initial_vs_tuned.png
  Saved kcat comparison plot: /project/6000502/ranaab/kinGEMs_v2/results/tuning_results/BiGG_models/iJB785_20260310_4493/kcat_comparison_initial_vs_tuned.png
  Generating per-subsystem kcat comparison plot...
  Saved kcat subsystem comparison plot to: /project/6000502/ranaab/kinGEMs_v2/results/tuning_results/BiGG_models/iJB785_20260310_4493/kcat_comparison_by_subsystem.png
  Saved per-subsystem kcat comparison plot: /project/6000502/ranaab/kinGEMs_v2/results/tuning_results/BiGG_models/iJB785_20260310_4493/kcat_comparison_by_subsystem.png
=== Pipeline core complete ===

=== Step 7: Saving final model ===
  Final GEM saved to: /project/6000502/ranaab/kinGEMs_v2/models/BiGG_models/iJB785_20260310_4493.xml
  Configuration summary saved to: /project/6000502/ranaab/kinGEMs_v2/results/tuning_results/BiGG_models/iJB785_20260310_4493/model_config_summary.json

======================================================================
=== Pipeline Complete ===
======================================================================
Run ID: iJB785_20260310_4493
Model: iJB785 (Standard)
Initial biomass (enzyme-constrained): 0.0539
Post-annealing biomass: 0.0539
Annealing improvement: 0.0%
Annealing iterations: 1

Results directory: /project/6000502/ranaab/kinGEMs_v2/results/tuning_results/BiGG_models/iJB785_20260310_4493
Final model: /project/6000502/ranaab/kinGEMs_v2/models/BiGG_models/iJB785_20260310_4493.xml
======================================================================

Completed at: Tue Mar 10 09:35:32 PDT 2026
  Patched SLURM metrics into results/tuning_results/BiGG_models/iJB785_20260310_4493/model_config_summary.json
