Starting kinGEMs pipeline for iJN746
Config: configs/BiGG_models/iJN746.json
Time: Thu Feb 19 09:17:41 PST 2026

Restricted license - for non-production use only - expires 2026-11-23
Loading configuration from: configs/BiGG_models/iJN746.json

======================================================================
=== kinGEMs Pipeline for iJN746 ===
======================================================================
Run ID: iJN746_20260219_8064
Model type: Standard
Organism: Pseudomonas
Results directory: /project/6000502/ranaab/kinGEMs_v2/results/tuning_results/BiGG_models/iJN746_20260219_8064
======================================================================
=== kinGEMs Pipeline for iJN746 ===
Run ID: iJN746_20260219_8064
Model type: Standard
Organism: Pseudomonas
Results directory: /project/6000502/ranaab/kinGEMs_v2/results/tuning_results/BiGG_models/iJN746_20260219_8064
Solver: glpk
Biomass reaction: BIOMASS_KT_TEMP
Baseline growth: 1.4000
=== Step 1: Preparing model data ===
  Found existing files, loading cached data
Warning: Model has 8 validation errors
  Model: 746 genes, 1491 reactions
=== Step 2: Merging substrate and sequence data ===
  Merged data: 4214 rows
=== Step 3: Processing CPI-Pred kcat values ===
  Found predictions file: X06A_kinGEMs_iJN746_predictions.csv
  Processed data: 4171 rows
=== Step 4: Running optimization ===
  COBRApy biomass: 1.4000

Completed at: Thu Feb 19 09:18:02 PST 2026
