Starting kinGEMs pipeline for iMM1415
Config: configs/BiGG_models/iMM1415.json
Starting run at: Tue Mar 10 09:42:02 PDT 2026

Restricted license - for non-production use only - expires 2026-11-23
Loading configuration from: configs/BiGG_models/iMM1415.json

======================================================================
=== kinGEMs Pipeline for iMM1415 ===
======================================================================
Run ID: iMM1415_20260310_7464
Model type: Standard
Organism: Mouse
Results directory: /project/6000502/ranaab/kinGEMs_v2/results/tuning_results/BiGG_models/iMM1415_20260310_7464
======================================================================
=== kinGEMs Pipeline for iMM1415 ===
Run ID: iMM1415_20260310_7464
Model type: Standard
Organism: Mouse
Results directory: /project/6000502/ranaab/kinGEMs_v2/results/tuning_results/BiGG_models/iMM1415_20260310_7464
Solver: glpk

Completed at: Tue Mar 10 09:42:23 PDT 2026
