2026-03-10 09:42:06.490 | INFO     | kinGEMs.config:<module>:12 - PROJ_ROOT path is: /project/6000502/ranaab/kinGEMs_v2
Traceback (most recent call last):
  File "/project/6000502/ranaab/kinGEMs_v2/scripts/run_pipeline.py", line 1391, in <module>
    main()
  File "/project/6000502/ranaab/kinGEMs_v2/scripts/run_pipeline.py", line 1155, in main
    pipeline_results = run_pipeline_core(
                       ^^^^^^^^^^^^^^^^^^
  File "/project/6000502/ranaab/kinGEMs_v2/scripts/run_pipeline.py", line 398, in run_pipeline_core
    model, substrate_df, sequences_df = prepare_model_data(
                                        ^^^^^^^^^^^^^^^^^^^
  File "/project/6000502/ranaab/kinGEMs_v2/kinGEMs/dataset.py", line 841, in prepare_model_data
    irrev_model = convert_to_irreversible(model)
                  ^^^^^^^^^^^^^^^^^^^^^^^^^^^^^^
  File "/project/6000502/ranaab/kinGEMs_v2/kinGEMs/dataset.py", line 156, in convert_to_irreversible
    reverse_reaction.upper_bound = -reaction.lower_bound
    ^^^^^^^^^^^^^^^^^^^^^^^^^^^^
  File "/project/6000502/ranaab/kinGEMs_v2/venv/lib/python3.11/site-packages/cobra/util/context.py", line 111, in wrapper
    func(self, new_value)
  File "/project/6000502/ranaab/kinGEMs_v2/venv/lib/python3.11/site-packages/cobra/core/reaction.py", line 411, in upper_bound
    self._check_bounds(self._lower_bound, value)
  File "/project/6000502/ranaab/kinGEMs_v2/venv/lib/python3.11/site-packages/cobra/core/reaction.py", line 293, in _check_bounds
    raise ValueError(
ValueError: The lower bound must be less than or equal to the upper bound (0 <= -0.83).
