Starting kinGEMs pipeline for iNJ661
Config: configs/BiGG_models/iNJ661.json
Starting run at: Tue Mar 10 09:42:02 PDT 2026

Restricted license - for non-production use only - expires 2026-11-23
Loading configuration from: configs/BiGG_models/iNJ661.json

======================================================================
=== kinGEMs Pipeline for iNJ661 ===
======================================================================
Run ID: iNJ661_20260310_9133
Model type: Standard
Organism: M tuberculosis
Results directory: /project/6000502/ranaab/kinGEMs_v2/results/tuning_results/BiGG_models/iNJ661_20260310_9133
======================================================================
=== kinGEMs Pipeline for iNJ661 ===
Run ID: iNJ661_20260310_9133
Model type: Standard
Organism: M tuberculosis
Results directory: /project/6000502/ranaab/kinGEMs_v2/results/tuning_results/BiGG_models/iNJ661_20260310_9133
Solver: glpk
Biomass reaction: BIOMASS_Mtb_9_60atp
Baseline growth: 0.0525
=== Step 1: Preparing model data ===
  Found existing files, loading cached data
Warning: Model has 8 validation errors
  Model: 661 genes, 1366 reactions
=== Step 2: Merging substrate and sequence data ===
  Merged data: 4476 rows
=== Step 3: Processing CPI-Pred kcat values ===
  Processed data: 4346 rows
  Data preparation (steps 1-3) took 10.7s
=== Step 4: Running optimization ===
  COBRApy biomass: 0.0525
  kinGEMs biomass: 0.0525
  Optimization (step 4) took 0.6s
=== Step 5: Running simulated annealing ===

  Annealing complete! Initial: 0.0525, Final: 0.0525, Improvement: 0.0%
  Simulated annealing (step 5) took 1.2s
  Saved tuned dataframe: /project/6000502/ranaab/kinGEMs_v2/results/tuning_results/BiGG_models/iNJ661_20260310_9133/df_new.csv
  Generating kcat comparison plot...
  Saved kcat comparison plot to: /project/6000502/ranaab/kinGEMs_v2/results/tuning_results/BiGG_models/iNJ661_20260310_9133/kcat_comparison_initial_vs_tuned.png
  Saved kcat comparison plot: /project/6000502/ranaab/kinGEMs_v2/results/tuning_results/BiGG_models/iNJ661_20260310_9133/kcat_comparison_initial_vs_tuned.png
  Generating per-subsystem kcat comparison plot...
  Saved kcat subsystem comparison plot to: /project/6000502/ranaab/kinGEMs_v2/results/tuning_results/BiGG_models/iNJ661_20260310_9133/kcat_comparison_by_subsystem.png
  Saved per-subsystem kcat comparison plot: /project/6000502/ranaab/kinGEMs_v2/results/tuning_results/BiGG_models/iNJ661_20260310_9133/kcat_comparison_by_subsystem.png
=== Pipeline core complete ===

=== Step 7: Saving final model ===
  Final GEM saved to: /project/6000502/ranaab/kinGEMs_v2/models/BiGG_models/iNJ661_20260310_9133.xml
  Configuration summary saved to: /project/6000502/ranaab/kinGEMs_v2/results/tuning_results/BiGG_models/iNJ661_20260310_9133/model_config_summary.json

======================================================================
=== Pipeline Complete ===
======================================================================
Run ID: iNJ661_20260310_9133
Model: iNJ661 (Standard)
Initial biomass (enzyme-constrained): 0.0525
Post-annealing biomass: 0.0525
Annealing improvement: 0.0%
Annealing iterations: 1

Results directory: /project/6000502/ranaab/kinGEMs_v2/results/tuning_results/BiGG_models/iNJ661_20260310_9133
Final model: /project/6000502/ranaab/kinGEMs_v2/models/BiGG_models/iNJ661_20260310_9133.xml
======================================================================

Completed at: Tue Mar 10 09:43:34 PDT 2026
  Patched SLURM metrics into results/tuning_results/BiGG_models/iNJ661_20260310_9133/model_config_summary.json
