2026-02-19 09:21:11.990 | INFO     | kinGEMs.config:<module>:12 - PROJ_ROOT path is: /project/6000502/ranaab/kinGEMs_v2
2026-02-19 09:21:31.631 | INFO     | kinGEMs.config:<module>:12 - PROJ_ROOT path is: /project/6000502/ranaab/kinGEMs_v2
2026-02-19 09:21:31.645 | INFO     | kinGEMs.config:<module>:12 - PROJ_ROOT path is: /project/6000502/ranaab/kinGEMs_v2
2026-02-19 09:21:31.724 | INFO     | kinGEMs.config:<module>:12 - PROJ_ROOT path is: /project/6000502/ranaab/kinGEMs_v2
2026-02-19 09:21:31.829 | INFO     | kinGEMs.config:<module>:12 - PROJ_ROOT path is: /project/6000502/ranaab/kinGEMs_v2
Traceback (most recent call last):
  File "/project/6000502/ranaab/kinGEMs_v2/scripts/run_pipeline.py", line 1098, in <module>
    main()
  File "/project/6000502/ranaab/kinGEMs_v2/scripts/run_pipeline.py", line 896, in main
    pipeline_results = run_pipeline_core(
                       ^^^^^^^^^^^^^^^^^^
  File "/project/6000502/ranaab/kinGEMs_v2/scripts/run_pipeline.py", line 666, in run_pipeline_core
    run_fva_analysis(fva_model, df_new, biomass_reaction, enzyme_upper_bound,
  File "/project/6000502/ranaab/kinGEMs_v2/scripts/run_pipeline.py", line 707, in run_fva_analysis
    fva_results, _, _ = flux_variability_analysis_parallel(
                        ^^^^^^^^^^^^^^^^^^^^^^^^^^^^^^^^^^^
  File "/project/6000502/ranaab/kinGEMs_v2/kinGEMs/modeling/fva.py", line 918, in flux_variability_analysis_parallel
    return flux_variability_analysis_parallel_chunked(
           ^^^^^^^^^^^^^^^^^^^^^^^^^^^^^^^^^^^^^^^^^^^
  File "/project/6000502/ranaab/kinGEMs_v2/kinGEMs/modeling/fva.py", line 700, in flux_variability_analysis_parallel_chunked
    sol_biomass, df_FBA, _, _ = run_optimization_with_dataframe(
                                ^^^^^^^^^^^^^^^^^^^^^^^^^^^^^^^^
  File "/project/6000502/ranaab/kinGEMs_v2/kinGEMs/modeling/optimize.py", line 925, in run_optimization_with_dataframe
    sample_data = diff_rows.sample(n=3)
                  ^^^^^^^^^^^^^^^^^^^^^
  File "/project/6000502/ranaab/kinGEMs_v2/venv/lib/python3.11/site-packages/pandas/core/generic.py", line 6118, in sample
    sampled_indices = sample.sample(obj_len, size, replace, weights, rs)
                      ^^^^^^^^^^^^^^^^^^^^^^^^^^^^^^^^^^^^^^^^^^^^^^^^^^
  File "/project/6000502/ranaab/kinGEMs_v2/venv/lib/python3.11/site-packages/pandas/core/sample.py", line 152, in sample
    return random_state.choice(obj_len, size=size, replace=replace, p=weights).astype(
           ^^^^^^^^^^^^^^^^^^^^^^^^^^^^^^^^^^^^^^^^^^^^^^^^^^^^^^^^^^^^^^^^^^^
  File "numpy/random/mtrand.pyx", line 945, in numpy.random.mtrand.RandomState.choice
ValueError: a must be greater than 0 unless no samples are taken
