Starting kinGEMs pipeline for iNJ661
Config: configs/BiGG_models/iNJ661.json
Time: Thu Feb 19 09:21:09 PST 2026

Restricted license - for non-production use only - expires 2026-11-23
Loading configuration from: configs/BiGG_models/iNJ661.json

======================================================================
=== kinGEMs Pipeline for iNJ661 ===
======================================================================
Run ID: iNJ661_20260219_5139
Model type: Standard
Organism: M tuberculosis
Results directory: /project/6000502/ranaab/kinGEMs_v2/results/tuning_results/BiGG_models/iNJ661_20260219_5139
======================================================================
=== kinGEMs Pipeline for iNJ661 ===
Run ID: iNJ661_20260219_5139
Model type: Standard
Organism: M tuberculosis
Results directory: /project/6000502/ranaab/kinGEMs_v2/results/tuning_results/BiGG_models/iNJ661_20260219_5139
Solver: glpk
Biomass reaction: BIOMASS_Mtb_9_60atp
Baseline growth: 0.0525
=== Step 1: Preparing model data ===
  Found existing files, loading cached data
Warning: Model has 8 validation errors
  Model: 661 genes, 1366 reactions
=== Step 2: Merging substrate and sequence data ===
  Merged data: 4476 rows
=== Step 3: Processing CPI-Pred kcat values ===
  Found predictions file: X06A_kinGEMs_iNJ661_predictions.csv
  Processed data: 4346 rows
=== Step 4: Running optimization ===
  COBRApy biomass: 0.0525
  kinGEMs biomass: 0.0525
=== Step 5: Running simulated annealing ===

  Annealing complete! Initial: 0.0525, Final: 0.0525, Improvement: 0.0%
  Saved tuned dataframe: /project/6000502/ranaab/kinGEMs_v2/results/tuning_results/BiGG_models/iNJ661_20260219_5139/df_new.csv
  Generating kcat comparison plot...
  Saved kcat comparison plot to: /project/6000502/ranaab/kinGEMs_v2/results/tuning_results/BiGG_models/iNJ661_20260219_5139/kcat_comparison_initial_vs_tuned.png
  Saved kcat comparison plot: /project/6000502/ranaab/kinGEMs_v2/results/tuning_results/BiGG_models/iNJ661_20260219_5139/kcat_comparison_initial_vs_tuned.png
=== Step 6: Running Flux Variability Analysis ===
  Running COBRApy FVA (opt_ratio=0.9)...
  Saved COBRApy FVA: /project/6000502/ranaab/kinGEMs_v2/results/tuning_results/BiGG_models/iNJ661_20260219_5139/iNJ661_cobra_fva_results.csv

=== Step 6: Running Flux Variability Analysis ===
  Using parallel FVA with 4 workers...
  Parallel FVA configuration:
    Method: dask
    Workers: 4
    Reactions: 1366
    Chunk size: 22
    Number of chunks: 63
    Estimated memory: ~0.4 GB

  Running baseline optimization...
  [KCAT DEBUG] Sample kcat values:
    THDPS_Rv1201c: kcat=1.835e+00
    THDPS_Rv1201c: kcat=4.359e+00
    NADTRHD_copy1_Rv2713: kcat=5.418e+00
GLPSOL--GLPK LP/MIP Solver 5.0
Parameter(s) specified in the command line:
 --tmlim 300 --write /tmp/tmp7k3oi1_b.glpk.raw --wglp /tmp/tmp77qgu18w.glpk.glp
 --cpxlp /tmp/tmpsmgfyz6w.pyomo.lp
Reading problem data from '/tmp/tmpsmgfyz6w.pyomo.lp'...
2557 rows, 2028 columns, 10853 non-zeros
20562 lines were read
Writing problem data to '/tmp/tmp77qgu18w.glpk.glp'...
18541 lines were written
GLPK Simplex Optimizer 5.0
2557 rows, 2028 columns, 10853 non-zeros
Preprocessing...
2181 rows, 1721 columns, 9405 non-zeros
Scaling...
 A: min|aij| =  1.640e-08  max|aij| =  6.096e+07  ratio =  3.716e+15
GM: min|aij| =  4.576e-02  max|aij| =  2.185e+01  ratio =  4.776e+02
EQ: min|aij| =  2.094e-03  max|aij| =  1.000e+00  ratio =  4.776e+02
Constructing initial basis...
Size of triangular part is 2065
*     0: obj =  -0.000000000e+00 inf =   0.000e+00 (1)
Perturbing LP to avoid stalling [238]...
Removing LP perturbation [866]...
*   866: obj =   5.254980101e-02 inf =   2.241e-16 (0) 7
OPTIMAL LP SOLUTION FOUND
Time used:   0.0 secs
Memory used: 3.8 Mb (3966539 bytes)
Writing basic solution to '/tmp/tmp7k3oi1_b.glpk.raw'...
4594 lines were written
  Optimal biomass: 0.052550
  Biomass constraint: 0.047295 ≤ biomass ≤ 0.052550 (opt_ratio=0.9)

  Starting parallel FVA with 63 chunks...
  FVA will analyze 1366 reactions independently
  Progress will be shown by chunk completion...
Restricted license - for non-production use only - expires 2026-11-23
Restricted license - for non-production use only - expires 2026-11-23
Restricted license - for non-production use only - expires 2026-11-23
Restricted license - for non-production use only - expires 2026-11-23
Writing problem data to '/tmp/tmpd85w3mu2.glpk'...
Writing problem data to '/tmp/tmpifqgbfg4.glpk'...
18083 lines were written
18083 lines were written
Writing problem data to '/tmp/tmpe0hon9o6.glpk'...
18083 lines were written
Writing problem data to '/tmp/tmpmk87u3qm.glpk'...
18083 lines were written
[FVA] Starting optimization for reaction: EX_asn__L_e
[FVA] Starting optimization for reaction: GLXO1
[FVA] Starting optimization for reaction: ARGSL
[FVA] Starting optimization for reaction: AMPTASECG
[FVA] Starting optimization for reaction: GLYBabc
[FVA] Starting optimization for reaction: EX_asn__L_e_reverse
[FVA] Starting optimization for reaction: ARGSL_reverse
[FVA] Starting optimization for reaction: ANPRT
[FVA] Starting optimization for reaction: GLYC3Pabc
[FVA] Starting optimization for reaction: ARGSS
[FVA] Starting optimization for reaction: EX_asp__L_e
[FVA] Starting optimization for reaction: ANS
[FVA] Starting optimization for reaction: GLYCK
[FVA] Starting optimization for reaction: ARGt5r
[FVA] Starting optimization for reaction: AOXSr
[FVA] Starting optimization for reaction: EX_asp__L_e_reverse
[FVA] Starting optimization for reaction: GLYCL
[FVA] Starting optimization for reaction: ARGt5r_reverse
[FVA] Starting optimization for reaction: AOXSr_reverse
[FVA] Starting optimization for reaction: EX_atp_e
    [Chunk 32]  22.7% complete (5/22 reactions)
[FVA] Starting optimization for reaction: GLYCTO1
    [Chunk  7]  22.7% complete (5/22 reactions)
[FVA] Starting optimization for reaction: ARI
    [Chunk 17]  22.7% complete (5/22 reactions)
[FVA] Starting optimization for reaction: EX_atp_e_reverse
    [Chunk  6]  22.7% complete (5/22 reactions)
[FVA] Starting optimization for reaction: APATr
[FVA] Starting optimization for reaction: ARI_reverse
[FVA] Starting optimization for reaction: GLYCTO2
[FVA] Starting optimization for reaction: APATr_reverse
[FVA] Starting optimization for reaction: EX_bmn_e
[FVA] Starting optimization for reaction: ASAD
[FVA] Starting optimization for reaction: GLYCTO3
[FVA] Starting optimization for reaction: APRAUR
[FVA] Starting optimization for reaction: EX_bmn_e_reverse
[FVA] Starting optimization for reaction: ASAD_reverse
[FVA] Starting optimization for reaction: GLYCTO4
[FVA] Starting optimization for reaction: ARABDI
[FVA] Starting optimization for reaction: EX_ca2_e
[FVA] Starting optimization for reaction: ASNN
[FVA] Starting optimization for reaction: GLYCt
[FVA] Starting optimization for reaction: ARABDI_reverse
[FVA] Starting optimization for reaction: EX_ca2_e_reverse
    [Chunk  7]  45.5% complete (10/22 reactions)
[FVA] Starting optimization for reaction: ASNS1
    [Chunk 32]  45.5% complete (10/22 reactions)
[FVA] Starting optimization for reaction: GLYCt_reverse
    [Chunk  6]  45.5% complete (10/22 reactions)
[FVA] Starting optimization for reaction: ARABF
    [Chunk 17]  45.5% complete (10/22 reactions)
[FVA] Starting optimization for reaction: EX_chol_e
[FVA] Starting optimization for reaction: ASNt2r
[FVA] Starting optimization for reaction: GLYK
[FVA] Starting optimization for reaction: ARACHTA
[FVA] Starting optimization for reaction: EX_chol_e_reverse
[FVA] Starting optimization for reaction: ASNt2r_reverse
[FVA] Starting optimization for reaction: EX_cit_e
[FVA] Starting optimization for reaction: ARACHTA_reverse
[FVA] Starting optimization for reaction: GLYt2r
[FVA] Starting optimization for reaction: ASP1DC
[FVA] Starting optimization for reaction: GLYt2r_reverse
[FVA] Starting optimization for reaction: EX_cit_e_reverse
[FVA] Starting optimization for reaction: ARAI
[FVA] Starting optimization for reaction: ASPCT
[FVA] Starting optimization for reaction: GMAND
[FVA] Starting optimization for reaction: EX_cl_e
[FVA] Starting optimization for reaction: ARAI_reverse
    [Chunk  7]  68.2% complete (15/22 reactions)
[FVA] Starting optimization for reaction: ASPK
    [Chunk 32]  68.2% complete (15/22 reactions)
[FVA] Starting optimization for reaction: GMPS2
    [Chunk 17]  68.2% complete (15/22 reactions)
[FVA] Starting optimization for reaction: EX_cl_e_reverse
    [Chunk  6]  68.2% complete (15/22 reactions)
[FVA] Starting optimization for reaction: ARB_Dabc
[FVA] Starting optimization for reaction: ASPK_reverse
[FVA] Starting optimization for reaction: GMT1
[FVA] Starting optimization for reaction: EX_co2_e
[FVA] Starting optimization for reaction: ARBabc
[FVA] Starting optimization for reaction: ASPO1
[FVA] Starting optimization for reaction: ARBt2r
[FVA] Starting optimization for reaction: GMT2
[FVA] Starting optimization for reaction: EX_co2_e_reverse
[FVA] Starting optimization for reaction: ASPO5
[FVA] Starting optimization for reaction: ARBt2r_reverse
[FVA] Starting optimization for reaction: GND
[FVA] Starting optimization for reaction: EX_co_e
[FVA] Starting optimization for reaction: ASPTA
[FVA] Starting optimization for reaction: ARGDC
[FVA] Starting optimization for reaction: GPDDA2
[FVA] Starting optimization for reaction: EX_co_e_reverse
    [Chunk  7]  90.9% complete (20/22 reactions)
[FVA] Starting optimization for reaction: ASPTA_reverse
    [Chunk 32]  90.9% complete (20/22 reactions)
[FVA] Starting optimization for reaction: GRTT
    [Chunk  6]  90.9% complete (20/22 reactions)
[FVA] Starting optimization for reaction: ARGDr
    [Chunk 17]  90.9% complete (20/22 reactions)
[FVA] Starting optimization for reaction: EX_coa_e
[FVA] Starting optimization for reaction: ASPt2r
[FVA] Starting optimization for reaction: GSNK
[FVA] Starting optimization for reaction: EX_coa_e_reverse
[FVA] Starting optimization for reaction: ARGDr_reverse
  [Chunk  7/63] ✓ Complete (22 reactions)
[FVA] Starting optimization for reaction: MALt2r_reverse
  [Chunk 32/63] ✓ Complete (22 reactions)
[FVA] Starting optimization for reaction: EX_his__L_e
  [Chunk 17/63] ✓ Complete (22 reactions)
[FVA] Starting optimization for reaction: SHSL1_reverse
  [Chunk  6/63] ✓ Complete (22 reactions)
[FVA] Starting optimization for reaction: MYCSacp56
[FVA] Starting optimization for reaction: MAN1PT
[FVA] Starting optimization for reaction: EX_his__L_e_reverse
[FVA] Starting optimization for reaction: SHSL4r
[FVA] Starting optimization for reaction: MYCSacp58
[FVA] Starting optimization for reaction: MAN1PT2
[FVA] Starting optimization for reaction: EX_id3acald_e
[FVA] Starting optimization for reaction: MYCTR
[FVA] Starting optimization for reaction: SHSL4r_reverse
[FVA] Starting optimization for reaction: MAN6PI
[FVA] Starting optimization for reaction: EX_id3acald_e_reverse
[FVA] Starting optimization for reaction: SKMt2
[FVA] Starting optimization for reaction: MYCTR2
[FVA] Starting optimization for reaction: MAN6PI_reverse
[FVA] Starting optimization for reaction: EX_ile__L_e
[FVA] Starting optimization for reaction: MYCTR2_reverse
[FVA] Starting optimization for reaction: SKMt2_reverse
    [Chunk 38]  22.7% complete (5/22 reactions)
[FVA] Starting optimization for reaction: MANAT1
    [Chunk 20]  22.7% complete (5/22 reactions)
[FVA] Starting optimization for reaction: EX_ile__L_e_reverse
    [Chunk 57]  22.7% complete (5/22 reactions)
[FVA] Starting optimization for reaction: SOTA
    [Chunk 42]  22.7% complete (5/22 reactions)
[FVA] Starting optimization for reaction: MYCTR_reverse
[FVA] Starting optimization for reaction: MANAT2
[FVA] Starting optimization for reaction: EX_k_e
[FVA] Starting optimization for reaction: NADH10
[FVA] Starting optimization for reaction: SPMS
[FVA] Starting optimization for reaction: SPODM
[FVA] Starting optimization for reaction: MANAT3
[FVA] Starting optimization for reaction: EX_k_e_reverse
[FVA] Starting optimization for reaction: NADH2r
[FVA] Starting optimization for reaction: MCBTS
[FVA] Starting optimization for reaction: SSALx
[FVA] Starting optimization for reaction: EX_lac__L_e
[FVA] Starting optimization for reaction: NADH2r_reverse
[FVA] Starting optimization for reaction: MCBTS2
[FVA] Starting optimization for reaction: EX_lac__L_e_reverse
[FVA] Starting optimization for reaction: SSALy
[FVA] Starting optimization for reaction: NADH5
    [Chunk 20]  45.5% complete (10/22 reactions)
[FVA] Starting optimization for reaction: EX_lcts_e
    [Chunk 38]  45.5% complete (10/22 reactions)
[FVA] Starting optimization for reaction: MCBTS3
    [Chunk 42]  45.5% complete (10/22 reactions)
[FVA] Starting optimization for reaction: NADH9
    [Chunk 57]  45.5% complete (10/22 reactions)
[FVA] Starting optimization for reaction: SUCBZL
[FVA] Starting optimization for reaction: EX_lcts_e_reverse
[FVA] Starting optimization for reaction: NADK
[FVA] Starting optimization for reaction: MCD
[FVA] Starting optimization for reaction: SUCBZS
[FVA] Starting optimization for reaction: MCOATA
[FVA] Starting optimization for reaction: SUCCt2r
[FVA] Starting optimization for reaction: NADS2
[FVA] Starting optimization for reaction: EX_leu__L_e
[FVA] Starting optimization for reaction: MCOATA_reverse
[FVA] Starting optimization for reaction: SUCCt2r_reverse
[FVA] Starting optimization for reaction: NADTRHD_copy1
[FVA] Starting optimization for reaction: EX_leu__L_e_reverse
[FVA] Starting optimization for reaction: NADTRHD_copy1_reverse
[FVA] Starting optimization for reaction: EX_lys__L_e
[FVA] Starting optimization for reaction: MDFDH
[FVA] Starting optimization for reaction: SUCD1
    [Chunk 57]  68.2% complete (15/22 reactions)
[FVA] Starting optimization for reaction: SUCOAS
    [Chunk 42]  68.2% complete (15/22 reactions)
[FVA] Starting optimization for reaction: NADTRHD_copy2
    [Chunk 20]  68.2% complete (15/22 reactions)
[FVA] Starting optimization for reaction: EX_lys__L_e_reverse
    [Chunk 38]  68.2% complete (15/22 reactions)
[FVA] Starting optimization for reaction: MDFDH_reverse
[FVA] Starting optimization for reaction: SUCOAS_reverse
[FVA] Starting optimization for reaction: MDH
[FVA] Starting optimization for reaction: EX_mal__L_e
[FVA] Starting optimization for reaction: NAKtr
[FVA] Starting optimization for reaction: EX_mal__L_e_reverse
[FVA] Starting optimization for reaction: MDH_reverse
[FVA] Starting optimization for reaction: SULR
[FVA] Starting optimization for reaction: NAKtr_reverse
[FVA] Starting optimization for reaction: SULR_reverse
[FVA] Starting optimization for reaction: NAPRT
[FVA] Starting optimization for reaction: EX_malt_e
[FVA] Starting optimization for reaction: ME1
[FVA] Starting optimization for reaction: MECDPDH
[FVA] Starting optimization for reaction: SULabc
[FVA] Starting optimization for reaction: EX_malt_e_reverse
[FVA] Starting optimization for reaction: NAPRT_reverse
    [Chunk 20]  90.9% complete (20/22 reactions)
[FVA] Starting optimization for reaction: EX_malthp_e
    [Chunk 38]  90.9% complete (20/22 reactions)
[FVA] Starting optimization for reaction: MECDPS
    [Chunk 57]  90.9% complete (20/22 reactions)
[FVA] Starting optimization for reaction: TALA
    [Chunk 42]  90.9% complete (20/22 reactions)
[FVA] Starting optimization for reaction: NARK
[FVA] Starting optimization for reaction: EX_malthp_e_reverse
[FVA] Starting optimization for reaction: NAt3_1
[FVA] Starting optimization for reaction: MEOHt2
[FVA] Starting optimization for reaction: TALA_reverse
  [Chunk 20/63] ✓ Complete (22 reactions)
[FVA] Starting optimization for reaction: DGK1_reverse
  [Chunk 57/63] ✓ Complete (22 reactions)
[FVA] Starting optimization for reaction: MEOHt2_reverse
  [Chunk 42/63] ✓ Complete (22 reactions)
[FVA] Starting optimization for reaction: SDPTA
  [Chunk 38/63] ✓ Complete (22 reactions)
[FVA] Starting optimization for reaction: PPAtr
[FVA] Starting optimization for reaction: PPAtr_reverse
[FVA] Starting optimization for reaction: DHAD1
[FVA] Starting optimization for reaction: MEPCT
[FVA] Starting optimization for reaction: SDPTA_reverse
[FVA] Starting optimization for reaction: DHAD2
[FVA] Starting optimization for reaction: SELCYSLY
[FVA] Starting optimization for reaction: PPBNGS
[FVA] Starting optimization for reaction: METAT
[FVA] Starting optimization for reaction: DHDPRy
[FVA] Starting optimization for reaction: PPCDC
[FVA] Starting optimization for reaction: METOX1s
[FVA] Starting optimization for reaction: SERAT
[FVA] Starting optimization for reaction: DHDPS
[FVA] Starting optimization for reaction: PPCK
[FVA] Starting optimization for reaction: METOX2s
[FVA] Starting optimization for reaction: SERAT_reverse
    [Chunk 14]  22.7% complete (5/22 reactions)
[FVA] Starting optimization for reaction: DHFR
    [Chunk 39]  22.7% complete (5/22 reactions)
[FVA] Starting optimization for reaction: METS
    [Chunk 56]  22.7% complete (5/22 reactions)
[FVA] Starting optimization for reaction: SERD_D
    [Chunk 51]  22.7% complete (5/22 reactions)
[FVA] Starting optimization for reaction: PPCK_reverse
[FVA] Starting optimization for reaction: DHFR_reverse
[FVA] Starting optimization for reaction: PPCOAC
[FVA] Starting optimization for reaction: SERD_L
[FVA] Starting optimization for reaction: METSOXR1
[FVA] Starting optimization for reaction: DHFS
[FVA] Starting optimization for reaction: SERt2r
[FVA] Starting optimization for reaction: METSOXR2
[FVA] Starting optimization for reaction: PPCSCT
[FVA] Starting optimization for reaction: DHNAOT
[FVA] Starting optimization for reaction: PPDIMAS
[FVA] Starting optimization for reaction: SERt2r_reverse
[FVA] Starting optimization for reaction: METabc
[FVA] Starting optimization for reaction: DHNAOT2
[FVA] Starting optimization for reaction: SGDS
[FVA] Starting optimization for reaction: PPDIMAT
[FVA] Starting optimization for reaction: MGt5
    [Chunk 51]  45.5% complete (10/22 reactions)
[FVA] Starting optimization for reaction: PPDK
    [Chunk 14]  45.5% complete (10/22 reactions)
[FVA] Starting optimization for reaction: DHNPA
    [Chunk 39]  45.5% complete (10/22 reactions)
[FVA] Starting optimization for reaction: MGt5_reverse
    [Chunk 56]  45.5% complete (10/22 reactions)
[FVA] Starting optimization for reaction: SGSAD
[FVA] Starting optimization for reaction: DHNPA2r
[FVA] Starting optimization for reaction: SHCHCS
[FVA] Starting optimization for reaction: PPK2
[FVA] Starting optimization for reaction: MHPGLUT
[FVA] Starting optimization for reaction: DHORD2
[FVA] Starting optimization for reaction: MI1PP
[FVA] Starting optimization for reaction: SHCHCS2
[FVA] Starting optimization for reaction: PPNCL
[FVA] Starting optimization for reaction: DHORD3
[FVA] Starting optimization for reaction: PPNCL2
[FVA] Starting optimization for reaction: MI1PS
[FVA] Starting optimization for reaction: SHCHD2
[FVA] Starting optimization for reaction: DHORD3_reverse
[FVA] Starting optimization for reaction: MI3PP
[FVA] Starting optimization for reaction: SHCHD3
[FVA] Starting optimization for reaction: PPNCL3
    [Chunk 14]  68.2% complete (15/22 reactions)
[FVA] Starting optimization for reaction: DHORD5
    [Chunk 39]  68.2% complete (15/22 reactions)
[FVA] Starting optimization for reaction: MI4PP
    [Chunk 51]  68.2% complete (15/22 reactions)
[FVA] Starting optimization for reaction: PPND
    [Chunk 56]  68.2% complete (15/22 reactions)
[FVA] Starting optimization for reaction: SHCHF
[FVA] Starting optimization for reaction: DHORTS
[FVA] Starting optimization for reaction: MMCD
[FVA] Starting optimization for reaction: SHCHF2
[FVA] Starting optimization for reaction: PPNDH
[FVA] Starting optimization for reaction: MME
[FVA] Starting optimization for reaction: DHORTS_reverse
[FVA] Starting optimization for reaction: PPPGO
[FVA] Starting optimization for reaction: SHCHF3
[FVA] Starting optimization for reaction: MME_reverse
[FVA] Starting optimization for reaction: DHPPDA
[FVA] Starting optimization for reaction: PPTGS
[FVA] Starting optimization for reaction: SHK3Dr
[FVA] Starting optimization for reaction: MMM2
[FVA] Starting optimization for reaction: PPTGS_TB1
[FVA] Starting optimization for reaction: DHPPDA2
[FVA] Starting optimization for reaction: SHK3Dr_reverse
    [Chunk 39]  90.9% complete (20/22 reactions)
[FVA] Starting optimization for reaction: MMM2_reverse
    [Chunk 14]  90.9% complete (20/22 reactions)
[FVA] Starting optimization for reaction: DHPS2
    [Chunk 51]  90.9% complete (20/22 reactions)
[FVA] Starting optimization for reaction: PPTGS_TB2
    [Chunk 56]  90.9% complete (20/22 reactions)
[FVA] Starting optimization for reaction: SHKK
[FVA] Starting optimization for reaction: PRAGSr
[FVA] Starting optimization for reaction: MMSAD1
[FVA] Starting optimization for reaction: DHQS
[FVA] Starting optimization for reaction: SHSL1
  [Chunk 14/63] ✓ Complete (22 reactions)
[FVA] Starting optimization for reaction: GTHOr
  [Chunk 51/63] ✓ Complete (22 reactions)
[FVA] Starting optimization for reaction: CPC6MT
  [Chunk 39/63] ✓ Complete (22 reactions)
[FVA] Starting optimization for reaction: EX_meoh_e
  [Chunk 56/63] ✓ Complete (22 reactions)
[FVA] Starting optimization for reaction: HSERTA
[FVA] Starting optimization for reaction: CPC6R
[FVA] Starting optimization for reaction: EX_meoh_e_reverse
[FVA] Starting optimization for reaction: GTHOr_reverse
[FVA] Starting optimization for reaction: HSERTA_reverse
[FVA] Starting optimization for reaction: GTHRDt2
[FVA] Starting optimization for reaction: CPC8MM
[FVA] Starting optimization for reaction: HSK
[FVA] Starting optimization for reaction: EX_met__L_e
[FVA] Starting optimization for reaction: CPC8MM_reverse
[FVA] Starting optimization for reaction: GTHS
[FVA] Starting optimization for reaction: EX_met__L_e_reverse
[FVA] Starting optimization for reaction: HSST
[FVA] Starting optimization for reaction: GTMLT
[FVA] Starting optimization for reaction: EX_mg2_e
[FVA] Starting optimization for reaction: CPPPGO
[FVA] Starting optimization for reaction: HSTPT
    [Chunk 11]  22.7% complete (5/22 reactions)
[FVA] Starting optimization for reaction: CRNabc
    [Chunk 33]  22.7% complete (5/22 reactions)
[FVA] Starting optimization for reaction: GTPCI
    [Chunk 21]  22.7% complete (5/22 reactions)
[FVA] Starting optimization for reaction: EX_mg2_e_reverse
    [Chunk 35]  22.7% complete (5/22 reactions)
[FVA] Starting optimization for reaction: HXPRT
[FVA] Starting optimization for reaction: GTPCII
[FVA] Starting optimization for reaction: EX_na1_e
[FVA] Starting optimization for reaction: CS
[FVA] Starting optimization for reaction: IACGAMS
[FVA] Starting optimization for reaction: GTPCII2
[FVA] Starting optimization for reaction: CTPS1
[FVA] Starting optimization for reaction: EX_na1_e_reverse
[FVA] Starting optimization for reaction: ICDHyr
[FVA] Starting optimization for reaction: GTPDPK
[FVA] Starting optimization for reaction: EX_nh4_e
[FVA] Starting optimization for reaction: CTPS2
[FVA] Starting optimization for reaction: ICHORS
[FVA] Starting optimization for reaction: GTPH1
[FVA] Starting optimization for reaction: CYANST_copy1
[FVA] Starting optimization for reaction: EX_nh4_e_reverse
    [Chunk 33]  45.5% complete (10/22 reactions)
[FVA] Starting optimization for reaction: GUACYC
[FVA] Starting optimization for reaction: ICL
    [Chunk 21]  45.5% complete (10/22 reactions)
[FVA] Starting optimization for reaction: EX_no2_e
    [Chunk 11]  45.5% complete (10/22 reactions)
[FVA] Starting optimization for reaction: CYANST_copy1_reverse
[FVA] Starting optimization for reaction: GUAD
    [Chunk 35]  45.5% complete (10/22 reactions)
[FVA] Starting optimization for reaction: ID3ACALDt
[FVA] Starting optimization for reaction: EX_no2_e_reverse
[FVA] Starting optimization for reaction: CYANST_copy2
[FVA] Starting optimization for reaction: ID3ACALDt_reverse
[FVA] Starting optimization for reaction: GUAPRT
[FVA] Starting optimization for reaction: EX_no3_e
[FVA] Starting optimization for reaction: CYO1a
[FVA] Starting optimization for reaction: H2CO3D
[FVA] Starting optimization for reaction: EX_no3_e_reverse
[FVA] Starting optimization for reaction: IG3PS
[FVA] Starting optimization for reaction: CYO1b
[FVA] Starting optimization for reaction: IGAMD
[FVA] Starting optimization for reaction: H2CO3D_reverse
[FVA] Starting optimization for reaction: EX_no_e
[FVA] Starting optimization for reaction: CYRDAAT
    [Chunk 33]  68.2% complete (15/22 reactions)
[FVA] Starting optimization for reaction: H2CO3TP
    [Chunk 21]  68.2% complete (15/22 reactions)
[FVA] Starting optimization for reaction: EX_no_e_reverse
[FVA] Starting optimization for reaction: IGPDH
[FVA] Starting optimization for reaction: H2CO3TP_reverse
    [Chunk 11]  68.2% complete (15/22 reactions)
[FVA] Starting optimization for reaction: CYRDAR
    [Chunk 35]  68.2% complete (15/22 reactions)
[FVA] Starting optimization for reaction: IGPS
[FVA] Starting optimization for reaction: EX_o2_e
[FVA] Starting optimization for reaction: CYSS
[FVA] Starting optimization for reaction: H2Ot
[FVA] Starting optimization for reaction: EX_o2_e_reverse
[FVA] Starting optimization for reaction: ILETA
[FVA] Starting optimization for reaction: H2Ot_reverse
[FVA] Starting optimization for reaction: CYSTGL
[FVA] Starting optimization for reaction: ILETA_reverse
[FVA] Starting optimization for reaction: EX_ocdca_e
[FVA] Starting optimization for reaction: CYSTL
[FVA] Starting optimization for reaction: H2St1
[FVA] Starting optimization for reaction: ILEt2r
[FVA] Starting optimization for reaction: EX_ocdca_e_reverse
[FVA] Starting optimization for reaction: CYSTS
    [Chunk 33]  90.9% complete (20/22 reactions)
[FVA] Starting optimization for reaction: H2td
    [Chunk 21]  90.9% complete (20/22 reactions)
[FVA] Starting optimization for reaction: EX_orn_e
[FVA] Starting optimization for reaction: ILEt2r_reverse
[FVA] Starting optimization for reaction: H2td_reverse
    [Chunk 11]  90.9% complete (20/22 reactions)
[FVA] Starting optimization for reaction: CYTBD
    [Chunk 35]  90.9% complete (20/22 reactions)
[FVA] Starting optimization for reaction: IMPC
[FVA] Starting optimization for reaction: EX_orn_e_reverse
[FVA] Starting optimization for reaction: CYTBD2
  [Chunk 33/63] ✓ Complete (22 reactions)
[FVA] Starting optimization for reaction: OHPBAT_reverse
  [Chunk 21/63] ✓ Complete (22 reactions)
[FVA] Starting optimization for reaction: EX_gly_e
[FVA] Starting optimization for reaction: OMCDC
  [Chunk 11/63] ✓ Complete (22 reactions)
[FVA] Starting optimization for reaction: YUMPS
[FVA] Starting optimization for reaction: IMPC_reverse
[FVA] Starting optimization for reaction: YUMPS_reverse
[FVA] Starting optimization for reaction: EX_gly_e_reverse
  [Chunk 35/63] ✓ Complete (22 reactions)
[FVA] Starting optimization for reaction: FASm3001
[FVA] Starting optimization for reaction: OMPDC
[FVA] Starting optimization for reaction: EX_glyb_e
[FVA] Starting optimization for reaction: OPAH
  [Chunk 63/63] ✓ Complete (2 reactions)
[FVA] Starting optimization for reaction: PHTHCLR2
[FVA] Starting optimization for reaction: FASm320
[FVA] Starting optimization for reaction: PHTHCLR2_reverse
[FVA] Starting optimization for reaction: EX_glyb_e_reverse
[FVA] Starting optimization for reaction: FASm340
[FVA] Starting optimization for reaction: OPAH_reverse
[FVA] Starting optimization for reaction: EX_glyc3p_e
[FVA] Starting optimization for reaction: FBA
    [Chunk 46]  22.7% complete (5/22 reactions)
[FVA] Starting optimization for reaction: ORNTA
[FVA] Starting optimization for reaction: PHTHCLS
    [Chunk 19]  22.7% complete (5/22 reactions)
[FVA] Starting optimization for reaction: EX_glyc3p_e_reverse
[FVA] Starting optimization for reaction: ORNTAC
[FVA] Starting optimization for reaction: PHTHDLS
[FVA] Starting optimization for reaction: FBA_reverse
[FVA] Starting optimization for reaction: EX_glyc_e
[FVA] Starting optimization for reaction: PHTHDLS2
    [Chunk 27]  22.7% complete (5/22 reactions)
[FVA] Starting optimization for reaction: FBP
[FVA] Starting optimization for reaction: ORNTAC_reverse
[FVA] Starting optimization for reaction: EX_glyc_e_reverse
[FVA] Starting optimization for reaction: ORNt
    [Chunk 50]  22.7% complete (5/22 reactions)
[FVA] Starting optimization for reaction: PHTHS
[FVA] Starting optimization for reaction: FCLPA
[FVA] Starting optimization for reaction: EX_gthrd_e
[FVA] Starting optimization for reaction: PHTHS2
[FVA] Starting optimization for reaction: FCLPA_reverse
[FVA] Starting optimization for reaction: ORNt_reverse
[FVA] Starting optimization for reaction: EX_gthrd_e_reverse
[FVA] Starting optimization for reaction: FCLT
    [Chunk 46]  45.5% complete (10/22 reactions)
[FVA] Starting optimization for reaction: ORPT
    [Chunk 19]  45.5% complete (10/22 reactions)
[FVA] Starting optimization for reaction: EX_h2_e
[FVA] Starting optimization for reaction: PHTO
[FVA] Starting optimization for reaction: ORPT_reverse
[FVA] Starting optimization for reaction: PHYCBOXL
[FVA] Starting optimization for reaction: FCLT2
[FVA] Starting optimization for reaction: EX_h2_e_reverse
[FVA] Starting optimization for reaction: PIabc
    [Chunk 27]  45.5% complete (10/22 reactions)
[FVA] Starting optimization for reaction: FCOAH2
[FVA] Starting optimization for reaction: OXACOAL
[FVA] Starting optimization for reaction: EX_h2co3_e
[FVA] Starting optimization for reaction: OXACOAL_reverse
    [Chunk 50]  45.5% complete (10/22 reactions)
[FVA] Starting optimization for reaction: PIt
[FVA] Starting optimization for reaction: FDH
[FVA] Starting optimization for reaction: EX_h2co3_e_reverse
[FVA] Starting optimization for reaction: PIt_reverse
[FVA] Starting optimization for reaction: OXCDC
[FVA] Starting optimization for reaction: FE2abc
[FVA] Starting optimization for reaction: EX_h2o_e
    [Chunk 46]  68.2% complete (15/22 reactions)
[FVA] Starting optimization for reaction: OXGDC
[FVA] Starting optimization for reaction: PLCD
[FVA] Starting optimization for reaction: OXGDC2
[FVA] Starting optimization for reaction: FE3Ri
    [Chunk 19]  68.2% complete (15/22 reactions)
[FVA] Starting optimization for reaction: EX_h2o_e_reverse
[FVA] Starting optimization for reaction: PLIPA1E160
[FVA] Starting optimization for reaction: FE3abc
[FVA] Starting optimization for reaction: EX_h2s_e
[FVA] Starting optimization for reaction: PLIPA1E180
[FVA] Starting optimization for reaction: P5CD
    [Chunk 27]  68.2% complete (15/22 reactions)
[FVA] Starting optimization for reaction: FETRANS
[FVA] Starting optimization for reaction: EX_h2s_e_reverse
[FVA] Starting optimization for reaction: P5CR
    [Chunk 50]  68.2% complete (15/22 reactions)
[FVA] Starting optimization for reaction: PMANM
[FVA] Starting optimization for reaction: FETRANS_reverse
[FVA] Starting optimization for reaction: EX_h_e
[FVA] Starting optimization for reaction: PMANM_reverse
[FVA] Starting optimization for reaction: FHL
[FVA] Starting optimization for reaction: P5CRx
[FVA] Starting optimization for reaction: EX_h_e_reverse
    [Chunk 46]  90.9% complete (20/22 reactions)
[FVA] Starting optimization for reaction: PACt2r
[FVA] Starting optimization for reaction: PMDPHT
[FVA] Starting optimization for reaction: FMETTRS
    [Chunk 19]  90.9% complete (20/22 reactions)
[FVA] Starting optimization for reaction: EX_hdca_e
[FVA] Starting optimization for reaction: PMPK
[FVA] Starting optimization for reaction: PACt2r_reverse
[FVA] Starting optimization for reaction: FMNAT
[FVA] Starting optimization for reaction: EX_hdca_e_reverse
[FVA] Starting optimization for reaction: PNCDC
  [Chunk 46/63] ✓ Complete (22 reactions)
[FVA] Starting optimization for reaction: EX_val__L_e
    [Chunk 27]  90.9% complete (20/22 reactions)
[FVA] Starting optimization for reaction: FOLD3
  [Chunk 19/63] ✓ Complete (22 reactions)
[FVA] Starting optimization for reaction: CITL_copy2
[FVA] Starting optimization for reaction: EX_val__L_e_reverse
    [Chunk 50]  90.9% complete (20/22 reactions)
[FVA] Starting optimization for reaction: PNTK
[FVA] Starting optimization for reaction: FOLR2
[FVA] Starting optimization for reaction: CITabc
[FVA] Starting optimization for reaction: PPA
[FVA] Starting optimization for reaction: EX_xyl__D_e
  [Chunk 27/63] ✓ Complete (22 reactions)
[FVA] Starting optimization for reaction: TARTD
[FVA] Starting optimization for reaction: CLPNS160190
[FVA] Starting optimization for reaction: EX_xyl__D_e_reverse
  [Chunk 50/63] ✓ Complete (22 reactions)
[FVA] Starting optimization for reaction: EX_pac_e
[FVA] Starting optimization for reaction: TARTRt7
[FVA] Starting optimization for reaction: CLPNS160190_reverse
[FVA] Starting optimization for reaction: EX_pac_e_reverse
[FVA] Starting optimization for reaction: FACOAE140
[FVA] Starting optimization for reaction: TARTRt7_reverse
[FVA] Starting optimization for reaction: CMCBTFL
[FVA] Starting optimization for reaction: EX_pdima_e
    [Chunk 24]  22.7% complete (5/22 reactions)
[FVA] Starting optimization for reaction: FACOAE160
    [Chunk 10]  22.7% complete (5/22 reactions)
[FVA] Starting optimization for reaction: CMCBTFU
[FVA] Starting optimization for reaction: FACOAE180
[FVA] Starting optimization for reaction: TAS
[FVA] Starting optimization for reaction: EX_pdima_e_reverse
[FVA] Starting optimization for reaction: TATS
[FVA] Starting optimization for reaction: CMLDC
[FVA] Starting optimization for reaction: FACOAL140
[FVA] Starting optimization for reaction: EX_phdca_e
    [Chunk 58]  22.7% complete (5/22 reactions)
[FVA] Starting optimization for reaction: TATSO
[FVA] Starting optimization for reaction: CO2t
[FVA] Starting optimization for reaction: FACOAL140_reverse
    [Chunk 22]  22.7% complete (5/22 reactions)
[FVA] Starting optimization for reaction: EX_phdca_e_reverse
[FVA] Starting optimization for reaction: TDMS1
[FVA] Starting optimization for reaction: CO2t_reverse
[FVA] Starting optimization for reaction: FACOAL160
[FVA] Starting optimization for reaction: EX_phe__L_e
[FVA] Starting optimization for reaction: TDMS2
[FVA] Starting optimization for reaction: COAt
    [Chunk 24]  45.5% complete (10/22 reactions)
[FVA] Starting optimization for reaction: FACOAL160_reverse
[FVA] Starting optimization for reaction: EX_phe__L_e_reverse
    [Chunk 10]  45.5% complete (10/22 reactions)
[FVA] Starting optimization for reaction: COAt_reverse
[FVA] Starting optimization for reaction: FACOAL161
[FVA] Starting optimization for reaction: TDMS3
[FVA] Starting optimization for reaction: EX_pi_e
[FVA] Starting optimization for reaction: COBALTt5
[FVA] Starting optimization for reaction: TDMS4
[FVA] Starting optimization for reaction: FACOAL161_reverse
[FVA] Starting optimization for reaction: EX_pi_e_reverse
[FVA] Starting optimization for reaction: COBALTt5_reverse
    [Chunk 58]  45.5% complete (10/22 reactions)
[FVA] Starting optimization for reaction: TDPDRE
[FVA] Starting optimization for reaction: FACOAL180
    [Chunk 22]  45.5% complete (10/22 reactions)
[FVA] Starting optimization for reaction: EX_ppa_e
[FVA] Starting optimization for reaction: COCHL
[FVA] Starting optimization for reaction: TDPDRR
[FVA] Starting optimization for reaction: FACOAL180_reverse
[FVA] Starting optimization for reaction: EX_ppa_e_reverse
[FVA] Starting optimization for reaction: TDPGDH
[FVA] Starting optimization for reaction: CODH2r
    [Chunk 24]  68.2% complete (15/22 reactions)
[FVA] Starting optimization for reaction: FACOAL181
[FVA] Starting optimization for reaction: EX_ppdima_e
    [Chunk 10]  68.2% complete (15/22 reactions)
[FVA] Starting optimization for reaction: CODH2r_reverse
[FVA] Starting optimization for reaction: FACOAL181_reverse
[FVA] Starting optimization for reaction: THDPS
[FVA] Starting optimization for reaction: THFGLUS
[FVA] Starting optimization for reaction: CODH3
[FVA] Starting optimization for reaction: EX_ppdima_e_reverse
[FVA] Starting optimization for reaction: FACOAL200
[FVA] Starting optimization for reaction: COt
    [Chunk 58]  68.2% complete (15/22 reactions)
[FVA] Starting optimization for reaction: THFGLUS_reverse
[FVA] Starting optimization for reaction: EX_pro__L_e
[FVA] Starting optimization for reaction: FACOAL200_reverse
[FVA] Starting optimization for reaction: COt_reverse
    [Chunk 22]  68.2% complete (15/22 reactions)
[FVA] Starting optimization for reaction: EX_pro__L_e_reverse
[FVA] Starting optimization for reaction: THMDP
[FVA] Starting optimization for reaction: FACOAL80
[FVA] Starting optimization for reaction: CPC2MT
[FVA] Starting optimization for reaction: EX_pyr_e
[FVA] Starting optimization for reaction: THRD_L
    [Chunk 24]  90.9% complete (20/22 reactions)
[FVA] Starting optimization for reaction: FACOAL80_reverse
    [Chunk 10]  90.9% complete (20/22 reactions)
[FVA] Starting optimization for reaction: CPC3MT
[FVA] Starting optimization for reaction: EX_pyr_e_reverse
[FVA] Starting optimization for reaction: FACOALPHDCA
[FVA] Starting optimization for reaction: THRD_L_reverse
[FVA] Starting optimization for reaction: CPC4MT
[FVA] Starting optimization for reaction: THRS
[FVA] Starting optimization for reaction: EX_rib__D_e
  [Chunk 24/63] ✓ Complete (22 reactions)
[FVA] Starting optimization for reaction: PDHcr_copy1_reverse
    [Chunk 58]  90.9% complete (20/22 reactions)
[FVA] Starting optimization for reaction: THRt2r
  [Chunk 10/63] ✓ Complete (22 reactions)
[FVA] Starting optimization for reaction: TRDR
[FVA] Starting optimization for reaction: EX_rib__D_e_reverse
[FVA] Starting optimization for reaction: PDHcr_copy2
    [Chunk 22]  90.9% complete (20/22 reactions)
[FVA] Starting optimization for reaction: EX_ser__D_e
[FVA] Starting optimization for reaction: THRt2r_reverse
[FVA] Starting optimization for reaction: TRE6PP
[FVA] Starting optimization for reaction: PDIMAS
  [Chunk 58/63] ✓ Complete (22 reactions)
[FVA] Starting optimization for reaction: FACOALPHDCA_reverse
[FVA] Starting optimization for reaction: TRE6PS
[FVA] Starting optimization for reaction: EX_ser__D_e_reverse
[FVA] Starting optimization for reaction: PDIMAT
[FVA] Starting optimization for reaction: TRESULT
  [Chunk 22/63] ✓ Complete (22 reactions)
[FVA] Starting optimization for reaction: 2AGPEAT160
[FVA] Starting optimization for reaction: PDX5POi
[FVA] Starting optimization for reaction: FACOALPREPH
[FVA] Starting optimization for reaction: TREabc
[FVA] Starting optimization for reaction: FACOALPREPH_reverse
[FVA] Starting optimization for reaction: 2AGPEAT180
    [Chunk 48]  22.7% complete (5/22 reactions)
[FVA] Starting optimization for reaction: PDX5POi_reverse
    [Chunk 60]  22.7% complete (5/22 reactions)
[FVA] Starting optimization for reaction: TRIATS
[FVA] Starting optimization for reaction: FAH4
[FVA] Starting optimization for reaction: 4HTHRS
[FVA] Starting optimization for reaction: PEAMNO
[FVA] Starting optimization for reaction: TRPS1
[FVA] Starting optimization for reaction: FAMPL1
[FVA] Starting optimization for reaction: 5DGLCNR
[FVA] Starting optimization for reaction: PEPCK_re
    [Chunk 25]  22.7% complete (5/22 reactions)
[FVA] Starting optimization for reaction: FAMPL2
[FVA] Starting optimization for reaction: TRPS2
[FVA] Starting optimization for reaction: 5DGLCNR_reverse
[FVA] Starting optimization for reaction: PEPCK_re_reverse
[FVA] Starting optimization for reaction: TRPS3
    [Chunk  1]  22.7% complete (5/22 reactions)
[FVA] Starting optimization for reaction: AACPS10
[FVA] Starting optimization for reaction: PERD
[FVA] Starting optimization for reaction: FAMPL3
[FVA] Starting optimization for reaction: TRPTA
[FVA] Starting optimization for reaction: FAMPL4
    [Chunk 48]  45.5% complete (10/22 reactions)
[FVA] Starting optimization for reaction: PERD_reverse
[FVA] Starting optimization for reaction: AACPS11
    [Chunk 60]  45.5% complete (10/22 reactions)
[FVA] Starting optimization for reaction: TRPTA_reverse
[FVA] Starting optimization for reaction: FAMPL5
[FVA] Starting optimization for reaction: PFK
[FVA] Starting optimization for reaction: AACPS3
[FVA] Starting optimization for reaction: TRPt2r
[FVA] Starting optimization for reaction: ABTA
[FVA] Starting optimization for reaction: PFL
[FVA] Starting optimization for reaction: FAO1
[FVA] Starting optimization for reaction: TRPt2r_reverse
[FVA] Starting optimization for reaction: PGAMT
    [Chunk 25]  45.5% complete (10/22 reactions)
[FVA] Starting optimization for reaction: FAO10
[FVA] Starting optimization for reaction: ACACCT
[FVA] Starting optimization for reaction: TSULabc
[FVA] Starting optimization for reaction: PGAMT_reverse
[FVA] Starting optimization for reaction: FAO11
    [Chunk  1]  45.5% complete (10/22 reactions)
[FVA] Starting optimization for reaction: ACACT1r
[FVA] Starting optimization for reaction: TTDCAt2
[FVA] Starting optimization for reaction: FAO2
[FVA] Starting optimization for reaction: ACACT1r_reverse
    [Chunk 48]  68.2% complete (15/22 reactions)
[FVA] Starting optimization for reaction: PGCD
[FVA] Starting optimization for reaction: FAO3
    [Chunk 60]  68.2% complete (15/22 reactions)
[FVA] Starting optimization for reaction: TYRTA
[FVA] Starting optimization for reaction: ACALD
[FVA] Starting optimization for reaction: PGI
[FVA] Starting optimization for reaction: ACBIPGT
[FVA] Starting optimization for reaction: TYRTA_reverse
[FVA] Starting optimization for reaction: FAS100
[FVA] Starting optimization for reaction: PGI_reverse
[FVA] Starting optimization for reaction: ACCC
[FVA] Starting optimization for reaction: TYRt2r
    [Chunk 25]  68.2% complete (15/22 reactions)
[FVA] Starting optimization for reaction: FAS120
[FVA] Starting optimization for reaction: PGK
    [Chunk  1]  68.2% complete (15/22 reactions)
[FVA] Starting optimization for reaction: ACCOAC
[FVA] Starting optimization for reaction: PGK_reverse
[FVA] Starting optimization for reaction: FAS140
[FVA] Starting optimization for reaction: TYRt2r_reverse
[FVA] Starting optimization for reaction: ACCOAC_reverse
[FVA] Starting optimization for reaction: UAAGDS
    [Chunk 48]  90.9% complete (20/22 reactions)
[FVA] Starting optimization for reaction: PGL
[FVA] Starting optimization for reaction: FAS160
[FVA] Starting optimization for reaction: ACChex
[FVA] Starting optimization for reaction: PGLS
[FVA] Starting optimization for reaction: FAS161
    [Chunk 60]  90.9% complete (20/22 reactions)
[FVA] Starting optimization for reaction: UAAGLS1
[FVA] Starting optimization for reaction: ACGAMPM
[FVA] Starting optimization for reaction: UAAGLS2
  [Chunk 48/63] ✓ Complete (22 reactions)
[FVA] Starting optimization for reaction: ADSS
[FVA] Starting optimization for reaction: FAS180
[FVA] Starting optimization for reaction: ACGAMPM_reverse
[FVA] Starting optimization for reaction: AFE
    [Chunk 25]  90.9% complete (20/22 reactions)
[FVA] Starting optimization for reaction: FAS181
  [Chunk 60/63] ✓ Complete (22 reactions)
[FVA] Starting optimization for reaction: NAt3_1_reverse
    [Chunk  1]  90.9% complete (20/22 reactions)
[FVA] Starting optimization for reaction: ACGAMT
[FVA] Starting optimization for reaction: AFTA
[FVA] Starting optimization for reaction: FAS200
[FVA] Starting optimization for reaction: NDPK1
[FVA] Starting optimization for reaction: ACGK
[FVA] Starting optimization for reaction: NDPK1_reverse
[FVA] Starting optimization for reaction: AGDC
  [Chunk 25/63] ✓ Complete (22 reactions)
[FVA] Starting optimization for reaction: HAS
  [Chunk  1/63] ✓ Complete (22 reactions)
[FVA] Starting optimization for reaction: ADK1
[FVA] Starting optimization for reaction: AGMT
[FVA] Starting optimization for reaction: HCO3E
[FVA] Starting optimization for reaction: NDPK2
[FVA] Starting optimization for reaction: ADK1_reverse
    [Chunk  4]  22.7% complete (5/22 reactions)
[FVA] Starting optimization for reaction: AGPAT160
[FVA] Starting optimization for reaction: NDPK2_reverse
[FVA] Starting optimization for reaction: HCO3E_reverse
[FVA] Starting optimization for reaction: ADK2
[FVA] Starting optimization for reaction: AGPAT160190
[FVA] Starting optimization for reaction: HCYSMT
    [Chunk 43]  22.7% complete (5/22 reactions)
[FVA] Starting optimization for reaction: NDPK3
[FVA] Starting optimization for reaction: ADK2_reverse
[FVA] Starting optimization for reaction: AGPAT190
[FVA] Starting optimization for reaction: HDCAt2
[FVA] Starting optimization for reaction: NDPK3_reverse
[FVA] Starting optimization for reaction: ADK3
[FVA] Starting optimization for reaction: NDPK4
[FVA] Starting optimization for reaction: AGPR
    [Chunk 34]  22.7% complete (5/22 reactions)
[FVA] Starting optimization for reaction: HEX1
    [Chunk  3]  22.7% complete (5/22 reactions)
[FVA] Starting optimization for reaction: ADK3_reverse
[FVA] Starting optimization for reaction: AGPR_reverse
[FVA] Starting optimization for reaction: NDPK4_reverse
[FVA] Starting optimization for reaction: HISTD
[FVA] Starting optimization for reaction: ADK4
    [Chunk  4]  45.5% complete (10/22 reactions)
[FVA] Starting optimization for reaction: AHCYSNS
[FVA] Starting optimization for reaction: NDPK5
[FVA] Starting optimization for reaction: HISTP
[FVA] Starting optimization for reaction: ADK4_reverse
    [Chunk 43]  45.5% complete (10/22 reactions)
[FVA] Starting optimization for reaction: NDPK5_reverse
[FVA] Starting optimization for reaction: AHCi
[FVA] Starting optimization for reaction: ADMDC
[FVA] Starting optimization for reaction: HISt2r
[FVA] Starting optimization for reaction: NDPK6
[FVA] Starting optimization for reaction: AHCi_reverse
[FVA] Starting optimization for reaction: ADMDC_reverse
[FVA] Starting optimization for reaction: HISt2r_reverse
[FVA] Starting optimization for reaction: NDPK6_reverse
[FVA] Starting optimization for reaction: AHMMPS
    [Chunk  3]  45.5% complete (10/22 reactions)
[FVA] Starting optimization for reaction: ADNCYC
    [Chunk 34]  45.5% complete (10/22 reactions)
[FVA] Starting optimization for reaction: HMBS
[FVA] Starting optimization for reaction: NDPK7
[FVA] Starting optimization for reaction: ADNK1
[FVA] Starting optimization for reaction: AICART
[FVA] Starting optimization for reaction: HMPK1
[FVA] Starting optimization for reaction: NDPK7_reverse
[FVA] Starting optimization for reaction: ADNK3
    [Chunk  4]  68.2% complete (15/22 reactions)
[FVA] Starting optimization for reaction: AICART2
[FVA] Starting optimization for reaction: HMPK2
    [Chunk 43]  68.2% complete (15/22 reactions)
[FVA] Starting optimization for reaction: NDPK8
[FVA] Starting optimization for reaction: ADNK4
[FVA] Starting optimization for reaction: AICART2_reverse
[FVA] Starting optimization for reaction: HMPK3
[FVA] Starting optimization for reaction: NDPK8_reverse
[FVA] Starting optimization for reaction: ADOCBIK
[FVA] Starting optimization for reaction: AICART_reverse
[FVA] Starting optimization for reaction: HMPK4
[FVA] Starting optimization for reaction: NDPK9
    [Chunk  3]  68.2% complete (15/22 reactions)
[FVA] Starting optimization for reaction: ADOCBLS
[FVA] Starting optimization for reaction: AIRC2
    [Chunk 34]  68.2% complete (15/22 reactions)
[FVA] Starting optimization for reaction: HOPNTAL
[FVA] Starting optimization for reaction: NDPK9_reverse
[FVA] Starting optimization for reaction: ADPT
[FVA] Starting optimization for reaction: AIRC3
[FVA] Starting optimization for reaction: NH4OHDs
[FVA] Starting optimization for reaction: HPPK
[FVA] Starting optimization for reaction: ADSK
    [Chunk 43]  90.9% complete (20/22 reactions)
[FVA] Starting optimization for reaction: NH4OHDs_reverse
    [Chunk  4]  90.9% complete (20/22 reactions)
[FVA] Starting optimization for reaction: AIRC3_reverse
[FVA] Starting optimization for reaction: HPPK2
[FVA] Starting optimization for reaction: ADSL1r
[FVA] Starting optimization for reaction: NH4t
[FVA] Starting optimization for reaction: AIRCr
[FVA] Starting optimization for reaction: HSDxi
[FVA] Starting optimization for reaction: ADSL1r_reverse
[FVA] Starting optimization for reaction: HSDxi_reverse
  [Chunk 43/63] ✓ Complete (22 reactions)
[FVA] Starting optimization for reaction: ASPt2r_reverse
    [Chunk  3]  90.9% complete (20/22 reactions)
[FVA] Starting optimization for reaction: ADSL2r
  [Chunk  4/63] ✓ Complete (22 reactions)
[FVA] Starting optimization for reaction: THZPSN
    [Chunk 34]  90.9% complete (20/22 reactions)
[FVA] Starting optimization for reaction: HSDy
[FVA] Starting optimization for reaction: THZSN
[FVA] Starting optimization for reaction: AST
[FVA] Starting optimization for reaction: ADSL2r_reverse
[FVA] Starting optimization for reaction: HSDy_reverse
[FVA] Starting optimization for reaction: TKT1
[FVA] Starting optimization for reaction: ATPPRT
  [Chunk  3/63] ✓ Complete (22 reactions)
[FVA] Starting optimization for reaction: DHQTi
[FVA] Starting optimization for reaction: TKT1_reverse
  [Chunk 34/63] ✓ Complete (22 reactions)
[FVA] Starting optimization for reaction: PRAGSr_reverse
[FVA] Starting optimization for reaction: ATPS1
[FVA] Starting optimization for reaction: DHQTi_reverse
[FVA] Starting optimization for reaction: TKT2
[FVA] Starting optimization for reaction: PRAIS
[FVA] Starting optimization for reaction: ATPS4r
[FVA] Starting optimization for reaction: DMATT
[FVA] Starting optimization for reaction: PRAIi
    [Chunk 59]  22.7% complete (5/22 reactions)
[FVA] Starting optimization for reaction: TKT2_reverse
    [Chunk  8]  22.7% complete (5/22 reactions)
[FVA] Starting optimization for reaction: ATPS4r_reverse
[FVA] Starting optimization for reaction: DMPPS
[FVA] Starting optimization for reaction: PRAMPC
[FVA] Starting optimization for reaction: TMDK1
[FVA] Starting optimization for reaction: BACCL
[FVA] Starting optimization for reaction: DM_atp_c
[FVA] Starting optimization for reaction: PRASCSi
[FVA] Starting optimization for reaction: TMDPP
[FVA] Starting optimization for reaction: BALAt2r
    [Chunk 15]  22.7% complete (5/22 reactions)
[FVA] Starting optimization for reaction: DNMPPA
    [Chunk 52]  22.7% complete (5/22 reactions)
[FVA] Starting optimization for reaction: PRASCSi_reverse
[FVA] Starting optimization for reaction: BALAt2r_reverse
[FVA] Starting optimization for reaction: TMDPP_reverse
[FVA] Starting optimization for reaction: DNTPPA
[FVA] Starting optimization for reaction: PRATPP
[FVA] Starting optimization for reaction: BDH
[FVA] Starting optimization for reaction: TMDS
[FVA] Starting optimization for reaction: DPCOAK
    [Chunk  8]  45.5% complete (10/22 reactions)
[FVA] Starting optimization for reaction: BDH_reverse
[FVA] Starting optimization for reaction: PRDX
    [Chunk 59]  45.5% complete (10/22 reactions)
[FVA] Starting optimization for reaction: TMHAS1
[FVA] Starting optimization for reaction: DPPS
[FVA] Starting optimization for reaction: BETALDHx
[FVA] Starting optimization for reaction: PREPHACPH
[FVA] Starting optimization for reaction: TMHAS2
[FVA] Starting optimization for reaction: DPR
[FVA] Starting optimization for reaction: BIOMASS_Mtb_9_60atp
[FVA] Starting optimization for reaction: PREPPACPH
[FVA] Starting optimization for reaction: TMHAS3
    [Chunk 15]  45.5% complete (10/22 reactions)
[FVA] Starting optimization for reaction: DRPA
    [Chunk 52]  45.5% complete (10/22 reactions)
[FVA] Starting optimization for reaction: PREPTHS
[FVA] Starting optimization for reaction: TMHAS4
[FVA] Starting optimization for reaction: BMNMSHS
[FVA] Starting optimization for reaction: DSERt2
[FVA] Starting optimization for reaction: PREPTHS2
[FVA] Starting optimization for reaction: TMHAS5
[FVA] Starting optimization for reaction: BMNt
[FVA] Starting optimization for reaction: DSERt2_reverse
    [Chunk 59]  68.2% complete (15/22 reactions)
[FVA] Starting optimization for reaction: TMHAS6
[FVA] Starting optimization for reaction: PREPTTA
    [Chunk  8]  68.2% complete (15/22 reactions)
[FVA] Starting optimization for reaction: BMNt_reverse
[FVA] Starting optimization for reaction: DTMPK
[FVA] Starting optimization for reaction: PREPTTA_reverse
[FVA] Starting optimization for reaction: TMN
[FVA] Starting optimization for reaction: BPNT
[FVA] Starting optimization for reaction: DTMPK_reverse
[FVA] Starting optimization for reaction: PRFGS
[FVA] Starting optimization for reaction: TMPK
[FVA] Starting optimization for reaction: BTS2
    [Chunk 52]  68.2% complete (15/22 reactions)
[FVA] Starting optimization for reaction: PRMICI
[FVA] Starting optimization for reaction: TMPK_reverse
    [Chunk 15]  68.2% complete (15/22 reactions)
[FVA] Starting optimization for reaction: DURIK1
[FVA] Starting optimization for reaction: BTS2_reverse
[FVA] Starting optimization for reaction: TMPPP
[FVA] Starting optimization for reaction: PROD2
[FVA] Starting optimization for reaction: DURIPP
[FVA] Starting optimization for reaction: BTS3r
    [Chunk 59]  90.9% complete (20/22 reactions)
[FVA] Starting optimization for reaction: TPI
[FVA] Starting optimization for reaction: DURIPP_reverse
[FVA] Starting optimization for reaction: PROabc
    [Chunk  8]  90.9% complete (20/22 reactions)
[FVA] Starting optimization for reaction: BTS3r_reverse
[FVA] Starting optimization for reaction: TPI_reverse
[FVA] Starting optimization for reaction: DUTPDP
[FVA] Starting optimization for reaction: PROt2r
[FVA] Starting optimization for reaction: DXPRIi
  [Chunk 59/63] ✓ Complete (22 reactions)
[FVA] Starting optimization for reaction: FAS240_L
[FVA] Starting optimization for reaction: CAATPS
[FVA] Starting optimization for reaction: PROt2r_reverse
    [Chunk 15]  90.9% complete (20/22 reactions)
[FVA] Starting optimization for reaction: DXPS
[FVA] Starting optimization for reaction: FAS260
    [Chunk 52]  90.9% complete (20/22 reactions)
[FVA] Starting optimization for reaction: PRPPS
  [Chunk  8/63] ✓ Complete (22 reactions)
[FVA] Starting optimization for reaction: EX_cobalt2_e
[FVA] Starting optimization for reaction: E4PD
[FVA] Starting optimization for reaction: PRPPS_reverse
[FVA] Starting optimization for reaction: FAS80_L
[FVA] Starting optimization for reaction: EX_cobalt2_e_reverse
  [Chunk 15/63] ✓ Complete (22 reactions)
[FVA] Starting optimization for reaction: G6PP
  [Chunk 52/63] ✓ Complete (22 reactions)
[FVA] Starting optimization for reaction: CYTD
[FVA] Starting optimization for reaction: FASPHDCA
[FVA] Starting optimization for reaction: EX_crn_e
[FVA] Starting optimization for reaction: EX_crn_e_reverse
[FVA] Starting optimization for reaction: G6PP_reverse
[FVA] Starting optimization for reaction: FASm1601
[FVA] Starting optimization for reaction: CYTDK2
[FVA] Starting optimization for reaction: GALFT
    [Chunk 26]  22.7% complete (5/22 reactions)
[FVA] Starting optimization for reaction: FASm180
[FVA] Starting optimization for reaction: CYTDt2
[FVA] Starting optimization for reaction: EX_cu2_e
[FVA] Starting optimization for reaction: GALKr
[FVA] Starting optimization for reaction: FASm1801
[FVA] Starting optimization for reaction: CYTDt2_reverse
    [Chunk 18]  22.7% complete (5/22 reactions)
[FVA] Starting optimization for reaction: EX_cu2_e_reverse
[FVA] Starting optimization for reaction: EX_cytd_e
[FVA] Starting optimization for reaction: GALKr_reverse
[FVA] Starting optimization for reaction: FASm2001
[FVA] Starting optimization for reaction: CYTK1
    [Chunk 30]  22.7% complete (5/22 reactions)
[FVA] Starting optimization for reaction: GALT
[FVA] Starting optimization for reaction: FASm2002
    [Chunk 12]  22.7% complete (5/22 reactions)
[FVA] Starting optimization for reaction: CYTK1_reverse
[FVA] Starting optimization for reaction: EX_cytd_e_reverse
[FVA] Starting optimization for reaction: GALT_reverse
[FVA] Starting optimization for reaction: FASm220
[FVA] Starting optimization for reaction: CYTK2
[FVA] Starting optimization for reaction: EX_etha_e
[FVA] Starting optimization for reaction: EX_etha_e_reverse
[FVA] Starting optimization for reaction: GALUi
    [Chunk 26]  45.5% complete (10/22 reactions)
[FVA] Starting optimization for reaction: FASm2201
[FVA] Starting optimization for reaction: CYTK2_reverse
[FVA] Starting optimization for reaction: GALt2
[FVA] Starting optimization for reaction: FASm2202
[FVA] Starting optimization for reaction: Clt
[FVA] Starting optimization for reaction: FASm240
[FVA] Starting optimization for reaction: GAPD
    [Chunk 18]  45.5% complete (10/22 reactions)
[FVA] Starting optimization for reaction: EX_fe2_e
[FVA] Starting optimization for reaction: Clt_reverse
[FVA] Starting optimization for reaction: EX_fe2_e_reverse
[FVA] Starting optimization for reaction: FASm2401
    [Chunk 30]  45.5% complete (10/22 reactions)
[FVA] Starting optimization for reaction: GAPD_reverse
    [Chunk 12]  45.5% complete (10/22 reactions)
[FVA] Starting optimization for reaction: Cuabc
[FVA] Starting optimization for reaction: FASm2402
[FVA] Starting optimization for reaction: GARFT
[FVA] Starting optimization for reaction: EX_fe3_e
[FVA] Starting optimization for reaction: Cut1
    [Chunk 26]  68.2% complete (15/22 reactions)
[FVA] Starting optimization for reaction: FASm260
[FVA] Starting optimization for reaction: GARFT_reverse
[FVA] Starting optimization for reaction: EX_fe3_e_reverse
[FVA] Starting optimization for reaction: EX_fum_e
[FVA] Starting optimization for reaction: FASm2601
[FVA] Starting optimization for reaction: DADA
[FVA] Starting optimization for reaction: GCC2
[FVA] Starting optimization for reaction: FASm2602
[FVA] Starting optimization for reaction: DADK
[FVA] Starting optimization for reaction: GCCa
    [Chunk 18]  68.2% complete (15/22 reactions)
[FVA] Starting optimization for reaction: EX_fum_e_reverse
[FVA] Starting optimization for reaction: DADK_reverse
    [Chunk 30]  68.2% complete (15/22 reactions)
[FVA] Starting optimization for reaction: GCCb
[FVA] Starting optimization for reaction: EX_gal_e
[FVA] Starting optimization for reaction: FASm280
[FVA] Starting optimization for reaction: EX_gal_e_reverse
[FVA] Starting optimization for reaction: FASm2801
    [Chunk 12]  68.2% complete (15/22 reactions)
[FVA] Starting optimization for reaction: DAGK160
[FVA] Starting optimization for reaction: GCCc
    [Chunk 26]  90.9% complete (20/22 reactions)
[FVA] Starting optimization for reaction: FASm2802
[FVA] Starting optimization for reaction: DALAOX
[FVA] Starting optimization for reaction: EX_glc__D_e
[FVA] Starting optimization for reaction: GF6PTA
[FVA] Starting optimization for reaction: DALAt2r
[FVA] Starting optimization for reaction: EX_glc__D_e_reverse
[FVA] Starting optimization for reaction: GF6PTA_reverse
[FVA] Starting optimization for reaction: FASm300
    [Chunk 18]  90.9% complete (20/22 reactions)
[FVA] Starting optimization for reaction: EX_glu__L_e
[FVA] Starting optimization for reaction: DALAt2r_reverse
  [Chunk 26/63] ✓ Complete (22 reactions)
[FVA] Starting optimization for reaction: EX_ser__L_e
[FVA] Starting optimization for reaction: DAPDC
[FVA] Starting optimization for reaction: GFUCS
[FVA] Starting optimization for reaction: EX_ser__L_e_reverse
[FVA] Starting optimization for reaction: EX_glu__L_e_reverse
    [Chunk 12]  90.9% complete (20/22 reactions)
[FVA] Starting optimization for reaction: DAPE
    [Chunk 30]  90.9% complete (20/22 reactions)
[FVA] Starting optimization for reaction: GGLUCT2
  [Chunk 18/63] ✓ Complete (22 reactions)
[FVA] Starting optimization for reaction: NTD9
[FVA] Starting optimization for reaction: EX_skm_e
[FVA] Starting optimization for reaction: DAPE_reverse
[FVA] Starting optimization for reaction: GHMT2r
[FVA] Starting optimization for reaction: EX_skm_e_reverse
[FVA] Starting optimization for reaction: NTPP2
  [Chunk 12/63] ✓ Complete (22 reactions)
[FVA] Starting optimization for reaction: ACGS
[FVA] Starting optimization for reaction: EX_so4_e
  [Chunk 30/63] ✓ Complete (22 reactions)
[FVA] Starting optimization for reaction: DASYN160
[FVA] Starting optimization for reaction: NTPP3
[FVA] Starting optimization for reaction: ACHBS
[FVA] Starting optimization for reaction: DASYN160190
[FVA] Starting optimization for reaction: NTPP4
    [Chunk 23]  22.7% complete (5/22 reactions)
[FVA] Starting optimization for reaction: EX_so4_e_reverse
[FVA] Starting optimization for reaction: ACKr
[FVA] Starting optimization for reaction: DASYN190190
[FVA] Starting optimization for reaction: EX_succ_e
[FVA] Starting optimization for reaction: NTPP5
[FVA] Starting optimization for reaction: ACKr_reverse
[FVA] Starting optimization for reaction: DB4PS
[FVA] Starting optimization for reaction: EX_succ_e_reverse
    [Chunk 45]  22.7% complete (5/22 reactions)
[FVA] Starting optimization for reaction: NTPP7
[FVA] Starting optimization for reaction: DBTS
[FVA] Starting optimization for reaction: NTPP8
[FVA] Starting optimization for reaction: ACLS
[FVA] Starting optimization for reaction: EX_tartr__L_e
    [Chunk 13]  22.7% complete (5/22 reactions)
[FVA] Starting optimization for reaction: DBTS_reverse
    [Chunk  2]  22.7% complete (5/22 reactions)
[FVA] Starting optimization for reaction: ACODA
[FVA] Starting optimization for reaction: EX_tartr__L_e_reverse
[FVA] Starting optimization for reaction: NTPTP1
[FVA] Starting optimization for reaction: DCPDP
[FVA] Starting optimization for reaction: ACONT
    [Chunk 23]  45.5% complete (10/22 reactions)
[FVA] Starting optimization for reaction: EX_thr__L_e
[FVA] Starting optimization for reaction: NTPTP2
[FVA] Starting optimization for reaction: DCPDPP
[FVA] Starting optimization for reaction: NTRIR2x
[FVA] Starting optimization for reaction: ACONT_reverse
[FVA] Starting optimization for reaction: EX_thr__L_e_reverse
[FVA] Starting optimization for reaction: DCPDPP2
[FVA] Starting optimization for reaction: ACOTA
[FVA] Starting optimization for reaction: EX_tre_e
[FVA] Starting optimization for reaction: DCPDPS
[FVA] Starting optimization for reaction: ACOTA_reverse
    [Chunk 45]  45.5% complete (10/22 reactions)
[FVA] Starting optimization for reaction: NTRIRx
    [Chunk 13]  45.5% complete (10/22 reactions)
[FVA] Starting optimization for reaction: DCPE
[FVA] Starting optimization for reaction: NTRIRy
[FVA] Starting optimization for reaction: EX_tre_e_reverse
[FVA] Starting optimization for reaction: O16RHAT
    [Chunk  2]  45.5% complete (10/22 reactions)
[FVA] Starting optimization for reaction: ACP1_FMN
[FVA] Starting optimization for reaction: DCPE_reverse
[FVA] Starting optimization for reaction: EX_trp__L_e
[FVA] Starting optimization for reaction: ACPS1
[FVA] Starting optimization for reaction: DCPT
    [Chunk 23]  68.2% complete (15/22 reactions)
[FVA] Starting optimization for reaction: EX_trp__L_e_reverse
[FVA] Starting optimization for reaction: O2t
[FVA] Starting optimization for reaction: ACS
[FVA] Starting optimization for reaction: DCPT2
[FVA] Starting optimization for reaction: O2t_reverse
[FVA] Starting optimization for reaction: EX_tsul_e
    [Chunk 45]  68.2% complete (15/22 reactions)
[FVA] Starting optimization for reaction: OCBT
[FVA] Starting optimization for reaction: ACS2
[FVA] Starting optimization for reaction: EX_tsul_e_reverse
[FVA] Starting optimization for reaction: DCTPD
[FVA] Starting optimization for reaction: ACYSBMNt
[FVA] Starting optimization for reaction: EX_ttdca_e
[FVA] Starting optimization for reaction: OCBT_reverse
    [Chunk 13]  68.2% complete (15/22 reactions)
[FVA] Starting optimization for reaction: DCTPD2
    [Chunk  2]  68.2% complete (15/22 reactions)
[FVA] Starting optimization for reaction: ACYSBMNt_reverse
[FVA] Starting optimization for reaction: OCDCAt2
[FVA] Starting optimization for reaction: DCYTD
[FVA] Starting optimization for reaction: OCOAT1
[FVA] Starting optimization for reaction: EX_ttdca_e_reverse
[FVA] Starting optimization for reaction: ADA
[FVA] Starting optimization for reaction: DDPA
    [Chunk 23]  90.9% complete (20/22 reactions)
[FVA] Starting optimization for reaction: EX_tyr__L_e
[FVA] Starting optimization for reaction: ADCL
[FVA] Starting optimization for reaction: OCOAT1_reverse
[FVA] Starting optimization for reaction: DESAT16
[FVA] Starting optimization for reaction: EX_tyr__L_e_reverse
[FVA] Starting optimization for reaction: ADCPS1
    [Chunk 45]  90.9% complete (20/22 reactions)
[FVA] Starting optimization for reaction: OCTDPS
[FVA] Starting optimization for reaction: DESAT18
  [Chunk 23/63] ✓ Complete (22 reactions)
[FVA] Starting optimization for reaction: UGMAS
[FVA] Starting optimization for reaction: OHPBAT
[FVA] Starting optimization for reaction: ADCPS2
    [Chunk 13]  90.9% complete (20/22 reactions)
[FVA] Starting optimization for reaction: DGC3D
[FVA] Starting optimization for reaction: UGMDDS
    [Chunk  2]  90.9% complete (20/22 reactions)
[FVA] Starting optimization for reaction: ADCS
  [Chunk 45/63] ✓ Complete (22 reactions)
[FVA] Starting optimization for reaction: FUMt2r
[FVA] Starting optimization for reaction: DGK1
[FVA] Starting optimization for reaction: UGMDDS2
[FVA] Starting optimization for reaction: ADCYRS
[FVA] Starting optimization for reaction: FUMt2r_reverse
  [Chunk 13/63] ✓ Complete (22 reactions)
[FVA] Starting optimization for reaction: PGLYCP
[FVA] Starting optimization for reaction: UMPK_copy1
[FVA] Starting optimization for reaction: G16MTM1
  [Chunk  2/63] ✓ Complete (22 reactions)
[FVA] Starting optimization for reaction: RBK_Dr
[FVA] Starting optimization for reaction: PGM
[FVA] Starting optimization for reaction: UMPK_copy2
[FVA] Starting optimization for reaction: G16MTM10
[FVA] Starting optimization for reaction: RBK_Dr_reverse
[FVA] Starting optimization for reaction: PGMT
    [Chunk 62]  22.7% complete (5/22 reactions)
[FVA] Starting optimization for reaction: UMPK_copy2_reverse
[FVA] Starting optimization for reaction: G16MTM2
[FVA] Starting optimization for reaction: RBK_L1
[FVA] Starting optimization for reaction: PGMT_reverse
[FVA] Starting optimization for reaction: UPP3MT
[FVA] Starting optimization for reaction: RBK_L1_reverse
    [Chunk 29]  22.7% complete (5/22 reactions)
[FVA] Starting optimization for reaction: G16MTM4
[FVA] Starting optimization for reaction: PGM_reverse
[FVA] Starting optimization for reaction: UPP3S
[FVA] Starting optimization for reaction: RIBabc
[FVA] Starting optimization for reaction: G16MTM5
    [Chunk 49]  22.7% complete (5/22 reactions)
[FVA] Starting optimization for reaction: PGPP160
[FVA] Starting optimization for reaction: UPPDC1
[FVA] Starting optimization for reaction: G16MTM6
    [Chunk 55]  22.7% complete (5/22 reactions)
[FVA] Starting optimization for reaction: RNDR1
[FVA] Starting optimization for reaction: PGPP160190
[FVA] Starting optimization for reaction: UPPDC2
[FVA] Starting optimization for reaction: G16MTM7
[FVA] Starting optimization for reaction: RNDR2
[FVA] Starting optimization for reaction: PGPP190
    [Chunk 62]  45.5% complete (10/22 reactions)
[FVA] Starting optimization for reaction: UPPRT
[FVA] Starting optimization for reaction: G16MTM8
[FVA] Starting optimization for reaction: RNDR3
[FVA] Starting optimization for reaction: PGPPT3
[FVA] Starting optimization for reaction: UREA
    [Chunk 29]  45.5% complete (10/22 reactions)
[FVA] Starting optimization for reaction: G16MTM9
[FVA] Starting optimization for reaction: RNDR4
[FVA] Starting optimization for reaction: PGSA160
[FVA] Starting optimization for reaction: URIDK2r
[FVA] Starting optimization for reaction: G1PACT
[FVA] Starting optimization for reaction: RNTR4
    [Chunk 49]  45.5% complete (10/22 reactions)
[FVA] Starting optimization for reaction: PGSA160190
[FVA] Starting optimization for reaction: URIDK2r_reverse
[FVA] Starting optimization for reaction: G1PTT
    [Chunk 55]  45.5% complete (10/22 reactions)
[FVA] Starting optimization for reaction: RPE
[FVA] Starting optimization for reaction: PGSA190
[FVA] Starting optimization for reaction: URIK2
[FVA] Starting optimization for reaction: G1SAT
[FVA] Starting optimization for reaction: PHDCATA
[FVA] Starting optimization for reaction: RPE_reverse
[FVA] Starting optimization for reaction: G3PAT160
    [Chunk 62]  68.2% complete (15/22 reactions)
[FVA] Starting optimization for reaction: VALTA
[FVA] Starting optimization for reaction: PHDCATA_reverse
[FVA] Starting optimization for reaction: RPI
    [Chunk 29]  68.2% complete (15/22 reactions)
[FVA] Starting optimization for reaction: G3PAT190
[FVA] Starting optimization for reaction: VALTA_reverse
[FVA] Starting optimization for reaction: PHDCAt
[FVA] Starting optimization for reaction: RPI_reverse
[FVA] Starting optimization for reaction: G3PD1ir
[FVA] Starting optimization for reaction: VALt2r
    [Chunk 49]  68.2% complete (15/22 reactions)
[FVA] Starting optimization for reaction: PHDCAt_reverse
[FVA] Starting optimization for reaction: RPPDIMAS
[FVA] Starting optimization for reaction: G3PD1ir_reverse
[FVA] Starting optimization for reaction: VALt2r_reverse
[FVA] Starting optimization for reaction: PHETA1
    [Chunk 55]  68.2% complete (15/22 reactions)
[FVA] Starting optimization for reaction: RRPPDIMAS
[FVA] Starting optimization for reaction: G5SADs
[FVA] Starting optimization for reaction: XPPT
[FVA] Starting optimization for reaction: PHETA1_reverse
[FVA] Starting optimization for reaction: RZ5PP
[FVA] Starting optimization for reaction: G5SD
    [Chunk 62]  90.9% complete (20/22 reactions)
[FVA] Starting optimization for reaction: XYLK
[FVA] Starting optimization for reaction: PHEt2r
[FVA] Starting optimization for reaction: SADH
    [Chunk 29]  90.9% complete (20/22 reactions)
[FVA] Starting optimization for reaction: G5SD2
[FVA] Starting optimization for reaction: XYLabc
[FVA] Starting optimization for reaction: SADT
[FVA] Starting optimization for reaction: PHEt2r_reverse
[FVA] Starting optimization for reaction: G6PDH2r
[FVA] Starting optimization for reaction: SADT2
  [Chunk 62/63] ✓ Complete (22 reactions)
[FVA] Starting optimization for reaction: MMSAD2
    [Chunk 49]  90.9% complete (20/22 reactions)
[FVA] Starting optimization for reaction: PHTHCLR1
  [Chunk 29/63] ✓ Complete (22 reactions)
[FVA] Starting optimization for reaction: MTI_reverse
[FVA] Starting optimization for reaction: MMSAD3
    [Chunk 55]  90.9% complete (20/22 reactions)
[FVA] Starting optimization for reaction: SALCS
[FVA] Starting optimization for reaction: PHTHCLR1_reverse
[FVA] Starting optimization for reaction: MYC1CYC1
[FVA] Starting optimization for reaction: MN6PP
[FVA] Starting optimization for reaction: SDPDS
  [Chunk 49/63] ✓ Complete (22 reactions)
[FVA] Starting optimization for reaction: PUNP6_reverse
[FVA] Starting optimization for reaction: MYC1CYC2
[FVA] Starting optimization for reaction: MNDNS1
[FVA] Starting optimization for reaction: PUNP7
  [Chunk 55/63] ✓ Complete (22 reactions)
[FVA] Starting optimization for reaction: AIRCr_reverse
[FVA] Starting optimization for reaction: MYC1CYC3
[FVA] Starting optimization for reaction: MNDNS2
[FVA] Starting optimization for reaction: PUNP7_reverse
[FVA] Starting optimization for reaction: AKGDb
[FVA] Starting optimization for reaction: MYC1CYC4
    [Chunk 40]  22.7% complete (5/22 reactions)
[FVA] Starting optimization for reaction: MOHMT
[FVA] Starting optimization for reaction: PYAM5PO
    [Chunk 41]  22.7% complete (5/22 reactions)
[FVA] Starting optimization for reaction: MYC1CYC5
[FVA] Starting optimization for reaction: ALAALAD
[FVA] Starting optimization for reaction: MOTH
[FVA] Starting optimization for reaction: PYDXNO
[FVA] Starting optimization for reaction: MYC1M1
[FVA] Starting optimization for reaction: ALAALAr
[FVA] Starting optimization for reaction: MOTS
[FVA] Starting optimization for reaction: MYC1M2
    [Chunk 54]  22.7% complete (5/22 reactions)
[FVA] Starting optimization for reaction: PYDXNO_reverse
[FVA] Starting optimization for reaction: ALAALAr_reverse
[FVA] Starting optimization for reaction: MPML
[FVA] Starting optimization for reaction: MYC2CYC1
[FVA] Starting optimization for reaction: PYDXO
    [Chunk  5]  22.7% complete (5/22 reactions)
[FVA] Starting optimization for reaction: ALAD_L
[FVA] Starting optimization for reaction: MPML_reverse
[FVA] Starting optimization for reaction: MYC2CYC2
[FVA] Starting optimization for reaction: PYDXO_reverse
[FVA] Starting optimization for reaction: ALAR
    [Chunk 40]  45.5% complete (10/22 reactions)
[FVA] Starting optimization for reaction: MSHAMID
    [Chunk 41]  45.5% complete (10/22 reactions)
[FVA] Starting optimization for reaction: MYC2CYC3
[FVA] Starting optimization for reaction: PYK
[FVA] Starting optimization for reaction: ALAR_reverse
[FVA] Starting optimization for reaction: MSHOXH
[FVA] Starting optimization for reaction: MYCFLUX1
[FVA] Starting optimization for reaction: PYRDC
[FVA] Starting optimization for reaction: ALATA_L
[FVA] Starting optimization for reaction: MSHS
[FVA] Starting optimization for reaction: MYCFLUX2
    [Chunk 54]  45.5% complete (10/22 reactions)
[FVA] Starting optimization for reaction: PYRt2
[FVA] Starting optimization for reaction: ALATA_L_reverse
[FVA] Starting optimization for reaction: MTAN
[FVA] Starting optimization for reaction: MYCFLUX3
[FVA] Starting optimization for reaction: PYRt2_reverse
    [Chunk  5]  45.5% complete (10/22 reactions)
[FVA] Starting optimization for reaction: ALATRS
[FVA] Starting optimization for reaction: MTHFC
[FVA] Starting optimization for reaction: MYCFLUX4
[FVA] Starting optimization for reaction: QRr
[FVA] Starting optimization for reaction: ALAt2r
    [Chunk 41]  68.2% complete (15/22 reactions)
[FVA] Starting optimization for reaction: MYCFLUX5
    [Chunk 40]  68.2% complete (15/22 reactions)
[FVA] Starting optimization for reaction: MTHFC_reverse
[FVA] Starting optimization for reaction: QRr_reverse
[FVA] Starting optimization for reaction: ALAt2r_reverse
[FVA] Starting optimization for reaction: MYCON1
[FVA] Starting optimization for reaction: MTHFD
[FVA] Starting optimization for reaction: QULNS
[FVA] Starting optimization for reaction: MYCON2
[FVA] Starting optimization for reaction: ALDD1
[FVA] Starting optimization for reaction: MTHFD2i
    [Chunk 54]  68.2% complete (15/22 reactions)
[FVA] Starting optimization for reaction: R05217
[FVA] Starting optimization for reaction: MYCON3
[FVA] Starting optimization for reaction: ALDD19xr
[FVA] Starting optimization for reaction: MTHFD2i_reverse
[FVA] Starting optimization for reaction: R05219
    [Chunk  5]  68.2% complete (15/22 reactions)
[FVA] Starting optimization for reaction: ALDD2x
[FVA] Starting optimization for reaction: MYCON4
[FVA] Starting optimization for reaction: R05224
[FVA] Starting optimization for reaction: MTHFD_reverse
    [Chunk 41]  90.9% complete (20/22 reactions)
[FVA] Starting optimization for reaction: MYCON5
[FVA] Starting optimization for reaction: AMAOTr
    [Chunk 40]  90.9% complete (20/22 reactions)
[FVA] Starting optimization for reaction: MTHFR2
[FVA] Starting optimization for reaction: RBFK
[FVA] Starting optimization for reaction: MYCSacp50
[FVA] Starting optimization for reaction: AMAOTr_reverse
[FVA] Starting optimization for reaction: MTI
[FVA] Starting optimization for reaction: RBFSa
[FVA] Starting optimization for reaction: AMID4
  [Chunk 41/63] ✓ Complete (22 reactions)
[FVA] Starting optimization for reaction: PSCVT
    [Chunk 54]  90.9% complete (20/22 reactions)
[FVA] Starting optimization for reaction: RBFSb
  [Chunk 40/63] ✓ Complete (22 reactions)
[FVA] Starting optimization for reaction: CAT
[FVA] Starting optimization for reaction: PSCVT_reverse
[FVA] Starting optimization for reaction: RBK
[FVA] Starting optimization for reaction: AMMQT6
[FVA] Starting optimization for reaction: CAt4
[FVA] Starting optimization for reaction: CAt4_reverse
    [Chunk  5]  90.9% complete (20/22 reactions)
[FVA] Starting optimization for reaction: AMMQT8
  [Chunk 54/63] ✓ Complete (22 reactions)
[FVA] Starting optimization for reaction: NH4t_reverse
[FVA] Starting optimization for reaction: PSD160
[FVA] Starting optimization for reaction: AMMQT8_2
[FVA] Starting optimization for reaction: PSD180
[FVA] Starting optimization for reaction: PSERT
[FVA] Starting optimization for reaction: NNAM
[FVA] Starting optimization for reaction: CBIAT
    [Chunk 53]  22.7% complete (5/22 reactions)
[FVA] Starting optimization for reaction: PSP_L
  [Chunk  5/63] ✓ Complete (22 reactions)
[FVA] Starting optimization for reaction: FOMETRi
[FVA] Starting optimization for reaction: NNATr
[FVA] Starting optimization for reaction: CBIAT_reverse
[FVA] Starting optimization for reaction: FOMETRi_reverse
[FVA] Starting optimization for reaction: NNDMBRT
    [Chunk  9]  22.7% complete (5/22 reactions)
[FVA] Starting optimization for reaction: CBLAT
[FVA] Starting optimization for reaction: PSSA160
[FVA] Starting optimization for reaction: PSSA180
[FVA] Starting optimization for reaction: FORMCOAL
[FVA] Starting optimization for reaction: NNDPR
[FVA] Starting optimization for reaction: CBLAT_reverse
[FVA] Starting optimization for reaction: PTAr
[FVA] Starting optimization for reaction: FORMCOAL_reverse
    [Chunk 44]  22.7% complete (5/22 reactions)
[FVA] Starting optimization for reaction: NO
[FVA] Starting optimization for reaction: CBPS
[FVA] Starting optimization for reaction: FRD
[FVA] Starting optimization for reaction: NO3R1
[FVA] Starting optimization for reaction: CDAPPA160
[FVA] Starting optimization for reaction: PTAr_reverse
    [Chunk 28]  22.7% complete (5/22 reactions)
[FVA] Starting optimization for reaction: FRD2
    [Chunk 53]  45.5% complete (10/22 reactions)
[FVA] Starting optimization for reaction: PTPATi
[FVA] Starting optimization for reaction: NO3R2
[FVA] Starting optimization for reaction: CDAPPA160190
[FVA] Starting optimization for reaction: PUNP1
[FVA] Starting optimization for reaction: FRD3
[FVA] Starting optimization for reaction: NO3t7
    [Chunk  9]  45.5% complete (10/22 reactions)
[FVA] Starting optimization for reaction: CDAPPA190
[FVA] Starting optimization for reaction: FRD5
[FVA] Starting optimization for reaction: NOt
[FVA] Starting optimization for reaction: CDPMEK
[FVA] Starting optimization for reaction: FRD5_reverse
[FVA] Starting optimization for reaction: PUNP1_reverse
[FVA] Starting optimization for reaction: PUNP2
    [Chunk 44]  45.5% complete (10/22 reactions)
[FVA] Starting optimization for reaction: NOt_reverse
[FVA] Starting optimization for reaction: FRDO
[FVA] Starting optimization for reaction: PUNP2_reverse
[FVA] Starting optimization for reaction: CDPPT160
[FVA] Starting optimization for reaction: NPHS
    [Chunk 28]  45.5% complete (10/22 reactions)
[FVA] Starting optimization for reaction: FRDO2r
[FVA] Starting optimization for reaction: CDPPT160190
[FVA] Starting optimization for reaction: NTD1
[FVA] Starting optimization for reaction: FRDO2r_reverse
[FVA] Starting optimization for reaction: CHLabc
    [Chunk 53]  68.2% complete (15/22 reactions)
[FVA] Starting optimization for reaction: PUNP3
[FVA] Starting optimization for reaction: PUNP3_reverse
[FVA] Starting optimization for reaction: FRDO3r
[FVA] Starting optimization for reaction: NTD10
    [Chunk  9]  68.2% complete (15/22 reactions)
[FVA] Starting optimization for reaction: CHOLD
[FVA] Starting optimization for reaction: PUNP4
[FVA] Starting optimization for reaction: FRDO3r_reverse
[FVA] Starting optimization for reaction: NTD11
[FVA] Starting optimization for reaction: CHORM
[FVA] Starting optimization for reaction: FRDO_reverse
    [Chunk 44]  68.2% complete (15/22 reactions)
[FVA] Starting optimization for reaction: NTD2
[FVA] Starting optimization for reaction: CHORS
[FVA] Starting optimization for reaction: PUNP4_reverse
[FVA] Starting optimization for reaction: CHRPL
[FVA] Starting optimization for reaction: PUNP5
    [Chunk 28]  68.2% complete (15/22 reactions)
[FVA] Starting optimization for reaction: FRRPPDIMAS
[FVA] Starting optimization for reaction: NTD3
    [Chunk 53]  90.9% complete (20/22 reactions)
[FVA] Starting optimization for reaction: PUNP5_reverse
[FVA] Starting optimization for reaction: FTHFCL
[FVA] Starting optimization for reaction: CIGAMS
[FVA] Starting optimization for reaction: NTD4
[FVA] Starting optimization for reaction: FTHFD
    [Chunk  9]  90.9% complete (20/22 reactions)
[FVA] Starting optimization for reaction: CITL_copy1
[FVA] Starting optimization for reaction: NTD5
[FVA] Starting optimization for reaction: PUNP6
[FVA] Starting optimization for reaction: CITL_copy1_reverse
  [Chunk 53/63] ✓ Complete (22 reactions)
[FVA] Starting optimization for reaction: GK1
[FVA] Starting optimization for reaction: FTHFLi
[FVA] Starting optimization for reaction: GK1_reverse
[FVA] Starting optimization for reaction: NTD6
[FVA] Starting optimization for reaction: FTHFLi_reverse
  [Chunk  9/63] ✓ Complete (22 reactions)
[FVA] Starting optimization for reaction: E4PD_reverse
    [Chunk 44]  90.9% complete (20/22 reactions)
[FVA] Starting optimization for reaction: NTD7
    [Chunk 28]  90.9% complete (20/22 reactions)
[FVA] Starting optimization for reaction: FUM
[FVA] Starting optimization for reaction: ECHH_0
[FVA] Starting optimization for reaction: GLCP
[FVA] Starting optimization for reaction: NTD8
[FVA] Starting optimization for reaction: ECHH_0_reverse
[FVA] Starting optimization for reaction: GLCS1
[FVA] Starting optimization for reaction: FUM_reverse
[FVA] Starting optimization for reaction: GLCabc
  [Chunk 44/63] ✓ Complete (22 reactions)
[FVA] Starting optimization for reaction: LDH_L
  [Chunk 28/63] ✓ Complete (22 reactions)
[FVA] Starting optimization for reaction: PANTS
[FVA] Starting optimization for reaction: ENO
[FVA] Starting optimization for reaction: LDH_L_reverse
[FVA] Starting optimization for reaction: PAPA160
    [Chunk 31]  22.7% complete (5/22 reactions)
[FVA] Starting optimization for reaction: GLGC
[FVA] Starting optimization for reaction: ENO_reverse
[FVA] Starting optimization for reaction: LEUTA
[FVA] Starting optimization for reaction: GLNS
    [Chunk 16]  22.7% complete (5/22 reactions)
[FVA] Starting optimization for reaction: ENTCS
[FVA] Starting optimization for reaction: PAPPT1
[FVA] Starting optimization for reaction: GLNSP1
[FVA] Starting optimization for reaction: PAPPT2
[FVA] Starting optimization for reaction: LEUTA_reverse
[FVA] Starting optimization for reaction: ETHAt
[FVA] Starting optimization for reaction: PAPPT3
[FVA] Starting optimization for reaction: LEUt2r
[FVA] Starting optimization for reaction: GLNSP2
[FVA] Starting optimization for reaction: ETHAt_reverse
    [Chunk 37]  22.7% complete (5/22 reactions)
[FVA] Starting optimization for reaction: LEUt2r_reverse
[FVA] Starting optimization for reaction: GLNSP3
[FVA] Starting optimization for reaction: EX_acysbmn_e
    [Chunk 47]  22.7% complete (5/22 reactions)
[FVA] Starting optimization for reaction: PAPSR
[FVA] Starting optimization for reaction: LO
    [Chunk 31]  45.5% complete (10/22 reactions)
[FVA] Starting optimization for reaction: GLU5K
[FVA] Starting optimization for reaction: PAPSR_reverse
[FVA] Starting optimization for reaction: EX_acysbmn_e_reverse
[FVA] Starting optimization for reaction: PATS
[FVA] Starting optimization for reaction: LPLIPAL2E160
[FVA] Starting optimization for reaction: GLUCYS
    [Chunk 16]  45.5% complete (10/22 reactions)
[FVA] Starting optimization for reaction: EX_ala_B_e
[FVA] Starting optimization for reaction: LPLIPAL2E180
[FVA] Starting optimization for reaction: GLUDC
[FVA] Starting optimization for reaction: EX_ala_B_e_reverse
[FVA] Starting optimization for reaction: LYSt5r
[FVA] Starting optimization for reaction: PC
[FVA] Starting optimization for reaction: GLUDxi
[FVA] Starting optimization for reaction: PC11M
[FVA] Starting optimization for reaction: EX_ala__D_e
    [Chunk 37]  45.5% complete (10/22 reactions)
[FVA] Starting optimization for reaction: LYSt5r_reverse
    [Chunk 47]  45.5% complete (10/22 reactions)
[FVA] Starting optimization for reaction: PC17M
[FVA] Starting optimization for reaction: GLUDxi_reverse
[FVA] Starting optimization for reaction: EX_ala__D_e_reverse
[FVA] Starting optimization for reaction: L_LACD
    [Chunk 31]  68.2% complete (15/22 reactions)
[FVA] Starting optimization for reaction: GLUPRT
[FVA] Starting optimization for reaction: EX_ala__L_e
[FVA] Starting optimization for reaction: L_LACD2
[FVA] Starting optimization for reaction: PC20M
[FVA] Starting optimization for reaction: GLUR
[FVA] Starting optimization for reaction: PC6AR
    [Chunk 16]  68.2% complete (15/22 reactions)
[FVA] Starting optimization for reaction: EX_ala__L_e_reverse
[FVA] Starting optimization for reaction: L_LACD3
[FVA] Starting optimization for reaction: PC6YM
[FVA] Starting optimization for reaction: GLUR_reverse
[FVA] Starting optimization for reaction: EX_arab__D_e
[FVA] Starting optimization for reaction: L_LACt2r
[FVA] Starting optimization for reaction: GLUSy
[FVA] Starting optimization for reaction: EX_arab__D_e_reverse
    [Chunk 37]  68.2% complete (15/22 reactions)
[FVA] Starting optimization for reaction: L_LACt2r_reverse
[FVA] Starting optimization for reaction: PC8XM
[FVA] Starting optimization for reaction: GLUTRR
    [Chunk 47]  68.2% complete (15/22 reactions)
[FVA] Starting optimization for reaction: PDE1
    [Chunk 31]  90.9% complete (20/22 reactions)
[FVA] Starting optimization for reaction: GLUt2r
[FVA] Starting optimization for reaction: EX_arab__L_e
[FVA] Starting optimization for reaction: L_LACt3
[FVA] Starting optimization for reaction: PDE4
[FVA] Starting optimization for reaction: EX_arab__L_e_reverse
[FVA] Starting optimization for reaction: MALS
[FVA] Starting optimization for reaction: GLUt2r_reverse
    [Chunk 16]  90.9% complete (20/22 reactions)
[FVA] Starting optimization for reaction: EX_arg__L_e
[FVA] Starting optimization for reaction: MALT
  [Chunk 31/63] ✓ Complete (22 reactions)
[FVA] Starting optimization for reaction: UAGCVT
[FVA] Starting optimization for reaction: PDH
[FVA] Starting optimization for reaction: EX_arg__L_e_reverse
[FVA] Starting optimization for reaction: UAGDP
[FVA] Starting optimization for reaction: PDHa
[FVA] Starting optimization for reaction: MALTHPabc
[FVA] Starting optimization for reaction: PDHbr
  [Chunk 16/63] ✓ Complete (22 reactions)
[FVA] Starting optimization for reaction: IMPD
    [Chunk 37]  90.9% complete (20/22 reactions)
[FVA] Starting optimization for reaction: MALTabc
    [Chunk 47]  90.9% complete (20/22 reactions)
[FVA] Starting optimization for reaction: PDHbr_reverse
[FVA] Starting optimization for reaction: UAGPT1
[FVA] Starting optimization for reaction: INDPYRD
[FVA] Starting optimization for reaction: MALt2r
[FVA] Starting optimization for reaction: UAGPT2
[FVA] Starting optimization for reaction: INDPYRD_reverse
[FVA] Starting optimization for reaction: UAGPT3
[FVA] Starting optimization for reaction: PDHcr_copy1
[FVA] Starting optimization for reaction: INSH
    [Chunk 61]  22.7% complete (5/22 reactions)
[FVA] Starting optimization for reaction: UAMAGS
[FVA] Starting optimization for reaction: INSK
[FVA] Starting optimization for reaction: UAMAS
    [Chunk 36]  22.7% complete (5/22 reactions)
[FVA] Starting optimization for reaction: IPDDI
[FVA] Starting optimization for reaction: UAMRH
[FVA] Starting optimization for reaction: IPDDI_reverse
[FVA] Starting optimization for reaction: UAPGR
[FVA] Starting optimization for reaction: IPDPS
[FVA] Starting optimization for reaction: UDCPDP
[FVA] Starting optimization for reaction: IPMD
    [Chunk 61]  45.5% complete (10/22 reactions)
[FVA] Starting optimization for reaction: UDCPDPS
[FVA] Starting optimization for reaction: IPPMIa
[FVA] Starting optimization for reaction: UDPDPS
    [Chunk 36]  45.5% complete (10/22 reactions)
[FVA] Starting optimization for reaction: IPPMIa_reverse
[FVA] Starting optimization for reaction: UDPDPS2
[FVA] Starting optimization for reaction: IPPMIb
[FVA] Starting optimization for reaction: UDPG4E
[FVA] Starting optimization for reaction: IPPMIb_reverse
[FVA] Starting optimization for reaction: UDPG4E_reverse
[FVA] Starting optimization for reaction: IPPS
    [Chunk 61]  68.2% complete (15/22 reactions)
[FVA] Starting optimization for reaction: UDPGALM
[FVA] Starting optimization for reaction: KARA1
[FVA] Starting optimization for reaction: UDPGD
[FVA] Starting optimization for reaction: UGAGDS
    [Chunk 36]  68.2% complete (15/22 reactions)
[FVA] Starting optimization for reaction: KARA1_reverse
[FVA] Starting optimization for reaction: KARA2
[FVA] Starting optimization for reaction: UGGPT3
[FVA] Starting optimization for reaction: UGLDDS1
[FVA] Starting optimization for reaction: Kabc
    [Chunk 61]  90.9% complete (20/22 reactions)
[FVA] Starting optimization for reaction: UGLDDS2
[FVA] Starting optimization for reaction: Kt3r
[FVA] Starting optimization for reaction: Kt3r_reverse
[FVA] Starting optimization for reaction: UGMAGS
    [Chunk 36]  90.9% complete (20/22 reactions)
[FVA] Starting optimization for reaction: LACZ
[FVA] Starting optimization for reaction: LCTSabc
  [Chunk 61/63] ✓ Complete (22 reactions)
  [Chunk 37/63] ✓ Complete (22 reactions)
  [Chunk 36/63] ✓ Complete (22 reactions)
  [Chunk 47/63] ✓ Complete (22 reactions)
  Dask dashboard: http://127.0.0.1:40591/status

  ✓ FVA Complete: 1366 reactions processed
    - Successful: 1366
    - Success rate: 100.0%
    - Execution time: 10.5 minutes (629.4 seconds)
    - Average time per reaction: 0.46 seconds

  FVA results saved to: /project/6000502/ranaab/kinGEMs_v2/results/tuning_results/BiGG_models/iNJ661_20260219_5139/iNJ661_pre_tuning_fva_results.csv
  kinGEMs FVA completed: 1366 reactions analyzed
  Running COBRApy FVA for comparison...
 Using irreversible model for cobrapy FVA
  COBRApy FVA completed: 1366 reactions analyzed and results saved to /project/6000502/ranaab/kinGEMs_v2/results/tuning_results/BiGG_models/iNJ661_20260219_5139/iNJ661_pre_tuning_cobra_fva_results.csv
  Generating FVA plots...
  Saved FVA flux range plot to: /project/6000502/ranaab/kinGEMs_v2/results/tuning_results/BiGG_models/iNJ661_20260219_5139/iNJ661_pre_tuning_fva_flux_range_plot.png

FVi at cumulative probability = 0.5:
  kinGEMs FVA: 0.4500
  COBRApy FVA: 0.4500
  Saved FVA cumulative plot to: /project/6000502/ranaab/kinGEMs_v2/results/tuning_results/BiGG_models/iNJ661_20260219_5139/iNJ661_pre_tuning_fva_cumulative_plot.png

=== Step 6: Running Flux Variability Analysis ===
  Using parallel FVA with 4 workers...
  Parallel FVA configuration:
    Method: dask
    Workers: 4
    Reactions: 1366
    Chunk size: 22
    Number of chunks: 63
    Estimated memory: ~0.4 GB

  Running baseline optimization...

Completed at: Thu Feb 19 09:32:14 PST 2026
