Starting kinGEMs pipeline for iPC815
Config: configs/BiGG_models/iPC815.json
Starting run at: Tue Mar 10 09:42:03 PDT 2026

Restricted license - for non-production use only - expires 2026-11-23
Loading configuration from: configs/BiGG_models/iPC815.json

======================================================================
=== kinGEMs Pipeline for iPC815 ===
======================================================================
Run ID: iPC815_20260310_9331
Model type: Standard
Organism: Yersinia
Results directory: /project/6000502/ranaab/kinGEMs_v2/results/tuning_results/BiGG_models/iPC815_20260310_9331
======================================================================
=== kinGEMs Pipeline for iPC815 ===
Run ID: iPC815_20260310_9331
Model type: Standard
Organism: Yersinia
Results directory: /project/6000502/ranaab/kinGEMs_v2/results/tuning_results/BiGG_models/iPC815_20260310_9331
Solver: glpk
Biomass reaction: BIOMASS_37C
Baseline growth: 0.2836
=== Step 1: Preparing model data ===
Warning: Model has 8 validation errors
Loaded model with 1961 reactions and 1552 metabolites

Completed at: Tue Mar 10 09:42:50 PDT 2026
