Starting kinGEMs pipeline for iRC1080
Config: configs/BiGG_models/iRC1080.json
Starting run at: Tue Mar 10 09:42:02 PDT 2026

Restricted license - for non-production use only - expires 2026-11-23
Loading configuration from: configs/BiGG_models/iRC1080.json

======================================================================
=== kinGEMs Pipeline for iRC1080 ===
======================================================================
Run ID: iRC1080_20260310_1715
Model type: Standard
Organism: E coli
Results directory: /project/6000502/ranaab/kinGEMs_v2/results/tuning_results/BiGG_models/iRC1080_20260310_1715
======================================================================
=== kinGEMs Pipeline for iRC1080 ===
Run ID: iRC1080_20260310_1715
Model type: Standard
Organism: E coli
Results directory: /project/6000502/ranaab/kinGEMs_v2/results/tuning_results/BiGG_models/iRC1080_20260310_1715
Solver: glpk

Completed at: Tue Mar 10 09:42:12 PDT 2026
