Starting kinGEMs pipeline for iSynCJ816
Config: configs/BiGG_models/iSynCJ816.json
Time: Thu Feb 19 09:21:10 PST 2026

Restricted license - for non-production use only - expires 2026-11-23
Loading configuration from: configs/BiGG_models/iSynCJ816.json

======================================================================
=== kinGEMs Pipeline for iSynCJ816 ===
======================================================================
Run ID: iSynCJ816_20260219_8779
Model type: Standard
Organism: Synechocystis
Results directory: /project/6000502/ranaab/kinGEMs_v2/results/tuning_results/BiGG_models/iSynCJ816_20260219_8779
======================================================================
=== kinGEMs Pipeline for iSynCJ816 ===
Run ID: iSynCJ816_20260219_8779
Model type: Standard
Organism: Synechocystis
Results directory: /project/6000502/ranaab/kinGEMs_v2/results/tuning_results/BiGG_models/iSynCJ816_20260219_8779
Solver: glpk

Completed at: Thu Feb 19 09:21:16 PST 2026
