=========================================
Job: Compile Validation Results
Job ID: 11776646
Node: fc30564
Current working directory: /project/def-mahadeva/ranaab/kinGEMs_v2
Starting run at: Wed Nov 19 11:28:04 PST 2025
=========================================
Compiling validation results...

======================================================================
=== Compiling Validation Results ===
======================================================================
Input: results/validation_parallel
Output: results/validation_compiled
Fitness threshold: -2
Simulation threshold: 0.001
======================================================================

=== Step 1: Loading results ===
  ✓ Loaded experimental: (1326, 25)
  ✓ Loaded baseline: (1326, 25)
  ✓ Loaded pre_tuning: (1326, 25)
  ✓ Loaded post_tuning: (1326, 25)
  ✓ Loaded baseline wild-type growth: (25,)
  ✓ Loaded pretuning wild-type growth: (25,)
  ✓ Loaded posttuning wild-type growth: (25,)

=== Step 2: Calculating correlation metrics across 6 scenarios ===
Scenarios:
  1. No filtering (all data)
  2. Experimental fitness > -2
  3. Experimental fitness > -2 AND predicted growth > 0.0001

  Processing Baseline GEM...
    - Growth rate: No filtering
    - Fitness space: No filtering
    - Growth rate: Exp fitness > -2
    - Fitness space: Exp fitness > -2
    - Growth rate: Exp fitness > -2 AND Pred > 0.0001
    - Fitness space: Exp fitness > -2 AND Pred > 0.0001
  ✓ Baseline GEM - all scenarios calculated

  Processing Pre-tuning kinGEMs...
    - Growth rate: No filtering
    - Fitness space: No filtering
    - Growth rate: Exp fitness > -2
    - Fitness space: Exp fitness > -2
    - Growth rate: Exp fitness > -2 AND Pred > 0.0001
    - Fitness space: Exp fitness > -2 AND Pred > 0.0001
  ✓ Pre-tuning kinGEMs - all scenarios calculated

  Processing Post-tuning kinGEMs...
    - Growth rate: No filtering
    - Fitness space: No filtering
    - Growth rate: Exp fitness > -2
    - Fitness space: Exp fitness > -2
    - Growth rate: Exp fitness > -2 AND Pred > 0.0001
    - Fitness space: Exp fitness > -2 AND Pred > 0.0001
  ✓ Post-tuning kinGEMs - all scenarios calculated

====================================================================================================
=== Data Filtering Summary Across All Scenarios ===
====================================================================================================

📊 Scenario: No filtering (no_filter)
----------------------------------------------------------------------------------------------------
  Baseline GEM                  : 33,150 / 33,150 points (100.0% kept,      0 filtered)
  Pre-tuning kinGEMs            : 33,150 / 33,150 points (100.0% kept,      0 filtered)
  Post-tuning kinGEMs           : 33,150 / 33,150 points (100.0% kept,      0 filtered)

📊 Scenario: Exp fitness > -2 (fit_filter)
----------------------------------------------------------------------------------------------------
  Baseline GEM                  : 30,102 / 33,150 points ( 90.8% kept,  3,048 filtered)
  Pre-tuning kinGEMs            : 30,102 / 33,150 points ( 90.8% kept,  3,048 filtered)
  Post-tuning kinGEMs           : 30,102 / 33,150 points ( 90.8% kept,  3,048 filtered)

📊 Scenario: Exp fitness > -2 AND Pred > 0.0001 (both_filter)
----------------------------------------------------------------------------------------------------
  Baseline GEM                  : 29,520 / 33,150 points ( 89.0% kept,  3,630 filtered)
  Pre-tuning kinGEMs            : 29,543 / 33,150 points ( 89.1% kept,  3,607 filtered)
  Post-tuning kinGEMs           : 29,520 / 33,150 points ( 89.0% kept,  3,630 filtered)
====================================================================================================

=== Step 3: Calculating classification metrics ===
  ✓ Baseline classification metrics calculated
  ✓ Pre-tuning classification metrics calculated
  ✓ Post-tuning classification metrics calculated

=== Step 4: Creating correlation visualizations ===
  ✓ Saved comparison plot: results/validation_compiled/validation_comparison.png

=== Step 4a: Creating fitness-scale scatter plots ===
  ✓ Saved fitness comparison scatter plots: results/validation_compiled/fitness_comparison_scatter.png
  ✓ Saved combined fitness comparison plot: results/validation_compiled/fitness_comparison_combined.png

=== Step 4b: Creating distribution plots ===
  ✓ Saved distribution histograms: results/validation_compiled/prediction_distributions_histograms.png
  ✓ Saved density plot: results/validation_compiled/prediction_distributions_density.png
  ✓ Saved box plot: results/validation_compiled/prediction_distributions_boxplot.png
  ✓ Saved CDF plot: results/validation_compiled/prediction_distributions_cdf.png
  ✓ Saved violin plot: results/validation_compiled/prediction_distributions_violin.png
  ✓ Saved distribution statistics: results/validation_compiled/prediction_distribution_statistics.csv

======================================================================
=== Prediction Distribution Statistics ===
======================================================================
                       count      mean       std  min       25%    median       75%       max   zeros  zeros_pct
Baseline GEM         33150.0  0.698394  0.424865 -0.0  0.377356  0.704686  0.877309  1.779800   807.0       2.43
Pre-tuning kinGEMs   33150.0  0.074803  0.101611  0.0  0.016882  0.048835  0.070865  0.688913  2133.0       6.43
Post-tuning kinGEMs  33150.0  0.119473  0.097559  0.0  0.018399  0.131160  0.167935  0.628306  2171.0       6.55
======================================================================

=== Step 4c: Creating fitness distribution plots ===
  ✓ Saved fitness distribution histograms: results/validation_compiled/fitness_distributions_histograms.png
  ✓ Saved fitness density plot: results/validation_compiled/fitness_distributions_density.png
  ✓ Saved fitness box plot: results/validation_compiled/fitness_distributions_boxplot.png
  ✓ Saved fitness violin plot: results/validation_compiled/fitness_distributions_violin.png
  ✓ Saved fitness CDF plot: results/validation_compiled/fitness_distributions_cdf.png
  ✓ Saved fitness distribution statistics: results/validation_compiled/fitness_distribution_statistics.csv

======================================================================
=== Fitness Distribution Statistics ===
======================================================================
                       count   mean    std     min    25%  median    75%     max  negative_pct  positive_pct  neutral_pct  strong_negative_pct  strong_positive_pct
Experimental         30102.0 -0.075  0.402  -2.000 -0.143  -0.018  0.086   8.518          54.7          45.2         46.2                  3.7                  0.6
Baseline GEM         30102.0 -0.632  4.486 -34.051 -0.000  -0.000  0.000   0.000          74.5          25.5         97.0                  1.9                  0.0
Pre-tuning kinGEMs   30102.0 -0.504  3.894 -32.068  0.009   0.016  0.029  11.406          10.8          89.2         93.9                  1.9                  0.1
Post-tuning kinGEMs  30102.0 -0.555  4.087 -31.741  0.007   0.011  0.044   6.268          10.8          89.2         97.7                  2.0                  0.0
======================================================================
Notes:
  - negative_pct: % of mutations with fitness < 0 (deleterious)
  - positive_pct: % of mutations with fitness > 0 (beneficial)
  - neutral_pct: % of mutations with |fitness| < 0.1 (near-neutral)
  - strong_negative_pct: % with fitness < -1 (>50% reduction)
  - strong_positive_pct: % with fitness > 1 (>2× improvement)
======================================================================

=== Step 5: Creating classification visualizations ===
  ✓ Saved ROC curve: results/validation_compiled/baseline_gem_roc_curve.png
  ✓ Saved PR curve: results/validation_compiled/baseline_gem_pr_curve.png
  ✓ Saved confusion matrix: results/validation_compiled/baseline_gem_confusion_matrix.png
  ✓ Saved ROC curve: results/validation_compiled/pre_tuning_kingems_roc_curve.png
  ✓ Saved PR curve: results/validation_compiled/pre_tuning_kingems_pr_curve.png
  ✓ Saved confusion matrix: results/validation_compiled/pre_tuning_kingems_confusion_matrix.png
  ✓ Saved ROC curve: results/validation_compiled/post_tuning_kingems_roc_curve.png
  ✓ Saved PR curve: results/validation_compiled/post_tuning_kingems_pr_curve.png
  ✓ Saved confusion matrix: results/validation_compiled/post_tuning_kingems_confusion_matrix.png

=== Step 6: Creating metrics tables ===

  Creating multi-scenario correlation metrics tables...
  ✓ Saved multi-scenario growth rate metrics: results/validation_compiled/validation_metrics_all_scenarios.csv

====================================================================================================
=== Growth Rate Space Correlation Metrics - All Scenarios ===
====================================================================================================
                                      scenario n_points n_filtered_out pearson_r spearman_r kendall_tau        r2      rmse
Baseline GEM [no_filter]             no_filter    33150              0  0.282992   0.149991     0.09916 -0.804909  1.596846
Baseline GEM [fit_filter]           fit_filter    30102           3048  0.027661   0.008459    0.005318 -5.014303  0.986401
Baseline GEM [both_filter]         both_filter    29520           3630 -0.039699  -0.033987   -0.022498 -5.613558  0.985987
Pre-tuning kinGEMs [no_filter]       no_filter    33150              0  0.125959   0.163875    0.109986 -0.156462  1.278207
Pre-tuning kinGEMs [fit_filter]     fit_filter    30102           3048   0.06513   0.044222    0.029693 -0.175699  0.436123
Pre-tuning kinGEMs [both_filter]   both_filter    29543           3607  0.042496   0.006189    0.004129 -0.182357  0.418855
Post-tuning kinGEMs [no_filter]      no_filter    33150              0  0.218714   0.155927    0.103799  -0.17399  1.287857
Post-tuning kinGEMs [fit_filter]    fit_filter    30102           3048  0.041776   0.020719    0.013568 -0.286239  0.456165
Post-tuning kinGEMs [both_filter]  both_filter    29520           3630 -0.004535  -0.020796   -0.014019  -0.30744  0.438394
====================================================================================================

====================================================================================================
=== Data Points Summary (Growth Rate Space) ===
====================================================================================================
                                      scenario n_points n_filtered_out n_total_before_filter
Baseline GEM [no_filter]             no_filter    33150              0                 33150
Baseline GEM [fit_filter]           fit_filter    30102           3048                 33150
Baseline GEM [both_filter]         both_filter    29520           3630                 33150
Pre-tuning kinGEMs [no_filter]       no_filter    33150              0                 33150
Pre-tuning kinGEMs [fit_filter]     fit_filter    30102           3048                 33150
Pre-tuning kinGEMs [both_filter]   both_filter    29543           3607                 33150
Post-tuning kinGEMs [no_filter]      no_filter    33150              0                 33150
Post-tuning kinGEMs [fit_filter]    fit_filter    30102           3048                 33150
Post-tuning kinGEMs [both_filter]  both_filter    29520           3630                 33150
====================================================================================================
Note: n_points = number of data points used in analysis
      n_filtered_out = number of data points excluded by filtering
      n_total_before_filter = total data points before any filtering
====================================================================================================
  ✓ Saved multi-scenario fitness metrics: results/validation_compiled/validation_metrics_fitness_all_scenarios.csv

====================================================================================================
=== Fitness Space Correlation Metrics - All Scenarios ===
====================================================================================================
                                      scenario n_points n_filtered_out pearson_r_fitness spearman_r_fitness kendall_tau_fitness  r2_fitness rmse_fitness
Baseline GEM [no_filter]             no_filter    33150              0          0.638443           0.202329            0.135532  -39.463875     7.560824
Baseline GEM [fit_filter]           fit_filter    30102           3048          0.250337           0.063116            0.041924 -120.750769     4.438098
Baseline GEM [both_filter]         both_filter    29520           3630          0.142467           0.023553            0.015591   -0.009684     0.385253
Pre-tuning kinGEMs [no_filter]       no_filter    33150              0            0.6315           0.168237            0.112408  -28.826307     6.491351
Pre-tuning kinGEMs [fit_filter]     fit_filter    30102           3048          0.236781           0.036831            0.024696  -90.270471     3.842609
Pre-tuning kinGEMs [both_filter]   both_filter    29543           3607         -0.003937          -0.001765           -0.001063   -0.446564     0.463296
Post-tuning kinGEMs [no_filter]      no_filter    33150              0           0.63592           0.182632            0.122697  -31.823287     6.809675
Post-tuning kinGEMs [fit_filter]    fit_filter    30102           3048          0.247822           0.056715            0.038169  -99.624545     4.034716
Post-tuning kinGEMs [both_filter]  both_filter    29520           3630          0.000719           0.017153            0.011594   -0.089329      0.40016
====================================================================================================

====================================================================================================
=== Data Points Summary (Fitness Space) ===
====================================================================================================
                                      scenario n_points n_filtered_out n_total_before_filter
Baseline GEM [no_filter]             no_filter    33150              0                 33150
Baseline GEM [fit_filter]           fit_filter    30102           3048                 33150
Baseline GEM [both_filter]         both_filter    29520           3630                 33150
Pre-tuning kinGEMs [no_filter]       no_filter    33150              0                 33150
Pre-tuning kinGEMs [fit_filter]     fit_filter    30102           3048                 33150
Pre-tuning kinGEMs [both_filter]   both_filter    29543           3607                 33150
Post-tuning kinGEMs [no_filter]      no_filter    33150              0                 33150
Post-tuning kinGEMs [fit_filter]    fit_filter    30102           3048                 33150
Post-tuning kinGEMs [both_filter]  both_filter    29520           3630                 33150
====================================================================================================
Note: n_points = number of data points used in analysis
      n_filtered_out = number of data points excluded by filtering
      n_total_before_filter = total data points before any filtering
====================================================================================================

  Creating data points summary table...
  ✓ Saved data points summary: results/validation_compiled/data_points_summary.csv
  ✓ Saved data points summary (fitness space): results/validation_compiled/data_points_summary_fitness.csv

  Creating legacy single-scenario metrics tables...
  ✓ Saved metrics table: results/validation_compiled/validation_metrics.csv

======================================================================
=== Validation Metrics ===
======================================================================
                    pearson_r pearson_p spearman_r spearman_p kendall_tau kendall_p        r2      rmse       mae energy_distance wasserstein_distance n_points n_total_before_filter n_filtered_out fitness_threshold_used pred_threshold_used    scenario
Baseline GEM         0.027661  0.000002   0.008459   0.142205    0.005318  0.166798 -5.014303  0.986401  0.836744        0.936986             0.814204    30102                 33150           3048                     -2                None  fit_filter
Pre-tuning kinGEMs    0.06513       0.0   0.044222        0.0    0.029693       0.0 -0.175699  0.436123  0.254171        0.274946             0.184752    30102                 33150           3048                     -2                None  fit_filter
Post-tuning kinGEMs  0.041776       0.0   0.020719   0.000324    0.013568  0.000443 -0.286239  0.456165  0.285857        0.329084             0.230204    30102                 33150           3048                     -2                None  fit_filter
======================================================================
  ✓ Saved fitness-based correlation metrics: results/validation_compiled/validation_metrics_fitness.csv

======================================================================
=== Fitness-Based Correlation Metrics ===
======================================================================
                    pearson_r_fitness pearson_p_fitness spearman_r_fitness spearman_p_fitness kendall_tau_fitness kendall_p_fitness  r2_fitness rmse_fitness mae_fitness energy_distance_fitness wasserstein_distance_fitness        wild_type_growth_used n_points n_total_before_filter n_filtered_out fitness_threshold_used pred_threshold_used    scenario pred_fitness_mean pred_fitness_std pred_fitness_min pred_fitness_max
Baseline GEM                 0.250337               0.0           0.063116                0.0            0.041924               0.0 -120.750769     4.438098    0.821152                0.319522                     0.784709  mean=0.751302, std=0.395219    30102                 33150           3048                     -2                None  fit_filter         -0.632318         4.486394       -34.050996              0.0
Pre-tuning kinGEMs           0.236781               0.0           0.036831                0.0            0.024696               0.0  -90.270471     3.842609    0.740569                0.288423                     0.674502  mean=0.078977, std=0.101791    30102                 33150           3048                     -2                None  fit_filter         -0.504382         3.893726       -32.067554         11.40637
Post-tuning kinGEMs          0.247822               0.0           0.056715                0.0            0.038169               0.0  -99.624545     4.034716    0.770583                0.299128                      0.71475  mean=0.127668, std=0.095370    30102                 33150           3048                     -2                None  fit_filter         -0.554803         4.086761       -31.740935         6.268361
======================================================================
Note: Predictions converted to log2(mutant/WT) fitness scale
======================================================================
  ✓ Saved classification metrics: results/validation_compiled/classification_metrics.csv

======================================================================
=== Classification Metrics ===
======================================================================
                     accuracy  balanced_accuracy  precision  recall  f1_score     mcc  roc_auc  average_precision  pr_auc_notebook  optimal_threshold  accuracy_optimal  balanced_accuracy_optimal  true_negatives  false_positives  false_negatives  true_positives  n_samples
Baseline GEM           0.9384             0.7510     0.9529  0.9807    0.9666  0.5863   0.7778             0.9579         0.613369             0.1531            0.9377                     0.7533          1589.0           1459.0            582.0         29520.0    33150.0
Pre-tuning kinGEMs     0.9052             0.7408     0.9528  0.9423    0.9475  0.4598   0.7484             0.9485         0.480049             0.0003            0.9328                     0.7491          1644.0           1404.0           1738.0         28364.0    33150.0
Post-tuning kinGEMs    0.9384             0.7510     0.9529  0.9807    0.9666  0.5863   0.7696             0.9559         0.613369             0.0073            0.9356                     0.7537          1589.0           1459.0            582.0         29520.0    33150.0
======================================================================

=== Step 7: Improvement analysis ===
  ✓ Saved improvements analysis: results/validation_compiled/validation_improvements.csv

======================================================================
=== Improvement Analysis ===
======================================================================
                          Δ Pearson r  Δ Spearman r  Δ RMSE  % RMSE change
Baseline → Pre-tuning          0.0375        0.0358 -0.5503       -55.7864
Baseline → Post-tuning         0.0141        0.0123 -0.5302       -53.7546
Pre-tuning → Post-tuning      -0.0234       -0.0235  0.0200         4.5954
======================================================================
Note: Negative Δ RMSE indicates improvement (lower error)
======================================================================

=== Step 8: Saving metadata ===
  ✓ Saved combined metadata: results/validation_compiled/compiled_metadata.json

======================================================================
=== Compilation Complete ===
======================================================================
Results saved to: results/validation_compiled

Generated files:

📊 MULTI-SCENARIO METRICS (NEW):
  - validation_metrics_all_scenarios.csv (growth rate space - 3 filtering scenarios)
  - validation_metrics_fitness_all_scenarios.csv (fitness space - 3 filtering scenarios)
  - data_points_summary.csv (data point counts for growth rate space)
  - data_points_summary_fitness.csv (data point counts for fitness space)

📈 LEGACY SINGLE-SCENARIO METRICS:
  - validation_metrics.csv (growth rate space - exp fitness > -2)
  - validation_metrics_fitness.csv (fitness space - exp fitness > -2)
  - classification_metrics.csv (classification metrics)
  - validation_improvements.csv
  - validation_comparison.png (scatter: experimental fitness vs predicted growth)
  - fitness_comparison_scatter.png (scatter: experimental fitness vs predicted fitness)
  - fitness_comparison_combined.png (combined fitness scatter for all models)
  - prediction_distributions_histograms.png (individual histograms)
  - prediction_distributions_density.png (overlaid density plots)
  - prediction_distributions_boxplot.png (box plot comparison)
  - prediction_distributions_cdf.png (cumulative distribution)
  - prediction_distributions_violin.png (violin plot)
  - prediction_distribution_statistics.csv (distribution stats)
  - fitness_distributions_histograms.png (fitness histograms)
  - fitness_distributions_density.png (fitness density plots)
  - fitness_distributions_boxplot.png (fitness box plot)
  - fitness_distributions_violin.png (fitness violin plot)
  - fitness_distributions_cdf.png (fitness CDF)
  - fitness_distribution_statistics.csv (fitness distribution stats)
  - *_roc_curve.png (ROC curves for each model)
  - *_pr_curve.png (Precision-Recall curves)
  - *_confusion_matrix.png (confusion matrices)
  - compiled_metadata.json
======================================================================
=========================================
Finished at: Wed Nov 19 11:29:37 PST 2025
Exit code: 0
=========================================
