=========================================
Job: Compile Validation Results
Job ID: 11659193
Node: fc30562
Current working directory: /project/def-mahadeva/ranaab/kinGEMs_v2
Starting run at: Tue Nov 18 12:39:04 PST 2025
=========================================
Compiling validation results...

======================================================================
=== Compiling Validation Results ===
======================================================================
Input: results/validation_parallel
Output: results/validation_compiled
Fitness threshold: -2
Simulation threshold: 0.001
======================================================================

=== Step 1: Loading results ===
  ✓ Loaded experimental: (1326, 25)
  ✓ Loaded baseline: (1326, 25)
  ✓ Loaded pre_tuning: (1326, 25)
  ✓ Loaded post_tuning: (1326, 25)
  ✓ Loaded baseline wild-type growth: (25,)
  ✓ Loaded pretuning wild-type growth: (25,)
  ✓ Loaded posttuning wild-type growth: (25,)

=== Step 2: Calculating correlation metrics ===
  ✓ Baseline correlation metrics calculated
  ✓ Pre-tuning correlation metrics calculated
  ✓ Post-tuning correlation metrics calculated

=== Step 3: Calculating classification metrics ===
  ✓ Baseline classification metrics calculated
  ✓ Pre-tuning classification metrics calculated
  ✓ Post-tuning classification metrics calculated

=== Step 4: Creating correlation visualizations ===
  ✓ Saved comparison plot: results/validation_compiled/validation_comparison.png

=== Step 4a: Creating fitness-scale scatter plots ===
  ✓ Saved fitness comparison scatter plots: results/validation_compiled/fitness_comparison_scatter.png
  ✓ Saved combined fitness comparison plot: results/validation_compiled/fitness_comparison_combined.png

=== Step 4b: Creating distribution plots ===
  ✓ Saved distribution histograms: results/validation_compiled/prediction_distributions_histograms.png
  ✓ Saved density plot: results/validation_compiled/prediction_distributions_density.png
  ✓ Saved box plot: results/validation_compiled/prediction_distributions_boxplot.png
  ✓ Saved CDF plot: results/validation_compiled/prediction_distributions_cdf.png
  ✓ Saved violin plot: results/validation_compiled/prediction_distributions_violin.png
  ✓ Saved distribution statistics: results/validation_compiled/prediction_distribution_statistics.csv

======================================================================
=== Prediction Distribution Statistics ===
======================================================================
                       count      mean       std  min       25%    median       75%       max   zeros  zeros_pct
Baseline GEM         33150.0  0.698394  0.424865 -0.0  0.377356  0.704686  0.877309  1.779800   807.0       2.43
Pre-tuning kinGEMs   33150.0  0.074803  0.101611  0.0  0.016882  0.048835  0.070865  0.688913  2133.0       6.43
Post-tuning kinGEMs  33150.0  0.119473  0.097559  0.0  0.018399  0.131160  0.167935  0.628306  2171.0       6.55
======================================================================

=== Step 4c: Creating fitness distribution plots ===
  ✓ Saved fitness distribution histograms: results/validation_compiled/fitness_distributions_histograms.png
  ✓ Saved fitness density plot: results/validation_compiled/fitness_distributions_density.png
  ✓ Saved fitness box plot: results/validation_compiled/fitness_distributions_boxplot.png
  ✓ Saved fitness violin plot: results/validation_compiled/fitness_distributions_violin.png
  ✓ Saved fitness CDF plot: results/validation_compiled/fitness_distributions_cdf.png
  ✓ Saved fitness distribution statistics: results/validation_compiled/fitness_distribution_statistics.csv

======================================================================
=== Fitness Distribution Statistics ===
======================================================================
                       count   mean    std     min    25%  median    75%     max  negative_pct  positive_pct  neutral_pct  strong_negative_pct  strong_positive_pct
Experimental         30102.0 -0.075  0.402  -2.000 -0.143  -0.018  0.086   8.518          54.7          45.2         46.2                  3.7                  0.6
Baseline GEM         30102.0 -0.632  4.486 -34.051 -0.000  -0.000  0.000   0.000          74.5          25.5         97.0                  1.9                  0.0
Pre-tuning kinGEMs   30102.0 -0.504  3.894 -32.068  0.009   0.016  0.029  11.406          10.8          89.2         93.9                  1.9                  0.1
Post-tuning kinGEMs  30102.0 -0.555  4.087 -31.741  0.007   0.011  0.044   6.268          10.8          89.2         97.7                  2.0                  0.0
======================================================================
Notes:
  - negative_pct: % of mutations with fitness < 0 (deleterious)
  - positive_pct: % of mutations with fitness > 0 (beneficial)
  - neutral_pct: % of mutations with |fitness| < 0.1 (near-neutral)
  - strong_negative_pct: % with fitness < -1 (>50% reduction)
  - strong_positive_pct: % with fitness > 1 (>2× improvement)
======================================================================

=== Step 5: Creating classification visualizations ===
  ✓ Saved ROC curve: results/validation_compiled/baseline_gem_roc_curve.png
  ✓ Saved PR curve: results/validation_compiled/baseline_gem_pr_curve.png
  ✓ Saved confusion matrix: results/validation_compiled/baseline_gem_confusion_matrix.png
  ✓ Saved ROC curve: results/validation_compiled/pre_tuning_kingems_roc_curve.png
  ✓ Saved PR curve: results/validation_compiled/pre_tuning_kingems_pr_curve.png
  ✓ Saved confusion matrix: results/validation_compiled/pre_tuning_kingems_confusion_matrix.png
  ✓ Saved ROC curve: results/validation_compiled/post_tuning_kingems_roc_curve.png
  ✓ Saved PR curve: results/validation_compiled/post_tuning_kingems_pr_curve.png
  ✓ Saved confusion matrix: results/validation_compiled/post_tuning_kingems_confusion_matrix.png

=== Step 6: Creating metrics tables ===
  ✓ Saved metrics table: results/validation_compiled/validation_metrics.csv

======================================================================
=== Validation Metrics ===
======================================================================
                     pearson_r  pearson_p  spearman_r  spearman_p  kendall_tau  kendall_p      r2    rmse     mae  energy_distance  wasserstein_distance  n_points  n_total_before_filter  n_filtered_out  fitness_threshold_used
Baseline GEM            0.0277   0.000002      0.0085    0.142205       0.0053   0.166798 -5.0143  0.9864  0.8367           0.9370                0.8142   30102.0                33150.0          3048.0                    -2.0
Pre-tuning kinGEMs      0.0651   0.000000      0.0442    0.000000       0.0297   0.000000 -0.1757  0.4361  0.2542           0.2749                0.1848   30102.0                33150.0          3048.0                    -2.0
Post-tuning kinGEMs     0.0418   0.000000      0.0207    0.000324       0.0136   0.000443 -0.2862  0.4562  0.2859           0.3291                0.2302   30102.0                33150.0          3048.0                    -2.0
======================================================================
  ✓ Saved fitness-based correlation metrics: results/validation_compiled/validation_metrics_fitness.csv

======================================================================
=== Fitness-Based Correlation Metrics ===
======================================================================
                    pearson_r_fitness pearson_p_fitness spearman_r_fitness spearman_p_fitness kendall_tau_fitness kendall_p_fitness  r2_fitness rmse_fitness mae_fitness energy_distance_fitness wasserstein_distance_fitness        wild_type_growth_used n_points n_total_before_filter n_filtered_out fitness_threshold_used pred_fitness_mean pred_fitness_std pred_fitness_min pred_fitness_max
Baseline GEM                 0.250337               0.0           0.063116                0.0            0.041924               0.0 -120.750769     4.438098    0.821152                0.319522                     0.784709  mean=0.751302, std=0.395219    30102                 33150           3048                     -2         -0.632318         4.486394       -34.050996              0.0
Pre-tuning kinGEMs           0.236781               0.0           0.036831                0.0            0.024696               0.0  -90.270471     3.842609    0.740569                0.288423                     0.674502  mean=0.078977, std=0.101791    30102                 33150           3048                     -2         -0.504382         3.893726       -32.067554         11.40637
Post-tuning kinGEMs          0.247822               0.0           0.056715                0.0            0.038169               0.0  -99.624545     4.034716    0.770583                0.299128                      0.71475  mean=0.127668, std=0.095370    30102                 33150           3048                     -2         -0.554803         4.086761       -31.740935         6.268361
======================================================================
Note: Predictions converted to log2(mutant/WT) fitness scale
======================================================================
  ✓ Saved classification metrics: results/validation_compiled/classification_metrics.csv

======================================================================
=== Classification Metrics ===
======================================================================
                     accuracy  balanced_accuracy  precision  recall  f1_score     mcc  roc_auc  average_precision  pr_auc_notebook  optimal_threshold  accuracy_optimal  balanced_accuracy_optimal  true_negatives  false_positives  false_negatives  true_positives  n_samples
Baseline GEM           0.9384             0.7510     0.9529  0.9807    0.9666  0.5863   0.7778             0.9579         0.613369             0.1531            0.9377                     0.7533          1589.0           1459.0            582.0         29520.0    33150.0
Pre-tuning kinGEMs     0.9052             0.7408     0.9528  0.9423    0.9475  0.4598   0.7484             0.9485         0.480049             0.0003            0.9328                     0.7491          1644.0           1404.0           1738.0         28364.0    33150.0
Post-tuning kinGEMs    0.9384             0.7510     0.9529  0.9807    0.9666  0.5863   0.7696             0.9559         0.613369             0.0073            0.9356                     0.7537          1589.0           1459.0            582.0         29520.0    33150.0
======================================================================

=== Step 7: Improvement analysis ===
  ✓ Saved improvements analysis: results/validation_compiled/validation_improvements.csv

======================================================================
=== Improvement Analysis ===
======================================================================
                          Δ Pearson r  Δ Spearman r  Δ RMSE  % RMSE change
Baseline → Pre-tuning          0.0375        0.0358 -0.5503       -55.7864
Baseline → Post-tuning         0.0141        0.0123 -0.5302       -53.7546
Pre-tuning → Post-tuning      -0.0234       -0.0235  0.0200         4.5954
======================================================================
Note: Negative Δ RMSE indicates improvement (lower error)
======================================================================

=== Step 8: Saving metadata ===
  ✓ Saved combined metadata: results/validation_compiled/compiled_metadata.json

======================================================================
=== Compilation Complete ===
======================================================================
Results saved to: results/validation_compiled

Generated files:
  - validation_metrics.csv (correlation metrics in growth rate space)
  - validation_metrics_fitness.csv (correlation metrics in fitness space)
  - classification_metrics.csv (classification metrics)
  - validation_improvements.csv
  - validation_comparison.png (scatter: experimental fitness vs predicted growth)
  - fitness_comparison_scatter.png (scatter: experimental fitness vs predicted fitness)
  - fitness_comparison_combined.png (combined fitness scatter for all models)
  - prediction_distributions_histograms.png (individual histograms)
  - prediction_distributions_density.png (overlaid density plots)
  - prediction_distributions_boxplot.png (box plot comparison)
  - prediction_distributions_cdf.png (cumulative distribution)
  - prediction_distributions_violin.png (violin plot)
  - prediction_distribution_statistics.csv (distribution stats)
  - fitness_distributions_histograms.png (fitness histograms)
  - fitness_distributions_density.png (fitness density plots)
  - fitness_distributions_boxplot.png (fitness box plot)
  - fitness_distributions_violin.png (fitness violin plot)
  - fitness_distributions_cdf.png (fitness CDF)
  - fitness_distribution_statistics.csv (fitness distribution stats)
  - *_roc_curve.png (ROC curves for each model)
  - *_pr_curve.png (Precision-Recall curves)
  - *_confusion_matrix.png (confusion matrices)
  - compiled_metadata.json
======================================================================
=========================================
Finished at: Tue Nov 18 12:40:19 PST 2025
Exit code: 0
=========================================
