=========================================
Job: Compile Validation Results
Job ID: 10902926
Node: fc30554
Current working directory: /project/def-mahadeva/ranaab/kinGEMs_v2
Starting run at: Tue Nov 11 14:51:50 PST 2025
=========================================
Compiling validation results...

======================================================================
=== Compiling Validation Results ===
======================================================================
Input: results/validation_parallel
Output: results/validation_compiled
Fitness threshold: -2
Simulation threshold: 0.001
======================================================================

=== Step 1: Loading results ===
  ✓ Loaded experimental: (1326, 25)
  ✓ Loaded baseline: (1326, 25)
  ✓ Loaded pre_tuning: (1326, 25)
  ✓ Loaded post_tuning: (1326, 25)
  ✓ Loaded baseline wild-type growth: (25,)
  ✓ Loaded pretuning wild-type growth: (25,)
  ✓ Loaded posttuning wild-type growth: (25,)

=== Step 2: Calculating correlation metrics ===
  ✓ Baseline correlation metrics calculated
  ✓ Pre-tuning correlation metrics calculated
  ✓ Post-tuning correlation metrics calculated

=== Step 3: Calculating classification metrics ===
  ✓ Baseline classification metrics calculated
  ✓ Pre-tuning classification metrics calculated
  ✓ Post-tuning classification metrics calculated

=== Step 4: Creating correlation visualizations ===
  ✓ Saved comparison plot: results/validation_compiled/validation_comparison.png

=== Step 4a: Creating fitness-scale scatter plots ===
  ✓ Saved fitness comparison scatter plots: results/validation_compiled/fitness_comparison_scatter.png
  ✓ Saved combined fitness comparison plot: results/validation_compiled/fitness_comparison_combined.png

=== Step 4b: Creating distribution plots ===
  ✓ Saved distribution histograms: results/validation_compiled/prediction_distributions_histograms.png
  ✓ Saved density plot: results/validation_compiled/prediction_distributions_density.png
  ✓ Saved box plot: results/validation_compiled/prediction_distributions_boxplot.png
  ✓ Saved CDF plot: results/validation_compiled/prediction_distributions_cdf.png
  ✓ Saved violin plot: results/validation_compiled/prediction_distributions_violin.png
  ✓ Saved distribution statistics: results/validation_compiled/prediction_distribution_statistics.csv

======================================================================
=== Prediction Distribution Statistics ===
======================================================================
                       count      mean       std  min       25%    median       75%       max   zeros  zeros_pct
Baseline GEM         33150.0  0.698394  0.424865 -0.0  0.377356  0.704686  0.877309  1.779800   807.0       2.43
Pre-tuning kinGEMs   33150.0  0.190031  0.247189  0.0  0.019207  0.040068  0.377356  1.131312  2161.0       6.52
Post-tuning kinGEMs  33150.0  0.141432  0.091793  0.0  0.063114  0.130930  0.185416  0.628306  2171.0       6.55
======================================================================

=== Step 5: Creating classification visualizations ===
  ✓ Saved ROC curve: results/validation_compiled/baseline_gem_roc_curve.png
  ✓ Saved PR curve: results/validation_compiled/baseline_gem_pr_curve.png
  ✓ Saved confusion matrix: results/validation_compiled/baseline_gem_confusion_matrix.png
  ✓ Saved ROC curve: results/validation_compiled/pre_tuning_kingems_roc_curve.png
  ✓ Saved PR curve: results/validation_compiled/pre_tuning_kingems_pr_curve.png
  ✓ Saved confusion matrix: results/validation_compiled/pre_tuning_kingems_confusion_matrix.png
  ✓ Saved ROC curve: results/validation_compiled/post_tuning_kingems_roc_curve.png
  ✓ Saved PR curve: results/validation_compiled/post_tuning_kingems_pr_curve.png
  ✓ Saved confusion matrix: results/validation_compiled/post_tuning_kingems_confusion_matrix.png

=== Step 6: Creating metrics tables ===
  ✓ Saved metrics table: results/validation_compiled/validation_metrics.csv

======================================================================
=== Validation Metrics ===
======================================================================
                     pearson_r  pearson_p  spearman_r  spearman_p  kendall_tau  kendall_p      r2    rmse     mae  n_points
Baseline GEM            0.2830        0.0      0.1500         0.0       0.0992        0.0 -0.8049  1.5968  1.1385   33150.0
Pre-tuning kinGEMs      0.1271        0.0      0.1721         0.0       0.1163        0.0 -0.2506  1.3292  0.6766   33150.0
Post-tuning kinGEMs     0.2604        0.0      0.1475         0.0       0.0979        0.0 -0.1859  1.2944  0.6260   33150.0
======================================================================
  ✓ Saved fitness-based correlation metrics: results/validation_compiled/validation_metrics_fitness.csv

======================================================================
=== Fitness-Based Correlation Metrics ===
======================================================================
                    pearson_r_fitness pearson_p_fitness spearman_r_fitness spearman_p_fitness kendall_tau_fitness kendall_p_fitness r2_fitness rmse_fitness mae_fitness        wild_type_growth_used n_points pred_fitness_mean pred_fitness_std pred_fitness_min pred_fitness_max
Baseline GEM                 0.638443               0.0           0.202329                0.0            0.135532               0.0 -39.463875     7.560824    2.253092  mean=0.749249, std=0.396241    33150         -2.137892         8.063997       -34.050996              0.0
Pre-tuning kinGEMs           0.636709               0.0             0.1654                0.0            0.109528               0.0 -31.463524     6.772254    2.051079  mean=0.203091, std=0.250803    33150         -1.899588          7.30073       -32.892181         7.131209
Post-tuning kinGEMs          0.638194               0.0           0.187115                0.0            0.125656               0.0 -33.277653     6.958905    2.104038  mean=0.149793, std=0.086402    33150         -1.960406         7.481995        -31.80538         3.351767
======================================================================
Note: Predictions converted to log2(mutant/WT) fitness scale
======================================================================
  ✓ Saved classification metrics: results/validation_compiled/classification_metrics.csv

======================================================================
=== Classification Metrics ===
======================================================================
                     accuracy  balanced_accuracy  precision  recall  f1_score     mcc  roc_auc  average_precision  pr_auc_notebook  optimal_threshold  accuracy_optimal  balanced_accuracy_optimal  true_negatives  false_positives  false_negatives  true_positives  n_samples
Baseline GEM           0.9384             0.7510     0.9529  0.9807    0.9666  0.5863   0.7778             0.9579         0.613369             0.1531            0.9377                     0.7533          1589.0           1459.0            582.0         29520.0    33150.0
Pre-tuning kinGEMs     0.9386             0.7508     0.9529  0.9809    0.9667  0.5868   0.7329             0.9510         0.613262             0.0023            0.9385                     0.7513          1587.0           1461.0            576.0         29526.0    33150.0
Post-tuning kinGEMs    0.9384             0.7510     0.9529  0.9807    0.9666  0.5863   0.7648             0.9556         0.613369             0.0204            0.9379                     0.7515          1589.0           1459.0            582.0         29520.0    33150.0
======================================================================

=== Step 7: Improvement analysis ===
  ✓ Saved improvements analysis: results/validation_compiled/validation_improvements.csv

======================================================================
=== Improvement Analysis ===
======================================================================
                          Δ Pearson r  Δ Spearman r  Δ RMSE  % RMSE change
Baseline → Pre-tuning         -0.1559        0.0221 -0.2676       -16.7609
Baseline → Post-tuning        -0.0226       -0.0025 -0.3025       -18.9420
Pre-tuning → Post-tuning       0.1333       -0.0246 -0.0348        -2.6203
======================================================================
Note: Negative Δ RMSE indicates improvement (lower error)
======================================================================

=== Step 8: Saving metadata ===
  ✓ Saved combined metadata: results/validation_compiled/compiled_metadata.json

======================================================================
=== Compilation Complete ===
======================================================================
Results saved to: results/validation_compiled

Generated files:
  - validation_metrics.csv (correlation metrics in growth rate space)
  - validation_metrics_fitness.csv (correlation metrics in fitness space)
  - classification_metrics.csv (classification metrics)
  - validation_improvements.csv
  - validation_comparison.png (scatter: experimental fitness vs predicted growth)
  - fitness_comparison_scatter.png (scatter: experimental fitness vs predicted fitness)
  - fitness_comparison_combined.png (combined fitness scatter for all models)
  - prediction_distributions_histograms.png (individual histograms)
  - prediction_distributions_density.png (overlaid density plots)
  - prediction_distributions_boxplot.png (box plot comparison)
  - prediction_distributions_cdf.png (cumulative distribution)
  - prediction_distributions_violin.png (violin plot)
  - prediction_distribution_statistics.csv (distribution stats)
  - *_roc_curve.png (ROC curves for each model)
  - *_pr_curve.png (Precision-Recall curves)
  - *_confusion_matrix.png (confusion matrices)
  - compiled_metadata.json
======================================================================
=========================================
Finished at: Tue Nov 11 14:52:35 PST 2025
Exit code: 0
=========================================
