=========================================
Job: Compile Validation Results
Job ID: 10495392
Node: fc30603
Current working directory: /project/def-mahadeva/ranaab/kinGEMs_v2
Starting run at: Wed Nov  5 11:15:04 PST 2025
=========================================
Compiling validation results...

======================================================================
=== Compiling Validation Results ===
======================================================================
Input: results/validation_parallel
Output: results/validation_compiled
======================================================================

=== Step 1: Loading results ===
  ✓ Loaded experimental: (1326, 25)
  ✓ Loaded baseline: (1326, 25)
  ✓ Loaded pre_tuning: (1326, 25)
  ✓ Loaded post_tuning: (1326, 25)

=== Step 2: Calculating metrics ===
  ✓ Baseline metrics calculated
  ✓ Pre-tuning metrics calculated
  ✓ Post-tuning metrics calculated

=== Step 3: Creating visualizations ===
  ✓ Saved comparison plot: results/validation_compiled/validation_comparison.png

=== Step 4: Creating metrics table ===
  ✓ Saved metrics table: results/validation_compiled/validation_metrics.csv

======================================================================
=== Validation Metrics ===
======================================================================
                     pearson_r  pearson_p  spearman_r  spearman_p    rmse     mae  n_points
Baseline GEM            0.2830        0.0      0.1505         0.0  1.5968  1.1385   33150.0
Pre-tuning kinGEMs      0.1271        0.0      0.1721         0.0  1.3292  0.6766   33150.0
Post-tuning kinGEMs     0.2604        0.0      0.1475         0.0  1.2944  0.6260   33150.0
======================================================================

=== Step 5: Improvement analysis ===
  ✓ Saved improvements analysis: results/validation_compiled/validation_improvements.csv

======================================================================
=== Improvement Analysis ===
======================================================================
                          Δ Pearson r  Δ Spearman r  Δ RMSE  % RMSE change
Baseline → Pre-tuning         -0.1559        0.0216 -0.2676       -16.7609
Baseline → Post-tuning        -0.0226       -0.0030 -0.3025       -18.9420
Pre-tuning → Post-tuning       0.1333       -0.0246 -0.0348        -2.6203
======================================================================
Note: Negative Δ RMSE indicates improvement (lower error)
======================================================================

=== Step 6: Saving metadata ===
  ✓ Saved combined metadata: results/validation_compiled/compiled_metadata.json

======================================================================
=== Compilation Complete ===
======================================================================
Results saved to: results/validation_compiled

Generated files:
  - validation_metrics.csv
  - validation_improvements.csv
  - validation_comparison.png
  - compiled_metadata.json
======================================================================
=========================================
Finished at: Wed Nov  5 11:15:11 PST 2025
Exit code: 0
=========================================
