2026-01-25 20:09:41.956 | INFO     | kinGEMs.config:<module>:12 - PROJ_ROOT path is: /project/6000502/ranaab/kinGEMs_v2
2026-01-25 20:31:40.397 | INFO     | kinGEMs.config:<module>:12 - PROJ_ROOT path is: /project/6000502/ranaab/kinGEMs_v2
2026-01-25 20:31:40.660 | INFO     | kinGEMs.config:<module>:12 - PROJ_ROOT path is: /project/6000502/ranaab/kinGEMs_v2
2026-01-25 20:31:40.703 | INFO     | kinGEMs.config:<module>:12 - PROJ_ROOT path is: /project/6000502/ranaab/kinGEMs_v2
2026-01-25 20:31:40.706 | INFO     | kinGEMs.config:<module>:12 - PROJ_ROOT path is: /project/6000502/ranaab/kinGEMs_v2
2026-01-25 20:31:40.862 | INFO     | kinGEMs.config:<module>:12 - PROJ_ROOT path is: /project/6000502/ranaab/kinGEMs_v2
2026-01-25 20:31:40.916 | INFO     | kinGEMs.config:<module>:12 - PROJ_ROOT path is: /project/6000502/ranaab/kinGEMs_v2
2026-01-25 20:31:40.922 | INFO     | kinGEMs.config:<module>:12 - PROJ_ROOT path is: /project/6000502/ranaab/kinGEMs_v2
2026-01-25 20:31:41.011 | INFO     | kinGEMs.config:<module>:12 - PROJ_ROOT path is: /project/6000502/ranaab/kinGEMs_v2
2026-01-25 21:25:39.728 | INFO     | kinGEMs.config:<module>:12 - PROJ_ROOT path is: /project/6000502/ranaab/kinGEMs_v2
2026-01-25 21:25:39.728 | INFO     | kinGEMs.config:<module>:12 - PROJ_ROOT path is: /project/6000502/ranaab/kinGEMs_v2
2026-01-25 21:25:39.728 | INFO     | kinGEMs.config:<module>:12 - PROJ_ROOT path is: /project/6000502/ranaab/kinGEMs_v2
2026-01-25 21:25:39.728 | INFO     | kinGEMs.config:<module>:12 - PROJ_ROOT path is: /project/6000502/ranaab/kinGEMs_v2
2026-01-25 21:25:39.728 | INFO     | kinGEMs.config:<module>:12 - PROJ_ROOT path is: /project/6000502/ranaab/kinGEMs_v2
2026-01-25 21:25:39.729 | INFO     | kinGEMs.config:<module>:12 - PROJ_ROOT path is: /project/6000502/ranaab/kinGEMs_v2
2026-01-25 21:25:39.731 | INFO     | kinGEMs.config:<module>:12 - PROJ_ROOT path is: /project/6000502/ranaab/kinGEMs_v2
2026-01-25 21:25:39.731 | INFO     | kinGEMs.config:<module>:12 - PROJ_ROOT path is: /project/6000502/ranaab/kinGEMs_v2
Traceback (most recent call last):
  File "/project/6000502/ranaab/kinGEMs_v2/scripts/run_fluxomics_validation.py", line 392, in <module>
    main()
  File "/project/6000502/ranaab/kinGEMs_v2/scripts/run_fluxomics_validation.py", line 377, in main
    run_fluxomics_analysis(
  File "/project/6000502/ranaab/kinGEMs_v2/scripts/run_fluxomics_validation.py", line 188, in run_fluxomics_analysis
    comparison_df = create_fva_comparison_dataframe(
                    ^^^^^^^^^^^^^^^^^^^^^^^^^^^^^^^^
  File "/project/6000502/ranaab/kinGEMs_v2/kinGEMs/fluxomics_validation.py", line 118, in create_fva_comparison_dataframe
    mfa_df = pd.read_csv(mfa_results_path)
             ^^^^^^^^^^^^^^^^^^^^^^^^^^^^^
  File "/project/6000502/ranaab/kinGEMs_v2/venv/lib/python3.11/site-packages/pandas/io/parsers/readers.py", line 1026, in read_csv
    return _read(filepath_or_buffer, kwds)
           ^^^^^^^^^^^^^^^^^^^^^^^^^^^^^^^
  File "/project/6000502/ranaab/kinGEMs_v2/venv/lib/python3.11/site-packages/pandas/io/parsers/readers.py", line 620, in _read
    parser = TextFileReader(filepath_or_buffer, **kwds)
             ^^^^^^^^^^^^^^^^^^^^^^^^^^^^^^^^^^^^^^^^^^
  File "/project/6000502/ranaab/kinGEMs_v2/venv/lib/python3.11/site-packages/pandas/io/parsers/readers.py", line 1620, in __init__
    self._engine = self._make_engine(f, self.engine)
                   ^^^^^^^^^^^^^^^^^^^^^^^^^^^^^^^^^
  File "/project/6000502/ranaab/kinGEMs_v2/venv/lib/python3.11/site-packages/pandas/io/parsers/readers.py", line 1880, in _make_engine
    self.handles = get_handle(
                   ^^^^^^^^^^^
  File "/project/6000502/ranaab/kinGEMs_v2/venv/lib/python3.11/site-packages/pandas/io/common.py", line 873, in get_handle
    handle = open(
             ^^^^^
FileNotFoundError: [Errno 2] No such file or directory: 'data/experimental/crown_fluxomics_final.csv'
