=========================================
Job: FVA Ablation Study
Job ID: 17894139
Node: fc30366
Current working directory: /project/def-mahadeva/ranaab/kinGEMs_v2
Starting run at: Wed Jan  7 07:57:19 PST 2026
=========================================

Configuration: configs/iML1515_GEM_fva_ablation.json
Workers: 8

Running FVA ablation study...
Loading configuration from: configs/iML1515_GEM_fva_ablation.json

================================================================================
=== kinGEMs FVA Ablation Study: iML1515_GEM ===
================================================================================
Run ID: iML1515_GEM_FVA_ablation_20260107_5103
Organism: E coli
Enzyme upper bound: 0.25
Parallel FVA: True
Workers: 8
Method: dask
Chunk size: 50
Results directory: /project/6000502/ranaab/kinGEMs_v2/results/fva_ablation/iML1515_GEM_FVA_ablation_20260107_5103
================================================================================

=== Loading Model and Data ===
Warning: Model has 8 validation errors
Biomass reaction: BIOMASS_Ec_iML1515_core_75p37M
Loaded processed data: 11789 rows

================================================================================
=== ABLATION STUDY CONSTRAINT CONFIGURATION ===
================================================================================
Level                          Multi-Enzyme Isoenzymes  Complexes  Promiscuous  Description
--------------------------------------------------------------------------------
1: Baseline GEM                N/A          N/A         N/A        N/A          No enzyme constraints
2: Single Enzyme               ✓ Enabled    ✗ Disabled  ✗ Disabled ✗ Disabled   Basic enzyme constraints only
3a: + Isoenzymes               ✓ Enabled    ✓ Enabled   ✗ Disabled ✗ Disabled   + OR-GPR handling
3b: + Complexes                ✓ Enabled    ✗ Disabled  ✓ Enabled  ✗ Disabled   + AND-GPR handling
3c: + Promiscuous              ✓ Enabled    ✗ Disabled  ✗ Disabled ✓ Enabled    + Cross-reaction sharing
4: All Constraints             ✓ Enabled    ✓ Enabled   ✓ Enabled  ✓ Enabled    Complete kinGEMs
5: Post-Tuned                  ✓ Enabled    ✓ Enabled   ✓ Enabled  ✓ Enabled    + Optimized kcat values
================================================================================

=== Level 1: Baseline GEM (no enzyme constraints) ===
  Biomass: 0.8770
  Reactions analyzed: 2712

=== Level 2: Single enzyme constraint only ===
  (multi_enzyme_off=False, isoenzymes_off=True, promiscuous_off=True, complexes_off=True)
  Only basic enzyme-reaction constraints (v_j ≤ kcat_j * e_i)
  Starting parallel FVA with 3375 reactions...
  Parallel FVA configuration:
    Method: dask
    Workers: 8
    Reactions: 3375
    Chunk size: 50
    Number of chunks: 68
    Estimated memory: ~1.9 GB

  Running baseline optimization...
  Optimal biomass: 0.876997
  Biomass constraint: 0.789297 ≤ biomass ≤ 0.876997 (opt_ratio=0.9)

  Starting parallel FVA with 68 chunks...
  Progress will be shown by chunk completion...
  [Chunk 29/68] Processing 50 reactions...
[FVA] Starting optimization for reaction: 3NTD7pp
  [Chunk 61/68] Processing 50 reactions...
[FVA] Starting optimization for reaction: ACACT5r_reverse
  [Chunk 13/68] Processing 50 reactions...
[FVA] Starting optimization for reaction: CYANST
  [Chunk 63/68] Processing 50 reactions...
[FVA] Starting optimization for reaction: ARGtex_reverse
  [Chunk 19/68] Processing 50 reactions...
[FVA] Starting optimization for reaction: GLCtex_copy1
  [Chunk 22/68] Processing 50 reactions...
[FVA] Starting optimization for reaction: ETHSO3tex
  [Chunk 67/68] Processing 50 reactions...
[FVA] Starting optimization for reaction: CMtex_reverse
  [Chunk 24/68] Processing 50 reactions...
[FVA] Starting optimization for reaction: ACGAM1Ptex
[FVA] Starting optimization for reaction: 3NTD4pp
[FVA] Starting optimization for reaction: ASCBtex_reverse
[FVA] Starting optimization for reaction: FE3DCITtonex
[FVA] Starting optimization for reaction: FE2tex_reverse
[FVA] Starting optimization for reaction: UACGAMtex
[FVA] Starting optimization for reaction: DHPPDA2
[FVA] Starting optimization for reaction: BUTSO3tex
[FVA] Starting optimization for reaction: LALALGLUtex_reverse
[FVA] Starting optimization for reaction: 3NTD2pp
[FVA] Starting optimization for reaction: MMETtex_reverse
[FVA] Starting optimization for reaction: PHEtex
[FVA] Starting optimization for reaction: NMNtex_reverse
[FVA] Starting optimization for reaction: UDPACGALtex
[FVA] Starting optimization for reaction: G5SADs
[FVA] Starting optimization for reaction: LIPOtex
[FVA] Starting optimization for reaction: 5MTRtex_reverse
[FVA] Starting optimization for reaction: 3NTD9pp
[FVA] Starting optimization for reaction: FE3tex_reverse
[FVA] Starting optimization for reaction: NO2tex_reverse
[FVA] Starting optimization for reaction: AM4PCP
[FVA] Starting optimization for reaction: GMAND
[FVA] Starting optimization for reaction: PItex
[FVA] Starting optimization for reaction: CYANSTpp
[FVA] Starting optimization for reaction: LALADGLUtex_reverse
[FVA] Starting optimization for reaction: MG2tex_reverse
[FVA] Starting optimization for reaction: 23PDE7pp
[FVA] Starting optimization for reaction: AM3PA
[FVA] Starting optimization for reaction: MTHFC_reverse
[FVA] Starting optimization for reaction: PPCSCT
[FVA] Starting optimization for reaction: 3HPPtex_reverse
[FVA] Starting optimization for reaction: ACGAMK
[FVA] Starting optimization for reaction: MCPST
[FVA] Starting optimization for reaction: MTHFD_reverse
[FVA] Starting optimization for reaction: UM4PCP
[FVA] Starting optimization for reaction: Zn2tex_reverse
[FVA] Starting optimization for reaction: GALTptspp
[FVA] Starting optimization for reaction: CYTD
[FVA] Starting optimization for reaction: FUSAtex_reverse
[FVA] Starting optimization for reaction: METS
[FVA] Starting optimization for reaction: PHEMEabcpp
[FVA] Starting optimization for reaction: BUTt2rpp_reverse
[FVA] Starting optimization for reaction: GALURt2rpp
[FVA] Starting optimization for reaction: DCYTD
[FVA] Starting optimization for reaction: CD2tex_reverse
[FVA] Starting optimization for reaction: CBLAT
[FVA] Starting optimization for reaction: NOVBCNtex_reverse
[FVA] Starting optimization for reaction: EX_cu2_e
[FVA] Starting optimization for reaction: METSOX1abcpp
[FVA] Starting optimization for reaction: GDPtex_reverse
[FVA] Starting optimization for reaction: GLCNt2rpp
[FVA] Starting optimization for reaction: DBTS
[FVA] Starting optimization for reaction: GLUABUTt7pp_reverse
[FVA] Starting optimization for reaction: MSO3abcpp
[FVA] Starting optimization for reaction: QUIN2tex_reverse
[FVA] Starting optimization for reaction: CYSabc2pp
[FVA] Starting optimization for reaction: GALBDtex
[FVA] Starting optimization for reaction: EX_cobalt2_e_reverse
[FVA] Starting optimization for reaction: GLCptspp
[FVA] Starting optimization for reaction: DCTPD
[FVA] Starting optimization for reaction: GLUt2rpp_reverse
[FVA] Starting optimization for reaction: MSO3tex
[FVA] Starting optimization for reaction: FORCT_reverse
[FVA] Starting optimization for reaction: LIPAHT2ex
[FVA] Starting optimization for reaction: PRASCSi
[FVA] Starting optimization for reaction: GLCRt2rpp
[FVA] Starting optimization for reaction: TMAtex_reverse
[FVA] Starting optimization for reaction: GLYALDtpp_reverse
[FVA] Starting optimization for reaction: FECRMR1
[FVA] Starting optimization for reaction: HADPCOADH3_reverse
[FVA] Starting optimization for reaction: DHDPS
[FVA] Starting optimization for reaction: LIPAHTex
[FVA] Starting optimization for reaction: TRSARr
[FVA] Starting optimization for reaction: GLCt2pp
[FVA] Starting optimization for reaction: TMAOtex_reverse
[FVA] Starting optimization for reaction: ACACT8r_reverse
[FVA] Starting optimization for reaction: G1PACT
[FVA] Starting optimization for reaction: FECRMR2
[FVA] Starting optimization for reaction: ECAP1pp
[FVA] Starting optimization for reaction: DHPTPE_reverse
[FVA] Starting optimization for reaction: LYXI
[FVA] Starting optimization for reaction: GLCURt2rpp
[FVA] Starting optimization for reaction: TREtex_reverse
[FVA] Starting optimization for reaction: CTECOAI7_reverse
[FVA] Starting optimization for reaction: GART
[FVA] Starting optimization for reaction: UDCPDPpp
[FVA] Starting optimization for reaction: TDP
[FVA] Starting optimization for reaction: ASO3tex_reverse
[FVA] Starting optimization for reaction: EX_pheme_e
    [Chunk 61]  24.0% complete (12/50 reactions)
[FVA] Starting optimization for reaction: ACACT6r_reverse
    [Chunk 29]  24.0% complete (12/50 reactions)
[FVA] Starting optimization for reaction: ACMUMptspp
    [Chunk 67]  24.0% complete (12/50 reactions)
[FVA] Starting optimization for reaction: MEOHtrpp_reverse
    [Chunk 22]  24.0% complete (12/50 reactions)
[FVA] Starting optimization for reaction: ECAP2pp
    [Chunk 13]  24.0% complete (12/50 reactions)
[FVA] Starting optimization for reaction: CSND
    [Chunk 24]  24.0% complete (12/50 reactions)
[FVA] Starting optimization for reaction: 3PEPTabcpp
    [Chunk 63]  24.0% complete (12/50 reactions)
[FVA] Starting optimization for reaction: MANGLYCtex_reverse
    [Chunk 19]  24.0% complete (12/50 reactions)
[FVA] Starting optimization for reaction: PNTOtex
[FVA] Starting optimization for reaction: TRPtex_reverse
[FVA] Starting optimization for reaction: ECA4OALpp
[FVA] Starting optimization for reaction: SELtex_reverse
[FVA] Starting optimization for reaction: 4PEPTabcpp
[FVA] Starting optimization for reaction: EX_h2o_e
[FVA] Starting optimization for reaction: GF6PTA
[FVA] Starting optimization for reaction: PPPNtex
[FVA] Starting optimization for reaction: FRUURt2rpp_reverse
[FVA] Starting optimization for reaction: MEOHtex_reverse
[FVA] Starting optimization for reaction: TSULtex_reverse
[FVA] Starting optimization for reaction: FE3Ri
[FVA] Starting optimization for reaction: AGM3Pt2pp
[FVA] Starting optimization for reaction: EX_ala__D_e
[FVA] Starting optimization for reaction: H2SO
[FVA] Starting optimization for reaction: PPTtex
[FVA] Starting optimization for reaction: FRUURtex_reverse
[FVA] Starting optimization for reaction: TYRtex_reverse
[FVA] Starting optimization for reaction: TTRCYCtex_reverse
[FVA] Starting optimization for reaction: AGM4Pt2pp
[FVA] Starting optimization for reaction: FE3HOXR3
[FVA] Starting optimization for reaction: HSTPT
[FVA] Starting optimization for reaction: PTRCtex
[FVA] Starting optimization for reaction: GLUCYS
[FVA] Starting optimization for reaction: GLYCAt2rpp_reverse
[FVA] Starting optimization for reaction: URAtex_reverse
[FVA] Starting optimization for reaction: AGMt2pp
[FVA] Starting optimization for reaction: DHACOAH_reverse
[FVA] Starting optimization for reaction: FEENTERR1
[FVA] Starting optimization for reaction: PYRtex
[FVA] Starting optimization for reaction: THDPS
[FVA] Starting optimization for reaction: GLYCAtex_reverse
[FVA] Starting optimization for reaction: GLUN
[FVA] Starting optimization for reaction: UREAtex_reverse
[FVA] Starting optimization for reaction: FECRMexs
[FVA] Starting optimization for reaction: SLNTtex_reverse
[FVA] Starting optimization for reaction: DSERtex
[FVA] Starting optimization for reaction: FEENTERR3
[FVA] Starting optimization for reaction: ACONMT
[FVA] Starting optimization for reaction: FALDH2_reverse
[FVA] Starting optimization for reaction: GLUPRT
[FVA] Starting optimization for reaction: ARBTNR1
[FVA] Starting optimization for reaction: ALDD19xr_reverse
[FVA] Starting optimization for reaction: URItex_reverse
[FVA] Starting optimization for reaction: SERtex
[FVA] Starting optimization for reaction: XTSNtex
[FVA] Starting optimization for reaction: SULFACtex
[FVA] Starting optimization for reaction: GLYCtpp_reverse
[FVA] Starting optimization for reaction: GMPR
[FVA] Starting optimization for reaction: VPAMTr_reverse
[FVA] Starting optimization for reaction: VALtex_reverse
[FVA] Starting optimization for reaction: ARBTNR2
[FVA] Starting optimization for reaction: EX_hdca_e
[FVA] Starting optimization for reaction: EX_sulfac_e
[FVA] Starting optimization for reaction: SO4tex
[FVA] Starting optimization for reaction: H2Otpp_reverse
[FVA] Starting optimization for reaction: NADS1
[FVA] Starting optimization for reaction: XANtex_reverse
[FVA] Starting optimization for reaction: CH4tex_reverse
[FVA] Starting optimization for reaction: ARBTNR3
[FVA] Starting optimization for reaction: SPMDtex
[FVA] Starting optimization for reaction: EX_butso3_e
[FVA] Starting optimization for reaction: EX_glcr_e
[FVA] Starting optimization for reaction: HCINNMt2rpp_reverse
[FVA] Starting optimization for reaction: NTRIR2x
[FVA] Starting optimization for reaction: XYLtex_reverse
[FVA] Starting optimization for reaction: TARTRDtex_reverse
[FVA] Starting optimization for reaction: ARBTNexs
[FVA] Starting optimization for reaction: SUCCtex
[FVA] Starting optimization for reaction: EX_ethso3_e
[FVA] Starting optimization for reaction: GNK
[FVA] Starting optimization for reaction: HISt2rpp_reverse
[FVA] Starting optimization for reaction: OCBT
[FVA] Starting optimization for reaction: BTNtex_reverse
[FVA] Starting optimization for reaction: ABUTtex_reverse
[FVA] Starting optimization for reaction: FEOXAMexs
[FVA] Starting optimization for reaction: SUCRtex
[FVA] Starting optimization for reaction: NODOy
[FVA] Starting optimization for reaction: CBIAT_reverse
[FVA] Starting optimization for reaction: HMBS
[FVA] Starting optimization for reaction: GARFT
[FVA] Starting optimization for reaction: GGGABADr_reverse
[FVA] Starting optimization for reaction: DMSOtpp_reverse
[FVA] Starting optimization for reaction: FEOXAMR1
[FVA] Starting optimization for reaction: TARTRtex
[FVA] Starting optimization for reaction: GALM2pp
[FVA] Starting optimization for reaction: RMK
[FVA] Starting optimization for reaction: COBALT2tex_reverse
[FVA] Starting optimization for reaction: GPDDA1
    [Chunk 61]  48.0% complete (24/50 reactions)
[FVA] Starting optimization for reaction: EX_sel_e_reverse
    [Chunk 24]  48.0% complete (24/50 reactions)
[FVA] Starting optimization for reaction: FEOXAMR2
    [Chunk 67]  48.0% complete (24/50 reactions)
[FVA] Starting optimization for reaction: PYDXtex_reverse
    [Chunk 19]  48.0% complete (24/50 reactions)
[FVA] Starting optimization for reaction: TAURtex
    [Chunk 22]  48.0% complete (24/50 reactions)
[FVA] Starting optimization for reaction: CU1abcpp
    [Chunk 63]  48.0% complete (24/50 reactions)
[FVA] Starting optimization for reaction: FALGTHLs_reverse
    [Chunk 29]  48.0% complete (24/50 reactions)
[FVA] Starting optimization for reaction: FHL
    [Chunk 13]  48.0% complete (24/50 reactions)
[FVA] Starting optimization for reaction: GPDDA2
[FVA] Starting optimization for reaction: SUCASPtpp_reverse
[FVA] Starting optimization for reaction: MALTATr_reverse
[FVA] Starting optimization for reaction: FEOXAMR3
[FVA] Starting optimization for reaction: THRtex
[FVA] Starting optimization for reaction: HG2abcpp
[FVA] Starting optimization for reaction: DIMPtex_reverse
[FVA] Starting optimization for reaction: HYPOE
[FVA] Starting optimization for reaction: PHETA1
[FVA] Starting optimization for reaction: 23CAMPtex_reverse
[FVA] Starting optimization for reaction: PTHRpp
[FVA] Starting optimization for reaction: SUCMALtpp_reverse
[FVA] Starting optimization for reaction: THMDtex
[FVA] Starting optimization for reaction: GLCTR3
[FVA] Starting optimization for reaction: MEPCT
[FVA] Starting optimization for reaction: GALURt2rpp_reverse
[FVA] Starting optimization for reaction: PPND
[FVA] Starting optimization for reaction: 23CCMPtex_reverse
[FVA] Starting optimization for reaction: ARABDI
[FVA] Starting optimization for reaction: PYDXNtex_reverse
[FVA] Starting optimization for reaction: CBIuabcpp
[FVA] Starting optimization for reaction: HEPT4
[FVA] Starting optimization for reaction: GLUDy
[FVA] Starting optimization for reaction: GLCNt2rpp_reverse
[FVA] Starting optimization for reaction: TRPS1
[FVA] Starting optimization for reaction: 23CUMPtex_reverse
[FVA] Starting optimization for reaction: AGt3
[FVA] Starting optimization for reaction: PYDAMtex_reverse
[FVA] Starting optimization for reaction: METDtex
[FVA] Starting optimization for reaction: LA4NTpp
[FVA] Starting optimization for reaction: GLCRt2rpp_reverse
[FVA] Starting optimization for reaction: ZN2abcpp
[FVA] Starting optimization for reaction: PRAMPC
[FVA] Starting optimization for reaction: 13PPDH2_reverse
[FVA] Starting optimization for reaction: 23CGMPtex_reverse
[FVA] Starting optimization for reaction: CD2t3pp
[FVA] Starting optimization for reaction: METtex
[FVA] Starting optimization for reaction: NODOx
[FVA] Starting optimization for reaction: GLCURt2rpp_reverse
[FVA] Starting optimization for reaction: GLYCLTDy
[FVA] Starting optimization for reaction: MCITL2
[FVA] Starting optimization for reaction: SUCTARTtpp_reverse
[FVA] Starting optimization for reaction: 3AMPtex_reverse
[FVA] Starting optimization for reaction: ZNabcpp
[FVA] Starting optimization for reaction: MNLtex
[FVA] Starting optimization for reaction: EX_h2o_e_reverse
[FVA] Starting optimization for reaction: NOtex
[FVA] Starting optimization for reaction: LYSDC
[FVA] Starting optimization for reaction: DXYLK
[FVA] Starting optimization for reaction: CHTBStex_reverse
[FVA] Starting optimization for reaction: 3CMPtex_reverse
[FVA] Starting optimization for reaction: SKMt2pp
[FVA] Starting optimization for reaction: NAtex
[FVA] Starting optimization for reaction: XTSNtex_reverse
[FVA] Starting optimization for reaction: NOtpp
[FVA] Starting optimization for reaction: DAAD
[FVA] Starting optimization for reaction: GHBDHx_reverse
[FVA] Starting optimization for reaction: MDH3
[FVA] Starting optimization for reaction: ALAGLUE_reverse
[FVA] Starting optimization for reaction: FE2t2pp
[FVA] Starting optimization for reaction: NACtex
[FVA] Starting optimization for reaction: NHFRBO
[FVA] Starting optimization for reaction: GLUDy_reverse
[FVA] Starting optimization for reaction: UREAtpp
[FVA] Starting optimization for reaction: APPLDHr_reverse
[FVA] Starting optimization for reaction: SOTA
[FVA] Starting optimization for reaction: ETHSO3tex_reverse
[FVA] Starting optimization for reaction: R5PPpp
[FVA] Starting optimization for reaction: NH4tex
[FVA] Starting optimization for reaction: N2Otpp
[FVA] Starting optimization for reaction: UREAtpp_reverse
[FVA] Starting optimization for reaction: XANt2pp
[FVA] Starting optimization for reaction: SGSAD
[FVA] Starting optimization for reaction: BUTSO3tex_reverse
[FVA] Starting optimization for reaction: DHNPA2r_reverse
[FVA] Starting optimization for reaction: PSP_Lpp
[FVA] Starting optimization for reaction: URIH
[FVA] Starting optimization for reaction: N2Otex
[FVA] Starting optimization for reaction: PPPNt2rpp_reverse
[FVA] Starting optimization for reaction: GLYC3Pabcpp
[FVA] Starting optimization for reaction: PTA2
[FVA] Starting optimization for reaction: QUIN2tpp_reverse
[FVA] Starting optimization for reaction: LIPOtex_reverse
[FVA] Starting optimization for reaction: TYRPpp
[FVA] Starting optimization for reaction: XTSNH
[FVA] Starting optimization for reaction: CRNt8pp
[FVA] Starting optimization for reaction: PPPNt2rpp
[FVA] Starting optimization for reaction: PTRCORNt7pp_reverse
[FVA] Starting optimization for reaction: MDH2
    [Chunk 67]  72.0% complete (36/50 reactions)
[FVA] Starting optimization for reaction: CRNDtex_reverse
    [Chunk 61]  72.0% complete (36/50 reactions)
[FVA] Starting optimization for reaction: GALBDtex_reverse
    [Chunk 24]  72.0% complete (36/50 reactions)
[FVA] Starting optimization for reaction: GLYC2Ptex
    [Chunk 19]  72.0% complete (36/50 reactions)
[FVA] Starting optimization for reaction: INSH
    [Chunk 22]  72.0% complete (36/50 reactions)
[FVA] Starting optimization for reaction: CRNt2rpp
    [Chunk 29]  72.0% complete (36/50 reactions)
[FVA] Starting optimization for reaction: PTRCORNt7pp
    [Chunk 63]  72.0% complete (36/50 reactions)
[FVA] Starting optimization for reaction: HG2tex_reverse
[FVA] Starting optimization for reaction: NADHXE_reverse
    [Chunk 13]  72.0% complete (36/50 reactions)
[FVA] Starting optimization for reaction: ACOTA
[FVA] Starting optimization for reaction: SULFACtex_reverse
[FVA] Starting optimization for reaction: PSERtex
[FVA] Starting optimization for reaction: BUTtex
[FVA] Starting optimization for reaction: CRNDt2rpp
[FVA] Starting optimization for reaction: DADNtex_reverse
[FVA] Starting optimization for reaction: SPMDabcpp
[FVA] Starting optimization for reaction: NADPHXE_reverse
[FVA] Starting optimization for reaction: GPDDA5
[FVA] Starting optimization for reaction: NOtex_reverse
[FVA] Starting optimization for reaction: R5Ptex
[FVA] Starting optimization for reaction: CHLtex
[FVA] Starting optimization for reaction: CTBTt2rpp
[FVA] Starting optimization for reaction: DHAtex_reverse
[FVA] Starting optimization for reaction: HG2tex
[FVA] Starting optimization for reaction: DXYLONtpp_reverse
[FVA] Starting optimization for reaction: PDX5PS
[FVA] Starting optimization for reaction: THRPtex
[FVA] Starting optimization for reaction: NOtpp_reverse
[FVA] Starting optimization for reaction: CO2tex
[FVA] Starting optimization for reaction: 42A12BOOXpp
[FVA] Starting optimization for reaction: ETOHtex_reverse
[FVA] Starting optimization for reaction: NTPP5
[FVA] Starting optimization for reaction: DXYLTD_reverse
[FVA] Starting optimization for reaction: PPBNGS
[FVA] Starting optimization for reaction: N2Otpp_reverse
[FVA] Starting optimization for reaction: TYRPtex
[FVA] Starting optimization for reaction: CRNtex
[FVA] Starting optimization for reaction: TYROXDApp
[FVA] Starting optimization for reaction: HACD3_reverse
[FVA] Starting optimization for reaction: ATPM
[FVA] Starting optimization for reaction: 2DDARAA_reverse
[FVA] Starting optimization for reaction: PPNCL2
[FVA] Starting optimization for reaction: N2Otex_reverse
[FVA] Starting optimization for reaction: PPK2
[FVA] Starting optimization for reaction: PAPSR2
[FVA] Starting optimization for reaction: PACALDt2rpp
[FVA] Starting optimization for reaction: ACACtex_reverse
[FVA] Starting optimization for reaction: NADPPPS
[FVA] Starting optimization for reaction: PRAGSr
[FVA] Starting optimization for reaction: DXYLONtex_reverse
[FVA] Starting optimization for reaction: CRNt2rpp_reverse
[FVA] Starting optimization for reaction: DINStex
[FVA] Starting optimization for reaction: GRXR
[FVA] Starting optimization for reaction: PEAMNtex
[FVA] Starting optimization for reaction: ACNAMtex_reverse
[FVA] Starting optimization for reaction: EX_mnl_e
[FVA] Starting optimization for reaction: PRFGS
[FVA] Starting optimization for reaction: CRNDt2rpp_reverse
[FVA] Starting optimization for reaction: PSURItex_reverse
[FVA] Starting optimization for reaction: DMStex
[FVA] Starting optimization for reaction: RNDR1b
[FVA] Starting optimization for reaction: PACALDtex
[FVA] Starting optimization for reaction: H2Stex_reverse
[FVA] Starting optimization for reaction: NTD3
[FVA] Starting optimization for reaction: EX_acac_e
[FVA] Starting optimization for reaction: CTBTt2rpp_reverse
[FVA] Starting optimization for reaction: CSNtex
[FVA] Starting optimization for reaction: DHPStex_reverse
[FVA] Starting optimization for reaction: RNDR2b
[FVA] Starting optimization for reaction: LIPOt2pp
[FVA] Starting optimization for reaction: E4PD_reverse
[FVA] Starting optimization for reaction: GLYOX
[FVA] Starting optimization for reaction: PACALDt2rpp_reverse
[FVA] Starting optimization for reaction: ETHAAL
[FVA] Starting optimization for reaction: CYNTtex
[FVA] Starting optimization for reaction: NTRIR4pp
[FVA] Starting optimization for reaction: FMNtex_reverse
[FVA] Starting optimization for reaction: FACOAE181
[FVA] Starting optimization for reaction: EX_nh4_e_reverse
[FVA] Starting optimization for reaction: DADNtex
[FVA] Starting optimization for reaction: PEAMNtex_reverse
[FVA] Starting optimization for reaction: MAN1PT2
[FVA] Starting optimization for reaction: CYStex
[FVA] Starting optimization for reaction: CLBtex_reverse
[FVA] Starting optimization for reaction: NTRIR3pp
[FVA] Starting optimization for reaction: FACOAE160
[FVA] Starting optimization for reaction: DADK_reverse
[FVA] Starting optimization for reaction: DHAtex
[FVA] Starting optimization for reaction: PACALDtex_reverse
[FVA] Starting optimization for reaction: AP4AH
[FVA] Starting optimization for reaction: INOSTt4pp
[FVA] Starting optimization for reaction: ACOXT_reverse
[FVA] Starting optimization for reaction: CYTDtex
[FVA] Starting optimization for reaction: FACOAE140
[FVA] Starting optimization for reaction: 4PEPTtex_reverse
[FVA] Starting optimization for reaction: ETOHtex
[FVA] Starting optimization for reaction: AP5AH
    [Chunk 61]  96.0% complete (48/50 reactions)
[FVA] Starting optimization for reaction: CYANtex_reverse
    [Chunk 67]  96.0% complete (48/50 reactions)
[FVA] Starting optimization for reaction: 4ABZGLUH_reverse
    [Chunk 19]  96.0% complete (48/50 reactions)
[FVA] Starting optimization for reaction: DCAtex
    [Chunk 22]  96.0% complete (48/50 reactions)
[FVA] Starting optimization for reaction: PHEMEtiex
    [Chunk 24]  96.0% complete (48/50 reactions)
[FVA] Starting optimization for reaction: CPGNR1
    [Chunk 63]  96.0% complete (48/50 reactions)
[FVA] Starting optimization for reaction: CRNCAR_reverse
    [Chunk 29]  96.0% complete (48/50 reactions)
[FVA] Starting optimization for reaction: MTRPOX
[FVA] Starting optimization for reaction: SO3tex_reverse
[FVA] Starting optimization for reaction: 4ABZGLUtr_reverse
[FVA] Starting optimization for reaction: DCYTtex
    [Chunk 13]  96.0% complete (48/50 reactions)
[FVA] Starting optimization for reaction: ADNCYC
[FVA] Starting optimization for reaction: CPGNR2
[FVA] Starting optimization for reaction: AGM3PA
[FVA] Starting optimization for reaction: GLYCLTt2rpp_reverse
[FVA] Starting optimization for reaction: AGM4PCPpp
[FVA] Starting optimization for reaction: MI1PP
  [Chunk 61/68] ✓ Complete (50 reactions)
  [Chunk 26/68] Processing 50 reactions...
[FVA] Starting optimization for reaction: MALTPTabcpp
  [Chunk 67/68] ✓ Complete (50 reactions)
  [Chunk 12/68] Processing 50 reactions...
[FVA] Starting optimization for reaction: ASAD
  [Chunk 19/68] ✓ Complete (50 reactions)
  [Chunk 54/68] Processing 50 reactions...
[FVA] Starting optimization for reaction: Ftex
  [Chunk 24/68] ✓ Complete (50 reactions)
  [Chunk 36/68] Processing 50 reactions...
[FVA] Starting optimization for reaction: LDH_D
  [Chunk 22/68] ✓ Complete (50 reactions)
  [Chunk 16/68] Processing 50 reactions...
[FVA] Starting optimization for reaction: EX_ascb__L_e
  [Chunk 63/68] ✓ Complete (50 reactions)
  [Chunk 68/68] Processing 25 reactions...
[FVA] Starting optimization for reaction: PCNO_reverse
  [Chunk 29/68] ✓ Complete (50 reactions)
  [Chunk 43/68] Processing 50 reactions...
[FVA] Starting optimization for reaction: PSSA160
  [Chunk 13/68] ✓ Complete (50 reactions)
  [Chunk 51/68] Processing 50 reactions...
[FVA] Starting optimization for reaction: ECA4COLIPAabctex
[FVA] Starting optimization for reaction: MALTTRabcpp
[FVA] Starting optimization for reaction: DAPDC
[FVA] Starting optimization for reaction: CYSItex
[FVA] Starting optimization for reaction: AMALT4
[FVA] Starting optimization for reaction: EX_ala_B_e
[FVA] Starting optimization for reaction: 5DKGR_reverse
[FVA] Starting optimization for reaction: PSSA181
[FVA] Starting optimization for reaction: COLIPAPabctex
[FVA] Starting optimization for reaction: MALTTTRabcpp
[FVA] Starting optimization for reaction: EX_agm_e
[FVA] Starting optimization for reaction: EX_mmet_e
[FVA] Starting optimization for reaction: SERtpp
[FVA] Starting optimization for reaction: NTD11
[FVA] Starting optimization for reaction: GLYtpp_reverse
[FVA] Starting optimization for reaction: DAGK140
[FVA] Starting optimization for reaction: CH4tex
[FVA] Starting optimization for reaction: MAN6Pt6_2pp
[FVA] Starting optimization for reaction: EX_minohp_e
[FVA] Starting optimization for reaction: QUINDHyi
[FVA] Starting optimization for reaction: METAT
[FVA] Starting optimization for reaction: ORNDC
[FVA] Starting optimization for reaction: FADtex_reverse
[FVA] Starting optimization for reaction: DAGK160
[FVA] Starting optimization for reaction: TARTRDtex
[FVA] Starting optimization for reaction: MANGLYCptspp
[FVA] Starting optimization for reaction: EX_ppt_e
[FVA] Starting optimization for reaction: DHGLYH
[FVA] Starting optimization for reaction: ASCBPL
[FVA] Starting optimization for reaction: UPP3MT
[FVA] Starting optimization for reaction: DAGK141
[FVA] Starting optimization for reaction: LKDRA_reverse
[FVA] Starting optimization for reaction: 3OXCOAT
[FVA] Starting optimization for reaction: MELIBt2pp
[FVA] Starting optimization for reaction: PNSPA
[FVA] Starting optimization for reaction: ACBIPGT
[FVA] Starting optimization for reaction: KAS15
[FVA] Starting optimization for reaction: EX_hxa_e
[FVA] Starting optimization for reaction: METNA_reverse
[FVA] Starting optimization for reaction: DAGK161
[FVA] Starting optimization for reaction: BTNt2ipp
[FVA] Starting optimization for reaction: 4HTHRK
[FVA] Starting optimization for reaction: EX_lyx__L_e
[FVA] Starting optimization for reaction: METabcpp
[FVA] Starting optimization for reaction: ADOCBLS
[FVA] Starting optimization for reaction: ALAALAtex
    [Chunk 68]  24.0% complete (6/25 reactions)
[FVA] Starting optimization for reaction: 2DGLCtex_reverse
[FVA] Starting optimization for reaction: AGPAT181
[FVA] Starting optimization for reaction: BTNtex
[FVA] Starting optimization for reaction: EX_acmum_e
[FVA] Starting optimization for reaction: EX_sq_e
[FVA] Starting optimization for reaction: EX_fe3hox_un_e
[FVA] Starting optimization for reaction: ADOCBIK
[FVA] Starting optimization for reaction: FACOAL181t2pp
[FVA] Starting optimization for reaction: PUACGAMS_reverse
[FVA] Starting optimization for reaction: MDDEP3pp
[FVA] Starting optimization for reaction: URATEtpp
[FVA] Starting optimization for reaction: GGPTRCS
[FVA] Starting optimization for reaction: 2DGULRGx
[FVA] Starting optimization for reaction: TMPK
[FVA] Starting optimization for reaction: EX_dca_e
[FVA] Starting optimization for reaction: T2DECAI
[FVA] Starting optimization for reaction: SQtex_reverse
[FVA] Starting optimization for reaction: MDDEP4pp
[FVA] Starting optimization for reaction: 2DGULRGy
[FVA] Starting optimization for reaction: CS1tex
[FVA] Starting optimization for reaction: EX_all__D_e
[FVA] Starting optimization for reaction: EX_23dappa_e
[FVA] Starting optimization for reaction: HPPPNDO
[FVA] Starting optimization for reaction: 3OAS161
[FVA] Starting optimization for reaction: URATEtex_reverse
[FVA] Starting optimization for reaction: MLTGY1pp
[FVA] Starting optimization for reaction: AP4AS
[FVA] Starting optimization for reaction: EX_octa_e
[FVA] Starting optimization for reaction: ADOCBLtonex
[FVA] Starting optimization for reaction: RMNtpp
[FVA] Starting optimization for reaction: DHCINDO
[FVA] Starting optimization for reaction: EAR141y
[FVA] Starting optimization for reaction: ARHGDx_reverse
[FVA] Starting optimization for reaction: CGLYtex
[FVA] Starting optimization for reaction: ARBTptspp
[FVA] Starting optimization for reaction: EX_xylu__L_e
[FVA] Starting optimization for reaction: PETNT181pp
[FVA] Starting optimization for reaction: SERt4pp
[FVA] Starting optimization for reaction: HKNDDH
[FVA] Starting optimization for reaction: EAR161x
[FVA] Starting optimization for reaction: 3HAD40
[FVA] Starting optimization for reaction: ARBTtex
[FVA] Starting optimization for reaction: INOSTO_reverse
    [Chunk 54]  24.0% complete (12/50 reactions)
[FVA] Starting optimization for reaction: ARMEPNS
    [Chunk 26]  24.0% complete (12/50 reactions)
[FVA] Starting optimization for reaction: SUCCt2_3pp
    [Chunk 12]  24.0% complete (12/50 reactions)
[FVA] Starting optimization for reaction: HKNTDH
    [Chunk 16]  24.0% complete (12/50 reactions)
[FVA] Starting optimization for reaction: EX_gdp_e
    [Chunk 36]  24.0% complete (12/50 reactions)
[FVA] Starting optimization for reaction: DASYN160
    [Chunk 68]  48.0% complete (12/25 reactions)
[FVA] Starting optimization for reaction: Ftex_reverse
    [Chunk 43]  24.0% complete (12/50 reactions)
[FVA] Starting optimization for reaction: PLIPA1E141pp
    [Chunk 51]  24.0% complete (12/50 reactions)
[FVA] Starting optimization for reaction: EX_arbt_e
[FVA] Starting optimization for reaction: EX_gtp_e
[FVA] Starting optimization for reaction: RPNTPH
[FVA] Starting optimization for reaction: MNLptspp
[FVA] Starting optimization for reaction: GLYCK2
[FVA] Starting optimization for reaction: DASYN161
[FVA] Starting optimization for reaction: CYSItex_reverse
[FVA] Starting optimization for reaction: 3OAS60
[FVA] Starting optimization for reaction: DMSOtpp
[FVA] Starting optimization for reaction: THMabcpp
[FVA] Starting optimization for reaction: NAt3_1p5pp
[FVA] Starting optimization for reaction: PRCPD
[FVA] Starting optimization for reaction: ENTCS
[FVA] Starting optimization for reaction: DASYN181
[FVA] Starting optimization for reaction: 3OAS160
[FVA] Starting optimization for reaction: PYDXtex
[FVA] Starting optimization for reaction: CS1tex_reverse
[FVA] Starting optimization for reaction: NAt3_2pp
[FVA] Starting optimization for reaction: MEPNtex
[FVA] Starting optimization for reaction: SULR
[FVA] Starting optimization for reaction: THMDt2pp_copy2
[FVA] Starting optimization for reaction: CDAPPA161
[FVA] Starting optimization for reaction: MEPNtex_reverse
[FVA] Starting optimization for reaction: 3OAR60
[FVA] Starting optimization for reaction: PYDXtpp
[FVA] Starting optimization for reaction: THRabcpp
[FVA] Starting optimization for reaction: NH4tpp
[FVA] Starting optimization for reaction: UDPGPT
[FVA] Starting optimization for reaction: MANPGH
[FVA] Starting optimization for reaction: PGSA180
[FVA] Starting optimization for reaction: 3OAR80
[FVA] Starting optimization for reaction: UDPGPT_reverse
[FVA] Starting optimization for reaction: SUCASPtpp
[FVA] Starting optimization for reaction: NMNPtpp
[FVA] Starting optimization for reaction: TREptspp
[FVA] Starting optimization for reaction: MEPNabcpp
[FVA] Starting optimization for reaction: URDGLYCD
[FVA] Starting optimization for reaction: MLDCP3App
[FVA] Starting optimization for reaction: PSSA140
[FVA] Starting optimization for reaction: SUCMALtpp
[FVA] Starting optimization for reaction: NO2t2rpp
[FVA] Starting optimization for reaction: 4ABZGLUtex_reverse
[FVA] Starting optimization for reaction: OMMBLHXy
[FVA] Starting optimization for reaction: CBMKr
[FVA] Starting optimization for reaction: TRPt2rpp
[FVA] Starting optimization for reaction: 2AGPGAT141
[FVA] Starting optimization for reaction: MLDCP1Bpp
    [Chunk 68]  72.0% complete (18/25 reactions)
[FVA] Starting optimization for reaction: 4HTHRA_reverse
[FVA] Starting optimization for reaction: PYDXNtex
[FVA] Starting optimization for reaction: TYRt2rpp
[FVA] Starting optimization for reaction: OPHHXy
[FVA] Starting optimization for reaction: NO3t7pp
[FVA] Starting optimization for reaction: AMANAPEr
[FVA] Starting optimization for reaction: FACOAE180
[FVA] Starting optimization for reaction: 2AGPE181tipp
[FVA] Starting optimization for reaction: ORNabcpp
[FVA] Starting optimization for reaction: METGLCURtex_reverse
[FVA] Starting optimization for reaction: PYDXNtpp
[FVA] Starting optimization for reaction: ACM6PH
[FVA] Starting optimization for reaction: URIt2pp_copy1
[FVA] Starting optimization for reaction: PROD3
[FVA] Starting optimization for reaction: 2AGPA140tipp
[FVA] Starting optimization for reaction: FACOAE100
[FVA] Starting optimization for reaction: PYDAMtex
[FVA] Starting optimization for reaction: URIt2pp_copy2
[FVA] Starting optimization for reaction: F1PP
[FVA] Starting optimization for reaction: PIuabcpp
[FVA] Starting optimization for reaction: AI2tex_reverse
[FVA] Starting optimization for reaction: NNATr
[FVA] Starting optimization for reaction: FACOAE80
[FVA] Starting optimization for reaction: 2AGPA160tipp
[FVA] Starting optimization for reaction: PYDAMtpp
[FVA] Starting optimization for reaction: RHMND_reverse
[FVA] Starting optimization for reaction: VALabcpp
[FVA] Starting optimization for reaction: PNTOt4pp
[FVA] Starting optimization for reaction: ACP1p
[FVA] Starting optimization for reaction: CYTDH
[FVA] Starting optimization for reaction: FACOAE60
[FVA] Starting optimization for reaction: 13PPDH2
[FVA] Starting optimization for reaction: 2AGPA180tipp
[FVA] Starting optimization for reaction: EX_4abzglu_e
[FVA] Starting optimization for reaction: FRULYSDG
[FVA] Starting optimization for reaction: ASPtpp_reverse
[FVA] Starting optimization for reaction: PSERT
[FVA] Starting optimization for reaction: XTSNt2rpp
[FVA] Starting optimization for reaction: PLIPA1E120pp
[FVA] Starting optimization for reaction: 2AGPA141tipp
[FVA] Starting optimization for reaction: TARTt2_3pp
[FVA] Starting optimization for reaction: FUMt1pp_reverse
    [Chunk 26]  48.0% complete (24/50 reactions)
[FVA] Starting optimization for reaction: METDabcpp
    [Chunk 54]  48.0% complete (24/50 reactions)
[FVA] Starting optimization for reaction: 3HPADHi
    [Chunk 16]  48.0% complete (24/50 reactions)
[FVA] Starting optimization for reaction: XYLabcpp
    [Chunk 12]  48.0% complete (24/50 reactions)
[FVA] Starting optimization for reaction: AIRC2
    [Chunk 36]  48.0% complete (24/50 reactions)
[FVA] Starting optimization for reaction: MALtex
    [Chunk 43]  48.0% complete (24/50 reactions)
[FVA] Starting optimization for reaction: EX_urate_e
[FVA] Starting optimization for reaction: PROabcpp
    [Chunk 51]  48.0% complete (24/50 reactions)
[FVA] Starting optimization for reaction: SUCTARTtpp
    [Chunk 68]  96.0% complete (24/25 reactions)
[FVA] Starting optimization for reaction: SUCCt1pp_reverse
[FVA] Starting optimization for reaction: GAPD
[FVA] Starting optimization for reaction: 4ABZGLUtex
[FVA] Starting optimization for reaction: XYLUt2pp
[FVA] Starting optimization for reaction: PLIPA1G160pp
[FVA] Starting optimization for reaction: APCS
[FVA] Starting optimization for reaction: NO3tex
[FVA] Starting optimization for reaction: PROt2rpp
[FVA] Starting optimization for reaction: THRt4pp
[FVA] Starting optimization for reaction: 2HPTCOAT
  [Chunk 68/68] ✓ Complete (25 reactions)
  [Chunk 31/68] Processing 50 reactions...
[FVA] Starting optimization for reaction: EX_so4_e
[FVA] Starting optimization for reaction: HEX1
[FVA] Starting optimization for reaction: 3OAS141
[FVA] Starting optimization for reaction: PLIPA1G141pp
[FVA] Starting optimization for reaction: CHTBSptspp
[FVA] Starting optimization for reaction: SADH
[FVA] Starting optimization for reaction: PROt4pp
[FVA] Starting optimization for reaction: EX_fruur_e
[FVA] Starting optimization for reaction: EX_metglcur_e
[FVA] Starting optimization for reaction: LPLIPAL2E160
[FVA] Starting optimization for reaction: GND
[FVA] Starting optimization for reaction: CHTBStex
[FVA] Starting optimization for reaction: 3OAR121
[FVA] Starting optimization for reaction: PTRCabcpp
[FVA] Starting optimization for reaction: GALtex
[FVA] Starting optimization for reaction: MC6PH
[FVA] Starting optimization for reaction: GLUSy
[FVA] Starting optimization for reaction: TAUDO
[FVA] Starting optimization for reaction: CFAS160G
[FVA] Starting optimization for reaction: LPLIPAL2G140
[FVA] Starting optimization for reaction: TRPtipp
[FVA] Starting optimization for reaction: GALCTtex
[FVA] Starting optimization for reaction: GUAPRT
[FVA] Starting optimization for reaction: ASNNpp
[FVA] Starting optimization for reaction: SLNTabcpp
[FVA] Starting optimization for reaction: DM_amob_c
[FVA] Starting optimization for reaction: URAt2pp
[FVA] Starting optimization for reaction: LPLIPAL2G160
[FVA] Starting optimization for reaction: TYRtipp
[FVA] Starting optimization for reaction: GLUNpp
[FVA] Starting optimization for reaction: VALt2rpp
[FVA] Starting optimization for reaction: EX_phe__L_e
[FVA] Starting optimization for reaction: GALCTNtex
[FVA] Starting optimization for reaction: ME2
[FVA] Starting optimization for reaction: FACOAE141
[FVA] Starting optimization for reaction: ThDPAT
[FVA] Starting optimization for reaction: 2AGPE140tipp
[FVA] Starting optimization for reaction: EX_thr__L_e
[FVA] Starting optimization for reaction: GALTtex
[FVA] Starting optimization for reaction: NTD12
[FVA] Starting optimization for reaction: VALt3pp
[FVA] Starting optimization for reaction: ARGSL
[FVA] Starting optimization for reaction: FACOAE161
[FVA] Starting optimization for reaction: GHBDHx
[FVA] Starting optimization for reaction: 2AGPE160tipp
[FVA] Starting optimization for reaction: FECRMtonex
[FVA] Starting optimization for reaction: EX_uri_e
[FVA] Starting optimization for reaction: GALURtex
[FVA] Starting optimization for reaction: MN2tipp
[FVA] Starting optimization for reaction: CBPS
[FVA] Starting optimization for reaction: TTDCEAtexi
[FVA] Starting optimization for reaction: 2AGPE180tipp
[FVA] Starting optimization for reaction: APPLDHr
[FVA] Starting optimization for reaction: PDH
[FVA] Starting optimization for reaction: ARBTNtonex
[FVA] Starting optimization for reaction: GTPCI
[FVA] Starting optimization for reaction: PSURItpp
[FVA] Starting optimization for reaction: GLU5K
[FVA] Starting optimization for reaction: HDCEAtexi
[FVA] Starting optimization for reaction: 2AGPE141tipp
[FVA] Starting optimization for reaction: SPMDt3pp
[FVA] Starting optimization for reaction: ADOCBLabcpp
[FVA] Starting optimization for reaction: DMSOR2pp
[FVA] Starting optimization for reaction: FDMO
[FVA] Starting optimization for reaction: CYSTA
[FVA] Starting optimization for reaction: IPPS
[FVA] Starting optimization for reaction: 2AGPE161tipp
[FVA] Starting optimization for reaction: PHEtipp
[FVA] Starting optimization for reaction: ALAALAD
[FVA] Starting optimization for reaction: EX_enter_e
[FVA] Starting optimization for reaction: FEOXAMabcpp
[FVA] Starting optimization for reaction: FE3DCITR5
[FVA] Starting optimization for reaction: H2St1pp
[FVA] Starting optimization for reaction: EX_mg2_e
[FVA] Starting optimization for reaction: 2AGPEAT180
[FVA] Starting optimization for reaction: 2AGPA161tipp
[FVA] Starting optimization for reaction: G2PP
[FVA] Starting optimization for reaction: HYD3pp
    [Chunk 16]  72.0% complete (36/50 reactions)
[FVA] Starting optimization for reaction: CBL1abcpp
    [Chunk 26]  72.0% complete (36/50 reactions)
[FVA] Starting optimization for reaction: EX_fecrm_un_e
    [Chunk 54]  72.0% complete (36/50 reactions)
[FVA] Starting optimization for reaction: 4HTHRA
    [Chunk 43]  72.0% complete (36/50 reactions)
[FVA] Starting optimization for reaction: 2AGPA181tipp
    [Chunk 12]  72.0% complete (36/50 reactions)
[FVA] Starting optimization for reaction: ACOATA
    [Chunk 51]  72.0% complete (36/50 reactions)
[FVA] Starting optimization for reaction: MALt3pp
    [Chunk 36]  72.0% complete (36/50 reactions)
[FVA] Starting optimization for reaction: 2AGPEAT181
[FVA] Starting optimization for reaction: ACACt2pp
[FVA] Starting optimization for reaction: EX_cgly_e
[FVA] Starting optimization for reaction: GAPP
[FVA] Starting optimization for reaction: NO3R1pp
[FVA] Starting optimization for reaction: MLTG2
[FVA] Starting optimization for reaction: 2AGPGAT140
[FVA] Starting optimization for reaction: 2AGPG120tipp
[FVA] Starting optimization for reaction: CITt3pp
[FVA] Starting optimization for reaction: ACGAptspp
    [Chunk 31]  24.0% complete (12/50 reactions)
[FVA] Starting optimization for reaction: EX_halipa_e
[FVA] Starting optimization for reaction: EX_chtbs_e
[FVA] Starting optimization for reaction: METGLCURt2pp
[FVA] Starting optimization for reaction: LPLIPAL2G120
[FVA] Starting optimization for reaction: DHNPA2r
[FVA] Starting optimization for reaction: MLTG1
[FVA] Starting optimization for reaction: PLIPA1E181pp
[FVA] Starting optimization for reaction: ACMANAptspp
[FVA] Starting optimization for reaction: EX_gmp_e
[FVA] Starting optimization for reaction: METGLCURtex
[FVA] Starting optimization for reaction: AACPS5
[FVA] Starting optimization for reaction: AMALT3
[FVA] Starting optimization for reaction: PLIPA1G180pp
[FVA] Starting optimization for reaction: PA141abcpp
[FVA] Starting optimization for reaction: QUIN2tpp
[FVA] Starting optimization for reaction: ACNAMt2pp
[FVA] Starting optimization for reaction: MANptspp
[FVA] Starting optimization for reaction: EX_h2o2_e
[FVA] Starting optimization for reaction: FMNt
[FVA] Starting optimization for reaction: GLYC2Pabcpp
[FVA] Starting optimization for reaction: MLTP3
[FVA] Starting optimization for reaction: PLIPA1G181pp
[FVA] Starting optimization for reaction: PA161abcpp
[FVA] Starting optimization for reaction: AI2tex
[FVA] Starting optimization for reaction: EX_ump_e
[FVA] Starting optimization for reaction: CHOLD
[FVA] Starting optimization for reaction: EX_cmp_e
[FVA] Starting optimization for reaction: SPODM
[FVA] Starting optimization for reaction: ALAALAabcpp
[FVA] Starting optimization for reaction: PA180abcpp
[FVA] Starting optimization for reaction: CRNDtex
[FVA] Starting optimization for reaction: DRPA
[FVA] Starting optimization for reaction: PAI2T
[FVA] Starting optimization for reaction: EX_pydam_e
[FVA] Starting optimization for reaction: NTD8
[FVA] Starting optimization for reaction: AHCYSNS
[FVA] Starting optimization for reaction: HEXt2rpp
[FVA] Starting optimization for reaction: PGPP161pp
[FVA] Starting optimization for reaction: CUt2pp
[FVA] Starting optimization for reaction: SHGO
[FVA] Starting optimization for reaction: CRNabcpp
[FVA] Starting optimization for reaction: TKT2
[FVA] Starting optimization for reaction: TMK
[FVA] Starting optimization for reaction: GALCTD
[FVA] Starting optimization for reaction: G3PEabcpp
[FVA] Starting optimization for reaction: PE120abcpp
[FVA] Starting optimization for reaction: NADHXD
[FVA] Starting optimization for reaction: CRNDabcpp
[FVA] Starting optimization for reaction: EX_ch4_e
[FVA] Starting optimization for reaction: DHCURR
[FVA] Starting optimization for reaction: EX_malthx_e
[FVA] Starting optimization for reaction: NTPP4
[FVA] Starting optimization for reaction: G3PCabcpp
[FVA] Starting optimization for reaction: DNTPPA
[FVA] Starting optimization for reaction: PE180abcpp
[FVA] Starting optimization for reaction: NADPHHR
[FVA] Starting optimization for reaction: FEENTERabcpp
[FVA] Starting optimization for reaction: RHMND
[FVA] Starting optimization for reaction: NTPP3
[FVA] Starting optimization for reaction: MLTG4
[FVA] Starting optimization for reaction: NADPHHS
[FVA] Starting optimization for reaction: PAPA140
[FVA] Starting optimization for reaction: 2AGPGAT161
[FVA] Starting optimization for reaction: CTBTabcpp
[FVA] Starting optimization for reaction: FECRMabcpp
[FVA] Starting optimization for reaction: 3HBZCT
[FVA] Starting optimization for reaction: UDPGDC
[FVA] Starting optimization for reaction: NTPP6
[FVA] Starting optimization for reaction: AMPTASEPG
[FVA] Starting optimization for reaction: NADHHS
[FVA] Starting optimization for reaction: PAPA141
[FVA] Starting optimization for reaction: NTPP9
[FVA] Starting optimization for reaction: GAMtex
[FVA] Starting optimization for reaction: CXSAMS
[FVA] Starting optimization for reaction: PUNP4
[FVA] Starting optimization for reaction: NADHXE
[FVA] Starting optimization for reaction: NTPP7
[FVA] Starting optimization for reaction: PAPA161
[FVA] Starting optimization for reaction: PROGLYabcpp
    [Chunk 26]  96.0% complete (48/50 reactions)
[FVA] Starting optimization for reaction: NTPP10
    [Chunk 16]  96.0% complete (48/50 reactions)
[FVA] Starting optimization for reaction: GBBTNtex
    [Chunk 54]  96.0% complete (48/50 reactions)
[FVA] Starting optimization for reaction: EX_2dglc_e
[FVA] Starting optimization for reaction: AMAOTr
    [Chunk 12]  96.0% complete (48/50 reactions)
[FVA] Starting optimization for reaction: NTPP8
    [Chunk 36]  96.0% complete (48/50 reactions)
[FVA] Starting optimization for reaction: GTHRDabcpp
    [Chunk 51]  96.0% complete (48/50 reactions)
[FVA] Starting optimization for reaction: SELabcpp
    [Chunk 43]  96.0% complete (48/50 reactions)
[FVA] Starting optimization for reaction: GTHOXtex
[FVA] Starting optimization for reaction: NTPP11
[FVA] Starting optimization for reaction: ARBt2rpp
[FVA] Starting optimization for reaction: THRt2rpp
[FVA] Starting optimization for reaction: EX_csn_e
[FVA] Starting optimization for reaction: PYK2
[FVA] Starting optimization for reaction: P5CR
[FVA] Starting optimization for reaction: DSBAO1
[FVA] Starting optimization for reaction: 2AGPG140tipp
  [Chunk 26/68] ✓ Complete (50 reactions)
  [Chunk 58/68] Processing 50 reactions...
[FVA] Starting optimization for reaction: OCBT_reverse
  [Chunk 54/68] ✓ Complete (50 reactions)
  [Chunk 15/68] Processing 50 reactions...
[FVA] Starting optimization for reaction: GLYCLTtex
  [Chunk 12/68] ✓ Complete (50 reactions)
  [Chunk 34/68] Processing 50 reactions...
[FVA] Starting optimization for reaction: EX_cyan_e
  [Chunk 16/68] ✓ Complete (50 reactions)
  [Chunk 65/68] Processing 50 reactions...
[FVA] Starting optimization for reaction: DTMPtex_reverse
    [Chunk 31]  48.0% complete (24/50 reactions)
[FVA] Starting optimization for reaction: EX_etoh_e
  [Chunk 36/68] ✓ Complete (50 reactions)
  [Chunk 25/68] Processing 50 reactions...
[FVA] Starting optimization for reaction: CPGNR3
  [Chunk 51/68] ✓ Complete (50 reactions)
  [Chunk 38/68] Processing 50 reactions...
[FVA] Starting optimization for reaction: CLPNS160pp
  [Chunk 43/68] ✓ Complete (50 reactions)
  [Chunk  5/68] Processing 50 reactions...
[FVA] Starting optimization for reaction: EX_dgsn_e
[FVA] Starting optimization for reaction: GARFT_reverse
[FVA] Starting optimization for reaction: GTPtex
[FVA] Starting optimization for reaction: GMPtex_reverse
[FVA] Starting optimization for reaction: EX_his__L_e
[FVA] Starting optimization for reaction: EX_tyrp_e
[FVA] Starting optimization for reaction: CPGNUtpp
[FVA] Starting optimization for reaction: CLPNS161pp
[FVA] Starting optimization for reaction: PHETA1_reverse
[FVA] Starting optimization for reaction: GUAtex
[FVA] Starting optimization for reaction: EX_arab__L_e
[FVA] Starting optimization for reaction: EX_uacgam_e
[FVA] Starting optimization for reaction: IMPtex_reverse
[FVA] Starting optimization for reaction: EX_k_e
[FVA] Starting optimization for reaction: CPGNUtex
[FVA] Starting optimization for reaction: PG160abcpp
[FVA] Starting optimization for reaction: EX_fru_e
[FVA] Starting optimization for reaction: MCITL2_reverse
[FVA] Starting optimization for reaction: Htex
[FVA] Starting optimization for reaction: UMPtex_reverse
[FVA] Starting optimization for reaction: EX_na1_e
[FVA] Starting optimization for reaction: EX_udpacgal_e
[FVA] Starting optimization for reaction: ACOTA_reverse
[FVA] Starting optimization for reaction: AAMYL
[FVA] Starting optimization for reaction: PGP140abcpp
[FVA] Starting optimization for reaction: H2tex
[FVA] Starting optimization for reaction: EX_gal_e
[FVA] Starting optimization for reaction: EX_udpg_e
[FVA] Starting optimization for reaction: G1Ptex_reverse
[FVA] Starting optimization for reaction: ARGORNt7pp
[FVA] Starting optimization for reaction: AAMYLpp
[FVA] Starting optimization for reaction: PAPA120pp
[FVA] Starting optimization for reaction: EX_xyl__D_e
[FVA] Starting optimization for reaction: PRAGSr_reverse
[FVA] Starting optimization for reaction: H2Otex
[FVA] Starting optimization for reaction: SKMtex_reverse
[FVA] Starting optimization for reaction: EX_dmso_e
[FVA] Starting optimization for reaction: EX_udpgal_e
[FVA] Starting optimization for reaction: FACOAL80t2pp
[FVA] Starting optimization for reaction: PAPA140pp
[FVA] Starting optimization for reaction: EX_duri_e
[FVA] Starting optimization for reaction: PPAKr_reverse
[FVA] Starting optimization for reaction: EX_udpglcur_e
[FVA] Starting optimization for reaction: FACOAL160t2pp
[FVA] Starting optimization for reaction: MNtex_reverse
[FVA] Starting optimization for reaction: EX_12ppd__S_e
[FVA] Starting optimization for reaction: PPGPPDP
[FVA] Starting optimization for reaction: PAPA141pp
[FVA] Starting optimization for reaction: EX_for_e
[FVA] Starting optimization for reaction: PPM2_reverse
[FVA] Starting optimization for reaction: FACOAL180t2pp
[FVA] Starting optimization for reaction: GAL1Ptex_reverse
[FVA] Starting optimization for reaction: EX_pppn_e
[FVA] Starting optimization for reaction: EX_14glucan_e
[FVA] Starting optimization for reaction: PAPA160pp
[FVA] Starting optimization for reaction: CPGNabcpp
[FVA] Starting optimization for reaction: EX_gly_e
[FVA] Starting optimization for reaction: G6PDH2r_reverse
[FVA] Starting optimization for reaction: SPODMpp
[FVA] Starting optimization for reaction: O2Stex_reverse
[FVA] Starting optimization for reaction: EX_acgam1p_e
[FVA] Starting optimization for reaction: EX_pser__L_e
[FVA] Starting optimization for reaction: CPGNexs
[FVA] Starting optimization for reaction: PAPA161pp
[FVA] Starting optimization for reaction: EX_h2_e
[FVA] Starting optimization for reaction: FBA3_reverse
[FVA] Starting optimization for reaction: NO3R1bpp
[FVA] Starting optimization for reaction: HOMtex_reverse
[FVA] Starting optimization for reaction: NTD11pp
[FVA] Starting optimization for reaction: EX_aso3_e
[FVA] Starting optimization for reaction: PAPA180pp
[FVA] Starting optimization for reaction: CITtex
[FVA] Starting optimization for reaction: EX_lys__L_e
[FVA] Starting optimization for reaction: ADK3_reverse
[FVA] Starting optimization for reaction: SO2tex_reverse
[FVA] Starting optimization for reaction: O2tpp
[FVA] Starting optimization for reaction: EX_galt_e
[FVA] Starting optimization for reaction: EX_tcynt_e
[FVA] Starting optimization for reaction: HPYRI
[FVA] Starting optimization for reaction: EX_ser__L_e
[FVA] Starting optimization for reaction: HSDy_reverse
[FVA] Starting optimization for reaction: ACGAtex
[FVA] Starting optimization for reaction: SO2tpp_reverse
[FVA] Starting optimization for reaction: PHYTSpp
[FVA] Starting optimization for reaction: DKGLCNR2x
[FVA] Starting optimization for reaction: EX_fe3dhbzs_e
[FVA] Starting optimization for reaction: FE3HOXUtex
[FVA] Starting optimization for reaction: EX_thm_e
[FVA] Starting optimization for reaction: DDCAtexi
    [Chunk 58]  24.0% complete (12/50 reactions)
[FVA] Starting optimization for reaction: GLUtex_reverse
    [Chunk 65]  24.0% complete (12/50 reactions)
[FVA] Starting optimization for reaction: ACSERtex_reverse
    [Chunk 15]  24.0% complete (12/50 reactions)
[FVA] Starting optimization for reaction: PPTHpp
    [Chunk 31]  72.0% complete (36/50 reactions)
[FVA] Starting optimization for reaction: ACGS
    [Chunk 34]  24.0% complete (12/50 reactions)
[FVA] Starting optimization for reaction: PPPGO
    [Chunk  5]  24.0% complete (12/50 reactions)
[FVA] Starting optimization for reaction: EX_trp__L_e
    [Chunk 38]  24.0% complete (12/50 reactions)
[FVA] Starting optimization for reaction: TPRDCOAS
[FVA] Starting optimization for reaction: GLYtex_reverse
[FVA] Starting optimization for reaction: IPDDI_reverse
    [Chunk 25]  24.0% complete (12/50 reactions)
[FVA] Starting optimization for reaction: TTDCAtexi
[FVA] Starting optimization for reaction: PYRt2rpp
[FVA] Starting optimization for reaction: PDE1
[FVA] Starting optimization for reaction: EX_feoxam_un_e
[FVA] Starting optimization for reaction: ACGAM1PPpp
[FVA] Starting optimization for reaction: GLUTRR
[FVA] Starting optimization for reaction: HDCAtexi
[FVA] Starting optimization for reaction: GLYALDtex_reverse
[FVA] Starting optimization for reaction: DURADx_reverse
[FVA] Starting optimization for reaction: NO3R2pp
[FVA] Starting optimization for reaction: MCITD
[FVA] Starting optimization for reaction: EX_g3pc_e
[FVA] Starting optimization for reaction: EX_dgmp_e
[FVA] Starting optimization for reaction: GLCS1
[FVA] Starting optimization for reaction: GLYBtex_reverse
[FVA] Starting optimization for reaction: ECOAH7_reverse
[FVA] Starting optimization for reaction: GUACYC
[FVA] Starting optimization for reaction: NTP3pp
[FVA] Starting optimization for reaction: CU2tex
[FVA] Starting optimization for reaction: EX_g3pg_e
[FVA] Starting optimization for reaction: GAMptspp
[FVA] Starting optimization for reaction: 23PDE2pp
[FVA] Starting optimization for reaction: GLCP
[FVA] Starting optimization for reaction: GLYCtex_reverse
[FVA] Starting optimization for reaction: LDH_D_reverse
[FVA] Starting optimization for reaction: NO3R2bpp
[FVA] Starting optimization for reaction: GLCATr
[FVA] Starting optimization for reaction: EX_g3pi_e
[FVA] Starting optimization for reaction: GSNt2pp
[FVA] Starting optimization for reaction: GLYC3Ptex_reverse
[FVA] Starting optimization for reaction: ALAALAtex_reverse
[FVA] Starting optimization for reaction: 23PDE4pp
[FVA] Starting optimization for reaction: EX_din_e
[FVA] Starting optimization for reaction: THD2pp
[FVA] Starting optimization for reaction: EX_g3ps_e
[FVA] Starting optimization for reaction: FECRMUtex
[FVA] Starting optimization for reaction: EX_4hoxpacd_e
[FVA] Starting optimization for reaction: 23PDE9pp
[FVA] Starting optimization for reaction: EX_fmn_e
[FVA] Starting optimization for reaction: GLYCLTtex_reverse
[FVA] Starting optimization for reaction: T2DECAI_reverse
[FVA] Starting optimization for reaction: TMAOR1pp
[FVA] Starting optimization for reaction: ALAALAr
[FVA] Starting optimization for reaction: EX_peamn_e
[FVA] Starting optimization for reaction: GTPtex_reverse
[FVA] Starting optimization for reaction: GSNtex
[FVA] Starting optimization for reaction: ATPHs
[FVA] Starting optimization for reaction: TMAOR2pp
[FVA] Starting optimization for reaction: EX_gthox_e
[FVA] Starting optimization for reaction: EX_34dhpac_e
[FVA] Starting optimization for reaction: MALtex_reverse
[FVA] Starting optimization for reaction: CLtex
[FVA] Starting optimization for reaction: FORtex
[FVA] Starting optimization for reaction: SARCOX
[FVA] Starting optimization for reaction: HEMEOS
[FVA] Starting optimization for reaction: GUAtex_reverse
[FVA] Starting optimization for reaction: NO3tex_reverse
[FVA] Starting optimization for reaction: XANtpp
[FVA] Starting optimization for reaction: CELBpts
[FVA] Starting optimization for reaction: DAMPtex
[FVA] Starting optimization for reaction: Htex_reverse
[FVA] Starting optimization for reaction: D_LACt2pp
[FVA] Starting optimization for reaction: DAPtex
[FVA] Starting optimization for reaction: GTPHs
[FVA] Starting optimization for reaction: ADMDC
[FVA] Starting optimization for reaction: DCMPtex
[FVA] Starting optimization for reaction: HEXt2rpp_reverse
[FVA] Starting optimization for reaction: ACACT1r
[FVA] Starting optimization for reaction: RIBtex
[FVA] Starting optimization for reaction: MN6PP
[FVA] Starting optimization for reaction: AGMT
[FVA] Starting optimization for reaction: H2tex_reverse
[FVA] Starting optimization for reaction: CLPNS180pp_reverse
[FVA] Starting optimization for reaction: 12PPDStex
[FVA] Starting optimization for reaction: MALTptspp
[FVA] Starting optimization for reaction: DGMPtex
[FVA] Starting optimization for reaction: H2Otex_reverse
[FVA] Starting optimization for reaction: FLVRx
[FVA] Starting optimization for reaction: 3KGK
[FVA] Starting optimization for reaction: ARGDC
[FVA] Starting optimization for reaction: DTMPtex
[FVA] Starting optimization for reaction: CLPNS181pp_reverse
[FVA] Starting optimization for reaction: DDGLCNtex
[FVA] Starting optimization for reaction: EX_glcur1p_e
[FVA] Starting optimization for reaction: THMtex
[FVA] Starting optimization for reaction: EX_cd2_e
[FVA] Starting optimization for reaction: ARGSS
    [Chunk 58]  48.0% complete (24/50 reactions)
[FVA] Starting optimization for reaction: O2tpp_reverse
    [Chunk 65]  48.0% complete (24/50 reactions)
[FVA] Starting optimization for reaction: CLPNS120pp_reverse
    [Chunk 15]  48.0% complete (24/50 reactions)
[FVA] Starting optimization for reaction: 26DAHtex
    [Chunk 31]  96.0% complete (48/50 reactions)
[FVA] Starting optimization for reaction: EX_thrp_e
    [Chunk 34]  48.0% complete (24/50 reactions)
[FVA] Starting optimization for reaction: GMPtex
[FVA] Starting optimization for reaction: PYRt2rpp_reverse
    [Chunk 38]  48.0% complete (24/50 reactions)
[FVA] Starting optimization for reaction: XYLUtex
    [Chunk 25]  48.0% complete (24/50 reactions)
[FVA] Starting optimization for reaction: F6PP
    [Chunk  5]  48.0% complete (24/50 reactions)
[FVA] Starting optimization for reaction: AGPR
[FVA] Starting optimization for reaction: IMPtex
[FVA] Starting optimization for reaction: CLPNS160pp_reverse
[FVA] Starting optimization for reaction: HCINNMtex
[FVA] Starting optimization for reaction: EX_pydxn_e
[FVA] Starting optimization for reaction: EX_manglyc_e
[FVA] Starting optimization for reaction: GDPMNH
[FVA] Starting optimization for reaction: SPMS
[FVA] Starting optimization for reaction: XANtpp_reverse
[FVA] Starting optimization for reaction: CLPNS161pp_reverse
[FVA] Starting optimization for reaction: HPPPNtex
  [Chunk 31/68] ✓ Complete (50 reactions)
  [Chunk 32/68] Processing 50 reactions...
[FVA] Starting optimization for reaction: CD2abcpp
[FVA] Starting optimization for reaction: UMPtex
[FVA] Starting optimization for reaction: ALLtex
[FVA] Starting optimization for reaction: FACOAL60t2pp
[FVA] Starting optimization for reaction: G1SAT
[FVA] Starting optimization for reaction: DAPtex_reverse
[FVA] Starting optimization for reaction: G1Ptex
[FVA] Starting optimization for reaction: HPYRI_reverse
[FVA] Starting optimization for reaction: ACtex
[FVA] Starting optimization for reaction: G2PPpp
[FVA] Starting optimization for reaction: GGPTRCO
[FVA] Starting optimization for reaction: IDONt2rpp
[FVA] Starting optimization for reaction: KDOCT2
[FVA] Starting optimization for reaction: 12PPDStex_reverse
[FVA] Starting optimization for reaction: GSNtex_reverse
[FVA] Starting optimization for reaction: ACALDtex
[FVA] Starting optimization for reaction: Kt3pp
[FVA] Starting optimization for reaction: ADNK1
[FVA] Starting optimization for reaction: EX_metsox_R__L_e
[FVA] Starting optimization for reaction: ILEabcpp
[FVA] Starting optimization for reaction: OAADC
[FVA] Starting optimization for reaction: DDGLCNtex_reverse
[FVA] Starting optimization for reaction: FORtex_reverse
[FVA] Starting optimization for reaction: ACMANAtex
[FVA] Starting optimization for reaction: AGM3PApp
[FVA] Starting optimization for reaction: CUt3
[FVA] Starting optimization for reaction: 34dhpactex
[FVA] Starting optimization for reaction: MNNH
[FVA] Starting optimization for reaction: 26DAHtex_reverse
[FVA] Starting optimization for reaction: D_LACt2pp_reverse
[FVA] Starting optimization for reaction: ACMUMtex
[FVA] Starting optimization for reaction: INDOLEt2pp
[FVA] Starting optimization for reaction: SUCOAS
[FVA] Starting optimization for reaction: ZN2t3pp
[FVA] Starting optimization for reaction: MALTHXtexi
[FVA] Starting optimization for reaction: INSt2pp
[FVA] Starting optimization for reaction: ALTRH
[FVA] Starting optimization for reaction: HCINNMtex_reverse
[FVA] Starting optimization for reaction: RIBtex_reverse
[FVA] Starting optimization for reaction: ACACT7r
[FVA] Starting optimization for reaction: 12PPDStpp
[FVA] Starting optimization for reaction: NTP1
[FVA] Starting optimization for reaction: SKMtex
[FVA] Starting optimization for reaction: GUI1
[FVA] Starting optimization for reaction: HPPPNtex_reverse
[FVA] Starting optimization for reaction: THMtex_reverse
[FVA] Starting optimization for reaction: PSP_L
[FVA] Starting optimization for reaction: LYXt2pp
[FVA] Starting optimization for reaction: GALKr
[FVA] Starting optimization for reaction: MNt2pp
[FVA] Starting optimization for reaction: HYD1pp
[FVA] Starting optimization for reaction: PGAMT
[FVA] Starting optimization for reaction: GDPDPK
[FVA] Starting optimization for reaction: ACtex_reverse
[FVA] Starting optimization for reaction: XYLUtex_reverse
[FVA] Starting optimization for reaction: ACACT2r
[FVA] Starting optimization for reaction: EX_cl_e
[FVA] Starting optimization for reaction: PANTS
[FVA] Starting optimization for reaction: MNtex
[FVA] Starting optimization for reaction: UAGDP
[FVA] Starting optimization for reaction: ACALDtex_reverse
[FVA] Starting optimization for reaction: ALLtex_reverse
[FVA] Starting optimization for reaction: ACACT3r
[FVA] Starting optimization for reaction: OCDCAtexi
[FVA] Starting optimization for reaction: YUMPS
[FVA] Starting optimization for reaction: GAL1Ptex
[FVA] Starting optimization for reaction: FE3DHBZStonex
[FVA] Starting optimization for reaction: OCDCEAtexi
[FVA] Starting optimization for reaction: UAGCVT
[FVA] Starting optimization for reaction: ACMANAtex_reverse
[FVA] Starting optimization for reaction: 34dhpactex_reverse
[FVA] Starting optimization for reaction: ACACT4r
[FVA] Starting optimization for reaction: AACTOOR
[FVA] Starting optimization for reaction: O2Stex
[FVA] Starting optimization for reaction: DHQS
    [Chunk 58]  72.0% complete (36/50 reactions)
[FVA] Starting optimization for reaction: ACACT7r_reverse
    [Chunk 65]  72.0% complete (36/50 reactions)
[FVA] Starting optimization for reaction: 12PPDStpp_reverse
    [Chunk 15]  72.0% complete (36/50 reactions)
[FVA] Starting optimization for reaction: SUCCt2_2pp
[FVA] Starting optimization for reaction: G6Ptex
[FVA] Starting optimization for reaction: GLUR
    [Chunk 34]  72.0% complete (36/50 reactions)
[FVA] Starting optimization for reaction: HEPK1
[FVA] Starting optimization for reaction: PGCD
    [Chunk 38]  72.0% complete (36/50 reactions)
[FVA] Starting optimization for reaction: H2tpp
    [Chunk 25]  72.0% complete (36/50 reactions)
[FVA] Starting optimization for reaction: TUNGSabcpp
    [Chunk  5]  72.0% complete (36/50 reactions)
[FVA] Starting optimization for reaction: UAG2E
[FVA] Starting optimization for reaction: ACACT2r_reverse
[FVA] Starting optimization for reaction: EX_cl_e_reverse
[FVA] Starting optimization for reaction: SUCFUMtpp
[FVA] Starting optimization for reaction: 23DAPPAtex
[FVA] Starting optimization for reaction: EX_cys__L_e
[FVA] Starting optimization for reaction: HEPT3
[FVA] Starting optimization for reaction: ACACT3r_reverse
[FVA] Starting optimization for reaction: H2tpp_reverse
[FVA] Starting optimization for reaction: SUCptspp
[FVA] Starting optimization for reaction: MOBDabcpp
[FVA] Starting optimization for reaction: EX_acald_e
    [Chunk 32]  24.0% complete (12/50 reactions)
[FVA] Starting optimization for reaction: EX_gsn_e
[FVA] Starting optimization for reaction: HEPK2
[FVA] Starting optimization for reaction: ECAP3pp
[FVA] Starting optimization for reaction: MOBDtex
[FVA] Starting optimization for reaction: ACACT4r_reverse
[FVA] Starting optimization for reaction: EX_melib_e
[FVA] Starting optimization for reaction: 23DAPPAtex_reverse
[FVA] Starting optimization for reaction: SULabcpp
[FVA] Starting optimization for reaction: FEOXAMtonex
[FVA] Starting optimization for reaction: ALDD3y
[FVA] Starting optimization for reaction: EX_orot_e
[FVA] Starting optimization for reaction: SUCFUMtpp_reverse
[FVA] Starting optimization for reaction: TSULabcpp
[FVA] Starting optimization for reaction: NI2uabcpp
[FVA] Starting optimization for reaction: MACPD
[FVA] Starting optimization for reaction: R5PP
[FVA] Starting optimization for reaction: ADSL1r
[FVA] Starting optimization for reaction: PHEt2rpp_reverse
[FVA] Starting optimization for reaction: FMNRx
[FVA] Starting optimization for reaction: NI2tex
[FVA] Starting optimization for reaction: TARTRt7pp_reverse
[FVA] Starting optimization for reaction: DMQMT
[FVA] Starting optimization for reaction: GUI2_reverse
[FVA] Starting optimization for reaction: TARTRt7pp
[FVA] Starting optimization for reaction: EX_3hpppn_e
[FVA] Starting optimization for reaction: EX_xmp_e
[FVA] Starting optimization for reaction: SERD_D
[FVA] Starting optimization for reaction: AHGDx_reverse
[FVA] Starting optimization for reaction: AHGDx
[FVA] Starting optimization for reaction: R1PK
[FVA] Starting optimization for reaction: ICHORS_copy1
[FVA] Starting optimization for reaction: EX_damp_e
[FVA] Starting optimization for reaction: AICART
[FVA] Starting optimization for reaction: GLCtex_copy2_reverse
[FVA] Starting optimization for reaction: EX_man6p_e
[FVA] Starting optimization for reaction: EX_ca2_e_reverse
[FVA] Starting optimization for reaction: R15BPK
[FVA] Starting optimization for reaction: EX_sucr_e
[FVA] Starting optimization for reaction: 12PPDRtpp_reverse
[FVA] Starting optimization for reaction: TAURabcpp
[FVA] Starting optimization for reaction: CYSSADS
[FVA] Starting optimization for reaction: FRUpts2pp
[FVA] Starting optimization for reaction: AKGt2rpp_reverse
[FVA] Starting optimization for reaction: EX_tsul_e
[FVA] Starting optimization for reaction: THMDt2pp_copy1
[FVA] Starting optimization for reaction: Kabcpp
[FVA] Starting optimization for reaction: EX_tre_e
[FVA] Starting optimization for reaction: EX_dimp_e
[FVA] Starting optimization for reaction: 3OAR120_reverse
[FVA] Starting optimization for reaction: G6Pt6_2pp
[FVA] Starting optimization for reaction: PHEt2rpp
[FVA] Starting optimization for reaction: THMDt2pp_copy2_reverse
[FVA] Starting optimization for reaction: LEUabcpp
[FVA] Starting optimization for reaction: EX_zn2_e
[FVA] Starting optimization for reaction: PPALtex_reverse
[FVA] Starting optimization for reaction: EX_ca2_e
[FVA] Starting optimization for reaction: CPPPGO2
[FVA] Starting optimization for reaction: PROtex
[FVA] Starting optimization for reaction: TRPt2rpp_reverse
[FVA] Starting optimization for reaction: DHBS
[FVA] Starting optimization for reaction: L_LACt2rpp
[FVA] Starting optimization for reaction: EX_isetac_e
[FVA] Starting optimization for reaction: HACD5
[FVA] Starting optimization for reaction: SBTtex
[FVA] Starting optimization for reaction: CA2tex_reverse
[FVA] Starting optimization for reaction: EX_so3_e
[FVA] Starting optimization for reaction: EX_n2o_e
[FVA] Starting optimization for reaction: TYRt2rpp_reverse
[FVA] Starting optimization for reaction: MALt2_2pp
[FVA] Starting optimization for reaction: DNMPPA
[FVA] Starting optimization for reaction: CUtex_reverse
[FVA] Starting optimization for reaction: Kt2pp
[FVA] Starting optimization for reaction: AGM3PH
[FVA] Starting optimization for reaction: PFK
    [Chunk 58]  96.0% complete (48/50 reactions)
[FVA] Starting optimization for reaction: URIt2pp_copy2_reverse
[FVA] Starting optimization for reaction: MDDCP1pp
[FVA] Starting optimization for reaction: MALt2_3pp
    [Chunk 34]  96.0% complete (48/50 reactions)
[FVA] Starting optimization for reaction: HOMt2pp
[FVA] Starting optimization for reaction: PGM
[FVA] Starting optimization for reaction: HPPK2
    [Chunk 15]  96.0% complete (48/50 reactions)
[FVA] Starting optimization for reaction: AKGt2rpp
    [Chunk 65]  96.0% complete (48/50 reactions)
[FVA] Starting optimization for reaction: 12PPDRtex_reverse
    [Chunk 38]  96.0% complete (48/50 reactions)
[FVA] Starting optimization for reaction: GUI2
[FVA] Starting optimization for reaction: XTSNt2rpp_reverse
    [Chunk 25]  96.0% complete (48/50 reactions)
[FVA] Starting optimization for reaction: MALTabcpp
    [Chunk  5]  96.0% complete (48/50 reactions)
[FVA] Starting optimization for reaction: PTPATi
[FVA] Starting optimization for reaction: XYLt2pp
[FVA] Starting optimization for reaction: F6Ptex_reverse
[FVA] Starting optimization for reaction: HOMtex
[FVA] Starting optimization for reaction: TPI
[FVA] Starting optimization for reaction: OMBZLM
[FVA] Starting optimization for reaction: MALTHXabcpp
    [Chunk 32]  48.0% complete (24/50 reactions)
[FVA] Starting optimization for reaction: RPI
  [Chunk 58/68] ✓ Complete (50 reactions)
  [Chunk 41/68] Processing 50 reactions...
[FVA] Starting optimization for reaction: F6Pt6_2pp
  [Chunk 34/68] ✓ Complete (50 reactions)
  [Chunk 11/68] Processing 50 reactions...
[FVA] Starting optimization for reaction: DDPA
[FVA] Starting optimization for reaction: HEX7
  [Chunk 15/68] ✓ Complete (50 reactions)
  [Chunk 59/68] Processing 50 reactions...
[FVA] Starting optimization for reaction: GALtex_reverse
  [Chunk 65/68] ✓ Complete (50 reactions)
  [Chunk 44/68] Processing 50 reactions...
[FVA] Starting optimization for reaction: DSBAO2
  [Chunk 38/68] ✓ Complete (50 reactions)
  [Chunk 50/68] Processing 50 reactions...
[FVA] Starting optimization for reaction: APH160
[FVA] Starting optimization for reaction: PPALtpp
  [Chunk 25/68] ✓ Complete (50 reactions)
  [Chunk 66/68] Processing 50 reactions...
[FVA] Starting optimization for reaction: GAMAN6Ptex_reverse
[FVA] Starting optimization for reaction: GALCTtex_reverse
  [Chunk  5/68] ✓ Complete (50 reactions)
  [Chunk 40/68] Processing 50 reactions...
[FVA] Starting optimization for reaction: MINOHPtexi
[FVA] Starting optimization for reaction: DSBDR
[FVA] Starting optimization for reaction: PERD
[FVA] Starting optimization for reaction: NMNDA
[FVA] Starting optimization for reaction: OPMEACPD
[FVA] Starting optimization for reaction: PYDAMK
[FVA] Starting optimization for reaction: PLIPA2E141pp
[FVA] Starting optimization for reaction: ACONIs_reverse
[FVA] Starting optimization for reaction: TDSR1
[FVA] Starting optimization for reaction: 12PPDRtpp
[FVA] Starting optimization for reaction: GALCTNtex_reverse
[FVA] Starting optimization for reaction: NNAM
[FVA] Starting optimization for reaction: EPMEACPR
[FVA] Starting optimization for reaction: PLIPA2E181pp
[FVA] Starting optimization for reaction: ACONTb_reverse
[FVA] Starting optimization for reaction: CGLYabcpp
[FVA] Starting optimization for reaction: GALTtex_reverse
[FVA] Starting optimization for reaction: FACOAE120
[FVA] Starting optimization for reaction: AKGtex
[FVA] Starting optimization for reaction: P5CD
[FVA] Starting optimization for reaction: PLIPA2G140pp
[FVA] Starting optimization for reaction: AOXSr2
[FVA] Starting optimization for reaction: ALLTNtex
[FVA] Starting optimization for reaction: SPMDAT1
[FVA] Starting optimization for reaction: PPALtpp_reverse
[FVA] Starting optimization for reaction: PLIPA2A120pp
[FVA] Starting optimization for reaction: GALURtex_reverse
[FVA] Starting optimization for reaction: 3OAR120
[FVA] Starting optimization for reaction: MEOHtrpp
[FVA] Starting optimization for reaction: 3HAD161
[FVA] Starting optimization for reaction: PROGLYtex_reverse
[FVA] Starting optimization for reaction: PLIPA2A160pp
[FVA] Starting optimization for reaction: ACACt2pp_reverse
[FVA] Starting optimization for reaction: 3HAD80
[FVA] Starting optimization for reaction: ASNtex
[FVA] Starting optimization for reaction: SPMDAT2
[FVA] Starting optimization for reaction: PLIPA2G160pp
[FVA] Starting optimization for reaction: SCYSDS
[FVA] Starting optimization for reaction: FE3HOXabcpp
[FVA] Starting optimization for reaction: TDPADGAT
[FVA] Starting optimization for reaction: MICITDr_reverse
[FVA] Starting optimization for reaction: CLPNH180pp
[FVA] Starting optimization for reaction: 3HAD120
[FVA] Starting optimization for reaction: TKT2_reverse
[FVA] Starting optimization for reaction: S2FE2SS
[FVA] Starting optimization for reaction: PLIPA2G181pp
[FVA] Starting optimization for reaction: LPLIPAL2E120
[FVA] Starting optimization for reaction: EAR180x
[FVA] Starting optimization for reaction: GAMtex_reverse
[FVA] Starting optimization for reaction: FADRx2
[FVA] Starting optimization for reaction: MALS
[FVA] Starting optimization for reaction: ACONTa_reverse
[FVA] Starting optimization for reaction: ASNS1
[FVA] Starting optimization for reaction: S4FE4SR
[FVA] Starting optimization for reaction: EX_o2_e
[FVA] Starting optimization for reaction: TRE6PP
[FVA] Starting optimization for reaction: 3OAR140_reverse
[FVA] Starting optimization for reaction: EAR100x
[FVA] Starting optimization for reaction: SO4t2pp
[FVA] Starting optimization for reaction: GBBTNtex_reverse
[FVA] Starting optimization for reaction: SELtex
[FVA] Starting optimization for reaction: EAR80y
[FVA] Starting optimization for reaction: 3OAR160_reverse
[FVA] Starting optimization for reaction: EAR120x
[FVA] Starting optimization for reaction: EAR180y
[FVA] Starting optimization for reaction: ARBt2rpp_reverse
[FVA] Starting optimization for reaction: EX_gal_bD_e
[FVA] Starting optimization for reaction: EX_met__D_e
[FVA] Starting optimization for reaction: SELR
[FVA] Starting optimization for reaction: EAR120y
[FVA] Starting optimization for reaction: PDE4
[FVA] Starting optimization for reaction: CLPNS140pp_reverse
[FVA] Starting optimization for reaction: EAR160x
[FVA] Starting optimization for reaction: AGPAT120
[FVA] Starting optimization for reaction: CO2tpp_reverse
