2025-12-02 16:42:52.856 | INFO     | kinGEMs.config:<module>:12 - PROJ_ROOT path is: /scratch/chinasse/kinGEMs_v2
2025-12-02 16:44:53.631 | INFO     | kinGEMs.config:<module>:12 - PROJ_ROOT path is: /scratch/chinasse/kinGEMs_v2
2025-12-02 16:44:53.631 | INFO     | kinGEMs.config:<module>:12 - PROJ_ROOT path is: /scratch/chinasse/kinGEMs_v2
2025-12-02 16:44:53.631 | INFO     | kinGEMs.config:<module>:12 - PROJ_ROOT path is: /scratch/chinasse/kinGEMs_v2
2025-12-02 16:44:53.631 | INFO     | kinGEMs.config:<module>:12 - PROJ_ROOT path is: /scratch/chinasse/kinGEMs_v2
2025-12-02 16:44:53.631 | INFO     | kinGEMs.config:<module>:12 - PROJ_ROOT path is: /scratch/chinasse/kinGEMs_v2
2025-12-02 16:44:53.631 | INFO     | kinGEMs.config:<module>:12 - PROJ_ROOT path is: /scratch/chinasse/kinGEMs_v2
2025-12-02 16:44:53.632 | INFO     | kinGEMs.config:<module>:12 - PROJ_ROOT path is: /scratch/chinasse/kinGEMs_v2
2025-12-02 16:44:53.632 | INFO     | kinGEMs.config:<module>:12 - PROJ_ROOT path is: /scratch/chinasse/kinGEMs_v2
2025-12-02 17:11:21,022 - distributed.worker - ERROR - Failed to communicate with scheduler during heartbeat.
Traceback (most recent call last):
  File "/scratch/chinasse/kinGEMs_v2/.venv/lib/python3.11/site-packages/distributed/comm/tcp.py", line 226, in read
    frames_nosplit_nbytes_bin = await stream.read_bytes(fmt_size)
                                ^^^^^^^^^^^^^^^^^^^^^^^^^^^^^^^^^
tornado.iostream.StreamClosedError: Stream is closed

The above exception was the direct cause of the following exception:

Traceback (most recent call last):
  File "/scratch/chinasse/kinGEMs_v2/.venv/lib/python3.11/site-packages/distributed/worker.py", line 1273, in heartbeat
    response = await retry_operation(
               ^^^^^^^^^^^^^^^^^^^^^^
  File "/scratch/chinasse/kinGEMs_v2/.venv/lib/python3.11/site-packages/distributed/utils_comm.py", line 416, in retry_operation
    return await retry(
           ^^^^^^^^^^^^
  File "/scratch/chinasse/kinGEMs_v2/.venv/lib/python3.11/site-packages/distributed/utils_comm.py", line 395, in retry
    return await coro()
           ^^^^^^^^^^^^
  File "/scratch/chinasse/kinGEMs_v2/.venv/lib/python3.11/site-packages/distributed/core.py", line 1259, in send_recv_from_rpc
    return await send_recv(comm=comm, op=key, **kwargs)
           ^^^^^^^^^^^^^^^^^^^^^^^^^^^^^^^^^^^^^^^^^^^^
  File "/scratch/chinasse/kinGEMs_v2/.venv/lib/python3.11/site-packages/distributed/core.py", line 1018, in send_recv
    response = await comm.read(deserializers=deserializers)
               ^^^^^^^^^^^^^^^^^^^^^^^^^^^^^^^^^^^^^^^^^^^^
  File "/scratch/chinasse/kinGEMs_v2/.venv/lib/python3.11/site-packages/distributed/comm/tcp.py", line 237, in read
    convert_stream_closed_error(self, e)
  File "/scratch/chinasse/kinGEMs_v2/.venv/lib/python3.11/site-packages/distributed/comm/tcp.py", line 137, in convert_stream_closed_error
    raise CommClosedError(f"in {obj}: {exc}") from exc
distributed.comm.core.CommClosedError: in <TCP (closed) ConnectionPool.heartbeat_worker local=tcp://127.0.0.1:55624 remote=tcp://127.0.0.1:40425>: Stream is closed
2025-12-02 17:11:53.833 | INFO     | kinGEMs.config:<module>:12 - PROJ_ROOT path is: /scratch/chinasse/kinGEMs_v2
2025-12-02 17:11:53.834 | INFO     | kinGEMs.config:<module>:12 - PROJ_ROOT path is: /scratch/chinasse/kinGEMs_v2
2025-12-02 17:11:53.834 | INFO     | kinGEMs.config:<module>:12 - PROJ_ROOT path is: /scratch/chinasse/kinGEMs_v2
2025-12-02 17:11:53.834 | INFO     | kinGEMs.config:<module>:12 - PROJ_ROOT path is: /scratch/chinasse/kinGEMs_v2
2025-12-02 17:11:53.834 | INFO     | kinGEMs.config:<module>:12 - PROJ_ROOT path is: /scratch/chinasse/kinGEMs_v2
2025-12-02 17:11:53.834 | INFO     | kinGEMs.config:<module>:12 - PROJ_ROOT path is: /scratch/chinasse/kinGEMs_v2
2025-12-02 17:11:53.834 | INFO     | kinGEMs.config:<module>:12 - PROJ_ROOT path is: /scratch/chinasse/kinGEMs_v2
2025-12-02 17:11:53.834 | INFO     | kinGEMs.config:<module>:12 - PROJ_ROOT path is: /scratch/chinasse/kinGEMs_v2
