2026-01-12 14:02:47.540 | INFO     | kinGEMs.config:<module>:12 - PROJ_ROOT path is: /scratch/chinasse/kinGEMs_v2
2026-01-12 14:03:57.030 | INFO     | kinGEMs.config:<module>:12 - PROJ_ROOT path is: /scratch/chinasse/kinGEMs_v2
2026-01-12 14:03:57.030 | INFO     | kinGEMs.config:<module>:12 - PROJ_ROOT path is: /scratch/chinasse/kinGEMs_v2
2026-01-12 14:03:57.031 | INFO     | kinGEMs.config:<module>:12 - PROJ_ROOT path is: /scratch/chinasse/kinGEMs_v2
2026-01-12 14:03:57.031 | INFO     | kinGEMs.config:<module>:12 - PROJ_ROOT path is: /scratch/chinasse/kinGEMs_v2
2026-01-12 14:03:57.031 | INFO     | kinGEMs.config:<module>:12 - PROJ_ROOT path is: /scratch/chinasse/kinGEMs_v2
2026-01-12 14:03:57.031 | INFO     | kinGEMs.config:<module>:12 - PROJ_ROOT path is: /scratch/chinasse/kinGEMs_v2
2026-01-12 14:03:57.037 | INFO     | kinGEMs.config:<module>:12 - PROJ_ROOT path is: /scratch/chinasse/kinGEMs_v2
2026-01-12 14:03:57.037 | INFO     | kinGEMs.config:<module>:12 - PROJ_ROOT path is: /scratch/chinasse/kinGEMs_v2
2026-01-12 15:07:37,450 - distributed.worker - ERROR - Failed to communicate with scheduler during heartbeat.
Traceback (most recent call last):
  File "/scratch/chinasse/kinGEMs_v2/.venv/lib/python3.11/site-packages/distributed/comm/tcp.py", line 226, in read
    frames_nosplit_nbytes_bin = await stream.read_bytes(fmt_size)
                                ^^^^^^^^^^^^^^^^^^^^^^^^^^^^^^^^^
tornado.iostream.StreamClosedError: Stream is closed

The above exception was the direct cause of the following exception:

Traceback (most recent call last):
  File "/scratch/chinasse/kinGEMs_v2/.venv/lib/python3.11/site-packages/distributed/worker.py", line 1273, in heartbeat
    response = await retry_operation(
               ^^^^^^^^^^^^^^^^^^^^^^
  File "/scratch/chinasse/kinGEMs_v2/.venv/lib/python3.11/site-packages/distributed/utils_comm.py", line 416, in retry_operation
    return await retry(
           ^^^^^^^^^^^^
  File "/scratch/chinasse/kinGEMs_v2/.venv/lib/python3.11/site-packages/distributed/utils_comm.py", line 395, in retry
    return await coro()
           ^^^^^^^^^^^^
  File "/scratch/chinasse/kinGEMs_v2/.venv/lib/python3.11/site-packages/distributed/core.py", line 1259, in send_recv_from_rpc
    return await send_recv(comm=comm, op=key, **kwargs)
           ^^^^^^^^^^^^^^^^^^^^^^^^^^^^^^^^^^^^^^^^^^^^
  File "/scratch/chinasse/kinGEMs_v2/.venv/lib/python3.11/site-packages/distributed/core.py", line 1018, in send_recv
    response = await comm.read(deserializers=deserializers)
               ^^^^^^^^^^^^^^^^^^^^^^^^^^^^^^^^^^^^^^^^^^^^
  File "/scratch/chinasse/kinGEMs_v2/.venv/lib/python3.11/site-packages/distributed/comm/tcp.py", line 237, in read
    convert_stream_closed_error(self, e)
  File "/scratch/chinasse/kinGEMs_v2/.venv/lib/python3.11/site-packages/distributed/comm/tcp.py", line 137, in convert_stream_closed_error
    raise CommClosedError(f"in {obj}: {exc}") from exc
distributed.comm.core.CommClosedError: in <TCP (closed) ConnectionPool.heartbeat_worker local=tcp://127.0.0.1:60502 remote=tcp://127.0.0.1:44619>: Stream is closed
2026-01-12 15:08:36.254 | INFO     | kinGEMs.config:<module>:12 - PROJ_ROOT path is: /scratch/chinasse/kinGEMs_v2
2026-01-12 15:08:36.254 | INFO     | kinGEMs.config:<module>:12 - PROJ_ROOT path is: /scratch/chinasse/kinGEMs_v2
2026-01-12 15:08:36.254 | INFO     | kinGEMs.config:<module>:12 - PROJ_ROOT path is: /scratch/chinasse/kinGEMs_v2
2026-01-12 15:08:36.254 | INFO     | kinGEMs.config:<module>:12 - PROJ_ROOT path is: /scratch/chinasse/kinGEMs_v2
2026-01-12 15:08:36.255 | INFO     | kinGEMs.config:<module>:12 - PROJ_ROOT path is: /scratch/chinasse/kinGEMs_v2
2026-01-12 15:08:36.255 | INFO     | kinGEMs.config:<module>:12 - PROJ_ROOT path is: /scratch/chinasse/kinGEMs_v2
2026-01-12 15:08:36.256 | INFO     | kinGEMs.config:<module>:12 - PROJ_ROOT path is: /scratch/chinasse/kinGEMs_v2
2026-01-12 15:08:36.259 | INFO     | kinGEMs.config:<module>:12 - PROJ_ROOT path is: /scratch/chinasse/kinGEMs_v2
