=========================================
Job: kinGEMs General Pipeline (Direct)
Job ID: 12859512
Node: fc30667
Current working directory: /project/def-mahadeva/ranaab/kinGEMs_v2
Starting run at: Thu Nov 27 07:53:18 PST 2025
=========================================

Configuration: configs/iML1515_GEM_parallel_fva.json
CPUs allocated: 8

Updated FVA workers to match SLURM CPUs: 8
Using temporary config: /tmp/tmp.SyDWurwWNz.json

Running kinGEMs pipeline...
Loading configuration from: /tmp/tmp.SyDWurwWNz.json

======================================================================
=== kinGEMs Pipeline for iML1515_GEM ===
======================================================================
Run ID: iML1515_GEM_20251127_5554
Model type: Standard
Organism: E coli
Results directory: /project/6000502/ranaab/kinGEMs_v2/results/tuning_results/iML1515_GEM_20251127_5554
Solver: glpk
======================================================================

=== Configuration Summary ===
Config file: /tmp/tmp.SyDWurwWNz.json
Model name: iML1515_GEM
Enzyme upper bound: 0.15
Enable FVA: True
Enable Biolog validation: False

FVA Settings:
  Parallel execution: True
  Biomass constraint ratio: 0.9
  Workers: 8
  Method: dask

Simulated Annealing Settings:
  Temperature: 1.0
  Cooling rate: 0.975
  Min temperature: 0.001
  Max iterations: 100
  Max unchanged iterations: 5
  Change threshold: 0.009
  Biomass goal: 0.5
  Top enzymes to tune: 65
======================================================================

Biomass reaction: BIOMASS_Ec_iML1515_core_75p37M

=== Step 1: Preparing model data ===
  ✓ Found existing files, loading cached data:
    - /project/6000502/ranaab/kinGEMs_v2/data/interim/iML1515_GEM/iML1515_GEM_substrates.csv
    - /project/6000502/ranaab/kinGEMs_v2/data/interim/iML1515_GEM/iML1515_GEM_sequences.csv
Warning: Model has 8 validation errors
  Model: 1516 genes, 2712 reactions

=== Step 2: Merging substrate and sequence data ===
  ✓ Found existing file, loading cached data:
    - /project/6000502/ranaab/kinGEMs_v2/data/interim/iML1515_GEM/iML1515_GEM_merged_data.csv
  Merged data: 12229 rows
  Found predictions file: X06A_kinGEMs_ecoli_iML1515_predictions.csv

=== Step 3: Processing CPI-Pred kcat values & annotating model ===
  ✓ Found existing file, loading cached data:
    - /project/6000502/ranaab/kinGEMs_v2/data/processed/iML1515_GEM/iML1515_GEM_processed_data.csv
  Processed data: 33657 rows
  Reactions with kcat: 2136/2712

=== Step 4: Running optimization ===
  Running standard COBRApy FBA (no enzyme constraints)...
    COBRApy biomass: 0.8770
  Running kinGEMs enzyme-constrained optimization...
    kinGEMs biomass: 0.2560

  Comparison:
    Standard FBA:           0.8770
    Enzyme-constrained FBA: 0.2560
    Reduction due to enzyme budget: 70.8%
  Using standard model - may need additional constraint processing

=== Step 5: Running simulated annealing ===
  Configuration:
    - Temperature: 1.0
    - Cooling rate: 0.975
    - Max iterations: 100
    - Max unchanged iterations: 5
    - Change threshold: 0.009
    - Biomass goal: 0.5
    - Top enzymes to tune: 65
  Starting optimization...

  Iter 1/100: biomass=0.305871, temp=1.0000  Iter 2/100: biomass=0.412124, temp=0.9750  Iter 3/100: biomass=0.479048, temp=0.9506  Iter 4/100: biomass=0.502039, temp=0.9269

  Annealing complete!
  Initial biomass: 0.2560
  Final biomass: 0.5020
  Improvement: 96.1%
  Total iterations: 5

  Biomass progression:
    Iter   0: 0.255960
    Iter   1: 0.305871 (+19.50%)
    Iter   2: 0.412124 (+34.74%)
    Iter   3: 0.479048 (+16.24%)
    Iter   4: 0.502039 (+4.80%)

  Top 10 enzymes by mass contribution:
   Reactions Single_gene  enzyme_mass
0     GLUtex       b1377     0.032396
1     GLYtex       b1377     0.032396
2  GLYALDtex       b1377     0.032396
3    GLYBtex       b1377     0.032396
4    GLYCtex       b1377     0.032396
5  GLYC3Ptex       b1377     0.032396
6  GLYCLTtex       b1377     0.032396
7     GTPtex       b1377     0.032396
8       Htex       b1377     0.032396
9      H2tex       b1377     0.032396

  Saved merged DataFrame to: /project/6000502/ranaab/kinGEMs_v2/results/tuning_results/iML1515_GEM_20251127_5554/final_model_info.csv

=== Step 6: Running Flux Variability Analysis ===
  Using parallel FVA with 8 workers...
  Parallel FVA configuration:
    Method: dask
    Workers: 8
    Reactions: 2712
    Chunk size: 22
    Number of chunks: 124
    Estimated memory: ~1.8 GB

  Running baseline optimization...
  Optimal biomass: 0.502039
  Biomass constraint: 0.451835 ≤ biomass ≤ 0.502039 (opt_ratio=0.9)

  Starting parallel FVA with 124 chunks...
  Progress will be shown by chunk completion...
  [Chunk 46/124] Processing 22 reactions...
[FVA] Starting optimization for reaction: TSULtex
  [Chunk  3/124] Processing 22 reactions...
[FVA] Starting optimization for reaction: IMPC
  [Chunk 67/124] Processing 22 reactions...
[FVA] Starting optimization for reaction: EX_asn__L_e
  [Chunk 93/124] Processing 22 reactions...
[FVA] Starting optimization for reaction: G3PAT160
  [Chunk 66/124] Processing 22 reactions...
[FVA] Starting optimization for reaction: LYSDC
  [Chunk  6/124] Processing 22 reactions...
[FVA] Starting optimization for reaction: ALDD2y
  [Chunk 101/124] Processing 22 reactions...
[FVA] Starting optimization for reaction: PLIPA2E120pp
  [Chunk 20/124] Processing 22 reactions...
[FVA] Starting optimization for reaction: NDPK3
[FVA] Starting optimization for reaction: TYRtex
[FVA] Starting optimization for reaction: RMI
[FVA] Starting optimization for reaction: IMPD
[FVA] Starting optimization for reaction: DAAD
[FVA] Starting optimization for reaction: G3PAT161
[FVA] Starting optimization for reaction: EX_mal__L_e
[FVA] Starting optimization for reaction: NDPK4
[FVA] Starting optimization for reaction: PLIPA2G141pp
[FVA] Starting optimization for reaction: URAtex
[FVA] Starting optimization for reaction: EX_ura_e
[FVA] Starting optimization for reaction: ECOAH4
[FVA] Starting optimization for reaction: UREAtpp
[FVA] Starting optimization for reaction: NMNN
[FVA] Starting optimization for reaction: FCLT
[FVA] Starting optimization for reaction: AGPAT160
[FVA] Starting optimization for reaction: PLIPA2G161pp
[FVA] Starting optimization for reaction: UREAtex
[FVA] Starting optimization for reaction: EX_val__L_e
[FVA] Starting optimization for reaction: GLUTRS
[FVA] Starting optimization for reaction: XANt2pp
[FVA] Starting optimization for reaction: XAND
[FVA] Starting optimization for reaction: HBZOPT
[FVA] Starting optimization for reaction: LPLIPAL1A120pp
[FVA] Starting optimization for reaction: CDAPPA140
[FVA] Starting optimization for reaction: URItex
[FVA] Starting optimization for reaction: EX_xan_e
[FVA] Starting optimization for reaction: TMPPP
[FVA] Starting optimization for reaction: GLYC3Pabcpp
[FVA] Starting optimization for reaction: EX_no2_e
[FVA] Starting optimization for reaction: PNTK
[FVA] Starting optimization for reaction: LPLIPAL1A140pp
[FVA] Starting optimization for reaction: MLDCP1App
    [Chunk 46]  22.7% complete (5/22 reactions)
[FVA] Starting optimization for reaction: VALtex
    [Chunk  6]  22.7% complete (5/22 reactions)
[FVA] Starting optimization for reaction: FMNAT
    [Chunk  3]  22.7% complete (5/22 reactions)
[FVA] Starting optimization for reaction: URIK1
    [Chunk 66]  22.7% complete (5/22 reactions)
[FVA] Starting optimization for reaction: PPPNt2rpp
    [Chunk 67]  22.7% complete (5/22 reactions)
[FVA] Starting optimization for reaction: HACD3
    [Chunk 101]  22.7% complete (5/22 reactions)
[FVA] Starting optimization for reaction: LPLIPAL1A181pp
    [Chunk 93]  22.7% complete (5/22 reactions)
[FVA] Starting optimization for reaction: EAR160y
    [Chunk 20]  22.7% complete (5/22 reactions)
[FVA] Starting optimization for reaction: DPCOAK
[FVA] Starting optimization for reaction: XANtex
[FVA] Starting optimization for reaction: NADDP
[FVA] Starting optimization for reaction: URIK2
[FVA] Starting optimization for reaction: PTRCORNt7pp
[FVA] Starting optimization for reaction: ACACtex
[FVA] Starting optimization for reaction: LPLIPAL1E120pp
[FVA] Starting optimization for reaction: EAR100y
[FVA] Starting optimization for reaction: HETZK
[FVA] Starting optimization for reaction: XYLtex
[FVA] Starting optimization for reaction: NMNAT
[FVA] Starting optimization for reaction: SPMDabcpp
[FVA] Starting optimization for reaction: CYTDK1
[FVA] Starting optimization for reaction: ACNAMtex
[FVA] Starting optimization for reaction: 3OAR180
[FVA] Starting optimization for reaction: 3OAR141
[FVA] Starting optimization for reaction: KDOPS
[FVA] Starting optimization for reaction: ABUTtex
[FVA] Starting optimization for reaction: HG2tex
[FVA] Starting optimization for reaction: CYTDK2
[FVA] Starting optimization for reaction: HMPK1
[FVA] Starting optimization for reaction: ARBTNabcpp
[FVA] Starting optimization for reaction: G3PAT120
[FVA] Starting optimization for reaction: 3OAR161
[FVA] Starting optimization for reaction: KDOPP
[FVA] Starting optimization for reaction: FORtppi
[FVA] Starting optimization for reaction: XPPT
[FVA] Starting optimization for reaction: NTPP5
[FVA] Starting optimization for reaction: NDPK6
[FVA] Starting optimization for reaction: PGSA120
[FVA] Starting optimization for reaction: NNDMBRT
[FVA] Starting optimization for reaction: 3HAD141
[FVA] Starting optimization for reaction: AST
    [Chunk 46]  45.5% complete (10/22 reactions)
[FVA] Starting optimization for reaction: DATPHs
    [Chunk  6]  45.5% complete (10/22 reactions)
[FVA] Starting optimization for reaction: NDPK8
    [Chunk 66]  45.5% complete (10/22 reactions)
[FVA] Starting optimization for reaction: ATPM
    [Chunk  3]  45.5% complete (10/22 reactions)
[FVA] Starting optimization for reaction: HXPRT
    [Chunk 93]  45.5% complete (10/22 reactions)
[FVA] Starting optimization for reaction: EAR121x
    [Chunk 67]  45.5% complete (10/22 reactions)
[FVA] Starting optimization for reaction: THRA2
    [Chunk 101]  45.5% complete (10/22 reactions)
[FVA] Starting optimization for reaction: TDSR2
[FVA] Starting optimization for reaction: GLCTR1
    [Chunk 20]  45.5% complete (10/22 reactions)
[FVA] Starting optimization for reaction: SGDS
[FVA] Starting optimization for reaction: NDPK5
[FVA] Starting optimization for reaction: PYNP2r
[FVA] Starting optimization for reaction: NADPPPS
[FVA] Starting optimization for reaction: ASO3t8pp
[FVA] Starting optimization for reaction: GTHRDtex
[FVA] Starting optimization for reaction: PSD140
[FVA] Starting optimization for reaction: LIPAabcpp
[FVA] Starting optimization for reaction: CYNTAH
[FVA] Starting optimization for reaction: DHORTS
[FVA] Starting optimization for reaction: DURIPP
[FVA] Starting optimization for reaction: EX_mnl_e
[FVA] Starting optimization for reaction: GTHRDabc2pp
[FVA] Starting optimization for reaction: H2Stex
[FVA] Starting optimization for reaction: LIPACabcpp
[FVA] Starting optimization for reaction: MICITDr
[FVA] Starting optimization for reaction: NTD3
[FVA] Starting optimization for reaction: OMPDC
[FVA] Starting optimization for reaction: PTRCTA
[FVA] Starting optimization for reaction: GSPMDA
[FVA] Starting optimization for reaction: GGGABADr
[FVA] Starting optimization for reaction: OMMBLHX3
[FVA] Starting optimization for reaction: PPK
[FVA] Starting optimization for reaction: CDAPPA181
[FVA] Starting optimization for reaction: CS
[FVA] Starting optimization for reaction: GLYOX
[FVA] Starting optimization for reaction: CYSDS
[FVA] Starting optimization for reaction: GSPMDS
    [Chunk 46]  68.2% complete (15/22 reactions)
[FVA] Starting optimization for reaction: EX_mso3_e
[FVA] Starting optimization for reaction: NADHPO
    [Chunk  3]  68.2% complete (15/22 reactions)
[FVA] Starting optimization for reaction: ICDHyr
[FVA] Starting optimization for reaction: OMCDC
    [Chunk 66]  68.2% complete (15/22 reactions)
[FVA] Starting optimization for reaction: DADNtex
[FVA] Starting optimization for reaction: PGSA140
    [Chunk  6]  68.2% complete (15/22 reactions)
[FVA] Starting optimization for reaction: TRPAS2
[FVA] Starting optimization for reaction: GUAD
[FVA] Starting optimization for reaction: EX_23camp_e
[FVA] Starting optimization for reaction: ACALD
    [Chunk 101]  68.2% complete (15/22 reactions)
[FVA] Starting optimization for reaction: ACOAD7f
    [Chunk 67]  68.2% complete (15/22 reactions)
[FVA] Starting optimization for reaction: ABUTD
[FVA] Starting optimization for reaction: NDP3
[FVA] Starting optimization for reaction: DHAtex
    [Chunk 93]  68.2% complete (15/22 reactions)
[FVA] Starting optimization for reaction: LPLIPAL1A141pp
[FVA] Starting optimization for reaction: EX_23cgmp_e
    [Chunk 20]  68.2% complete (15/22 reactions)
[FVA] Starting optimization for reaction: TMAOR1
[FVA] Starting optimization for reaction: ACS
[FVA] Starting optimization for reaction: CDPPH
[FVA] Starting optimization for reaction: ACOAD8f
[FVA] Starting optimization for reaction: E4PD
[FVA] Starting optimization for reaction: ETOHtex
[FVA] Starting optimization for reaction: LPLIPAL1A180pp
[FVA] Starting optimization for reaction: EX_23cump_e
[FVA] Starting optimization for reaction: PPA
[FVA] Starting optimization for reaction: TMAOR2
[FVA] Starting optimization for reaction: NDP7
[FVA] Starting optimization for reaction: MTRPOX
[FVA] Starting optimization for reaction: ACOAD5f
[FVA] Starting optimization for reaction: IG3PS
[FVA] Starting optimization for reaction: LPLIPAL1E140pp
[FVA] Starting optimization for reaction: EX_3amp_e
[FVA] Starting optimization for reaction: PPCK
[FVA] Starting optimization for reaction: DGK1
[FVA] Starting optimization for reaction: EX_co2_e
[FVA] Starting optimization for reaction: AGM4PCPpp
[FVA] Starting optimization for reaction: ACOAD3f
[FVA] Starting optimization for reaction: EX_nh4_e
[FVA] Starting optimization for reaction: LPLIPAL1E161pp
    [Chunk 46]  90.9% complete (20/22 reactions)
[FVA] Starting optimization for reaction: EX_3gmp_e
    [Chunk  3]  90.9% complete (20/22 reactions)
[FVA] Starting optimization for reaction: ME1
    [Chunk  6]  90.9% complete (20/22 reactions)
[FVA] Starting optimization for reaction: PMDPHT
    [Chunk 66]  90.9% complete (20/22 reactions)
[FVA] Starting optimization for reaction: GTPDPDP
[FVA] Starting optimization for reaction: DTMPK
[FVA] Starting optimization for reaction: ACOAD2f
[FVA] Starting optimization for reaction: DADK
[FVA] Starting optimization for reaction: EX_3ump_e
[FVA] Starting optimization for reaction: LPLIPAL1G140pp
[FVA] Starting optimization for reaction: ALAR
[FVA] Starting optimization for reaction: ILETA
[FVA] Starting optimization for reaction: RNDR2
[FVA] Starting optimization for reaction: NDPK1
    [Chunk 101]  90.9% complete (20/22 reactions)
[FVA] Starting optimization for reaction: ACOAD4f
    [Chunk 67]  90.9% complete (20/22 reactions)
[FVA] Starting optimization for reaction: DUTPDP
  [Chunk 46/124] ✓ Complete (22 reactions)
  [Chunk 61/124] Processing 22 reactions...
[FVA] Starting optimization for reaction: BALAtex
    [Chunk 93]  90.9% complete (20/22 reactions)
[FVA] Starting optimization for reaction: ACONTa
  [Chunk  3/124] ✓ Complete (22 reactions)
  [Chunk 76/124] Processing 22 reactions...
[FVA] Starting optimization for reaction: EX_cyan_e
  [Chunk 66/124] ✓ Complete (22 reactions)
  [Chunk 82/124] Processing 22 reactions...
[FVA] Starting optimization for reaction: TTDCEAtexi
  [Chunk  6/124] ✓ Complete (22 reactions)
  [Chunk 26/124] Processing 22 reactions...
[FVA] Starting optimization for reaction: ASAD
[FVA] Starting optimization for reaction: ACOAD6f
    [Chunk 20]  90.9% complete (20/22 reactions)
[FVA] Starting optimization for reaction: TRDR
[FVA] Starting optimization for reaction: EX_ddca_e
[FVA] Starting optimization for reaction: DALAtex
[FVA] Starting optimization for reaction: EX_tyrp_e
[FVA] Starting optimization for reaction: MLDCP2App
[FVA] Starting optimization for reaction: DAPDC
[FVA] Starting optimization for reaction: HDCEAtexi
  [Chunk 101/124] ✓ Complete (22 reactions)
  [Chunk 60/124] Processing 22 reactions...
[FVA] Starting optimization for reaction: NTPP10
[FVA] Starting optimization for reaction: PGMT
  [Chunk 67/124] ✓ Complete (22 reactions)
  [Chunk 64/124] Processing 22 reactions...
[FVA] Starting optimization for reaction: GLYCLTt4pp
[FVA] Starting optimization for reaction: AMPtex
[FVA] Starting optimization for reaction: EX_uacgam_e
  [Chunk 93/124] ✓ Complete (22 reactions)
  [Chunk 90/124] Processing 22 reactions...
[FVA] Starting optimization for reaction: EAR180y
[FVA] Starting optimization for reaction: EX_mmet_e
[FVA] Starting optimization for reaction: ALAALAD
[FVA] Starting optimization for reaction: NTPP11
[FVA] Starting optimization for reaction: ARBtex
[FVA] Starting optimization for reaction: GLYCtpp
  [Chunk 20/124] ✓ Complete (22 reactions)
  [Chunk 120/124] Processing 22 reactions...
[FVA] Starting optimization for reaction: ILEt2rpp
[FVA] Starting optimization for reaction: EX_udpacgal_e
[FVA] Starting optimization for reaction: METAT
[FVA] Starting optimization for reaction: 2AGPEAT180
[FVA] Starting optimization for reaction: AGPAT120
[FVA] Starting optimization for reaction: ARGtex
[FVA] Starting optimization for reaction: NTD10pp
[FVA] Starting optimization for reaction: H2Otpp
[FVA] Starting optimization for reaction: EX_udpg_e
[FVA] Starting optimization for reaction: GLYtpp
[FVA] Starting optimization for reaction: ASCBPL
[FVA] Starting optimization for reaction: 2AGPEAT181
    [Chunk 61]  22.7% complete (5/22 reactions)
[FVA] Starting optimization for reaction: ASCBtex
[FVA] Starting optimization for reaction: PGPP120
    [Chunk 76]  22.7% complete (5/22 reactions)
[FVA] Starting optimization for reaction: EX_udpgal_e
[FVA] Starting optimization for reaction: NTD1pp
[FVA] Starting optimization for reaction: HCINNMt2rpp
[FVA] Starting optimization for reaction: PYK6
    [Chunk 26]  22.7% complete (5/22 reactions)
[FVA] Starting optimization for reaction: ACBIPGT
    [Chunk 82]  22.7% complete (5/22 reactions)
[FVA] Starting optimization for reaction: 2AGPGAT140
[FVA] Starting optimization for reaction: FACOAL100t2pp
[FVA] Starting optimization for reaction: EX_udpglcur_e
[FVA] Starting optimization for reaction: NTD2pp
[FVA] Starting optimization for reaction: DAGK120
[FVA] Starting optimization for reaction: HISabcpp
[FVA] Starting optimization for reaction: ADOCBLS
[FVA] Starting optimization for reaction: PLIPA1E181pp
[FVA] Starting optimization for reaction: FADt
[FVA] Starting optimization for reaction: RIBabcpp
[FVA] Starting optimization for reaction: EX_14glucan_e
    [Chunk 60]  22.7% complete (5/22 reactions)
[FVA] Starting optimization for reaction: NTD3pp
[FVA] Starting optimization for reaction: PSSA180
[FVA] Starting optimization for reaction: ADOCBIK
    [Chunk 64]  22.7% complete (5/22 reactions)
[FVA] Starting optimization for reaction: HISt2rpp
[FVA] Starting optimization for reaction: PLIPA1G180pp
[FVA] Starting optimization for reaction: GPDDA3pp
[FVA] Starting optimization for reaction: EX_pser__L_e
[FVA] Starting optimization for reaction: FADtex
[FVA] Starting optimization for reaction: NTD4pp
    [Chunk 90]  22.7% complete (5/22 reactions)
[FVA] Starting optimization for reaction: PSSA161
[FVA] Starting optimization for reaction: TMPK
[FVA] Starting optimization for reaction: PLIPA1G181pp
[FVA] Starting optimization for reaction: CBIAT
[FVA] Starting optimization for reaction: GPDDA4pp
[FVA] Starting optimization for reaction: EX_aso3_e
    [Chunk 120]  22.7% complete (5/22 reactions)
[FVA] Starting optimization for reaction: AI2abcpp
[FVA] Starting optimization for reaction: NTD5pp
[FVA] Starting optimization for reaction: PSSA141
[FVA] Starting optimization for reaction: HPPPNDO
    [Chunk 61]  45.5% complete (10/22 reactions)
[FVA] Starting optimization for reaction: GPDDA2pp
[FVA] Starting optimization for reaction: ALAALAabcpp
[FVA] Starting optimization for reaction: LYSabcpp
    [Chunk 76]  45.5% complete (10/22 reactions)
[FVA] Starting optimization for reaction: EX_tcynt_e
[FVA] Starting optimization for reaction: PAI2I
    [Chunk 82]  45.5% complete (10/22 reactions)
[FVA] Starting optimization for reaction: HEXt2rpp
[FVA] Starting optimization for reaction: NTD6pp
    [Chunk 26]  45.5% complete (10/22 reactions)
[FVA] Starting optimization for reaction: DHCINDO
[FVA] Starting optimization for reaction: PSD160
[FVA] Starting optimization for reaction: FACOAL120t2pp
[FVA] Starting optimization for reaction: COBALT2tex
[FVA] Starting optimization for reaction: EX_fe3dhbzs_e
[FVA] Starting optimization for reaction: 4HBZt3pp
[FVA] Starting optimization for reaction: G3PEabcpp
[FVA] Starting optimization for reaction: HKNDDH
[FVA] Starting optimization for reaction: NTD7pp
[FVA] Starting optimization for reaction: FACOAL140t2pp
[FVA] Starting optimization for reaction: PPPGO
[FVA] Starting optimization for reaction: PSD161
[FVA] Starting optimization for reaction: PPDOy
[FVA] Starting optimization for reaction: HKNTDH
[FVA] Starting optimization for reaction: G3PCabcpp
[FVA] Starting optimization for reaction: CURR
    [Chunk 60]  45.5% complete (10/22 reactions)
[FVA] Starting optimization for reaction: NTD9pp
[FVA] Starting optimization for reaction: FE3HOXtonex
[FVA] Starting optimization for reaction: EX_feoxam_un_e
    [Chunk 64]  45.5% complete (10/22 reactions)
[FVA] Starting optimization for reaction: FALGTHLs
[FVA] Starting optimization for reaction: PSD180
[FVA] Starting optimization for reaction: GLYCK2
[FVA] Starting optimization for reaction: 2AGPGAT161
[FVA] Starting optimization for reaction: CU2abcpp
[FVA] Starting optimization for reaction: LKDRA
[FVA] Starting optimization for reaction: PEAMNOpp
[FVA] Starting optimization for reaction: EX_g3pc_e
[FVA] Starting optimization for reaction: NTD12pp
    [Chunk 90]  45.5% complete (10/22 reactions)
[FVA] Starting optimization for reaction: COLIPAabcpp
[FVA] Starting optimization for reaction: AMPTASEPG
[FVA] Starting optimization for reaction: ENTCS
    [Chunk 61]  68.2% complete (15/22 reactions)
[FVA] Starting optimization for reaction: COBALT2abcpp
    [Chunk 76]  68.2% complete (15/22 reactions)
[FVA] Starting optimization for reaction: EX_g3pg_e
    [Chunk 120]  45.5% complete (10/22 reactions)
[FVA] Starting optimization for reaction: METNA
[FVA] Starting optimization for reaction: GAL1PPpp
[FVA] Starting optimization for reaction: PPA2
[FVA] Starting optimization for reaction: PLIPA2A140pp
    [Chunk 82]  68.2% complete (15/22 reactions)
[FVA] Starting optimization for reaction: PROGLYabcpp
    [Chunk 26]  68.2% complete (15/22 reactions)
[FVA] Starting optimization for reaction: SULR
[FVA] Starting optimization for reaction: NI2abcpp
[FVA] Starting optimization for reaction: EX_g3pi_e
[FVA] Starting optimization for reaction: XYHDL
[FVA] Starting optimization for reaction: H2O2tex
[FVA] Starting optimization for reaction: DIMPtex
[FVA] Starting optimization for reaction: PLIPA2A141pp
[FVA] Starting optimization for reaction: MANPGH
[FVA] Starting optimization for reaction: GTHRDabcpp
[FVA] Starting optimization for reaction: MG2uabcpp
[FVA] Starting optimization for reaction: EX_g3ps_e
[FVA] Starting optimization for reaction: 2DGLCtex
[FVA] Starting optimization for reaction: ARGDCpp
[FVA] Starting optimization for reaction: 3NTD7pp
[FVA] Starting optimization for reaction: HCYSMT2
[FVA] Starting optimization for reaction: URDGLYCD
[FVA] Starting optimization for reaction: PLIPA2A180pp
[FVA] Starting optimization for reaction: EX_peamn_e
[FVA] Starting optimization for reaction: 2AGPG140tipp
    [Chunk 60]  68.2% complete (15/22 reactions)
[FVA] Starting optimization for reaction: ALLPI
[FVA] Starting optimization for reaction: E4PP
    [Chunk 64]  68.2% complete (15/22 reactions)
[FVA] Starting optimization for reaction: 3NTD4pp
[FVA] Starting optimization for reaction: MMETtex
[FVA] Starting optimization for reaction: 2AGPG160tipp
[FVA] Starting optimization for reaction: EX_34dhpac_e
[FVA] Starting optimization for reaction: CBMKr
[FVA] Starting optimization for reaction: GAM6Pt6_2pp
[FVA] Starting optimization for reaction: ALLK
[FVA] Starting optimization for reaction: PUACGAMS
[FVA] Starting optimization for reaction: 3NTD2pp
    [Chunk 61]  90.9% complete (20/22 reactions)
[FVA] Starting optimization for reaction: FE3tex
[FVA] Starting optimization for reaction: 2AGPG141tipp
    [Chunk 76]  90.9% complete (20/22 reactions)
[FVA] Starting optimization for reaction: DAMPtex
[FVA] Starting optimization for reaction: AMANAPEr
    [Chunk 90]  68.2% complete (15/22 reactions)
[FVA] Starting optimization for reaction: PPALtex
[FVA] Starting optimization for reaction: ALLULPE
    [Chunk 120]  68.2% complete (15/22 reactions)
[FVA] Starting optimization for reaction: RU5PP
[FVA] Starting optimization for reaction: 3NTD9pp
[FVA] Starting optimization for reaction: MG2tex
    [Chunk 26]  90.9% complete (20/22 reactions)
[FVA] Starting optimization for reaction: ACM6PH
    [Chunk 82]  90.9% complete (20/22 reactions)
[FVA] Starting optimization for reaction: 2AGPG161tipp
[FVA] Starting optimization for reaction: DCMPtex
[FVA] Starting optimization for reaction: CA2tex
[FVA] Starting optimization for reaction: 6D6SFK
[FVA] Starting optimization for reaction: ADEtex
[FVA] Starting optimization for reaction: 2AGPG181tipp
  [Chunk 76/124] ✓ Complete (22 reactions)
  [Chunk 57/124] Processing 22 reactions...
[FVA] Starting optimization for reaction: GDPDPK
  [Chunk 61/124] ✓ Complete (22 reactions)
  [Chunk 117/124] Processing 22 reactions...
[FVA] Starting optimization for reaction: NADPHXD
[FVA] Starting optimization for reaction: 23PDE7pp
[FVA] Starting optimization for reaction: NNATr
[FVA] Starting optimization for reaction: CUtex
[FVA] Starting optimization for reaction: 3SLAR
[FVA] Starting optimization for reaction: ADNtex
[FVA] Starting optimization for reaction: OCDCAtexi
  [Chunk 82/124] ✓ Complete (22 reactions)
  [Chunk 14/124] Processing 22 reactions...
[FVA] Starting optimization for reaction: CDPMEK
[FVA] Starting optimization for reaction: NADHHR
[FVA] Starting optimization for reaction: GALTptspp
  [Chunk 26/124] ✓ Complete (22 reactions)
  [Chunk 111/124] Processing 22 reactions...
[FVA] Starting optimization for reaction: QUIN2tex
[FVA] Starting optimization for reaction: CU1Opp
[FVA] Starting optimization for reaction: NADPHXE
[FVA] Starting optimization for reaction: SQtex
    [Chunk 60]  90.9% complete (20/22 reactions)
[FVA] Starting optimization for reaction: AGMtex
[FVA] Starting optimization for reaction: OCDCEAtexi
[FVA] Starting optimization for reaction: EX_quin_e
[FVA] Starting optimization for reaction: MECDPS
    [Chunk 64]  90.9% complete (20/22 reactions)
[FVA] Starting optimization for reaction: GALURt2rpp
[FVA] Starting optimization for reaction: SUCDi
[FVA] Starting optimization for reaction: ALAtex
[FVA] Starting optimization for reaction: G6Ptex
[FVA] Starting optimization for reaction: DDGLK
[FVA] Starting optimization for reaction: ALAtpp
[FVA] Starting optimization for reaction: EX_dhps_e
[FVA] Starting optimization for reaction: FORCT
[FVA] Starting optimization for reaction: GLCNt2rpp
    [Chunk 90]  90.9% complete (20/22 reactions)
[FVA] Starting optimization for reaction: LPLIPAL1E141pp
[FVA] Starting optimization for reaction: TUNGSabcpp
[FVA] Starting optimization for reaction: XYLI2
    [Chunk 120]  90.9% complete (20/22 reactions)
[FVA] Starting optimization for reaction: MOX
[FVA] Starting optimization for reaction: DHBSZ3FEabcpp
  [Chunk 60/124] ✓ Complete (22 reactions)
  [Chunk 85/124] Processing 22 reactions...
[FVA] Starting optimization for reaction: PLIPA1G140pp
[FVA] Starting optimization for reaction: DHPTDCs2
  [Chunk 64/124] ✓ Complete (22 reactions)
  [Chunk 62/124] Processing 22 reactions...
[FVA] Starting optimization for reaction: Zn2tex
[FVA] Starting optimization for reaction: LALDO2x
    [Chunk 57]  22.7% complete (5/22 reactions)
[FVA] Starting optimization for reaction: MOBDabcpp
    [Chunk 117]  22.7% complete (5/22 reactions)
[FVA] Starting optimization for reaction: FE3DHBZS3R
[FVA] Starting optimization for reaction: EX_3hpp_e
[FVA] Starting optimization for reaction: PMANM
[FVA] Starting optimization for reaction: URATEtex
[FVA] Starting optimization for reaction: PLIPA1G161pp
[FVA] Starting optimization for reaction: MMETt2pp
[FVA] Starting optimization for reaction: MOBDtex
    [Chunk 14]  22.7% complete (5/22 reactions)
[FVA] Starting optimization for reaction: ICL
[FVA] Starting optimization for reaction: DXYLONtpp
    [Chunk 111]  22.7% complete (5/22 reactions)
[FVA] Starting optimization for reaction: PACCOAE
  [Chunk 90/124] ✓ Complete (22 reactions)
  [Chunk 43/124] Processing 22 reactions...
[FVA] Starting optimization for reaction: TAURtex
  [Chunk 120/124] ✓ Complete (22 reactions)
  [Chunk 31/124] Processing 22 reactions...
[FVA] Starting optimization for reaction: EX_glyc3p_e
[FVA] Starting optimization for reaction: CLPNS160pp
[FVA] Starting optimization for reaction: CD2tex
[FVA] Starting optimization for reaction: NI2uabcpp
[FVA] Starting optimization for reaction: DXYLTD
[FVA] Starting optimization for reaction: OXDHCOAT
[FVA] Starting optimization for reaction: THRtex
[FVA] Starting optimization for reaction: GLYCL
[FVA] Starting optimization for reaction: EX_lcts_e
[FVA] Starting optimization for reaction: CLPNS161pp
[FVA] Starting optimization for reaction: GLNabcpp
[FVA] Starting optimization for reaction: NI2tex
[FVA] Starting optimization for reaction: CMPN
[FVA] Starting optimization for reaction: 2DDARAA
[FVA] Starting optimization for reaction: HADPCOADH3
[FVA] Starting optimization for reaction: THMDtex
[FVA] Starting optimization for reaction: EX_nac_e
[FVA] Starting optimization for reaction: GLUabcpp
[FVA] Starting optimization for reaction: PG160abcpp
[FVA] Starting optimization for reaction: 2DGLCptspp
[FVA] Starting optimization for reaction: R1PK
[FVA] Starting optimization for reaction: HCYSMT
[FVA] Starting optimization for reaction: CBIuabcpp
[FVA] Starting optimization for reaction: O16A4COLIPAabctex
    [Chunk 85]  22.7% complete (5/22 reactions)
[FVA] Starting optimization for reaction: PGP140abcpp
[FVA] Starting optimization for reaction: EX_ocdca_e
    [Chunk 57]  45.5% complete (10/22 reactions)
[FVA] Starting optimization for reaction: R15BPK
    [Chunk 62]  22.7% complete (5/22 reactions)
[FVA] Starting optimization for reaction: GLUABUTt7pp
    [Chunk 117]  45.5% complete (10/22 reactions)
[FVA] Starting optimization for reaction: GNP
[FVA] Starting optimization for reaction: COLIPAabctex
[FVA] Starting optimization for reaction: UDPG4E
[FVA] Starting optimization for reaction: METDtex
[FVA] Starting optimization for reaction: GMPS
[FVA] Starting optimization for reaction: PAPA120pp
[FVA] Starting optimization for reaction: GLUt2rpp
[FVA] Starting optimization for reaction: Kabcpp
[FVA] Starting optimization for reaction: ALLTAMH2
    [Chunk 14]  45.5% complete (10/22 reactions)
[FVA] Starting optimization for reaction: LACZ
    [Chunk 111]  45.5% complete (10/22 reactions)
[FVA] Starting optimization for reaction: ENLIPAabctex
    [Chunk 43]  22.7% complete (5/22 reactions)
[FVA] Starting optimization for reaction: METtex
[FVA] Starting optimization for reaction: LEUabcpp
    [Chunk 31]  22.7% complete (5/22 reactions)
[FVA] Starting optimization for reaction: FTHFLi
[FVA] Starting optimization for reaction: PAPA140pp
[FVA] Starting optimization for reaction: UGCIAMH
[FVA] Starting optimization for reaction: GLUt4pp
[FVA] Starting optimization for reaction: DM_mththf_c
[FVA] Starting optimization for reaction: TRE6PH
[FVA] Starting optimization for reaction: MNLtex
[FVA] Starting optimization for reaction: PAPA141pp
[FVA] Starting optimization for reaction: L_LACt2rpp
[FVA] Starting optimization for reaction: XYLI1
[FVA] Starting optimization for reaction: METGLCUR
[FVA] Starting optimization for reaction: UDPGD
[FVA] Starting optimization for reaction: GLYALDtpp
[FVA] Starting optimization for reaction: PYROX
[FVA] Starting optimization for reaction: NAtex
[FVA] Starting optimization for reaction: MALt2_2pp
[FVA] Starting optimization for reaction: ACOAD1fr
[FVA] Starting optimization for reaction: GLCRD
[FVA] Starting optimization for reaction: BMOGDS1
[FVA] Starting optimization for reaction: PAPA160pp
[FVA] Starting optimization for reaction: EX_etha_e
[FVA] Starting optimization for reaction: PPC
[FVA] Starting optimization for reaction: NACtex
    [Chunk 57]  68.2% complete (15/22 reactions)
[FVA] Starting optimization for reaction: MALt2_3pp
    [Chunk 117]  68.2% complete (15/22 reactions)
[FVA] Starting optimization for reaction: 23DOGULNt4pp
[FVA] Starting optimization for reaction: ALDD4
    [Chunk 85]  45.5% complete (10/22 reactions)
[FVA] Starting optimization for reaction: PAPA161pp
[FVA] Starting optimization for reaction: MPTS
[FVA] Starting optimization for reaction: PPPNDO
    [Chunk 62]  45.5% complete (10/22 reactions)
[FVA] Starting optimization for reaction: ACGK
[FVA] Starting optimization for reaction: NH4tex
[FVA] Starting optimization for reaction: FE3DCITexs
    [Chunk 111]  68.2% complete (15/22 reactions)
[FVA] Starting optimization for reaction: MOCOS
[FVA] Starting optimization for reaction: MALTabcpp
    [Chunk 14]  68.2% complete (15/22 reactions)
[FVA] Starting optimization for reaction: G3PT
[FVA] Starting optimization for reaction: LCTSt3ipp
[FVA] Starting optimization for reaction: CHRPL
[FVA] Starting optimization for reaction: PAPA180pp
    [Chunk 43]  45.5% complete (10/22 reactions)
[FVA] Starting optimization for reaction: URIH
[FVA] Starting optimization for reaction: MALTHXabcpp
[FVA] Starting optimization for reaction: CINNDO
[FVA] Starting optimization for reaction: FEENTERES
[FVA] Starting optimization for reaction: BMOGDS2
[FVA] Starting optimization for reaction: HPYRI
[FVA] Starting optimization for reaction: ARBt3ipp
    [Chunk 31]  45.5% complete (10/22 reactions)
[FVA] Starting optimization for reaction: TDPAGTA
[FVA] Starting optimization for reaction: XTSNH
[FVA] Starting optimization for reaction: FEENTERR4
[FVA] Starting optimization for reaction: MALTPTabcpp
[FVA] Starting optimization for reaction: FESD2s
[FVA] Starting optimization for reaction: DHPPD
[FVA] Starting optimization for reaction: 14GLUCANabcpp
[FVA] Starting optimization for reaction: FE3HOXUtex
[FVA] Starting optimization for reaction: UACMAMO
[FVA] Starting optimization for reaction: MALTTRabcpp
[FVA] Starting optimization for reaction: DXYLONtex
[FVA] Starting optimization for reaction: DHCIND
[FVA] Starting optimization for reaction: INSH
[FVA] Starting optimization for reaction: S2FE2SR
[FVA] Starting optimization for reaction: TPRDCOAS
[FVA] Starting optimization for reaction: 14GLUCANtexi
[FVA] Starting optimization for reaction: FBA3
    [Chunk 117]  90.9% complete (20/22 reactions)
[FVA] Starting optimization for reaction: PSURItex
    [Chunk 57]  90.9% complete (20/22 reactions)
[FVA] Starting optimization for reaction: MALTTTRabcpp
[FVA] Starting optimization for reaction: ACACT8r
[FVA] Starting optimization for reaction: BUTtex
[FVA] Starting optimization for reaction: CITL
    [Chunk 85]  68.2% complete (15/22 reactions)
[FVA] Starting optimization for reaction: ACGAM1PPpp
    [Chunk 62]  68.2% complete (15/22 reactions)
[FVA] Starting optimization for reaction: DHPTPE
[FVA] Starting optimization for reaction: PMPK
[FVA] Starting optimization for reaction: MAN6Pt6_2pp
[FVA] Starting optimization for reaction: ALR2x
    [Chunk 14]  90.9% complete (20/22 reactions)
[FVA] Starting optimization for reaction: GOFUCR
    [Chunk 111]  90.9% complete (20/22 reactions)
[FVA] Starting optimization for reaction: CTECOAI7
[FVA] Starting optimization for reaction: CHLtex
[FVA] Starting optimization for reaction: EX_dgmp_e
[FVA] Starting optimization for reaction: NADPHQR2
  [Chunk 117/124] ✓ Complete (22 reactions)
  [Chunk 50/124] Processing 22 reactions...
[FVA] Starting optimization for reaction: LA4NTpp
[FVA] Starting optimization for reaction: LCADi
[FVA] Starting optimization for reaction: CLIPAabctex
  [Chunk 57/124] ✓ Complete (22 reactions)
  [Chunk 37/124] Processing 22 reactions...
[FVA] Starting optimization for reaction: DRPA
[FVA] Starting optimization for reaction: PYDXK
    [Chunk 43]  68.2% complete (15/22 reactions)
[FVA] Starting optimization for reaction: CO2tex
[FVA] Starting optimization for reaction: NADPHQR3
[FVA] Starting optimization for reaction: GAMptspp
    [Chunk 31]  68.2% complete (15/22 reactions)
[FVA] Starting optimization for reaction: ADK3
[FVA] Starting optimization for reaction: TKT2
[FVA] Starting optimization for reaction: NODOx
  [Chunk 14/124] ✓ Complete (22 reactions)
  [Chunk 38/124] Processing 22 reactions...
[FVA] Starting optimization for reaction: HYXNtex
  [Chunk 111/124] ✓ Complete (22 reactions)
  [Chunk 68/124] Processing 22 reactions...
[FVA] Starting optimization for reaction: NTP5
[FVA] Starting optimization for reaction: CRNtex
[FVA] Starting optimization for reaction: GSNt2pp
[FVA] Starting optimization for reaction: NADPHQR4
[FVA] Starting optimization for reaction: NOtex
[FVA] Starting optimization for reaction: EX_ch4_e
[FVA] Starting optimization for reaction: GLUDC
[FVA] Starting optimization for reaction: IDONtex
[FVA] Starting optimization for reaction: FORt2pp
[FVA] Starting optimization for reaction: PPK2
[FVA] Starting optimization for reaction: EX_4hoxpacd_e
[FVA] Starting optimization for reaction: GLBRAN2
[FVA] Starting optimization for reaction: FEENTERabcpp
[FVA] Starting optimization for reaction: NOtpp
[FVA] Starting optimization for reaction: ILEtex
[FVA] Starting optimization for reaction: BSORy
[FVA] Starting optimization for reaction: EX_r5p_e
[FVA] Starting optimization for reaction: DINStex
    [Chunk 85]  90.9% complete (20/22 reactions)
[FVA] Starting optimization for reaction: GSNtex
[FVA] Starting optimization for reaction: FECRMabcpp
[FVA] Starting optimization for reaction: NHFRBO
    [Chunk 62]  90.9% complete (20/22 reactions)
[FVA] Starting optimization for reaction: ASR
[FVA] Starting optimization for reaction: EX_glyc2p_e
[FVA] Starting optimization for reaction: INSTtex
[FVA] Starting optimization for reaction: ADSK
[FVA] Starting optimization for reaction: DMStex
[FVA] Starting optimization for reaction: FORtex
[FVA] Starting optimization for reaction: ASO3tex
    [Chunk 37]  22.7% complete (5/22 reactions)
[FVA] Starting optimization for reaction: GAMtex
    [Chunk 50]  22.7% complete (5/22 reactions)
[FVA] Starting optimization for reaction: N2Otpp
[FVA] Starting optimization for reaction: INStex
[FVA] Starting optimization for reaction: HSDy
[FVA] Starting optimization for reaction: MTAN
    [Chunk 43]  90.9% complete (20/22 reactions)
[FVA] Starting optimization for reaction: CSNtex
[FVA] Starting optimization for reaction: GBBTNtex
[FVA] Starting optimization for reaction: N2Otex
    [Chunk 68]  22.7% complete (5/22 reactions)
[FVA] Starting optimization for reaction: DPR
  [Chunk 85/124] ✓ Complete (22 reactions)
  [Chunk 95/124] Processing 22 reactions...
[FVA] Starting optimization for reaction: PGPP160
    [Chunk 38]  22.7% complete (5/22 reactions)
[FVA] Starting optimization for reaction: Ktex
  [Chunk 62/124] ✓ Complete (22 reactions)
  [Chunk 89/124] Processing 22 reactions...
[FVA] Starting optimization for reaction: EAR181x
    [Chunk 31]  90.9% complete (20/22 reactions)
[FVA] Starting optimization for reaction: CYSTL
[FVA] Starting optimization for reaction: CYNTtex
[FVA] Starting optimization for reaction: CRNt8pp
[FVA] Starting optimization for reaction: PGPP180
[FVA] Starting optimization for reaction: D_LACtex
[FVA] Starting optimization for reaction: ARBt2rpp
[FVA] Starting optimization for reaction: EAR181y
[FVA] Starting optimization for reaction: SHSL1
[FVA] Starting optimization for reaction: THRD_L
[FVA] Starting optimization for reaction: CRNt2rpp
[FVA] Starting optimization for reaction: DAPabcpp
  [Chunk 43/124] ✓ Complete (22 reactions)
  [Chunk 34/124] Processing 22 reactions...
[FVA] Starting optimization for reaction: HPPPNtex
[FVA] Starting optimization for reaction: NTD8pp
[FVA] Starting optimization for reaction: EX_malt_e
[FVA] Starting optimization for reaction: PGPP161
[FVA] Starting optimization for reaction: G3PAT141
  [Chunk 31/124] ✓ Complete (22 reactions)
  [Chunk 121/124] Processing 22 reactions...
[FVA] Starting optimization for reaction: EX_cs1_e
[FVA] Starting optimization for reaction: CRNDt2rpp
[FVA] Starting optimization for reaction: ACtex
[FVA] Starting optimization for reaction: FRULYStex
[FVA] Starting optimization for reaction: CO2tpp
[FVA] Starting optimization for reaction: PGPP181
[FVA] Starting optimization for reaction: G3PAT181
[FVA] Starting optimization for reaction: 4PEPTtex
    [Chunk 50]  45.5% complete (10/22 reactions)
[FVA] Starting optimization for reaction: CTBTt2rpp
[FVA] Starting optimization for reaction: CBL1tonex
    [Chunk 37]  45.5% complete (10/22 reactions)
[FVA] Starting optimization for reaction: DHAtpp
[FVA] Starting optimization for reaction: CDAPPA180
[FVA] Starting optimization for reaction: EX_fad_e
[FVA] Starting optimization for reaction: ACALDtex
[FVA] Starting optimization for reaction: NAMNPP
[FVA] Starting optimization for reaction: DASYN140
[FVA] Starting optimization for reaction: 42A12BOOXpp
[FVA] Starting optimization for reaction: DMSOR1pp
[FVA] Starting optimization for reaction: CBItonex
    [Chunk 38]  45.5% complete (10/22 reactions)
[FVA] Starting optimization for reaction: GALCTt2rpp
[FVA] Starting optimization for reaction: ACMANAtex
    [Chunk 95]  22.7% complete (5/22 reactions)
[FVA] Starting optimization for reaction: NTP12
    [Chunk 89]  22.7% complete (5/22 reactions)
[FVA] Starting optimization for reaction: DASYN180
    [Chunk 68]  45.5% complete (10/22 reactions)
[FVA] Starting optimization for reaction: EX_pnto__R_e
[FVA] Starting optimization for reaction: ARHGDx
[FVA] Starting optimization for reaction: TYROXDApp
[FVA] Starting optimization for reaction: GALt2pp
[FVA] Starting optimization for reaction: ARGabcpp
[FVA] Starting optimization for reaction: PE141abcpp
[FVA] Starting optimization for reaction: SELNPS
[FVA] Starting optimization for reaction: ACMUMtex
[FVA] Starting optimization for reaction: DASYN141
[FVA] Starting optimization for reaction: PACALDt2rpp
[FVA] Starting optimization for reaction: ARGAGMt7pp
[FVA] Starting optimization for reaction: CPL
[FVA] Starting optimization for reaction: ASPtex
[FVA] Starting optimization for reaction: CRNCAR
    [Chunk 34]  22.7% complete (5/22 reactions)
[FVA] Starting optimization for reaction: ACACT7r
[FVA] Starting optimization for reaction: PE160abcpp
[FVA] Starting optimization for reaction: CDAPPA160
    [Chunk 121]  22.7% complete (5/22 reactions)
[FVA] Starting optimization for reaction: EX_mepn_e
[FVA] Starting optimization for reaction: PEAMNtex
[FVA] Starting optimization for reaction: ABUTt2pp
[FVA] Starting optimization for reaction: ASCBptspp
[FVA] Starting optimization for reaction: PSP_L
[FVA] Starting optimization for reaction: GALabcpp
[FVA] Starting optimization for reaction: PE161abcpp
    [Chunk 50]  68.2% complete (15/22 reactions)
[FVA] Starting optimization for reaction: PACALDtex
[FVA] Starting optimization for reaction: CDAPPA141
    [Chunk 37]  68.2% complete (15/22 reactions)
[FVA] Starting optimization for reaction: ASNt2rpp
[FVA] Starting optimization for reaction: CYSabcpp
[FVA] Starting optimization for reaction: CH4t2pp
[FVA] Starting optimization for reaction: GLYCLTt2rpp
[FVA] Starting optimization for reaction: LIPOt2pp
[FVA] Starting optimization for reaction: ACACT2r
[FVA] Starting optimization for reaction: ASPabcpp
[FVA] Starting optimization for reaction: PSD141
[FVA] Starting optimization for reaction: PGSA141
    [Chunk 38]  68.2% complete (15/22 reactions)
[FVA] Starting optimization for reaction: SBTptspp
[FVA] Starting optimization for reaction: INOSTO
    [Chunk 68]  68.2% complete (15/22 reactions)
[FVA] Starting optimization for reaction: GUAt2pp
[FVA] Starting optimization for reaction: ACACT3r
[FVA] Starting optimization for reaction: NTRIR4pp
    [Chunk 89]  45.5% complete (10/22 reactions)
[FVA] Starting optimization for reaction: EX_alaala_e
    [Chunk 95]  45.5% complete (10/22 reactions)
[FVA] Starting optimization for reaction: PG140abcpp
[FVA] Starting optimization for reaction: TREHpp
[FVA] Starting optimization for reaction: ASPt2pp
[FVA] Starting optimization for reaction: HPPPNt2rpp
[FVA] Starting optimization for reaction: HPYRP
[FVA] Starting optimization for reaction: NTRIR3pp
[FVA] Starting optimization for reaction: ASPt2_2pp
[FVA] Starting optimization for reaction: ACACT4r
[FVA] Starting optimization for reaction: ANHMK
[FVA] Starting optimization for reaction: PG141abcpp
[FVA] Starting optimization for reaction: CYTBDpp
[FVA] Starting optimization for reaction: EX_dtmp_e
[FVA] Starting optimization for reaction: PSURIK
[FVA] Starting optimization for reaction: INOSTt4pp
[FVA] Starting optimization for reaction: ASPt2_3pp
[FVA] Starting optimization for reaction: CYTBD2pp
    [Chunk 34]  45.5% complete (10/22 reactions)
[FVA] Starting optimization for reaction: SUCCt2_2pp
[FVA] Starting optimization for reaction: PG180abcpp
[FVA] Starting optimization for reaction: 5DOAN
[FVA] Starting optimization for reaction: DHFR
    [Chunk 50]  90.9% complete (20/22 reactions)
[FVA] Starting optimization for reaction: PHEMEtiex
    [Chunk 121]  45.5% complete (10/22 reactions)
[FVA] Starting optimization for reaction: Ftex
    [Chunk 37]  90.9% complete (20/22 reactions)
[FVA] Starting optimization for reaction: HIStex
[FVA] Starting optimization for reaction: PG181abcpp
[FVA] Starting optimization for reaction: EX_cit_e
[FVA] Starting optimization for reaction: ACALDtpp
[FVA] Starting optimization for reaction: SUCFUMtpp
[FVA] Starting optimization for reaction: DM_5drib_c
[FVA] Starting optimization for reaction: AGM3PA
[FVA] Starting optimization for reaction: CYSItex
[FVA] Starting optimization for reaction: HXAtex
    [Chunk 38]  90.9% complete (20/22 reactions)
[FVA] Starting optimization for reaction: ACt2rpp
[FVA] Starting optimization for reaction: SUCptspp
[FVA] Starting optimization for reaction: MINOHPtexi
    [Chunk 68]  90.9% complete (20/22 reactions)
[FVA] Starting optimization for reaction: PRAIi
[FVA] Starting optimization for reaction: PGP141abcpp
[FVA] Starting optimization for reaction: SERtpp
  [Chunk 50/124] ✓ Complete (22 reactions)
  [Chunk 53/124] Processing 22 reactions...
[FVA] Starting optimization for reaction: ISETACabcpp
[FVA] Starting optimization for reaction: EX_fe3dcit_e
  [Chunk 37/124] ✓ Complete (22 reactions)
  [Chunk 77/124] Processing 22 reactions...
[FVA] Starting optimization for reaction: DGMPtex
[FVA] Starting optimization for reaction: SULabcpp
[FVA] Starting optimization for reaction: TYRTA
    [Chunk 95]  68.2% complete (15/22 reactions)
[FVA] Starting optimization for reaction: PGP160abcpp
    [Chunk 89]  68.2% complete (15/22 reactions)
[FVA] Starting optimization for reaction: 12PPDRtpp
[FVA] Starting optimization for reaction: ISETACtex
[FVA] Starting optimization for reaction: DTMPtex
[FVA] Starting optimization for reaction: QUINDHyi
  [Chunk 38/124] ✓ Complete (22 reactions)
  [Chunk 27/124] Processing 22 reactions...
[FVA] Starting optimization for reaction: CYTDH
[FVA] Starting optimization for reaction: TSULabcpp
  [Chunk 68/124] ✓ Complete (22 reactions)
  [Chunk 94/124] Processing 22 reactions...
[FVA] Starting optimization for reaction: 12DGR140tipp
[FVA] Starting optimization for reaction: FACOAE120
[FVA] Starting optimization for reaction: PGP180abcpp
[FVA] Starting optimization for reaction: DHGLYH
[FVA] Starting optimization for reaction: GUR1PPpp
[FVA] Starting optimization for reaction: PSERT
[FVA] Starting optimization for reaction: GMPtex
[FVA] Starting optimization for reaction: 12DGR160tipp
    [Chunk 34]  68.2% complete (15/22 reactions)
[FVA] Starting optimization for reaction: TARTRt7pp
[FVA] Starting optimization for reaction: 3OAR120
[FVA] Starting optimization for reaction: PAPA181pp
[FVA] Starting optimization for reaction: UDPGtex
[FVA] Starting optimization for reaction: IMPtex
    [Chunk 121]  68.2% complete (15/22 reactions)
[FVA] Starting optimization for reaction: PNSPA
[FVA] Starting optimization for reaction: 12DGR180tipp
[FVA] Starting optimization for reaction: AIRC2
[FVA] Starting optimization for reaction: PA140abcpp
[FVA] Starting optimization for reaction: ACGAL1PPpp
[FVA] Starting optimization for reaction: AHGDx
[FVA] Starting optimization for reaction: 3HAD80
[FVA] Starting optimization for reaction: 4HTHRK
[FVA] Starting optimization for reaction: GAPD
[FVA] Starting optimization for reaction: UMPtex
[FVA] Starting optimization for reaction: PGPP120pp
[FVA] Starting optimization for reaction: TAURabcpp
    [Chunk 53]  22.7% complete (5/22 reactions)
[FVA] Starting optimization for reaction: UDPGALtex
[FVA] Starting optimization for reaction: 3HAD120
[FVA] Starting optimization for reaction: 12DGR120tipp
[FVA] Starting optimization for reaction: HEX1
[FVA] Starting optimization for reaction: EX_sq_e
    [Chunk 77]  22.7% complete (5/22 reactions)
[FVA] Starting optimization for reaction: G1Ptex
[FVA] Starting optimization for reaction: PGPP181pp
[FVA] Starting optimization for reaction: ACGAM1Ptex
[FVA] Starting optimization for reaction: THMDt2pp_copy1
    [Chunk 95]  90.9% complete (20/22 reactions)
[FVA] Starting optimization for reaction: MDDCP4pp
[FVA] Starting optimization for reaction: ADNK1
    [Chunk 89]  90.9% complete (20/22 reactions)
[FVA] Starting optimization for reaction: EAR180x
    [Chunk 27]  22.7% complete (5/22 reactions)
[FVA] Starting optimization for reaction: GND
    [Chunk 94]  22.7% complete (5/22 reactions)
[FVA] Starting optimization for reaction: CLPNH120pp
[FVA] Starting optimization for reaction: URATEtpp
[FVA] Starting optimization for reaction: UACGAMtex
[FVA] Starting optimization for reaction: CLPNS140pp
[FVA] Starting optimization for reaction: TAUDO
[FVA] Starting optimization for reaction: EX_ca2_e
[FVA] Starting optimization for reaction: SO4t2pp
[FVA] Starting optimization for reaction: CUt3
[FVA] Starting optimization for reaction: CS1tex
[FVA] Starting optimization for reaction: CLPNH140pp
[FVA] Starting optimization for reaction: UDPACGALtex
    [Chunk 34]  90.9% complete (20/22 reactions)
[FVA] Starting optimization for reaction: EX_so3_e
  [Chunk 95/124] ✓ Complete (22 reactions)
  [Chunk 96/124] Processing 22 reactions...
[FVA] Starting optimization for reaction: CLPNS141pp
  [Chunk 89/124] ✓ Complete (22 reactions)
  [Chunk 45/124] Processing 22 reactions...
[FVA] Starting optimization for reaction: FUMtex
[FVA] Starting optimization for reaction: ZN2t3pp
[FVA] Starting optimization for reaction: DM_amob_c
[FVA] Starting optimization for reaction: AM4PCP
[FVA] Starting optimization for reaction: EX_12ppd__R_e
    [Chunk 121]  90.9% complete (20/22 reactions)
[FVA] Starting optimization for reaction: ADOCBLtonex
[FVA] Starting optimization for reaction: PG120abcpp
[FVA] Starting optimization for reaction: ME2
[FVA] Starting optimization for reaction: Kt2pp
[FVA] Starting optimization for reaction: SKMtex
[FVA] Starting optimization for reaction: ACACT5r
[FVA] Starting optimization for reaction: PETNT181pp
    [Chunk 53]  45.5% complete (10/22 reactions)
[FVA] Starting optimization for reaction: AM3PA
[FVA] Starting optimization for reaction: PGSA181
[FVA] Starting optimization for reaction: ARGSL
    [Chunk 77]  45.5% complete (10/22 reactions)
[FVA] Starting optimization for reaction: MNt2pp
  [Chunk 34/124] ✓ Complete (22 reactions)
  [Chunk 30/124] Processing 22 reactions...
[FVA] Starting optimization for reaction: PDX5PS
[FVA] Starting optimization for reaction: PE140abcpp
[FVA] Starting optimization for reaction: MALDDH
[FVA] Starting optimization for reaction: UM4PCP
[FVA] Starting optimization for reaction: PGPP140
  [Chunk 121/124] ✓ Complete (22 reactions)
  [Chunk 106/124] Processing 22 reactions...
[FVA] Starting optimization for reaction: PSCLYStex
[FVA] Starting optimization for reaction: MNtex
    [Chunk 27]  45.5% complete (10/22 reactions)
[FVA] Starting optimization for reaction: CBPS
[FVA] Starting optimization for reaction: CFAS160E
[FVA] Starting optimization for reaction: FE2tex
    [Chunk 94]  45.5% complete (10/22 reactions)
[FVA] Starting optimization for reaction: PGPP141
[FVA] Starting optimization for reaction: CBLAT
[FVA] Starting optimization for reaction: PPBNGS
[FVA] Starting optimization for reaction: THYMtex
[FVA] Starting optimization for reaction: GLU5K
[FVA] Starting optimization for reaction: GAL1Ptex
[FVA] Starting optimization for reaction: MSO3abcpp
[FVA] Starting optimization for reaction: CFAS180E
[FVA] Starting optimization for reaction: NMNtex
[FVA] Starting optimization for reaction: PPNCL2
[FVA] Starting optimization for reaction: CU2tpp
[FVA] Starting optimization for reaction: MDDCP5pp
[FVA] Starting optimization for reaction: IPPS
[FVA] Starting optimization for reaction: O2Stex
[FVA] Starting optimization for reaction: MSO3tex
    [Chunk 96]  22.7% complete (5/22 reactions)
[FVA] Starting optimization for reaction: CFAS180G
    [Chunk 45]  22.7% complete (5/22 reactions)
[FVA] Starting optimization for reaction: NO2tex
[FVA] Starting optimization for reaction: PRAGSr
[FVA] Starting optimization for reaction: MLTGY3pp
[FVA] Starting optimization for reaction: FE2t3pp
[FVA] Starting optimization for reaction: EX_mg2_e
[FVA] Starting optimization for reaction: PAPA160
[FVA] Starting optimization for reaction: HEPK1
    [Chunk 53]  68.2% complete (15/22 reactions)
[FVA] Starting optimization for reaction: FECRMR1
[FVA] Starting optimization for reaction: DHPS2
[FVA] Starting optimization for reaction: ACOATA
[FVA] Starting optimization for reaction: PRFGS
[FVA] Starting optimization for reaction: G3PAT180
[FVA] Starting optimization for reaction: MN2t3pp
    [Chunk 77]  68.2% complete (15/22 reactions)
[FVA] Starting optimization for reaction: HEPT3
[FVA] Starting optimization for reaction: FECRMR2
[FVA] Starting optimization for reaction: PAPA180
[FVA] Starting optimization for reaction: MTHFC
[FVA] Starting optimization for reaction: AGPAT140
    [Chunk 106]  22.7% complete (5/22 reactions)
[FVA] Starting optimization for reaction: MG2t3_2pp
    [Chunk 30]  22.7% complete (5/22 reactions)
[FVA] Starting optimization for reaction: EX_acac_e
    [Chunk 27]  68.2% complete (15/22 reactions)
[FVA] Starting optimization for reaction: MLTG2
[FVA] Starting optimization for reaction: HEPK2
[FVA] Starting optimization for reaction: TDP
[FVA] Starting optimization for reaction: PAPA181
    [Chunk 94]  68.2% complete (15/22 reactions)
[FVA] Starting optimization for reaction: PGSA160
[FVA] Starting optimization for reaction: ETHAAL
[FVA] Starting optimization for reaction: MLTG1
[FVA] Starting optimization for reaction: MTHFD
[FVA] Starting optimization for reaction: CD2tpp
[FVA] Starting optimization for reaction: ALDD3y
[FVA] Starting optimization for reaction: 3PEPTabcpp
[FVA] Starting optimization for reaction: MLDCP2Bpp
[FVA] Starting optimization for reaction: PETNT161pp
[FVA] Starting optimization for reaction: BUTt2rpp
[FVA] Starting optimization for reaction: ETHAt2pp
[FVA] Starting optimization for reaction: AMALT3
[FVA] Starting optimization for reaction: MAN1PT2
[FVA] Starting optimization for reaction: 4PEPTabcpp
[FVA] Starting optimization for reaction: R5PP
[FVA] Starting optimization for reaction: 3OAS140
    [Chunk 96]  45.5% complete (10/22 reactions)
[FVA] Starting optimization for reaction: PSSA160
    [Chunk 45]  45.5% complete (10/22 reactions)
[FVA] Starting optimization for reaction: CADVtpp
[FVA] Starting optimization for reaction: MLTP3
[FVA] Starting optimization for reaction: AP4AH
    [Chunk 53]  90.9% complete (20/22 reactions)
[FVA] Starting optimization for reaction: AGM3Pt2pp
[FVA] Starting optimization for reaction: EX_xmp_e
[FVA] Starting optimization for reaction: FE3abcpp
[FVA] Starting optimization for reaction: SPODM
[FVA] Starting optimization for reaction: PSSA181
[FVA] Starting optimization for reaction: 3OAR140
[FVA] Starting optimization for reaction: AGM4Pt2pp
    [Chunk 77]  90.9% complete (20/22 reactions)
[FVA] Starting optimization for reaction: EX_damp_e
[FVA] Starting optimization for reaction: QULNS
[FVA] Starting optimization for reaction: THRA
[FVA] Starting optimization for reaction: AP5AH
[FVA] Starting optimization for reaction: 3OAR160
    [Chunk 27]  90.9% complete (20/22 reactions)
[FVA] Starting optimization for reaction: AHCYSNS
[FVA] Starting optimization for reaction: CYSSADS
[FVA] Starting optimization for reaction: DAGK140
[FVA] Starting optimization for reaction: ALKP
  [Chunk 53/124] ✓ Complete (22 reactions)
  [Chunk 80/124] Processing 22 reactions...
[FVA] Starting optimization for reaction: PLIPA1E160pp
    [Chunk 106]  45.5% complete (10/22 reactions)
[FVA] Starting optimization for reaction: XYLK2
    [Chunk 30]  45.5% complete (10/22 reactions)
[FVA] Starting optimization for reaction: ADNCYC
    [Chunk 94]  90.9% complete (20/22 reactions)
[FVA] Starting optimization for reaction: PGSA161
[FVA] Starting optimization for reaction: TMK
[FVA] Starting optimization for reaction: DAGK160
  [Chunk 77/124] ✓ Complete (22 reactions)
  [Chunk 83/124] Processing 22 reactions...
[FVA] Starting optimization for reaction: 2AGPEAT140
[FVA] Starting optimization for reaction: PLIPA1E161pp
[FVA] Starting optimization for reaction: GDPtex
[FVA] Starting optimization for reaction: MI1PP
[FVA] Starting optimization for reaction: GLDBRAN2
[FVA] Starting optimization for reaction: 3HAD181
  [Chunk 27/124] ✓ Complete (22 reactions)
  [Chunk 100/124] Processing 22 reactions...
[FVA] Starting optimization for reaction: MLDEP1pp
[FVA] Starting optimization for reaction: 2AGPEAT120
[FVA] Starting optimization for reaction: AACPS8
[FVA] Starting optimization for reaction: DAGK141
[FVA] Starting optimization for reaction: EX_cobalt2_e
  [Chunk 94/124] ✓ Complete (22 reactions)
  [Chunk 92/124] Processing 22 reactions...
[FVA] Starting optimization for reaction: PLIPA2E141pp
[FVA] Starting optimization for reaction: MCITS
[FVA] Starting optimization for reaction: CLt3_2pp
[FVA] Starting optimization for reaction: MLDEP2pp
[FVA] Starting optimization for reaction: AACPS9
[FVA] Starting optimization for reaction: 2AGPEAT161
    [Chunk 96]  68.2% complete (15/22 reactions)
[FVA] Starting optimization for reaction: DAGK161
    [Chunk 45]  68.2% complete (15/22 reactions)
[FVA] Starting optimization for reaction: TMAtex
[FVA] Starting optimization for reaction: PPAKr
[FVA] Starting optimization for reaction: MLTGY2pp
[FVA] Starting optimization for reaction: PLIPA2E181pp
[FVA] Starting optimization for reaction: 2AGPEAT141
[FVA] Starting optimization for reaction: HXCT
[FVA] Starting optimization for reaction: EX_ppal_e
[FVA] Starting optimization for reaction: AGPAT181
[FVA] Starting optimization for reaction: PLIPA2G140pp
[FVA] Starting optimization for reaction: 2AGPGAT160
[FVA] Starting optimization for reaction: TMAOtex
[FVA] Starting optimization for reaction: MLTGY4pp
[FVA] Starting optimization for reaction: NTP3
[FVA] Starting optimization for reaction: POR5
    [Chunk 80]  22.7% complete (5/22 reactions)
[FVA] Starting optimization for reaction: 2AGPEAT160
[FVA] Starting optimization for reaction: 3HAD161
[FVA] Starting optimization for reaction: MDDEP3pp
[FVA] Starting optimization for reaction: EAR60x
[FVA] Starting optimization for reaction: TREtex
    [Chunk 83]  22.7% complete (5/22 reactions)
[FVA] Starting optimization for reaction: LPLIPAL2ATG140
    [Chunk 106]  68.2% complete (15/22 reactions)
[FVA] Starting optimization for reaction: HACD8
    [Chunk 30]  68.2% complete (15/22 reactions)
[FVA] Starting optimization for reaction: PPM2
[FVA] Starting optimization for reaction: DURADx
[FVA] Starting optimization for reaction: MDDEP4pp
[FVA] Starting optimization for reaction: PLIPA2G160pp
[FVA] Starting optimization for reaction: LPLIPAL2ATG141
[FVA] Starting optimization for reaction: L_LACD3
    [Chunk 100]  22.7% complete (5/22 reactions)
[FVA] Starting optimization for reaction: EAR80x
[FVA] Starting optimization for reaction: ECOAH7
[FVA] Starting optimization for reaction: MOAT2
[FVA] Starting optimization for reaction: CTECOAI8
[FVA] Starting optimization for reaction: LPLIPAL2ATG160
    [Chunk 92]  22.7% complete (5/22 reactions)
[FVA] Starting optimization for reaction: PLIPA2G181pp
[FVA] Starting optimization for reaction: PE181abcpp
[FVA] Starting optimization for reaction: MLTGY1pp
[FVA] Starting optimization for reaction: L_LACD2
[FVA] Starting optimization for reaction: G1PPpp
[FVA] Starting optimization for reaction: CTECOAI6
[FVA] Starting optimization for reaction: EX_adn_e
[FVA] Starting optimization for reaction: 12DGR161tipp
[FVA] Starting optimization for reaction: LPLIPAL2ATG180
[FVA] Starting optimization for reaction: ASNS1
    [Chunk 96]  90.9% complete (20/22 reactions)
[FVA] Starting optimization for reaction: CGLYtex
[FVA] Starting optimization for reaction: GALCTND
    [Chunk 45]  90.9% complete (20/22 reactions)
[FVA] Starting optimization for reaction: ACACT6r
[FVA] Starting optimization for reaction: EX_ins_e
[FVA] Starting optimization for reaction: MTHTHFSs
[FVA] Starting optimization for reaction: LPLIPAL2ATG161
[FVA] Starting optimization for reaction: EAR80y
[FVA] Starting optimization for reaction: 12DGR181tipp
[FVA] Starting optimization for reaction: 3HAD40
    [Chunk 80]  45.5% complete (10/22 reactions)
[FVA] Starting optimization for reaction: GCALDD
[FVA] Starting optimization for reaction: EAR120y
[FVA] Starting optimization for reaction: NTP11
[FVA] Starting optimization for reaction: TRPtex
[FVA] Starting optimization for reaction: SELGTHR
[FVA] Starting optimization for reaction: G6PDH2r
    [Chunk 83]  45.5% complete (10/22 reactions)
[FVA] Starting optimization for reaction: LPLIPAL2ATG181
[FVA] Starting optimization for reaction: HISTP
    [Chunk 100]  45.5% complete (10/22 reactions)
[FVA] Starting optimization for reaction: 3OAS180
  [Chunk 96/124] ✓ Complete (22 reactions)
  [Chunk  8/124] Processing 22 reactions...
[FVA] Starting optimization for reaction: MOAT
  [Chunk 45/124] ✓ Complete (22 reactions)
  [Chunk 115/124] Processing 22 reactions...
[FVA] Starting optimization for reaction: 2DGULRGy
[FVA] Starting optimization for reaction: 3OAR181
[FVA] Starting optimization for reaction: CLPNS180pp
    [Chunk 106]  90.9% complete (20/22 reactions)
[FVA] Starting optimization for reaction: SELGTHR3
    [Chunk 30]  90.9% complete (20/22 reactions)
[FVA] Starting optimization for reaction: NADH5
[FVA] Starting optimization for reaction: LDH_D
