=========================================
Job: kinGEMs General Pipeline (Direct)
Job ID: 13071985
Node: fc30554
Current working directory: /project/def-mahadeva/ranaab/kinGEMs_v2
Starting run at: Fri Nov 28 19:12:57 PST 2025
=========================================

Configuration: configs/iML1515_GEM_parallel_fva.json
CPUs allocated: 8

Updated FVA workers to match SLURM CPUs: 8
Using temporary config: /tmp/tmp.AN9SeirK2Y.json

Running kinGEMs pipeline...
Loading configuration from: /tmp/tmp.AN9SeirK2Y.json

======================================================================
=== kinGEMs Pipeline for iML1515_GEM ===
======================================================================
Run ID: iML1515_GEM_20251128_3990
Model type: Standard
Organism: E coli
Results directory: /project/6000502/ranaab/kinGEMs_v2/results/tuning_results/iML1515_GEM_20251128_3990
Solver: glpk
======================================================================

=== Configuration Summary ===
Config file: /tmp/tmp.AN9SeirK2Y.json
Model name: iML1515_GEM
Enzyme upper bound: 0.2
Enable FVA: True
Enable Biolog validation: False

FVA Settings:
  Parallel execution: True
  Workers: 8
  Method: dask

Simulated Annealing Settings:
  Temperature: 1.0
  Cooling rate: 0.975
  Min temperature: 0.001
  Max iterations: 100
  Max unchanged iterations: 5
  Change threshold: 0.009
  Biomass goal: 0.5
======================================================================

Biomass reaction: BIOMASS_Ec_iML1515_core_75p37M

=== Step 1: Preparing model data ===
  ✓ Found existing files, loading cached data:
    - /project/6000502/ranaab/kinGEMs_v2/data/interim/iML1515_GEM/iML1515_GEM_substrates.csv
    - /project/6000502/ranaab/kinGEMs_v2/data/interim/iML1515_GEM/iML1515_GEM_sequences.csv
Warning: Model has 8 validation errors
  Model: 1516 genes, 2712 reactions

=== Step 2: Merging substrate and sequence data ===
  ✓ Found existing file, loading cached data:
    - /project/6000502/ranaab/kinGEMs_v2/data/interim/iML1515_GEM/iML1515_GEM_merged_data.csv
  Merged data: 12229 rows
  Found predictions file: X06A_kinGEMs_ecoli_iML1515_predictions.csv

=== Step 3: Processing CPI-Pred kcat values & annotating model ===
  ✓ Found existing file, loading cached data:
    - /project/6000502/ranaab/kinGEMs_v2/data/processed/iML1515_GEM/iML1515_GEM_processed_data.csv
  Processed data: 33657 rows
  Reactions with kcat: 2136/2712

=== Step 4: Running optimization ===
  Running standard COBRApy FBA (no enzyme constraints)...
    COBRApy biomass: 0.8770
  Running kinGEMs enzyme-constrained optimization...
ERROR: Solver (glpk) returned non-zero return code (1)
ERROR: Solver log: GLPSOL--GLPK LP/MIP Solver 5.0 Parameter(s) specified in
the command line:
     --tmlim 300 --write /tmp/tmpyr0tkiyh.glpk.raw --wglp
     /tmp/tmpc3__2af6.glpk.glp --cpxlp /tmp/tmp745g14qz.pyomo.lp
    Reading problem data from '/tmp/tmp745g14qz.pyomo.lp'...
    /tmp/tmp745g14qz.pyomo.lp:24695160: missing constraint sense CPLEX LP file
    processing error

Memory Usage Statistics:
13071985                                      
13071985.ba+                                  
13071985.ex+                                  
Peak memory usage:            

Results disk usage:
95M	results/tuning_results/iML1515_GEM_20251128_1477
96M	results/tuning_results/iML1515_GEM_20251128_2253
4.0K	results/tuning_results/iML1515_GEM_20251128_3990
4.0K	results/tuning_results/iML1515_GEM_20251128_4281
95M	results/tuning_results/iML1515_GEM_20251128_6767
=========================================
Finished at: Fri Nov 28 19:33:11 PST 2025
Exit code: 1
=========================================
