=========================================
Job: Post-tuning kinGEMs Validation
Job ID: 10481083
Node: fc30509
Current working directory: /project/def-mahadeva/ranaab/kinGEMs_v2
Starting run at: Wed Nov  5 07:03:22 PST 2025
=========================================
Checking CPLEX availability...
/home/ranaab/cplex_studio2211/cplex/bin/x86-64_linux/cplex
✓ CPLEX found: /home/ranaab/cplex_studio2211/cplex/bin/x86-64_linux/cplex
CPLEX_STUDIO_DIR: /home/ranaab/cplex_studio2211
Running Post-tuning kinGEMs validation...
Loading configuration from: configs/validation_iML1515.json

======================================================================
=== kinGEMs Parallel Validation: POSTTUNING ===
======================================================================
Model: iML1515_GEM
Mode: posttuning
Output: results/validation_parallel
Parallel: True (multiprocessing with 6 workers)
======================================================================

=== Step 1: Loading model ===
  Genes: 1516
  Reactions: 2712
  ✓ Pyomo found CPLEX solver: /home/ranaab/cplex_studio2211/cplex/bin/x86-64_linux/cplex
  ⚠️  Could not set solver to cplex: cplex is not a valid solver interface. Pick one from glpk_exact, glpk, scipy.
  Using default solver: optlang.glpk_interface
  ⚠️  WARNING: Using GLPK solver (slow)
  ⚠️  Consider loading CPLEX: module load cplex
  Objective: BIOMASS_Ec_iML1515_core_75p37M

=== Step 2: Preparing validation environment ===
Matching model genes to data genes...
Matched 1339 genes.
Matching experimental carbon sources to model carbon sources...
Matched 54 carbon sources.
Shape of matched fitness data: (1339, 54)
Averaging fitness data for replicate carbon sources...
Final shape of averaged fitness data: (1339, 27)
Unique carbon sources after averaging: 27
Removing strain genes:
['b0066' 'b0348' 'b3909']
Removing essential genes: 
b0142
b0641
b0908
b2329
b2687
b3040
b3196
b3198
b3199
b3368
Removing carbon sources: 
['man' 'sucr']
  Matched genes: 1326
  Carbon sources: 25

=== Step 3: Running POSTTUNING simulation ===
Loading post-tuning data from: results/tuning_results/iML1515_GEM_20251020_7262/df_new.csv
Running PARALLEL post-tuning validation...

  Parallel validation configuration:
    Method: multiprocessing
    Workers: 6
    Total simulations: 33150 (1326 genes × 25 carbons)
    Chunk size: 442
    Number of chunks: 75
    Estimated memory: ~1.3 GB
    Unique carbon sources: 25 (cached: 0)

  ⏭️  Skipping baseline GEM simulation (already completed)

  Starting parallel enzyme-constrained GEM simulation...
    Processing 75 chunks (33150 total simulations)...
    Mode: enzyme, Solver: cplex
    Submitted 75 chunks to workers...
Writing problem data to '/tmp/tmprly537z8.glpk'...
33879 lines were written
Writing problem data to '/tmp/tmpcd7ogqf9.glpk'...
33879 lines were written
Writing problem data to '/tmp/tmp8d_v2mbw.glpk'...
33879 lines were written
Writing problem data to '/tmp/tmpj0355b0_.glpk'...
33879 lines were written
Writing problem data to '/tmp/tmpfmgt7idx.glpk'...
33879 lines were written
Writing problem data to '/tmp/tmp_eocybnt.glpk'...
33879 lines were written
Writing problem data to '/tmp/tmpwvsd30fk.glpk'...
33879 lines were written
    Progress: 1/75 chunks (442/33150 simulations, 1.3%)
    Chunk time: 802.4s, Total time: 13.4min
Writing problem data to '/tmp/tmpjynef2fc.glpk'...
33879 lines were written
    Progress: 2/75 chunks (884/33150 simulations, 2.7%)
    Chunk time: 0.3s, Total time: 13.4min
Writing problem data to '/tmp/tmpm731_mtv.glpk'...
33879 lines were written
    Progress: 3/75 chunks (1326/33150 simulations, 4.0%)
    Chunk time: 7.0s, Total time: 13.5min
Writing problem data to '/tmp/tmpy6se0tc5.glpk'...
33879 lines were written
    Progress: 4/75 chunks (1768/33150 simulations, 5.3%)
    Chunk time: 43.4s, Total time: 14.2min
Writing problem data to '/tmp/tmpp2l12ee7.glpk'...
33879 lines were written
    Progress: 5/75 chunks (2210/33150 simulations, 6.7%)
    Chunk time: 2.5s, Total time: 14.3min
Writing problem data to '/tmp/tmp3kuaypfm.glpk'...
33879 lines were written
    Progress: 6/75 chunks (2652/33150 simulations, 8.0%)
    Chunk time: 1.7s, Total time: 14.3min
Writing problem data to '/tmp/tmph1l7coz1.glpk'...
33879 lines were written
    Progress: 7/75 chunks (3094/33150 simulations, 9.3%)
    Chunk time: 806.6s, Total time: 27.7min
Writing problem data to '/tmp/tmpc97vxv4r.glpk'...
33879 lines were written
    Progress: 8/75 chunks (3536/33150 simulations, 10.7%)
    Chunk time: 2.2s, Total time: 27.8min
Writing problem data to '/tmp/tmprarku5tv.glpk'...
33879 lines were written
    Progress: 9/75 chunks (3978/33150 simulations, 12.0%)
    Chunk time: 10.5s, Total time: 27.9min
Writing problem data to '/tmp/tmpx6pl7jci.glpk'...
33879 lines were written
    Progress: 10/75 chunks (4420/33150 simulations, 13.3%)
    Chunk time: 75.5s, Total time: 29.2min
Writing problem data to '/tmp/tmp1w5kvv2m.glpk'...
33879 lines were written
    Progress: 11/75 chunks (4862/33150 simulations, 14.7%)
    Chunk time: 4.4s, Total time: 29.3min
Writing problem data to '/tmp/tmp4v2uj3n5.glpk'...
33879 lines were written
    Progress: 12/75 chunks (5304/33150 simulations, 16.0%)
    Chunk time: 1.3s, Total time: 29.3min
Writing problem data to '/tmp/tmppijzghj3.glpk'...
33879 lines were written
    Progress: 13/75 chunks (5746/33150 simulations, 17.3%)
    Chunk time: 822.0s, Total time: 43.0min
Writing problem data to '/tmp/tmp9li8wzm3.glpk'...
33879 lines were written
    Progress: 14/75 chunks (6188/33150 simulations, 18.7%)
    Chunk time: 2.6s, Total time: 43.0min
Writing problem data to '/tmp/tmpfnufxgjw.glpk'...
33879 lines were written
    Progress: 15/75 chunks (6630/33150 simulations, 20.0%)
    Chunk time: 10.5s, Total time: 43.2min
Writing problem data to '/tmp/tmpwi5xula1.glpk'...
33879 lines were written
    Progress: 16/75 chunks (7072/33150 simulations, 21.3%)
    Chunk time: 103.1s, Total time: 44.9min
Writing problem data to '/tmp/tmps39ejw2h.glpk'...
33879 lines were written
    Progress: 17/75 chunks (7514/33150 simulations, 22.7%)
    Chunk time: 3.5s, Total time: 45.0min
Writing problem data to '/tmp/tmpko1lgc44.glpk'...
33879 lines were written
    Progress: 18/75 chunks (7956/33150 simulations, 24.0%)
    Chunk time: 8.4s, Total time: 45.1min
Writing problem data to '/tmp/tmpy4cdhrwa.glpk'...
33879 lines were written
    Progress: 19/75 chunks (8398/33150 simulations, 25.3%)
    Chunk time: 835.7s, Total time: 59.1min
Writing problem data to '/tmp/tmpjn1917f5.glpk'...
33879 lines were written
    Progress: 20/75 chunks (8840/33150 simulations, 26.7%)
    Chunk time: 3.2s, Total time: 59.1min
Writing problem data to '/tmp/tmpjjat21t4.glpk'...
33879 lines were written
    Progress: 21/75 chunks (9282/33150 simulations, 28.0%)
    Chunk time: 23.2s, Total time: 59.5min
Writing problem data to '/tmp/tmp9sqrn2lf.glpk'...
33879 lines were written
    Progress: 22/75 chunks (9724/33150 simulations, 29.3%)
    Chunk time: 72.9s, Total time: 60.7min
Writing problem data to '/tmp/tmpqkmq1k21.glpk'...
33879 lines were written
    Progress: 23/75 chunks (10166/33150 simulations, 30.7%)
    Chunk time: 0.5s, Total time: 60.7min
Writing problem data to '/tmp/tmp03k0iqlx.glpk'...
33879 lines were written
    Progress: 24/75 chunks (10608/33150 simulations, 32.0%)
    Chunk time: 2.8s, Total time: 60.8min
Writing problem data to '/tmp/tmp88z24vob.glpk'...
33879 lines were written
    Progress: 25/75 chunks (11050/33150 simulations, 33.3%)
    Chunk time: 838.4s, Total time: 74.7min
Writing problem data to '/tmp/tmp9w81_eud.glpk'...
33879 lines were written
    Progress: 26/75 chunks (11492/33150 simulations, 34.7%)
    Chunk time: 1.6s, Total time: 74.8min
Writing problem data to '/tmp/tmpdxec6ecv.glpk'...
33879 lines were written
    Progress: 27/75 chunks (11934/33150 simulations, 36.0%)
    Chunk time: 26.5s, Total time: 75.2min
Writing problem data to '/tmp/tmph8u0zvmh.glpk'...
33879 lines were written
    Progress: 28/75 chunks (12376/33150 simulations, 37.3%)
    Chunk time: 105.0s, Total time: 77.0min
Writing problem data to '/tmp/tmpuyq1sh4e.glpk'...
33879 lines were written
    Progress: 29/75 chunks (12818/33150 simulations, 38.7%)
    Chunk time: 2.9s, Total time: 77.0min
Writing problem data to '/tmp/tmp70qu5pcg.glpk'...
33879 lines were written
    Progress: 30/75 chunks (13260/33150 simulations, 40.0%)
    Chunk time: 2.4s, Total time: 77.1min
Writing problem data to '/tmp/tmpi2ezkx5j.glpk'...
33879 lines were written
    Progress: 31/75 chunks (13702/33150 simulations, 41.3%)
    Chunk time: 799.3s, Total time: 90.4min
Writing problem data to '/tmp/tmp49__54m0.glpk'...
33879 lines were written
    Progress: 32/75 chunks (14144/33150 simulations, 42.7%)
    Chunk time: 6.2s, Total time: 90.5min
Writing problem data to '/tmp/tmpsarz1htn.glpk'...
33879 lines were written
    Progress: 33/75 chunks (14586/33150 simulations, 44.0%)
    Chunk time: 23.9s, Total time: 90.9min
Writing problem data to '/tmp/tmp9e_wqwzj.glpk'...
33879 lines were written
    Progress: 34/75 chunks (15028/33150 simulations, 45.3%)
    Chunk time: 93.9s, Total time: 92.4min
Writing problem data to '/tmp/tmpahyfeuj4.glpk'...
33879 lines were written
    Progress: 35/75 chunks (15470/33150 simulations, 46.7%)
    Chunk time: 1.4s, Total time: 92.5min
Writing problem data to '/tmp/tmpxh3sauix.glpk'...
33879 lines were written
    Progress: 36/75 chunks (15912/33150 simulations, 48.0%)
    Chunk time: 0.5s, Total time: 92.5min
Writing problem data to '/tmp/tmpl6v0hz9w.glpk'...
33879 lines were written
    Progress: 37/75 chunks (16354/33150 simulations, 49.3%)
    Chunk time: 808.7s, Total time: 105.9min
Writing problem data to '/tmp/tmp9lvr5_hj.glpk'...
33879 lines were written
    Progress: 38/75 chunks (16796/33150 simulations, 50.7%)
    Chunk time: 11.6s, Total time: 106.1min
Writing problem data to '/tmp/tmp1n6hg80o.glpk'...
33879 lines were written
    Progress: 39/75 chunks (17238/33150 simulations, 52.0%)
    Chunk time: 11.7s, Total time: 106.3min
Writing problem data to '/tmp/tmp9rdeo_nw.glpk'...
33879 lines were written
    Progress: 40/75 chunks (17680/33150 simulations, 53.3%)
    Chunk time: 38.6s, Total time: 107.0min
Writing problem data to '/tmp/tmp6t851xbj.glpk'...
33879 lines were written
    Progress: 41/75 chunks (18122/33150 simulations, 54.7%)
    Chunk time: 3.4s, Total time: 107.0min
Writing problem data to '/tmp/tmp6do0maih.glpk'...
33879 lines were written
    Progress: 42/75 chunks (18564/33150 simulations, 56.0%)
    Chunk time: 4.4s, Total time: 107.1min
Writing problem data to '/tmp/tmp6dw_12vk.glpk'...
33879 lines were written
    Progress: 43/75 chunks (19006/33150 simulations, 57.3%)
    Chunk time: 806.7s, Total time: 120.6min
Writing problem data to '/tmp/tmpxfk81x6r.glpk'...
33879 lines were written
    Progress: 44/75 chunks (19448/33150 simulations, 58.7%)
    Chunk time: 6.4s, Total time: 120.7min
Writing problem data to '/tmp/tmptzmdj6m4.glpk'...
33879 lines were written
    Progress: 45/75 chunks (19890/33150 simulations, 60.0%)
    Chunk time: 30.5s, Total time: 121.2min
Writing problem data to '/tmp/tmpl2zpico5.glpk'...
33879 lines were written
    Progress: 46/75 chunks (20332/33150 simulations, 61.3%)
    Chunk time: 34.3s, Total time: 121.7min
Writing problem data to '/tmp/tmpy4cg1sur.glpk'...
33879 lines were written
    Progress: 47/75 chunks (20774/33150 simulations, 62.7%)
    Chunk time: 3.3s, Total time: 121.8min
Writing problem data to '/tmp/tmpc7s2avu7.glpk'...
33879 lines were written
    Progress: 48/75 chunks (21216/33150 simulations, 64.0%)
    Chunk time: 8.7s, Total time: 121.9min
Writing problem data to '/tmp/tmpc9i0rwxo.glpk'...
33879 lines were written
    Progress: 49/75 chunks (21658/33150 simulations, 65.3%)
    Chunk time: 876.4s, Total time: 136.5min
Writing problem data to '/tmp/tmprkshxyjv.glpk'...
33879 lines were written
    Progress: 50/75 chunks (22100/33150 simulations, 66.7%)
    Chunk time: 8.3s, Total time: 136.7min
Writing problem data to '/tmp/tmp4i4um5ui.glpk'...
33879 lines were written
    Progress: 51/75 chunks (22542/33150 simulations, 68.0%)
    Chunk time: 24.3s, Total time: 137.1min
Writing problem data to '/tmp/tmprsu2vh8u.glpk'...
33879 lines were written
    Progress: 52/75 chunks (22984/33150 simulations, 69.3%)
    Chunk time: 12.3s, Total time: 137.3min
Writing problem data to '/tmp/tmpu1wjxk0o.glpk'...
33879 lines were written
    Progress: 53/75 chunks (23426/33150 simulations, 70.7%)
    Chunk time: 12.2s, Total time: 137.5min
Writing problem data to '/tmp/tmpg52y3gnd.glpk'...
33879 lines were written
    Progress: 54/75 chunks (23868/33150 simulations, 72.0%)
    Chunk time: 10.3s, Total time: 137.7min
Writing problem data to '/tmp/tmp2m6dpmfb.glpk'...
33879 lines were written
    Progress: 55/75 chunks (24310/33150 simulations, 73.3%)
    Chunk time: 818.8s, Total time: 151.3min
Writing problem data to '/tmp/tmp0bkqzw69.glpk'...
33879 lines were written
    Progress: 56/75 chunks (24752/33150 simulations, 74.7%)
    Chunk time: 4.4s, Total time: 151.4min
Writing problem data to '/tmp/tmpqwwi7djk.glpk'...
33879 lines were written
    Progress: 57/75 chunks (25194/33150 simulations, 76.0%)
    Chunk time: 27.3s, Total time: 151.8min
Writing problem data to '/tmp/tmpd12k06qv.glpk'...
33879 lines were written
    Progress: 58/75 chunks (25636/33150 simulations, 77.3%)
    Chunk time: 18.6s, Total time: 152.2min
Writing problem data to '/tmp/tmpxuoh72h0.glpk'...
33879 lines were written
    Progress: 59/75 chunks (26078/33150 simulations, 78.7%)
    Chunk time: 23.0s, Total time: 152.5min
Writing problem data to '/tmp/tmp3bv23p86.glpk'...
33879 lines were written
    Progress: 60/75 chunks (26520/33150 simulations, 80.0%)
    Chunk time: 47.1s, Total time: 153.3min
Writing problem data to '/tmp/tmpumfudznx.glpk'...
33879 lines were written
    Progress: 61/75 chunks (26962/33150 simulations, 81.3%)
    Chunk time: 797.7s, Total time: 166.6min
Writing problem data to '/tmp/tmplwweg47n.glpk'...
33879 lines were written
    Progress: 62/75 chunks (27404/33150 simulations, 82.7%)
    Chunk time: 5.2s, Total time: 166.7min
Writing problem data to '/tmp/tmp7cqhw7o2.glpk'...
33879 lines were written
    Progress: 63/75 chunks (27846/33150 simulations, 84.0%)
    Chunk time: 7.0s, Total time: 166.8min
Writing problem data to '/tmp/tmp_uckt670.glpk'...
33879 lines were written
    Progress: 64/75 chunks (28288/33150 simulations, 85.3%)
    Chunk time: 14.9s, Total time: 167.1min
Writing problem data to '/tmp/tmp21bvhrtk.glpk'...
33879 lines were written
    Progress: 65/75 chunks (28730/33150 simulations, 86.7%)
    Chunk time: 7.4s, Total time: 167.2min
Writing problem data to '/tmp/tmp7bdkkx2o.glpk'...
33879 lines were written
    Progress: 66/75 chunks (29172/33150 simulations, 88.0%)
    Chunk time: 74.5s, Total time: 168.4min
Writing problem data to '/tmp/tmpsa3tg_z4.glpk'...
33879 lines were written
    Progress: 67/75 chunks (29614/33150 simulations, 89.3%)
    Chunk time: 799.9s, Total time: 181.8min
Writing problem data to '/tmp/tmpdh1s3b96.glpk'...
33879 lines were written
    Progress: 68/75 chunks (30056/33150 simulations, 90.7%)
    Chunk time: 5.1s, Total time: 181.9min
Writing problem data to '/tmp/tmppb3m1510.glpk'...
33879 lines were written
    Progress: 69/75 chunks (30498/33150 simulations, 92.0%)
    Chunk time: 44.8s, Total time: 182.6min
    Progress: 70/75 chunks (30940/33150 simulations, 93.3%)
    Chunk time: 31.4s, Total time: 183.1min
    Progress: 71/75 chunks (31382/33150 simulations, 94.7%)
    Chunk time: 4.1s, Total time: 183.2min
    Progress: 72/75 chunks (31824/33150 simulations, 96.0%)
    Chunk time: 101.7s, Total time: 184.9min
    Progress: 73/75 chunks (32266/33150 simulations, 97.3%)
    Chunk time: 780.4s, Total time: 197.9min
    Progress: 74/75 chunks (32708/33150 simulations, 98.7%)
    Chunk time: 12.3s, Total time: 198.1min
    Progress: 75/75 chunks (33150/33150 simulations, 100.0%)
    Chunk time: 63.0s, Total time: 199.1min
    Estimated remaining time: 0.0 minutes
    ✓ All 33150 simulations completed in 3.3 hours
  Enzyme-constrained GEM simulation complete.

  Parallel validation simulations finished!
  Saved: results/validation_parallel/post_tuning_GEM.npy
  Saved: results/validation_parallel/posttuning_metadata.json

======================================================================
=== POSTTUNING Validation Complete ===
======================================================================
Results saved to: results/validation_parallel
======================================================================

Memory Usage Statistics:
10481083                                      
10481083.ba+                                  
10481083.ex+                                  
Peak memory usage:            
=========================================
Finished at: Wed Nov  5 10:23:07 PST 2025
Exit code: 0
=========================================
