=========================================
Job: Pre-tuning kinGEMs Validation
Job ID: 20061880
Node: fc30416
Current working directory: /project/def-mahadeva/ranaab/kinGEMs_v2
Starting run at: Thu Jan 22 10:38:43 PST 2026
=========================================
Checking CPLEX availability...
/home/ranaab/cplex_studio2211/cplex/bin/x86-64_linux/cplex
✓ CPLEX found: /home/ranaab/cplex_studio2211/cplex/bin/x86-64_linux/cplex
CPLEX_STUDIO_DIR: /home/ranaab/cplex_studio2211
Running Pre-tuning kinGEMs validation...

Memory Usage Statistics:
20061880                                      
20061880.ba+                                  
20061880.ex+                                  
Peak memory usage:            
=========================================
Finished at: Thu Jan 22 10:39:48 PST 2026
Exit code: 1
=========================================
