=========================================
Job: Pre-tuning kinGEMs Validation
Job ID: 10427565
Node: fc30510
Current working directory: /project/def-mahadeva/ranaab/kinGEMs_v2
Starting run at: Tue Nov  4 19:16:08 PST 2025
=========================================
Checking CPLEX availability...
/home/ranaab/cplex_studio2211/cplex/bin/x86-64_linux/cplex
✓ CPLEX found: /home/ranaab/cplex_studio2211/cplex/bin/x86-64_linux/cplex
CPLEX_STUDIO_DIR: /home/ranaab/cplex_studio2211
Running Pre-tuning kinGEMs validation...
Loading configuration from: configs/validation_iML1515.json

======================================================================
=== kinGEMs Parallel Validation: PRETUNING ===
======================================================================
Model: iML1515_GEM
Mode: pretuning
Output: results/validation_parallel
Parallel: True (multiprocessing with 3 workers)
======================================================================

=== Step 1: Loading model ===
  Genes: 1516
  Reactions: 2712
  ✓ Pyomo found CPLEX solver: /home/ranaab/cplex_studio2211/cplex/bin/x86-64_linux/cplex
  ⚠️  Could not set solver to cplex: cplex is not a valid solver interface. Pick one from glpk_exact, glpk, scipy.
  Using default solver: optlang.glpk_interface
  ⚠️  WARNING: Using GLPK solver (slow)
  ⚠️  Consider loading CPLEX: module load cplex
  Objective: BIOMASS_Ec_iML1515_core_75p37M

=== Step 2: Preparing validation environment ===
Matching model genes to data genes...
Matched 1339 genes.
Matching experimental carbon sources to model carbon sources...
Matched 54 carbon sources.
Shape of matched fitness data: (1339, 54)
Averaging fitness data for replicate carbon sources...
Final shape of averaged fitness data: (1339, 27)
Unique carbon sources after averaging: 27
Removing strain genes:
['b0066' 'b0348' 'b3909']
Removing essential genes: 
b0142
b0641
b0908
b2329
b2687
b3040
b3196
b3198
b3199
b3368
Removing carbon sources: 
['man' 'sucr']
  Matched genes: 1326
  Carbon sources: 25

=== Step 3: Running PRETUNING simulation ===
Loading pre-tuning data from: data/processed/iML1515_GEM/iML1515_GEM_processed_data.csv
Running PARALLEL pre-tuning validation...

  Parallel validation configuration:
    Method: multiprocessing
    Workers: 3
    Total simulations: 33150 (1326 genes × 25 carbons)
    Chunk size: 442
    Number of chunks: 75
    Estimated memory: ~0.7 GB
    Unique carbon sources: 25 (cached: 0)

  ⏭️  Skipping baseline GEM simulation (already completed)

  Starting parallel enzyme-constrained GEM simulation...
    Processing 75 chunks (33150 total simulations)...
    Mode: enzyme, Solver: cplex
    Submitted 75 chunks to workers...
Writing problem data to '/tmp/tmp7z0ac1nt.glpk'...
33879 lines were written
Writing problem data to '/tmp/tmp_hjhg1cb.glpk'...
33879 lines were written
Writing problem data to '/tmp/tmpa8gzyk5f.glpk'...
33879 lines were written
Writing problem data to '/tmp/tmpqp_fche3.glpk'...
33879 lines were written
    Progress: 1/75 chunks (442/33150 simulations, 1.3%)
    Chunk time: 845.8s, Total time: 14.1min
Writing problem data to '/tmp/tmpmirangfx.glpk'...
33879 lines were written
    Progress: 2/75 chunks (884/33150 simulations, 2.7%)
    Chunk time: 0.6s, Total time: 14.1min
Writing problem data to '/tmp/tmp96ndmk8o.glpk'...
33879 lines were written
    Progress: 3/75 chunks (1326/33150 simulations, 4.0%)
    Chunk time: 66.7s, Total time: 15.2min
Writing problem data to '/tmp/tmphvsa5zba.glpk'...
33879 lines were written
    Progress: 4/75 chunks (1768/33150 simulations, 5.3%)
    Chunk time: 992.3s, Total time: 31.8min
Writing problem data to '/tmp/tmpne26b67e.glpk'...
33879 lines were written
    Progress: 5/75 chunks (2210/33150 simulations, 6.7%)
    Chunk time: 18.8s, Total time: 32.1min
Writing problem data to '/tmp/tmp5tizyzyf.glpk'...
33879 lines were written
    Progress: 6/75 chunks (2652/33150 simulations, 8.0%)
    Chunk time: 93.9s, Total time: 33.6min
Writing problem data to '/tmp/tmpfconlha4.glpk'...
33879 lines were written
    Progress: 7/75 chunks (3094/33150 simulations, 9.3%)
    Chunk time: 788.3s, Total time: 46.8min
Writing problem data to '/tmp/tmpjab897uc.glpk'...
33879 lines were written
    Progress: 8/75 chunks (3536/33150 simulations, 10.7%)
    Chunk time: 32.5s, Total time: 47.3min
Writing problem data to '/tmp/tmpt6jyuq53.glpk'...
33879 lines were written
    Progress: 9/75 chunks (3978/33150 simulations, 12.0%)
    Chunk time: 171.0s, Total time: 50.2min
Writing problem data to '/tmp/tmptfesw9wm.glpk'...
33879 lines were written
    Progress: 10/75 chunks (4420/33150 simulations, 13.3%)
    Chunk time: 859.5s, Total time: 64.5min
Writing problem data to '/tmp/tmpk7qvwcru.glpk'...
33879 lines were written
    Progress: 11/75 chunks (4862/33150 simulations, 14.7%)
    Chunk time: 28.6s, Total time: 65.0min
Writing problem data to '/tmp/tmprqkxh37_.glpk'...
33879 lines were written
    Progress: 12/75 chunks (5304/33150 simulations, 16.0%)
    Chunk time: 199.1s, Total time: 68.3min
Writing problem data to '/tmp/tmptkejfmct.glpk'...
33879 lines were written
    Progress: 13/75 chunks (5746/33150 simulations, 17.3%)
    Chunk time: 876.6s, Total time: 82.9min
Writing problem data to '/tmp/tmp25lbfko2.glpk'...
33879 lines were written
    Progress: 14/75 chunks (6188/33150 simulations, 18.7%)
    Chunk time: 31.3s, Total time: 83.4min
Writing problem data to '/tmp/tmpem4mbkud.glpk'...
33879 lines were written
    Progress: 15/75 chunks (6630/33150 simulations, 20.0%)
    Chunk time: 153.6s, Total time: 86.0min
Writing problem data to '/tmp/tmpwtc_ioiu.glpk'...
33879 lines were written
    Progress: 16/75 chunks (7072/33150 simulations, 21.3%)
    Chunk time: 870.7s, Total time: 100.5min
Writing problem data to '/tmp/tmpc55r3rlj.glpk'...
33879 lines were written
    Progress: 17/75 chunks (7514/33150 simulations, 22.7%)
    Chunk time: 85.5s, Total time: 101.9min
Writing problem data to '/tmp/tmpei6scb7r.glpk'...
33879 lines were written
    Progress: 18/75 chunks (7956/33150 simulations, 24.0%)
    Chunk time: 82.2s, Total time: 103.3min
Writing problem data to '/tmp/tmp181v3su5.glpk'...
33879 lines were written
    Progress: 19/75 chunks (8398/33150 simulations, 25.3%)
    Chunk time: 828.6s, Total time: 117.1min
Writing problem data to '/tmp/tmpy1aabk4z.glpk'...
33879 lines were written
    Progress: 20/75 chunks (8840/33150 simulations, 26.7%)
    Chunk time: 144.5s, Total time: 119.5min
Writing problem data to '/tmp/tmpryilos26.glpk'...
33879 lines were written
    Progress: 21/75 chunks (9282/33150 simulations, 28.0%)
    Chunk time: 10.3s, Total time: 119.7min
Writing problem data to '/tmp/tmp6xytptlx.glpk'...
33879 lines were written
    Progress: 22/75 chunks (9724/33150 simulations, 29.3%)
    Chunk time: 886.4s, Total time: 134.4min
Writing problem data to '/tmp/tmp3hr2ey2o.glpk'...
33879 lines were written
    Progress: 23/75 chunks (10166/33150 simulations, 30.7%)
    Chunk time: 139.4s, Total time: 136.8min
Writing problem data to '/tmp/tmp3drpphds.glpk'...
33879 lines were written
    Progress: 24/75 chunks (10608/33150 simulations, 32.0%)
    Chunk time: 78.0s, Total time: 138.1min
Writing problem data to '/tmp/tmpem3wt_nw.glpk'...
33879 lines were written
    Progress: 25/75 chunks (11050/33150 simulations, 33.3%)
    Chunk time: 860.3s, Total time: 152.4min
Writing problem data to '/tmp/tmpzjseu0up.glpk'...
33879 lines were written
    Progress: 26/75 chunks (11492/33150 simulations, 34.7%)
    Chunk time: 94.1s, Total time: 154.0min
Writing problem data to '/tmp/tmpilbcv0_w.glpk'...
33879 lines were written
    Progress: 27/75 chunks (11934/33150 simulations, 36.0%)
    Chunk time: 219.3s, Total time: 157.6min
Writing problem data to '/tmp/tmpanwcvu5t.glpk'...
33879 lines were written
    Progress: 28/75 chunks (12376/33150 simulations, 37.3%)
    Chunk time: 764.3s, Total time: 170.4min
Writing problem data to '/tmp/tmpt1rf13fx.glpk'...
33879 lines were written
    Progress: 29/75 chunks (12818/33150 simulations, 38.7%)
    Chunk time: 44.4s, Total time: 171.1min
Writing problem data to '/tmp/tmpp2bzcg2a.glpk'...
33879 lines were written
    Progress: 30/75 chunks (13260/33150 simulations, 40.0%)
    Chunk time: 181.0s, Total time: 174.1min
Writing problem data to '/tmp/tmpptjc2119.glpk'...
33879 lines were written
    Progress: 31/75 chunks (13702/33150 simulations, 41.3%)
    Chunk time: 683.5s, Total time: 185.5min
Writing problem data to '/tmp/tmpq7m4hxq8.glpk'...
33879 lines were written
    Progress: 32/75 chunks (14144/33150 simulations, 42.7%)
    Chunk time: 112.4s, Total time: 187.4min
Writing problem data to '/tmp/tmpvt0tz6p2.glpk'...
33879 lines were written
    Progress: 33/75 chunks (14586/33150 simulations, 44.0%)
    Chunk time: 104.0s, Total time: 189.1min
Writing problem data to '/tmp/tmpbgk7q0ue.glpk'...
33879 lines were written
    Progress: 34/75 chunks (15028/33150 simulations, 45.3%)
    Chunk time: 681.2s, Total time: 200.5min
Writing problem data to '/tmp/tmp356404ss.glpk'...
33879 lines were written
    Progress: 35/75 chunks (15470/33150 simulations, 46.7%)
    Chunk time: 185.2s, Total time: 203.6min
Writing problem data to '/tmp/tmpb16ayjow.glpk'...
33879 lines were written
    Progress: 36/75 chunks (15912/33150 simulations, 48.0%)
    Chunk time: 28.6s, Total time: 204.0min
Writing problem data to '/tmp/tmpicwea3yc.glpk'...
33879 lines were written
Writing problem data to '/tmp/tmp1c88j7pi.glpk'...
33879 lines were written
    Progress: 37/75 chunks (16354/33150 simulations, 49.3%)
    Chunk time: 908.1s, Total time: 219.2min
Writing problem data to '/tmp/tmp5hix5gne.glpk'...
33879 lines were written
    Progress: 38/75 chunks (16796/33150 simulations, 50.7%)
    Chunk time: 29.8s, Total time: 219.7min
Writing problem data to '/tmp/tmpa7pipfi2.glpk'...
33879 lines were written
    Progress: 39/75 chunks (17238/33150 simulations, 52.0%)
    Chunk time: 299.5s, Total time: 224.7min
Writing problem data to '/tmp/tmpkfmfqmg7.glpk'...
33879 lines were written
    Progress: 40/75 chunks (17680/33150 simulations, 53.3%)
    Chunk time: 529.2s, Total time: 233.5min
Writing problem data to '/tmp/tmpfnr_cih0.glpk'...
33879 lines were written
    Progress: 41/75 chunks (18122/33150 simulations, 54.7%)
    Chunk time: 98.0s, Total time: 235.1min
Writing problem data to '/tmp/tmpkuz_jucq.glpk'...
33879 lines were written
    Progress: 42/75 chunks (18564/33150 simulations, 56.0%)
    Chunk time: 177.0s, Total time: 238.1min
Writing problem data to '/tmp/tmpg_1yldb8.glpk'...
33879 lines were written
    Progress: 43/75 chunks (19006/33150 simulations, 57.3%)
    Chunk time: 557.9s, Total time: 247.4min
Writing problem data to '/tmp/tmpzd0lafb2.glpk'...
33879 lines were written
    Progress: 44/75 chunks (19448/33150 simulations, 58.7%)
    Chunk time: 176.1s, Total time: 250.3min
Writing problem data to '/tmp/tmp6i4q0i4u.glpk'...
33879 lines were written
    Progress: 45/75 chunks (19890/33150 simulations, 60.0%)
    Chunk time: 65.6s, Total time: 251.4min
Writing problem data to '/tmp/tmp4l3cja8a.glpk'...
33879 lines were written
    Progress: 46/75 chunks (20332/33150 simulations, 61.3%)
    Chunk time: 618.1s, Total time: 261.7min
Writing problem data to '/tmp/tmp74g6hp3t.glpk'...
33879 lines were written
    Progress: 47/75 chunks (20774/33150 simulations, 62.7%)
    Chunk time: 258.6s, Total time: 266.0min
Writing problem data to '/tmp/tmpanh624l1.glpk'...
33879 lines were written
    Progress: 48/75 chunks (21216/33150 simulations, 64.0%)
    Chunk time: 44.7s, Total time: 266.8min
Writing problem data to '/tmp/tmp3s0qvpc8.glpk'...
33879 lines were written
Writing problem data to '/tmp/tmp1tu4dqe6.glpk'...
33879 lines were written
    Progress: 49/75 chunks (21658/33150 simulations, 65.3%)
    Chunk time: 944.4s, Total time: 282.5min
Writing problem data to '/tmp/tmpfr_70tm3.glpk'...
33879 lines were written
    Progress: 50/75 chunks (22100/33150 simulations, 66.7%)
    Chunk time: 30.2s, Total time: 283.0min
Writing problem data to '/tmp/tmp1g25j_i3.glpk'...
33879 lines were written
    Progress: 51/75 chunks (22542/33150 simulations, 68.0%)
    Chunk time: 313.7s, Total time: 288.2min
Writing problem data to '/tmp/tmpz9u72_vu.glpk'...
33879 lines were written
    Progress: 52/75 chunks (22984/33150 simulations, 69.3%)
    Chunk time: 593.2s, Total time: 298.1min
Writing problem data to '/tmp/tmp0xspn3z9.glpk'...
33879 lines were written
    Progress: 53/75 chunks (23426/33150 simulations, 70.7%)
    Chunk time: 72.2s, Total time: 299.3min
Writing problem data to '/tmp/tmpwjqbtu2t.glpk'...
33879 lines were written
    Progress: 54/75 chunks (23868/33150 simulations, 72.0%)
    Chunk time: 213.2s, Total time: 302.9min
Writing problem data to '/tmp/tmpfr6gz4es.glpk'...
33879 lines were written
    Progress: 55/75 chunks (24310/33150 simulations, 73.3%)
    Chunk time: 652.3s, Total time: 313.7min
Writing problem data to '/tmp/tmpum6c6_lf.glpk'...
33879 lines were written
    Progress: 56/75 chunks (24752/33150 simulations, 74.7%)
    Chunk time: 43.5s, Total time: 314.5min
Writing problem data to '/tmp/tmpc6lz7deb.glpk'...
33879 lines were written
    Progress: 57/75 chunks (25194/33150 simulations, 76.0%)
    Chunk time: 129.7s, Total time: 316.6min
Writing problem data to '/tmp/tmpc3w_plnu.glpk'...
33879 lines were written
    Progress: 58/75 chunks (25636/33150 simulations, 77.3%)
    Chunk time: 764.5s, Total time: 329.4min
Writing problem data to '/tmp/tmpb2sxwz9_.glpk'...
33879 lines were written
    Progress: 59/75 chunks (26078/33150 simulations, 78.7%)
    Chunk time: 86.8s, Total time: 330.8min
Writing problem data to '/tmp/tmp0l9tabyj.glpk'...
33879 lines were written
    Progress: 60/75 chunks (26520/33150 simulations, 80.0%)
    Chunk time: 84.8s, Total time: 332.2min
Writing problem data to '/tmp/tmpeiuwq48i.glpk'...
33879 lines were written
    Progress: 61/75 chunks (26962/33150 simulations, 81.3%)
    Chunk time: 783.0s, Total time: 345.3min
Writing problem data to '/tmp/tmperco46_x.glpk'...
33879 lines were written
    Progress: 62/75 chunks (27404/33150 simulations, 82.7%)
    Chunk time: 58.6s, Total time: 346.3min
Writing problem data to '/tmp/tmppgxl965a.glpk'...
33879 lines were written
    Progress: 63/75 chunks (27846/33150 simulations, 84.0%)
    Chunk time: 16.8s, Total time: 346.5min
Writing problem data to '/tmp/tmpig7i71u8.glpk'...
33879 lines were written
Writing problem data to '/tmp/tmp6sj50iyc.glpk'...
33879 lines were written
    Progress: 64/75 chunks (28288/33150 simulations, 85.3%)
    Chunk time: 764.8s, Total time: 359.3min
Writing problem data to '/tmp/tmphiwh12xw.glpk'...
33879 lines were written
    Progress: 65/75 chunks (28730/33150 simulations, 86.7%)
    Chunk time: 73.9s, Total time: 360.5min
Writing problem data to '/tmp/tmptvd20u3s.glpk'...
33879 lines were written
    Progress: 66/75 chunks (29172/33150 simulations, 88.0%)
    Chunk time: 779.3s, Total time: 373.5min
Writing problem data to '/tmp/tmpjem2b3zv.glpk'...
33879 lines were written
    Progress: 67/75 chunks (29614/33150 simulations, 89.3%)
    Chunk time: 154.3s, Total time: 376.1min
Writing problem data to '/tmp/tmpedicw1n6.glpk'...
33879 lines were written
    Progress: 68/75 chunks (30056/33150 simulations, 90.7%)
    Chunk time: 79.1s, Total time: 377.4min
Writing problem data to '/tmp/tmp5zz138ba.glpk'...
33879 lines were written
    Progress: 69/75 chunks (30498/33150 simulations, 92.0%)
    Chunk time: 736.6s, Total time: 389.7min
    Progress: 70/75 chunks (30940/33150 simulations, 93.3%)
    Chunk time: 178.0s, Total time: 392.6min
    Progress: 71/75 chunks (31382/33150 simulations, 94.7%)
    Chunk time: 44.9s, Total time: 393.4min
    Progress: 72/75 chunks (31824/33150 simulations, 96.0%)
    Chunk time: 647.3s, Total time: 404.2min
