=========================================
Job: Pre-tuning kinGEMs Validation
Job ID: 10480563
Node: fc30517
Current working directory: /project/def-mahadeva/ranaab/kinGEMs_v2
Starting run at: Wed Nov  5 07:01:59 PST 2025
=========================================
Checking CPLEX availability...
/home/ranaab/cplex_studio2211/cplex/bin/x86-64_linux/cplex
✓ CPLEX found: /home/ranaab/cplex_studio2211/cplex/bin/x86-64_linux/cplex
CPLEX_STUDIO_DIR: /home/ranaab/cplex_studio2211
Running Pre-tuning kinGEMs validation...
Loading configuration from: configs/validation_iML1515.json

======================================================================
=== kinGEMs Parallel Validation: PRETUNING ===
======================================================================
Model: iML1515_GEM
Mode: pretuning
Output: results/validation_parallel
Parallel: True (multiprocessing with 6 workers)
======================================================================

=== Step 1: Loading model ===
  Genes: 1516
  Reactions: 2712
  ✓ Pyomo found CPLEX solver: /home/ranaab/cplex_studio2211/cplex/bin/x86-64_linux/cplex
  ⚠️  Could not set solver to cplex: cplex is not a valid solver interface. Pick one from glpk_exact, glpk, scipy.
  Using default solver: optlang.glpk_interface
  ⚠️  WARNING: Using GLPK solver (slow)
  ⚠️  Consider loading CPLEX: module load cplex
  Objective: BIOMASS_Ec_iML1515_core_75p37M

=== Step 2: Preparing validation environment ===
Matching model genes to data genes...
Matched 1339 genes.
Matching experimental carbon sources to model carbon sources...
Matched 54 carbon sources.
Shape of matched fitness data: (1339, 54)
Averaging fitness data for replicate carbon sources...
Final shape of averaged fitness data: (1339, 27)
Unique carbon sources after averaging: 27
Removing strain genes:
['b0066' 'b0348' 'b3909']
Removing essential genes: 
b0142
b0641
b0908
b2329
b2687
b3040
b3196
b3198
b3199
b3368
Removing carbon sources: 
['man' 'sucr']
  Matched genes: 1326
  Carbon sources: 25

=== Step 3: Running PRETUNING simulation ===
Loading pre-tuning data from: data/processed/iML1515_GEM/iML1515_GEM_processed_data.csv
Running PARALLEL pre-tuning validation...

  Parallel validation configuration:
    Method: multiprocessing
    Workers: 6
    Total simulations: 33150 (1326 genes × 25 carbons)
    Chunk size: 442
    Number of chunks: 75
    Estimated memory: ~1.3 GB
    Unique carbon sources: 25 (cached: 0)

  ⏭️  Skipping baseline GEM simulation (already completed)

  Starting parallel enzyme-constrained GEM simulation...
    Processing 75 chunks (33150 total simulations)...
    Mode: enzyme, Solver: cplex
    Submitted 75 chunks to workers...
Writing problem data to '/tmp/tmpkq6rp1vr.glpk'...
33879 lines were written
Writing problem data to '/tmp/tmp2hroaks6.glpk'...
33879 lines were written
Writing problem data to '/tmp/tmpv4nh4411.glpk'...
33879 lines were written
Writing problem data to '/tmp/tmp7chmkt7i.glpk'...
33879 lines were written
Writing problem data to '/tmp/tmpyiwgqe_8.glpk'...
33879 lines were written
Writing problem data to '/tmp/tmp5kc6gvfz.glpk'...
33879 lines were written
Writing problem data to '/tmp/tmp_tdwbd3y.glpk'...
33879 lines were written
    Progress: 1/75 chunks (442/33150 simulations, 1.3%)
    Chunk time: 965.6s, Total time: 16.1min
Writing problem data to '/tmp/tmpvssw_w4z.glpk'...
33879 lines were written
    Progress: 2/75 chunks (884/33150 simulations, 2.7%)
    Chunk time: 13.7s, Total time: 16.3min
Writing problem data to '/tmp/tmpyapvob6s.glpk'...
33879 lines were written
    Progress: 3/75 chunks (1326/33150 simulations, 4.0%)
    Chunk time: 6.1s, Total time: 16.4min
Writing problem data to '/tmp/tmps6wwgs6x.glpk'...
33879 lines were written
    Progress: 4/75 chunks (1768/33150 simulations, 5.3%)
    Chunk time: 144.7s, Total time: 18.8min
Writing problem data to '/tmp/tmpy630cmd7.glpk'...
33879 lines were written
    Progress: 5/75 chunks (2210/33150 simulations, 6.7%)
    Chunk time: 8.6s, Total time: 19.0min
Writing problem data to '/tmp/tmp7x5hs1n4.glpk'...
33879 lines were written
    Progress: 6/75 chunks (2652/33150 simulations, 8.0%)
    Chunk time: 7.7s, Total time: 19.1min
Writing problem data to '/tmp/tmp1m18vi3y.glpk'...
33879 lines were written
    Progress: 7/75 chunks (3094/33150 simulations, 9.3%)
    Chunk time: 822.4s, Total time: 32.8min
Writing problem data to '/tmp/tmpdakaa2go.glpk'...
33879 lines were written
    Progress: 8/75 chunks (3536/33150 simulations, 10.7%)
    Chunk time: 10.6s, Total time: 33.0min
Writing problem data to '/tmp/tmptne4qxt6.glpk'...
33879 lines were written
    Progress: 9/75 chunks (3978/33150 simulations, 12.0%)
    Chunk time: 14.4s, Total time: 33.2min
Writing problem data to '/tmp/tmptv_x6d0o.glpk'...
33879 lines were written
    Progress: 10/75 chunks (4420/33150 simulations, 13.3%)
    Chunk time: 295.5s, Total time: 38.2min
Writing problem data to '/tmp/tmptgcuysfk.glpk'...
33879 lines were written
    Progress: 11/75 chunks (4862/33150 simulations, 14.7%)
    Chunk time: 2.5s, Total time: 38.2min
Writing problem data to '/tmp/tmpkvmecbi5.glpk'...
33879 lines were written
    Progress: 12/75 chunks (5304/33150 simulations, 16.0%)
    Chunk time: 19.9s, Total time: 38.5min
Writing problem data to '/tmp/tmp_p08xo_c.glpk'...
33879 lines were written
    Progress: 13/75 chunks (5746/33150 simulations, 17.3%)
    Chunk time: 856.8s, Total time: 52.8min
Writing problem data to '/tmp/tmpzs6qx6az.glpk'...
33879 lines were written
    Progress: 14/75 chunks (6188/33150 simulations, 18.7%)
    Chunk time: 2.5s, Total time: 52.8min
Writing problem data to '/tmp/tmp1nnomfxh.glpk'...
33879 lines were written
    Progress: 15/75 chunks (6630/33150 simulations, 20.0%)
    Chunk time: 36.7s, Total time: 53.5min
Writing problem data to '/tmp/tmpbs7oov12.glpk'...
33879 lines were written
    Progress: 16/75 chunks (7072/33150 simulations, 21.3%)
    Chunk time: 267.9s, Total time: 57.9min
Writing problem data to '/tmp/tmpmrh0yh_o.glpk'...
33879 lines were written
    Progress: 17/75 chunks (7514/33150 simulations, 22.7%)
    Chunk time: 13.3s, Total time: 58.1min
Writing problem data to '/tmp/tmpxcspt_gq.glpk'...
33879 lines were written
    Progress: 18/75 chunks (7956/33150 simulations, 24.0%)
    Chunk time: 16.5s, Total time: 58.4min
Writing problem data to '/tmp/tmp_qss8c9l.glpk'...
33879 lines were written
    Progress: 19/75 chunks (8398/33150 simulations, 25.3%)
    Chunk time: 761.9s, Total time: 71.1min
Writing problem data to '/tmp/tmp1spp5yz3.glpk'...
33879 lines were written
    Progress: 20/75 chunks (8840/33150 simulations, 26.7%)
    Chunk time: 9.5s, Total time: 71.3min
Writing problem data to '/tmp/tmpy9_bj3qq.glpk'...
33879 lines were written
    Progress: 21/75 chunks (9282/33150 simulations, 28.0%)
    Chunk time: 36.1s, Total time: 71.9min
Writing problem data to '/tmp/tmpayyt7r18.glpk'...
33879 lines were written
    Progress: 22/75 chunks (9724/33150 simulations, 29.3%)
    Chunk time: 365.8s, Total time: 78.0min
Writing problem data to '/tmp/tmpyc5mow94.glpk'...
33879 lines were written
    Progress: 23/75 chunks (10166/33150 simulations, 30.7%)
    Chunk time: 1.9s, Total time: 78.0min
Writing problem data to '/tmp/tmpgg_vvppk.glpk'...
33879 lines were written
    Progress: 24/75 chunks (10608/33150 simulations, 32.0%)
    Chunk time: 11.3s, Total time: 78.2min
Writing problem data to '/tmp/tmphy5bq389.glpk'...
33879 lines were written
    Progress: 25/75 chunks (11050/33150 simulations, 33.3%)
    Chunk time: 740.1s, Total time: 90.5min
Writing problem data to '/tmp/tmpe3gu_pvh.glpk'...
33879 lines were written
    Progress: 26/75 chunks (11492/33150 simulations, 34.7%)
    Chunk time: 43.3s, Total time: 91.3min
Writing problem data to '/tmp/tmpxdrf0j5h.glpk'...
33879 lines were written
    Progress: 27/75 chunks (11934/33150 simulations, 36.0%)
    Chunk time: 37.9s, Total time: 91.9min
Writing problem data to '/tmp/tmph85knu2m.glpk'...
33879 lines were written
    Progress: 28/75 chunks (12376/33150 simulations, 37.3%)
    Chunk time: 287.7s, Total time: 96.7min
Writing problem data to '/tmp/tmpa3i2y_5f.glpk'...
33879 lines were written
    Progress: 29/75 chunks (12818/33150 simulations, 38.7%)
    Chunk time: 15.7s, Total time: 96.9min
Writing problem data to '/tmp/tmp8g8fl08g.glpk'...
33879 lines were written
    Progress: 30/75 chunks (13260/33150 simulations, 40.0%)
    Chunk time: 40.0s, Total time: 97.6min
Writing problem data to '/tmp/tmpwsip2y8j.glpk'...
33879 lines were written
    Progress: 31/75 chunks (13702/33150 simulations, 41.3%)
    Chunk time: 591.2s, Total time: 107.5min
Writing problem data to '/tmp/tmpjcmo1f51.glpk'...
33879 lines were written
    Progress: 32/75 chunks (14144/33150 simulations, 42.7%)
    Chunk time: 65.3s, Total time: 108.5min
Writing problem data to '/tmp/tmptw4civ56.glpk'...
33879 lines were written
    Progress: 33/75 chunks (14586/33150 simulations, 44.0%)
    Chunk time: 15.3s, Total time: 108.8min
Writing problem data to '/tmp/tmpdip0g0og.glpk'...
33879 lines were written
    Progress: 34/75 chunks (15028/33150 simulations, 45.3%)
    Chunk time: 281.9s, Total time: 113.5min
Writing problem data to '/tmp/tmpweonbek3.glpk'...
33879 lines were written
    Progress: 35/75 chunks (15470/33150 simulations, 46.7%)
    Chunk time: 9.0s, Total time: 113.7min
Writing problem data to '/tmp/tmpp93wlcmd.glpk'...
33879 lines were written
    Progress: 36/75 chunks (15912/33150 simulations, 48.0%)
    Chunk time: 56.1s, Total time: 114.6min
Writing problem data to '/tmp/tmp5ouxt1yf.glpk'...
33879 lines were written
    Progress: 37/75 chunks (16354/33150 simulations, 49.3%)
    Chunk time: 631.7s, Total time: 125.1min
Writing problem data to '/tmp/tmph5pgld19.glpk'...
33879 lines were written
    Progress: 38/75 chunks (16796/33150 simulations, 50.7%)
    Chunk time: 42.3s, Total time: 125.8min
Writing problem data to '/tmp/tmpumxh636o.glpk'...
33879 lines were written
    Progress: 39/75 chunks (17238/33150 simulations, 52.0%)
    Chunk time: 15.7s, Total time: 126.1min
Writing problem data to '/tmp/tmpkhh576b0.glpk'...
33879 lines were written
    Progress: 40/75 chunks (17680/33150 simulations, 53.3%)
    Chunk time: 235.1s, Total time: 130.0min
Writing problem data to '/tmp/tmp2vsjtdfu.glpk'...
33879 lines were written
    Progress: 41/75 chunks (18122/33150 simulations, 54.7%)
    Chunk time: 1.6s, Total time: 130.0min
Writing problem data to '/tmp/tmp27wmmzp9.glpk'...
33879 lines were written
    Progress: 42/75 chunks (18564/33150 simulations, 56.0%)
    Chunk time: 77.5s, Total time: 131.3min
Writing problem data to '/tmp/tmpy_3mtvym.glpk'...
33879 lines were written
    Progress: 43/75 chunks (19006/33150 simulations, 57.3%)
    Chunk time: 640.6s, Total time: 142.0min
Writing problem data to '/tmp/tmp2kxhht3g.glpk'...
33879 lines were written
    Progress: 44/75 chunks (19448/33150 simulations, 58.7%)
    Chunk time: 25.4s, Total time: 142.4min
Writing problem data to '/tmp/tmpcowoc5pf.glpk'...
33879 lines were written
    Progress: 45/75 chunks (19890/33150 simulations, 60.0%)
    Chunk time: 51.3s, Total time: 143.3min
Writing problem data to '/tmp/tmpmns9g5gi.glpk'...
33879 lines were written
    Progress: 46/75 chunks (20332/33150 simulations, 61.3%)
    Chunk time: 226.2s, Total time: 147.0min
Writing problem data to '/tmp/tmpvsxbell8.glpk'...
33879 lines were written
    Progress: 47/75 chunks (20774/33150 simulations, 62.7%)
    Chunk time: 4.0s, Total time: 147.1min
Writing problem data to '/tmp/tmp0zonfudb.glpk'...
33879 lines were written
    Progress: 48/75 chunks (21216/33150 simulations, 64.0%)
    Chunk time: 78.2s, Total time: 148.4min
Writing problem data to '/tmp/tmpvtdultco.glpk'...
33879 lines were written
    Progress: 49/75 chunks (21658/33150 simulations, 65.3%)
    Chunk time: 845.2s, Total time: 162.5min
Writing problem data to '/tmp/tmpw5ni_82d.glpk'...
33879 lines were written
    Progress: 50/75 chunks (22100/33150 simulations, 66.7%)
    Chunk time: 42.9s, Total time: 163.2min
Writing problem data to '/tmp/tmp_8yd8bhq.glpk'...
33879 lines were written
    Progress: 51/75 chunks (22542/33150 simulations, 68.0%)
    Chunk time: 60.1s, Total time: 164.2min
Writing problem data to '/tmp/tmp4g0ubzxd.glpk'...
33879 lines were written
    Progress: 52/75 chunks (22984/33150 simulations, 69.3%)
    Chunk time: 233.2s, Total time: 168.1min
Writing problem data to '/tmp/tmpg9b1w89l.glpk'...
33879 lines were written
    Progress: 53/75 chunks (23426/33150 simulations, 70.7%)
    Chunk time: 16.4s, Total time: 168.4min
Writing problem data to '/tmp/tmpptb7dbsa.glpk'...
33879 lines were written
    Progress: 54/75 chunks (23868/33150 simulations, 72.0%)
    Chunk time: 65.1s, Total time: 169.5min
Writing problem data to '/tmp/tmp4q9wsllc.glpk'...
33879 lines were written
    Progress: 55/75 chunks (24310/33150 simulations, 73.3%)
    Chunk time: 699.4s, Total time: 181.1min
Writing problem data to '/tmp/tmp32szu974.glpk'...
33879 lines were written
    Progress: 56/75 chunks (24752/33150 simulations, 74.7%)
    Chunk time: 59.0s, Total time: 182.1min
Writing problem data to '/tmp/tmp4yt_4ajs.glpk'...
33879 lines were written
    Progress: 57/75 chunks (25194/33150 simulations, 76.0%)
    Chunk time: 56.5s, Total time: 183.0min
Writing problem data to '/tmp/tmpgxtwutqx.glpk'...
33879 lines were written
    Progress: 58/75 chunks (25636/33150 simulations, 77.3%)
    Chunk time: 120.2s, Total time: 185.0min
Writing problem data to '/tmp/tmpulm1_94m.glpk'...
33879 lines were written
    Progress: 59/75 chunks (26078/33150 simulations, 78.7%)
    Chunk time: 17.9s, Total time: 185.3min
Writing problem data to '/tmp/tmpkaldoz48.glpk'...
33879 lines were written
    Progress: 60/75 chunks (26520/33150 simulations, 80.0%)
    Chunk time: 93.5s, Total time: 186.9min
Writing problem data to '/tmp/tmpthkxt8w4.glpk'...
33879 lines were written
    Progress: 61/75 chunks (26962/33150 simulations, 81.3%)
    Chunk time: 795.5s, Total time: 200.2min
Writing problem data to '/tmp/tmp16ogdaro.glpk'...
33879 lines were written
    Progress: 62/75 chunks (27404/33150 simulations, 82.7%)
    Chunk time: 109.0s, Total time: 202.0min
Writing problem data to '/tmp/tmp2av_ue0k.glpk'...
33879 lines were written
    Progress: 63/75 chunks (27846/33150 simulations, 84.0%)
    Chunk time: 3.4s, Total time: 202.0min
Writing problem data to '/tmp/tmpm6bw7fln.glpk'...
33879 lines were written
    Progress: 64/75 chunks (28288/33150 simulations, 85.3%)
    Chunk time: 21.1s, Total time: 202.4min
Writing problem data to '/tmp/tmpe3ojac7l.glpk'...
33879 lines were written
    Progress: 65/75 chunks (28730/33150 simulations, 86.7%)
    Chunk time: 31.8s, Total time: 202.9min
Writing problem data to '/tmp/tmpx8yha3v7.glpk'...
33879 lines were written
    Progress: 66/75 chunks (29172/33150 simulations, 88.0%)
    Chunk time: 100.8s, Total time: 204.6min
Writing problem data to '/tmp/tmp1gft0212.glpk'...
33879 lines were written
    Progress: 67/75 chunks (29614/33150 simulations, 89.3%)
    Chunk time: 773.8s, Total time: 217.5min
Writing problem data to '/tmp/tmpe_xksglr.glpk'...
33879 lines were written
    Progress: 68/75 chunks (30056/33150 simulations, 90.7%)
    Chunk time: 114.1s, Total time: 219.4min
Writing problem data to '/tmp/tmpuu78nys4.glpk'...
33879 lines were written
    Progress: 69/75 chunks (30498/33150 simulations, 92.0%)
    Chunk time: 53.3s, Total time: 220.3min
    Progress: 70/75 chunks (30940/33150 simulations, 93.3%)
    Chunk time: 114.0s, Total time: 222.2min
    Progress: 71/75 chunks (31382/33150 simulations, 94.7%)
    Chunk time: 80.1s, Total time: 223.5min
    Progress: 72/75 chunks (31824/33150 simulations, 96.0%)
    Chunk time: 71.9s, Total time: 224.7min
    Progress: 73/75 chunks (32266/33150 simulations, 97.3%)
    Chunk time: 654.0s, Total time: 235.6min
    Progress: 74/75 chunks (32708/33150 simulations, 98.7%)
    Chunk time: 84.1s, Total time: 237.0min
    Progress: 75/75 chunks (33150/33150 simulations, 100.0%)
    Chunk time: 106.0s, Total time: 238.8min
    Estimated remaining time: 0.0 minutes
    ✓ All 33150 simulations completed in 4.0 hours
  Enzyme-constrained GEM simulation complete.

  Parallel validation simulations finished!
  Saved: results/validation_parallel/pre_tuning_GEM.npy
  Saved: results/validation_parallel/pretuning_metadata.json

======================================================================
=== PRETUNING Validation Complete ===
======================================================================
Results saved to: results/validation_parallel
======================================================================

Memory Usage Statistics:
10480563                                      
10480563.ba+                                  
10480563.ex+                                  
Peak memory usage:            
=========================================
Finished at: Wed Nov  5 11:02:46 PST 2025
Exit code: 0
=========================================
